[2019-09-11 00:30:06,706][DEBUG|dayStoreAppParse.py:66] >>  Hello Parser! 
[2019-09-11 00:30:21,946][DEBUG|dayStoreAppParse.py:27] >> EWA English  초급자를 위한 영어 학습, com.ewa.ewaapp, 교육, Lithium Lab Pte Ltd, 1000000.0, 98742.0, 4.6, 100, 24, 4, 0, 3, 2019년 9월 5일, http://www.appewa.com, Lithium+Lab+Pte+Ltd, 
[2019-09-11 00:30:32,183][DEBUG|dayStoreAppParse.py:27] >> 매직씽 아싸노래방 : 모두를 위한 모바일 노래방, com.entermedia.mobile.karaoke, 음악/오디오, ENTERMEDIA Co., Ltd., 1000000.0, 20470.0, 4.1, 100, 13, 8, 4, 22, 2019년 7월 21일, mailto:magicsingkaraoke@entermedia.xyz, ENTERMEDIA+Co.,+Ltd., 
[2019-09-11 00:30:42,373][DEBUG|dayStoreAppParse.py:27] >> 헬로우봇 - 타로챗봇 라마마와 친구들, com.thingsflow.hellobot, 소셜, thingsflow Inc., 500000.0, 16996.0, 4.6, 100, 18, 6, 1, 5, 2019년 8월 9일, http://hellobot.co, thingsflow+Inc., 
[2019-09-11 00:30:52,633][DEBUG|dayStoreAppParse.py:27] >> CamScanner - 문서를 PDF로 스캔하기, com.intsig.camscanner, 생산성, INTSIG Information Co.,Ltd, 100000000.0, 1891467.0, 4.5, 100, 16, 4, 1, 6, 2019년 9월 10일, http://www.camscanner.net, INTSIG+Information+Co.,Ltd, 
[2019-09-11 00:31:02,794][DEBUG|dayStoreAppParse.py:27] >> 코끼리 - 숙면, 스트레스 해소, 명상, com.mindclass.android, 건강/운동, 코끼리 명상, 50000.0, 74.0, 4.6, 100, 23, 3, 0, 5, 2019년 9월 6일, http://www.kokkiri.kr, %EC%BD%94%EB%81%BC%EB%A6%AC+%EB%AA%85%EC%83%81, 
[2019-09-11 00:31:13,090][DEBUG|dayStoreAppParse.py:27] >> Face Master App - carton emoji, carton.emoji.aging.camera, 사진, Face Camera Lab, 100000.0, 9736.0, 3.9, 100, 15, 8, 4, 31, 2019년 9월 2일, mailto:sinalu37@gmail.com, Face+Camera+Lab, 
[2019-09-11 00:31:23,469][DEBUG|dayStoreAppParse.py:27] >> Tango: 무료 영상 통화 및 문자, com.sgiggle.production, 소셜, Tango, 100000000.0, 3803632.0, 4.4, 100, 18, 9, 3, 9, 2019년 9월 8일, http://www.tango.me, Tango, 
[2019-09-11 00:31:33,748][DEBUG|dayStoreAppParse.py:27] >> 사진 편집, 영상 편집,  콜라주 메이커를 하나로! 세계 유일의 어플, Instasize, com.jsdev.instasize, 사진, Instasize, Inc., 50000000.0, 853368.0, 3.9, 100, 24, 9, 3, 36, 2019년 9월 10일, http://instasize.com%20, , 5679077225552137504
[2019-09-11 00:31:44,019][DEBUG|dayStoreAppParse.py:27] >> 실시간 일기예보 및 레이더, com.apalon.weatherradar.free, 날씨, Apalon Apps, 10000000.0, 294845.0, 4.3, 100, 35, 8, 2, 13, 2019년 8월 28일, http://apalon.com, , 7148047194848561719
[2019-09-11 00:31:54,296][DEBUG|dayStoreAppParse.py:27] >> 커넥팅 - 심심할 때 통화할 편한 친구, com.yangpark.connecting, 소셜, YP Labs Co, 10000.0, 521.0, 3.0, 100, 32, 29, 35, 96, 2019년 9월 1일, https://www.connectingapp.co.kr, YP+Labs+Co, 
[2019-09-11 00:32:04,673][DEBUG|dayStoreAppParse.py:27] >> 한컴오피스 한글, com.hancom.office.hwp.editor.hwp_apk.gplaystore, 비즈니스, Hancom Inc., 10000.0, 720.0, 2.8, 65, 36, 68, 14, 100, 2019년 9월 2일, http://www.hancom.com, Hancom+Inc., 
[2019-09-11 00:32:14,972][DEBUG|dayStoreAppParse.py:27] >> Life360 - 가족 위치추적기, com.life360.android.safetymapd, 라이프스타일, Life360, 50000000.0, 1073764.0, 4.5, 100, 23, 5, 2, 5, 2019년 8월 26일, http://www.life360.com, Life360, 
[2019-09-11 00:32:35,602][DEBUG|dayStoreAppParse.py:27] >> Mixart Photo Editor - 만화 이펙트, 콜라주 메이커, com.idealpiclab.photoeditorpro, 사진, Ideal Pic Lab, 1000000.0, 6558.0, 2.8, 76, 14, 9, 4, 100, 2019년 9월 9일, mailto:idealpiclab2018@gmail.com, Ideal+Pic+Lab, 
[2019-09-11 00:32:45,825][DEBUG|dayStoreAppParse.py:27] >> VLLO (구 Vimo / 비모) - 동영상 편집 어플, Vlog 편집 배속 어플, com.darinsoft.vimo, 동영상 플레이어/편집기, vimosoft, 1000000.0, 41861.0, 4.0, 100, 33, 15, 8, 19, 2019년 9월 4일, http://www.vimosoft.com, vimosoft, 
[2019-09-11 00:32:55,992][DEBUG|dayStoreAppParse.py:27] >> HelloTalk 헬로톡-무료 외국어 언어 교환, com.hellotalk, 교육, HelloTalk Learn Languages App, 5000000.0, 101686.0, 4.0, 100, 27, 12, 6, 22, 2019년 9월 10일, http://www.HelloTalk.com, HelloTalk+Learn+Languages+App, 
[2019-09-11 00:33:06,422][DEBUG|dayStoreAppParse.py:27] >> 가까워톡 클래식 - (메신저형 채팅, 친구만들기, 리워드), kakkawotalk.com.chatting, 커뮤니케이션, 링크인톡, 50000.0, 386.0, 4.6, 100, 0, 0, 0, 8, 2019년 9월 6일, http://kakkawotalk.com/, %EB%A7%81%ED%81%AC%EC%9D%B8%ED%86%A1, 
[2019-09-11 00:33:16,760][DEBUG|dayStoreAppParse.py:27] >> 업라이브Uplive, com.asiainno.uplive, 소셜, Asia Innovations HK Limited, 10000000.0, 117160.0, 4.3, 100, 8, 7, 3, 16, 2019년 8월 15일, http://www.upliveapp.com, Asia+Innovations+HK+Limited, 
[2019-09-11 00:33:27,157][DEBUG|dayStoreAppParse.py:27] >> 스픽 (Speak): 영어회화, 스피킹, 발음, com.selabs.speak, 교육, Speakeasy Labs, 10000.0, 536.0, 4.9, 100, 3, 0, 1, 0, 2019년 8월 24일, http://usespeak.com, Speakeasy+Labs, 
[2019-09-11 00:33:37,501][DEBUG|dayStoreAppParse.py:27] >> 레진코믹스 - 매일 무료 웹툰, com.lezhin.comics, 만화, LEZHIN ENTERTAINMENT, 5000000.0, 34158.0, 3.4, 100, 29, 26, 18, 63, 2019년 9월 10일, http://www.lezhin.com/en, LEZHIN+ENTERTAINMENT, 
[2019-09-11 00:33:47,718][DEBUG|dayStoreAppParse.py:27] >> X Photo Editor - Face Aging & Cartoon Effect, com.picstudio.photoeditorplus, 사진, X Pic Studio, 10000000.0, 79297.0, 3.6, 100, 15, 13, 4, 53, 2019년 8월 23일, mailto:aiprocessingstudio@gmail.com, X+Pic+Studio, 
[2019-09-11 00:33:58,025][DEBUG|dayStoreAppParse.py:31] >> 듀오링고(Duolingo): 무료 영어 학습, com.duolingo, 교육, Duolingo, 100000000.0, 8029554.0, 4.7, 100, 18, 3, 0, 2, 2019년 9월 9일, None, , 6957685454452609502
[2019-09-11 00:34:08,120][DEBUG|dayStoreAppParse.py:27] >> Microsoft Excel: 스프레드시트 보기, 편집 및 만들기, com.microsoft.office.excel, 생산성, Microsoft Corporation, 500000000.0, 2009918.0, 4.5, 100, 22, 7, 3, 6, 2019년 8월 23일, https://products.office.com, , 6720847872553662727
[2019-09-11 00:34:18,383][DEBUG|dayStoreAppParse.py:27] >> 짱챗 - 랜덤채팅 친구만들기, com.privateinc.jjang, 소셜, Private, Inc., 10000.0, 73.0, 3.0, 96, 13, 23, 10, 100, 2019년 7월 26일, mailto:mojito.private@gmail.com, Private,+Inc., 
[2019-09-11 00:34:28,838][DEBUG|dayStoreAppParse.py:27] >> BeautyPlus 뷰티플러스 - 올인원 카메라로 만드는 이쁜 셀카 사진, com.commsource.beautyplus, 사진, Meitu (China) Limited, 100000000.0, 4052310.0, 4.5, 100, 17, 8, 2, 7, 2019년 8월 30일, http://www.beautyplus.com/, Meitu+%28China%29+Limited, 
[2019-09-11 00:34:39,241][DEBUG|dayStoreAppParse.py:31] >> 이지보카 영어단어 어원을 읽어주는 특별한 영단어 암기앱 단어장, com.shouter.easyvoca, 교육, Shouter Inc., 100000.0, 1784.0, 4.9, 100, 8, 1, 0, 0, 2019년 8월 8일, None, Shouter+Inc., 
[2019-09-11 00:34:49,596][DEBUG|dayStoreAppParse.py:31] >> 핑크퐁 TV : 인기 동요 동화 포털, kr.co.smartstudy.pinkfongtv.ko_android_googlemarket, 교육, SMARTSTUDY PINKFONG, 500000.0, 2728.0, 3.6, 100, 15, 22, 11, 44, 2019년 9월 9일, None, , 5316747288696116828
[2019-09-11 00:35:00,006][DEBUG|dayStoreAppParse.py:27] >> Strava GPS 및 사이클링 달리기, com.strava, 건강/운동, Strava Inc., 10000000.0, 475583.0, 4.5, 100, 18, 4, 2, 6, 2019년 9월 9일, https://www.strava.com/, Strava+Inc., 
[2019-09-11 00:35:10,327][DEBUG|dayStoreAppParse.py:27] >> 진짜 인형뽑기-뽑기요(배송, prize, 이색뽑기, 프리미엄), com.ninewonders.game.newclawmachine, 엔터테인먼트, Nature Creative, 100000.0, 4543.0, 3.8, 100, 8, 8, 6, 34, 2019년 8월 20일, mailto:info@naturec.net, Nature+Creative, 
[2019-09-11 00:35:20,628][DEBUG|dayStoreAppParse.py:27] >> 미팅포유 : 여기서 시작되는 우리의만남, m4u.mobile.user, 소셜, Sorastar Corp, 1000000.0, 28269.0, 4.6, 100, 0, 1, 0, 9, 2019년 8월 16일, http://www.m4you.co.kr, Sorastar+Corp, 
[2019-09-11 00:35:31,093][DEBUG|dayStoreAppParse.py:27] >> AutoCAD - DWG 편집기, com.autodesk.autocadws, 생산성, Autodesk Inc., 10000000.0, 150781.0, 4.0, 100, 22, 11, 5, 27, 2019년 8월 1일, https://www.autodesk.com/products/autocad-mobile/overview, , 6418760394979464117
[2019-09-11 00:35:41,495][DEBUG|dayStoreAppParse.py:27] >> 최애돌♥ - 아이돌 순위 / 스케줄 / 퀴즈, com.exodus.myloveidol, 엔터테인먼트, Exodus Inc., 500000.0, 34446.0, 4.7, 100, 9, 3, 1, 3, 2019년 9월 3일, http://www.myloveidol.com, Exodus+Inc., 
[2019-09-11 00:35:51,833][DEBUG|dayStoreAppParse.py:27] >> EBS어학FM, com.doosan.newebsfm, 교육, Dong-A publishing co., ltd, 100000.0, 974.0, 3.2, 100, 25, 38, 10, 82, 2019년 7월 25일, http://www.dongapublishing.com, Dong-A+publishing+co.,+ltd, 
[2019-09-11 00:36:02,178][DEBUG|dayStoreAppParse.py:27] >> 직장인 이성친구 만들기 - 에스티커 (만남 미팅 소개팅어플), com.estickerapp.android, 데이트, 에스티커, 10000.0, 2202.0, 4.9, 100, 0, 1, 0, 1, 2019년 7월 31일, mailto:admin@estickerapp.com, %EC%97%90%EC%8A%A4%ED%8B%B0%EC%BB%A4, 
[2019-09-11 00:36:12,544][DEBUG|dayStoreAppParse.py:27] >> 다이아매치 - 학교·직장 인증 고스펙 소개팅, com.dating.diamatch, 소셜, 상위1%, 10000.0, 747.0, 4.8, 100, 4, 0, 0, 3, 2019년 7월 25일, mailto:contact@diamatch.co.kr, %EC%83%81%EC%9C%841%25, 
[2019-09-11 00:36:22,787][DEBUG|dayStoreAppParse.py:27] >> 밤비 - 랜덤채팅 친구 사귀기 채팅, com.bnc.bambi.client, 소셜, BNC, 1000000.0, 6829.0, 2.8, 64, 32, 26, 18, 100, 2019년 9월 1일, mailto:bambi.developer@gmail.com, BNC, 
[2019-09-11 00:36:33,249][DEBUG|dayStoreAppParse.py:27] >> GO런처EX: 테마 및 월페이퍼, com.gau.go.launcherex, 맞춤 설정, GOMO Live, 100000000.0, 7490480.0, 4.5, 100, 16, 8, 1, 7, 2019년 9월 4일, http://www.gomo.com, GOMO+Live, 
[2019-09-11 00:36:43,606][DEBUG|dayStoreAppParse.py:27] >> SKOUT-만남, 채팅, 친구, com.skout.android, 소셜, Skout Inc., 50000000.0, 1126689.0, 4.3, 100, 9, 6, 3, 13, 2019년 9월 9일, http://www.skout.com, , 8993195399885453984
[2019-09-11 00:36:53,830][DEBUG|dayStoreAppParse.py:27] >> 미스톡 - 영상채팅,화상채팅,채팅어플,만남,영상톡, com.vcv.misstalk, 데이트, misstalk, 5000.0, 24.0, 3.0, 90, 20, 30, 0, 100, 2019년 9월 10일, mailto:hipptt123@gmail.com, misstalk, 
[2019-09-11 00:37:04,121][DEBUG|dayStoreAppParse.py:27] >> 굿나잇 목소리 소개팅앱 1위 리슨 Goodnight, com.one.goodnight, 데이트, Paktor Pte. Ltd., 1000000.0, 45671.0, 4.2, 100, 15, 11, 5, 17, 2019년 9월 10일, http://goodnight.io, Paktor+Pte.+Ltd., 
[2019-09-11 00:37:14,627][DEBUG|dayStoreAppParse.py:27] >> 나만의 스캐너: 스캔 및 인쇄, com.apalon.scanner.app, 비즈니스, Apalon Apps, 1000000.0, 22653.0, 4.1, 100, 23, 12, 3, 24, 2019년 9월 3일, http://apalon.com, , 7148047194848561719
[2019-09-11 00:37:25,033][DEBUG|dayStoreAppParse.py:27] >> VideoShow - 무료 동영상 편집기 & 사진 편집기 & 동영상 촬영, com.xvideostudio.videoeditor, 동영상 플레이어/편집기, VideoShow EnjoyMobi Video Editor & Video Maker Inc, 100000000.0, 4668278.0, 4.6, 100, 11, 4, 1, 5, 2019년 8월 30일, http://www.enjoy-global.com, , 8114105855888506023
[2019-09-11 00:37:35,422][DEBUG|dayStoreAppParse.py:27] >> 랜덤챗 (랜덤채팅, 랜챗), com.fancyranchat.randomchat, 커뮤니케이션, CloudMatch, 100000.0, 534.0, 3.3, 100, 27, 20, 13, 69, 2019년 8월 16일, mailto:randomchat.link@gmail.com, CloudMatch, 
[2019-09-11 00:37:45,733][DEBUG|dayStoreAppParse.py:27] >> 2ulip : 튤립, com.inc_2ulip.tulip, 라이프스타일, 2ulip Inc., 10000.0, 236.0, 4.2, 100, 3, 3, 3, 19, 2019년 8월 28일, https://www.2ulip.com, 2ulip+Inc., 
[2019-09-11 00:37:56,156][DEBUG|dayStoreAppParse.py:27] >> 나야나 - 프리미엄 무제한 소개팅, com.mobions.nayana, 소셜, Mobions Media Co., Ltd., 100000.0, 2273.0, 4.2, 100, 10, 6, 2, 21, 2019년 1월 22일, http://nayanapick.com, Mobions+Media+Co.,+Ltd., 
[2019-09-11 00:38:06,403][DEBUG|dayStoreAppParse.py:27] >> MEGA, mega.privacy.android.app, 생산성, Mega Ltd, 50000000.0, 641709.0, 3.8, 100, 18, 10, 5, 36, 2019년 9월 7일, https://mega.nz, Mega+Ltd, 
[2019-09-11 00:38:16,611][DEBUG|dayStoreAppParse.py:27] >> 탄탄 - 탄탄한 만남을 위한 소개팅 앱, com.p1.mobile.putong, 소셜, Tantan, Inc., 10000000.0, 598809.0, 4.2, 100, 22, 13, 4, 15, 2019년 9월 6일, http://www.tantanapp.com, Tantan,+Inc., 
[2019-09-11 00:38:26,843][DEBUG|dayStoreAppParse.py:27] >> 러브레터 소개팅 -  매일 8명, (연결/대화 100% 무료, 정직한 소개팅), com.appstard.loveletter, 데이트, APPSTARD, 500000.0, 21338.0, 4.8, 100, 0, 2, 0, 4, 2019년 6월 17일, http://www.appstard.com, APPSTARD, 
[2019-09-11 00:38:37,380][DEBUG|dayStoreAppParse.py:27] >> ParaU：낯선채팅 & 화상채팅, com.parau.videochat, 소셜, ParaU Team, 1000000.0, 34731.0, 4.5, 100, 8, 2, 1, 12, 2019년 9월 7일, mailto:gosnapraido@hotmail.com, ParaU+Team, 
[2019-09-11 00:38:47,777][DEBUG|dayStoreAppParse.py:27] >> 지나리 - 스마트폰 위치추적, 위치공유, 과거위치, 분실방지, com.xsol.gnali, 커뮤니케이션, GNali LBS System, 500000.0, 13490.0, 4.4, 100, 32, 10, 4, 5, 2019년 5월 20일, https://www.gnali.net, GNali+LBS+System, 
[2019-09-11 00:38:58,077][DEBUG|dayStoreAppParse.py:27] >> Horoscope Me - Face Scanner, Palm Reader, Aging, com.handline.secrets.astrology.predictor, 엔터테인먼트, Tina Wang, 1000000.0, 26002.0, 4.2, 100, 2, 1, 1, 21, 2019년 8월 20일, mailto:tinastudio2019@gmail.com, Tina+Wang, 
[2019-09-11 00:39:08,334][DEBUG|dayStoreAppParse.py:27] >> 딕쏘 DIGSSO - 게이(Gay) 소셜 네트워크, net.digsso, 소셜, MUDDLEWORKS Inc., 100000.0, 1417.0, 2.2, 35, 8, 18, 10, 100, 2019년 7월 8일, http://www.digsso.net, MUDDLEWORKS+Inc., 
[2019-09-11 00:39:18,574][DEBUG|dayStoreAppParse.py:27] >> YAZIO 코치 - 칼로리계산기 어플, 다이어트일기, com.yazio.android, 건강/운동, YAZIO, 10000000.0, 206509.0, 4.5, 100, 24, 6, 2, 5, 2019년 7월 18일, https://www.yazio.com, YAZIO, 
[2019-09-11 00:39:28,809][DEBUG|dayStoreAppParse.py:27] >> VSCO, com.vsco.cam, 사진, VSCO, 50000000.0, 998033.0, 4.5, 100, 19, 6, 2, 8, 2019년 9월 6일, http://vsco.co, , 5032127892134861949
[2019-09-11 00:39:39,192][DEBUG|dayStoreAppParse.py:27] >> 대화친구 -술친구,친구 만들기,  여사친, 남사친, 랜덤채팅, 무료채팅, com.talkfriendcorp.talkfriend, 커뮤니케이션, 대화친구, 10000.0, 330.0, 4.4, 100, 6, 3, 5, 12, 2019년 5월 3일, mailto:eoghkclsrn@gmail.com, %EB%8C%80%ED%99%94%EC%B9%9C%EA%B5%AC, 
[2019-09-11 00:39:49,651][DEBUG|dayStoreAppParse.py:27] >> 눔(Noom) - 건강관리,다이어트,당뇨,식단,만보기, com.wsl.noom, 건강/운동, Noom Inc., 10000000.0, 177121.0, 3.4, 100, 23, 15, 13, 61, 2019년 9월 10일, http://www.noom.com, Noom+Inc., 
[2019-09-11 00:40:00,093][DEBUG|dayStoreAppParse.py:27] >> 만남어때, kr.co.lovechoice, 소셜, seventic, 10000.0, 77.0, 3.3, 100, 2, 9, 2, 69, 2019년 6월 3일, https://blog.naver.com/lovechoice1519/221512197989, seventic, 
[2019-09-11 00:40:10,360][DEBUG|dayStoreAppParse.py:27] >> 로맨스소설 Club, com.bms.romanceg, 도서/참고자료, BLUEMOUNTAINSOFT. INC, 10000.0, 34.0, 3.8, 100, 71, 21, 14, 35, 2019년 4월 19일, http://www.ebookclub.co.kr, BLUEMOUNTAINSOFT.+INC, 
[2019-09-11 00:40:20,819][DEBUG|dayStoreAppParse.py:27] >> 야자 라이브 Yaja Live - 실시간 영상채팅으로 새로운 친구 만들고 외국어로 대화하기, com.colive.yaja, 커뮤니케이션, Yaja Live, 1000000.0, 2058.0, 3.7, 100, 8, 14, 9, 41, 2019년 9월 10일, http://www.yajalive.com, Yaja+Live, 
[2019-09-11 00:40:41,589][DEBUG|dayStoreAppParse.py:27] >> 마보 - 마음챙김 명상, com.mabopractice.app, 건강/운동, 마보, 50000.0, 550.0, 4.4, 100, 19, 3, 2, 10, 2019년 9월 10일, https://www.mabopractice.com, %EB%A7%88%EB%B3%B4, 
[2019-09-11 00:40:52,009][DEBUG|dayStoreAppParse.py:27] >> 코코 - 온라인에서 만나는 진짜 소개팅, kr.co.cocoabook.ver1, 소셜, April7 Inc., 500000.0, 21633.0, 4.1, 100, 45, 29, 6, 13, 2019년 7월 30일, http://www.cocoapp.kr, April7+Inc., 
[2019-09-11 00:41:02,413][DEBUG|dayStoreAppParse.py:27] >> 연애의발견 - 당신도 누군가의 인연, com.mobions.findlove, 엔터테인먼트, Mobions Media Co., Ltd., 10000.0, 256.0, 3.8, 100, 9, 9, 9, 33, 2019년 1월 22일, mailto:findlove.cs@gmail.com, Mobions+Media+Co.,+Ltd., 
[2019-09-11 00:41:12,777][DEBUG|dayStoreAppParse.py:27] >> nPlayer, com.newin.nplayer.pro, 동영상 플레이어/편집기, Newin Inc., 10000.0, 1763.0, 4.2, 100, 25, 20, 8, 10, 2019년 6월 28일, http://www.nplayer.com/, Newin+Inc., 
[2019-09-11 00:41:23,113][DEBUG|dayStoreAppParse.py:27] >> 실시간 날씨 버전, com.apalon.weatherlive.free, 날씨, Apalon Apps, 10000000.0, 824423.0, 4.4, 100, 32, 9, 2, 6, 2019년 8월 9일, http://www.apalon.com/weather_live_android.html, , 7148047194848561719
[2019-09-11 00:41:33,454][DEBUG|dayStoreAppParse.py:27] >> imo - free group video calls, com.imo.android.imoim, 커뮤니케이션, imo.im, 500000000.0, 5515733.0, 4.3, 100, 13, 9, 4, 11, 2019년 9월 10일, https://imo.im/, imo.im, 
[2019-09-11 00:41:43,836][DEBUG|dayStoreAppParse.py:27] >> Zodiac Signs Master - Face Scanner & Palmistry, com.daily.zodiac.signs.horoscope.palmistry, 엔터테인먼트, Horoscope Tech Team, 10000000.0, 81445.0, 1.6, 15, 1, 2, 3, 100, 2019년 8월 14일, mailto:horoscopeplus2018@gmail.com, Horoscope+Tech+Team, 
[2019-09-11 00:41:54,246][DEBUG|dayStoreAppParse.py:27] >> PowerDirector – 동영상 편집 프로그램, com.cyberlink.powerdirector.DRA140225_01, 동영상 플레이어/편집기, CyberLink.com, 50000000.0, 1007943.0, 4.5, 100, 19, 6, 2, 8, 2019년 8월 23일, http://www.cyberlink.com/, , 7495131674787494593
[2019-09-11 00:42:04,671][DEBUG|dayStoreAppParse.py:27] >> Keepsafe 사진 보관함 – 사진 비디오 숨기기, com.kii.safe, 사진, Keepsafe, 50000000.0, 1672985.0, 4.1, 100, 17, 9, 4, 22, 2019년 9월 9일, https://www.getkeepsafe.com, , 7409182767575593474
[2019-09-11 00:42:15,036][DEBUG|dayStoreAppParse.py:27] >> 취미톡 - 취미, 관심사, 소모임 같이 시작하는 데이트,  빠르게 이성회원과 가까워져보세요, com.hobby.chat, 데이트, Hobbytalk, 50000.0, 655.0, 4.5, 100, 0, 0, 2, 11, 2019년 7월 31일, mailto:hobby@hobbytalk.me, Hobbytalk, 
[2019-09-11 00:42:25,508][DEBUG|dayStoreAppParse.py:31] >> 리틀팍스 - 영어동화 도서관, net.littlefox.lf_app_fragment, 교육, LITTLE FOX INC., 500000.0, 6388.0, 4.2, 100, 14, 6, 0, 20, 2019년 8월 12일, None, , 8549610620990682894
[2019-09-11 00:42:36,016][DEBUG|dayStoreAppParse.py:31] >> [EBS공식] 한글이야호, 한글이야호2 (따라쓰기, 읽기, 워크북), com.uangel.tomokidsStoreYaho2, 교육, UANGEL, 100000.0, 420.0, 3.6, 100, 34, 36, 17, 38, 2018년 6월 1일, None, UANGEL, 
[2019-09-11 00:42:46,426][DEBUG|dayStoreAppParse.py:27] >> MOCI : 모씨 - 익명의 소통 공간, net.nrise.moci, 소셜, NRISE,Inc., 1000000.0, 36977.0, 3.0, 100, 33, 43, 34, 97, 2018년 8월 31일, https://www.facebook.com/pages/MOCI-%EB%AA%A8%EC%94%A8/1465850207004955?ref=bookmarks, NRISE,Inc., 
[2019-09-11 00:42:56,720][DEBUG|dayStoreAppParse.py:27] >> Face Secret Master: 노화, 얼굴 스캐너, 운세, com.dailyhoroscope.facesecret, 엔터테인먼트, Face Secret Master, 1000000.0, 25671.0, 4.0, 100, 4, 3, 1, 32, 2019년 8월 20일, mailto:facesecretmaster@gmail.com, Face+Secret+Master, 
[2019-09-11 00:43:07,190][DEBUG|dayStoreAppParse.py:27] >> 소개팅 마카롱 - 매일 무료소개팅 연결후100%대화무료(미팅,연애,만남,소개팅,데이트 앱), com.willsm.macaron, 소셜, MACARON Corp., 500000.0, 41534.0, 4.4, 100, 31, 14, 3, 6, 2019년 6월 18일, http://macaron-willsm.com, MACARON+Corp., 
[2019-09-11 00:43:17,499][DEBUG|dayStoreAppParse.py:27] >> Face Secret App - 관상 해석, 뷰티 스캔, 별자리 운세, faceapp.facereading.horoscope.zodica.signs.astrology, 엔터테인먼트, Voyage Photo Lab, 10000000.0, 91768.0, 1.9, 27, 2, 2, 3, 100, 2019년 7월 29일, mailto:Facereadingtech@gmail.com, Voyage+Photo+Lab, 
[2019-09-11 00:43:27,881][DEBUG|dayStoreAppParse.py:27] >> 세리오 : 검증된 그남자 그여자의 선개팅, com.serioideas.serio, 데이트, 아임팩트, 10000.0, 308.0, 4.4, 100, 3, 3, 2, 14, 2019년 9월 1일, http://www.serio.io/, %EC%95%84%EC%9E%84%ED%8C%A9%ED%8A%B8, 
[2019-09-11 00:43:38,153][DEBUG|dayStoreAppParse.py:27] >> 사랑캠 - 영상채팅,화상채팅,익명채팅, com.video.lovecam, 데이트, 여사장 컴퍼니, 5000.0, 32.0, 4.2, 100, 8, 8, 4, 17, 2019년 8월 27일, mailto:lovecam486@gmail.com, %EC%97%AC%EC%82%AC%EC%9E%A5+%EC%BB%B4%ED%8D%BC%EB%8B%88, 
[2019-09-11 00:43:48,681][DEBUG|dayStoreAppParse.py:27] >> Facetune2 - 재미있는 셀카 편집기, com.lightricks.facetune.free, 사진, Lightricks Ltd., 10000000.0, 71049.0, 4.0, 100, 23, 9, 4, 25, 2019년 9월 3일, http://www.facetuneapp.com/index.html, Lightricks+Ltd., 
[2019-09-11 00:43:59,122][DEBUG|dayStoreAppParse.py:27] >> The Rabbit, com.pygmalionsoft.therabbit, 도서/참고자료, 카르테, 10000.0, 164.0, 3.3, 100, 52, 44, 5, 74, 2019년 8월 29일, http://kartecorp.com, %EC%B9%B4%EB%A5%B4%ED%85%8C, 
[2019-09-11 00:44:09,460][DEBUG|dayStoreAppParse.py:27] >> Squid - Take Notes & Markup PDFs, com.steadfastinnovation.android.projectpapyrus, 생산성, Steadfast Innovation, LLC, 1000000.0, 42999.0, 4.4, 100, 31, 7, 3, 8, 2019년 4월 16일, http://squidnotes.com, , 9060454337227576679
[2019-09-11 00:44:19,766][DEBUG|dayStoreAppParse.py:27] >> Badoo - 무료 채팅 & 데이팅 앱, com.badoo.mobile, 소셜, Badoo, 100000000.0, 4455488.0, 4.3, 100, 10, 7, 3, 15, 2019년 9월 9일, http://www.badoo.com, , 5884062829898474398
[2019-09-11 00:44:30,158][DEBUG|dayStoreAppParse.py:27] >> 멤라이즈와 함께 외국어 공부하기, com.memrise.android.memrisecompanion, 교육, Memrise, 10000000.0, 1249120.0, 4.6, 100, 19, 4, 2, 5, 2019년 9월 10일, http://www.memrise.com, , 7657539983437808287
[2019-09-11 00:44:40,791][DEBUG|dayStoreAppParse.py:27] >> Hoogo, com.hoogo.hoogo, 소셜, Hoogo Group, 1000000.0, 14052.0, 4.5, 100, 6, 4, 1, 11, 2019년 8월 9일, mailto:czqccc@outlook.com, Hoogo+Group, 
[2019-09-11 00:44:51,192][DEBUG|dayStoreAppParse.py:27] >> 이음 - 국내 최초 소개팅어플, net.ium.mobile.android, 소셜, IUMSOCIUS, 1000000.0, 19047.0, 3.4, 100, 70, 44, 17, 69, 2019년 7월 29일, https://www.i-um.com, IUMSOCIUS, 
[2019-09-11 00:45:01,493][DEBUG|dayStoreAppParse.py:27] >> 픽스쿨-프로토 및 스포츠 분석플랫폼, com.withwingsoft.pickschool, 스포츠, 픽스쿨, 10000.0, 395.0, 4.3, 100, 12, 3, 1, 19, 2019년 7월 30일, mailto:withwingsoft@gmail.com, %ED%94%BD%EC%8A%A4%EC%BF%A8, 
[2019-09-11 00:45:11,957][DEBUG|dayStoreAppParse.py:27] >> 윌라 - 베스트셀러 오디오북&프리미엄 강의, kr.co.influential.youngkangapp, 교육, 윌라(welaaa), 100000.0, 1011.0, 4.0, 100, 35, 18, 9, 22, 2019년 9월 6일, http://www.welaaa.com, %EC%9C%8C%EB%9D%BC%28welaaa%29, 
[2019-09-11 00:45:22,206][DEBUG|dayStoreAppParse.py:27] >> IMVU - 3D 아바타 소셜 앱, com.imvu.mobilecordova, 소셜, IMVU, Inc., 10000000.0, 336899.0, 3.9, 100, 17, 12, 8, 29, 2019년 8월 14일, http://www.imvu.com, IMVU,+Inc., 
[2019-09-11 00:45:32,685][DEBUG|dayStoreAppParse.py:27] >> 작명 어플 모두맘네이밍 : 아기이름짓기 개명 1:1 전문상담 무료이름풀이, com.modumom.mobileapp.selfnamebase, 엔터테인먼트, 에프티앤씨(주), 100000.0, 1438.0, 4.4, 100, 0, 0, 2, 14, 2019년 5월 31일, mailto:myungmaster@gmail.com, , 5282057134012423575
[2019-09-11 00:45:43,071][DEBUG|dayStoreAppParse.py:27] >> Adobe Lightroom - 사진 편집 포토샵 어플, com.adobe.lrmobile, 사진, Adobe, 50000000.0, 367123.0, 4.4, 100, 15, 6, 3, 11, 2019년 8월 20일, https://www.adobe.com/products/photoshop-lightroom.html, , 4734916851270416020
[2019-09-11 00:45:53,515][DEBUG|dayStoreAppParse.py:27] >> 실전영어 트레이닝 오잉글리시 - 인강보다 3배빠른 영어회화 학습법, com.hanbit.ohenglish, 교육, HanbitSoft Inc, 100000.0, 643.0, 3.9, 100, 13, 17, 18, 22, 2019년 9월 5일, http://www.new5ing.com, , 5476140356962722989
[2019-09-11 00:46:03,992][DEBUG|dayStoreAppParse.py:27] >> Minecraft, com.mojang.minecraftpe, 아케이드, Mojang, 10000000.0, 2843049.0, 4.4, 100, 10, 5, 2, 11, 2019년 7월 9일, http://help.mojang.com, Mojang, 
[2019-09-11 00:46:14,437][DEBUG|dayStoreAppParse.py:27] >> Stardew Valley, com.chucklefish.stardewvalley, 롤플레잉, Chucklefish Limited, 100000.0, 22141.0, 4.7, 100, 10, 4, 1, 2, 2019년 8월 23일, https://www.stardewvalley.net, , 7107975034578576294
[2019-09-11 00:46:24,850][DEBUG|dayStoreAppParse.py:27] >> A Dance Of Fire and Ice, com.fizzd.connectedworlds, 음악, 7th Beat Games, 50000.0, 1612.0, 4.2, 100, 10, 3, 6, 20, 2019년 8월 12일, http://rhythmdr.com, 7th+Beat+Games, 
[2019-09-11 00:46:35,108][DEBUG|dayStoreAppParse.py:27] >> NBA 2K20, com.t2ksports.nba2k20and, 스포츠, 2K, Inc., 5000.0, 843.0, 4.1, 100, 20, 14, 8, 17, 2019년 9월 5일, http://support.2k.com/, , 6681606924556273560
[2019-09-11 00:46:45,551][DEBUG|dayStoreAppParse.py:27] >> Geometry Dash, com.robtopx.geometryjump, 아케이드, RobTop Games, 1000000.0, 677181.0, 4.6, 100, 10, 3, 1, 5, 2017년 11월 15일, http://www.robtopgames.com, RobTop+Games, 
[2019-09-11 00:46:56,083][DEBUG|dayStoreAppParse.py:27] >> Football Manager 2019 Mobile, football.manager.games.fm19.mobile, 스포츠, SEGA, 100000.0, 19923.0, 4.1, 100, 26, 13, 7, 19, 2019년 7월 31일, http://www.sega.com, , 7891990035506213180
[2019-09-11 00:47:06,535][DEBUG|dayStoreAppParse.py:27] >> 에버테일, com.zigzagame.evertale, 롤플레잉, ZigZaGame Inc., 100000.0, 55317.0, 4.6, 100, 14, 4, 2, 4, 2019년 9월 5일, http://www.zigzagame.com, ZigZaGame+Inc., 
[2019-09-11 00:47:17,113][DEBUG|dayStoreAppParse.py:27] >> Terraria, com.and.games505.TerrariaPaid, 어드벤처, 505 Games Srl, 1000000.0, 252442.0, 4.3, 100, 14, 9, 5, 12, 2019년 9월 9일, http://www.505games.com, 505+Games+Srl, 
[2019-09-11 00:47:27,601][DEBUG|dayStoreAppParse.py:27] >> Human: Fall Flat, com.and.games505.humanfallflat, 퍼즐, 505 Games Srl, 50000.0, 3706.0, 4.1, 100, 19, 7, 6, 18, 2019년 8월 30일, http://www.505games.com, 505+Games+Srl, 
[2019-09-11 00:47:37,931][DEBUG|dayStoreAppParse.py:31] >> 미니 메트로, nz.co.codepoint.minimetro, 시뮬레이션, Dinosaur Polo Club, 500000.0, 22526.0, 4.7, 100, 16, 3, 1, 2, 2019년 7월 4일, None, Dinosaur+Polo+Club, 
[2019-09-11 00:47:48,503][DEBUG|dayStoreAppParse.py:27] >> 길고양이 이야기 : support edition, com.feemodev.cat, 어드벤처, feemodev, 1000.0, 116.0, 4.7, 100, 13, 5, 3, 1, 2019년 8월 26일, https://twitter.com/feemodev, , 8891464333771186871
[2019-09-11 00:47:58,975][DEBUG|dayStoreAppParse.py:27] >> Muse Dash, com.prpr.musedash, 음악, X.D. Network, 100000.0, 12983.0, 4.6, 100, 11, 4, 2, 6, 2019년 9월 2일, https://twitter.com/musedashthegame, X.D.+Network, 
[2019-09-11 00:48:09,352][DEBUG|dayStoreAppParse.py:27] >> 60 Seconds! Atomic Adventure, com.robotgentleman.game60seconds, 어드벤처, Robot Gentleman, 100000.0, 8729.0, 4.2, 100, 26, 11, 3, 16, 2019년 8월 28일, http://robotgentleman.com, Robot+Gentleman, 
[2019-09-11 00:48:19,906][DEBUG|dayStoreAppParse.py:27] >> 던전메이커, com.GameCoaster.DungeonMaker, 전략, GameCoaster, 100000.0, 38566.0, 4.6, 100, 16, 4, 1, 5, 2019년 8월 22일, http://gamecoaster.com/, , 6054355236747479153
[2019-09-11 00:48:30,213][DEBUG|dayStoreAppParse.py:27] >> 카툰 크래프트, com.magmon.cartooncraft, 전략, Studio NAP, 500000.0, 22180.0, 4.3, 100, 26, 10, 6, 12, 2019년 9월 10일, http://www.1506games.com/, , 7020958561307331497
[2019-09-11 00:48:40,660][DEBUG|dayStoreAppParse.py:27] >> Cytus II (사이터스Ⅱ), com.rayark.cytus2, 음악, Rayark International Limited, 1000000.0, 52885.0, 4.6, 100, 11, 4, 2, 4, 2019년 9월 4일, https://www.rayark.com/g/cytus2/, , 6939825389946648631
[2019-09-11 00:48:51,129][DEBUG|dayStoreAppParse.py:27] >> Reigns, com.devolver.reigns, 카드, DevolverDigital, 500000.0, 142398.0, 4.7, 100, 21, 3, 1, 1, 2019년 8월 1일, http://www.devolverdigital.com, DevolverDigital, 
[2019-09-11 00:49:01,650][DEBUG|dayStoreAppParse.py:27] >> Shadow of Death: 어둠의 기사 - 스틱맨 액션, com.Zonmob.Stickman.FightingGames.ShadowOfDeath, 액션, Bravestars Games, 5000000.0, 130564.0, 4.7, 100, 9, 4, 1, 4, 2019년 8월 16일, https://www.facebook.com/ShadowOfDeath.FightingGame/, , 6472399032955398374
[2019-09-11 00:49:11,962][DEBUG|dayStoreAppParse.py:27] >> Pirates Outlaws, com.piratesoutlaws.fabledgame, 카드, Fabled Game, 50000.0, 4614.0, 4.4, 100, 24, 9, 6, 7, 2019년 8월 3일, http://www.fabledgame.com, Fabled+Game, 
[2019-09-11 00:49:22,387][DEBUG|dayStoreAppParse.py:27] >> RFS - Real Flight Simulator, it.rortos.realflightsimulator, 시뮬레이션, RORTOS, 100000.0, 6761.0, 4.1, 100, 28, 14, 7, 18, 2019년 8월 22일, http://www.rortos.com, , 8013171132272394676
[2019-09-11 00:49:32,854][DEBUG|dayStoreAppParse.py:27] >> 도박 디펜스, com.NewMeta.GambleDefence, 전략, NewMeta, 10000.0, 831.0, 3.5, 100, 36, 32, 13, 48, 2019년 5월 20일, mailto:team_newmeta@naver.com, NewMeta, 
[2019-09-11 00:49:43,384][DEBUG|dayStoreAppParse.py:27] >> 서울 2033 : 후원자, com.banjihagames.seoul2033_backer, 어드벤처, 반지하 게임즈, 10000.0, 1262.0, 4.8, 100, 7, 5, 0, 0, 2019년 4월 14일, mailto:semibasement0901@gmail.com, %EB%B0%98%EC%A7%80%ED%95%98+%EA%B2%8C%EC%9E%84%EC%A6%88, 
[2019-09-11 00:49:53,900][DEBUG|dayStoreAppParse.py:27] >> 15슬라임, com.ssicosm.slime_great_war_pay, 액션, SSICOSM, 1000.0, 92.0, 4.7, 100, 6, 3, 0, 5, 2019년 7월 30일, https://cafe.naver.com/15slimes, , 7134204144878147170
[2019-09-11 00:50:04,419][DEBUG|dayStoreAppParse.py:27] >> 던전공주, com.ssicosm.dungeon_princess, 롤플레잉, SSICOSM, 50000.0, 3595.0, 4.5, 100, 24, 4, 2, 4, 2019년 7월 23일, https://cafe.naver.com/15slimes, , 7134204144878147170
[2019-09-11 00:50:15,210][DEBUG|dayStoreAppParse.py:27] >> 레이튼 교수와 이상한 마을 HD, com.Level5.LT1RKR, 어드벤처, LEVEL-5 Inc., 10000.0, 706.0, 4.8, 100, 6, 3, 0, 1, 2019년 1월 24일, http://www.laytonseries.com/curiousvillage/kr/, LEVEL-5+Inc., 
[2019-09-11 00:50:25,557][DEBUG|dayStoreAppParse.py:27] >> 팔라독(Paladog), com.Paladog.KorGG, 아케이드, FazeCat, 100000.0, 8862.0, 3.4, 100, 21, 20, 9, 63, 2015년 11월 11일, http://www.fazecat.com, FazeCat, 
[2019-09-11 00:50:36,028][DEBUG|dayStoreAppParse.py:27] >> Age of Civilizations II, age.of.civilizations2.jakowski.lukasz, 전략, Łukasz Jakowski, 50000.0, 10039.0, 4.0, 100, 30, 18, 7, 21, 2018년 12월 20일, http://www.ageofcivilizationsgame.com, , 4635849298843013993
[2019-09-11 00:50:46,385][DEBUG|dayStoreAppParse.py:27] >> I HAVE A KINGDOM, kr.fbl.kingdom, 시뮬레이션, Feedbackloop co., ltd., 5000.0, 574.0, 4.4, 100, 44, 9, 3, 6, 2018년 10월 18일, http://www.fbl.kr, Feedbackloop+co.,+ltd., 
[2019-09-11 00:50:56,730][DEBUG|dayStoreAppParse.py:27] >> Titan Quest, com.dotemu.titanquest, 액션, HandyGames, 50000.0, 17164.0, 4.4, 100, 22, 8, 3, 9, 2019년 8월 22일, https://www.handy-games.com, , 5551663097723105743
[2019-09-11 00:51:07,026][DEBUG|dayStoreAppParse.py:27] >> PokeAquarium, com.GSTUDIO.pokeaquarium, 시뮬레이션, -G.STUDIO-, 10000.0, 196.0, 4.2, 100, 26, 12, 2, 15, 2019년 6월 2일, mailto:benchi9889@gmail.com, -G.STUDIO-, 
[2019-09-11 00:51:17,309][DEBUG|dayStoreAppParse.py:27] >> Poly Bridge, com.drycactus.polybridge, 시뮬레이션, Dry Cactus Limited, 100000.0, 7822.0, 4.4, 100, 18, 6, 3, 8, 2018년 4월 17일, http://www.drycactus.com, Dry+Cactus+Limited, 
[2019-09-11 00:51:27,791][DEBUG|dayStoreAppParse.py:27] >> 레이튼 교수와 악마의 상자 모바일 HD 리마스터, com.Level5.LT2RKR, 어드벤처, LEVEL-5 Inc., 5000.0, 220.0, 4.9, 100, 6, 0, 0, 1, 2019년 7월 17일, https://www.laytonseries.com/pandorasbox/KR, LEVEL-5+Inc., 
[2019-09-11 00:51:38,281][DEBUG|dayStoreAppParse.py:31] >> Bloons TD 6, com.ninjakiwi.bloonstd6, 전략, ninja kiwi, 1000000.0, 72223.0, 4.5, 100, 14, 4, 2, 6, 2019년 8월 1일, None, , 7266924558817293669
[2019-09-11 00:51:48,681][DEBUG|dayStoreAppParse.py:27] >> 삼국지:한말패업, com.longyoug.hmby, 전략, ChengDu LongYou Tech, 10000.0, 1651.0, 4.1, 100, 18, 15, 4, 19, 2019년 8월 4일, https://steamcommunity.com/app/577230/discussions/, ChengDu+LongYou+Tech, 
[2019-09-11 00:51:59,101][DEBUG|dayStoreAppParse.py:27] >> Splendor, com.daysofwonder.Splendor.gp, 보드, Asmodee Digital, 100000.0, 3479.0, 3.6, 100, 35, 12, 13, 47, 2018년 12월 19일, http://www.asmodee-digital.com/en/splendor/, , 7959316599581723037
[2019-09-11 00:52:09,554][DEBUG|dayStoreAppParse.py:27] >> 아켈로그 연구소, com.CIEN.AKLG, 롤플레잉, CIEN, 1000.0, 89.0, 4.4, 100, 15, 10, 6, 6, 2019년 9월 8일, https://aklglab.blogspot.com, CIEN, 
[2019-09-11 00:52:20,042][DEBUG|dayStoreAppParse.py:27] >> 세븐데이즈 - 라이트 노벨 어드벤처, com.buffstudio.sevendays, 어드벤처, Buff Studio Co.,Ltd., 10000.0, 3424.0, 4.7, 100, 12, 3, 1, 2, 2019년 8월 21일, http://www.buffstudio.com, , 6321876234276229665
[2019-09-11 00:52:30,524][DEBUG|dayStoreAppParse.py:27] >> 문명의 시대, age.of.civilizations.jakowski, 전략, Łukasz Jakowski, 100000.0, 23149.0, 4.2, 100, 24, 9, 5, 14, 2018년 12월 5일, https://store.steampowered.com/app/603850/Age_of_Civilizations_II/, , 4635849298843013993
[2019-09-11 00:52:40,952][DEBUG|dayStoreAppParse.py:31] >> Sand! Premium, com.singlecellsoftware.sandpremium, 캐주얼 게임, Single Cell Software, 50000.0, 3177.0, 4.4, 100, 15, 7, 3, 10, 2013년 5월 22일, None, Single+Cell+Software, 
[2019-09-11 00:52:51,371][DEBUG|dayStoreAppParse.py:31] >> Incredibox, com.sofarsogood.incredibox, 음악, So Far So Good, 100000.0, 7865.0, 4.8, 100, 9, 2, 0, 1, 2019년 6월 24일, None, So+Far+So+Good, 
[2019-09-11 00:53:01,867][DEBUG|dayStoreAppParse.py:27] >> 게임개발 스토리, net.kairosoft.android.gamedev3en, 캐주얼 게임, Kairosoft Co.,Ltd, 500000.0, 62062.0, 4.7, 100, 11, 2, 1, 3, 2017년 4월 26일, http://kairopark.jp/android/en/?from=m8, Kairosoft+Co.,Ltd, 
[2019-09-11 00:53:12,348][DEBUG|dayStoreAppParse.py:27] >> Don't Starve: Pocket Edition, com.kleientertainment.doNotStarvePocket, 어드벤처, Klei Entertainment Inc., 500000.0, 25598.0, 4.4, 100, 21, 8, 3, 8, 2019년 6월 25일, http://www.kleientertainment.com, Klei+Entertainment+Inc., 
[2019-09-11 00:53:22,856][DEBUG|dayStoreAppParse.py:27] >> Kingdom Rush Frontiers, com.ironhidegames.android.kingdomrushfrontiers, 전략, Ironhide Game Studio, 1000000.0, 124116.0, 4.8, 100, 12, 2, 0, 2, 2019년 6월 21일, http://www.ironhidegames.com, , 6098018911218203911
[2019-09-11 00:53:33,204][DEBUG|dayStoreAppParse.py:27] >> Vector Full, com.nekki.vector.paid, 아케이드, NEKKI, 500000.0, 36543.0, 4.1, 100, 14, 9, 5, 21, 2016년 7월 18일, https://nekki.helpshift.com/a/vector/?p=android, , 7514532260246976284
[2019-09-11 00:53:43,650][DEBUG|dayStoreAppParse.py:31] >> Monument Valley, com.ustwo.monumentvalley, 퍼즐, ustwo games, 1000000.0, 212419.0, 4.9, 100, 5, 1, 0, 1, 2019년 8월 15일, None, , 8496315002364483410
[2019-09-11 00:53:54,083][DEBUG|dayStoreAppParse.py:27] >> 기적의 분식집 Complete, air.joara.miracle, 캐주얼 게임, tales#, 1000.0, 292.0, 4.7, 100, 11, 2, 0, 4, 2019년 7월 31일, mailto:talesshop@naver.com, , 5888094142938776857
[2019-09-11 00:54:04,509][DEBUG|dayStoreAppParse.py:27] >> Getting Over It with Bennett Foddy, com.noodlecake.gettingoverit, 시뮬레이션, Noodlecake Studios Inc, 50000.0, 1847.0, 3.8, 100, 23, 15, 3, 38, 2019년 5월 7일, http://www.noodlecake.com/games/getting-over-it-with-bennett-foddy/, , 9078867188205035581
[2019-09-11 00:54:14,920][DEBUG|dayStoreAppParse.py:27] >> 나이트런:홈커밍, pier.imageframe.android.knightrunpro, 전략, 이미지프레임, 1000.0, 84.0, 4.8, 100, 6, 5, 0, 0, 2019년 8월 19일, http://www.imageframe.kr, %EC%9D%B4%EB%AF%B8%EC%A7%80%ED%94%84%EB%A0%88%EC%9E%84, 
[2019-09-11 00:54:25,186][DEBUG|dayStoreAppParse.py:27] >> 로그하츠, com.ninetailgames.roguehearts.paid, 롤플레잉, Ninetail Games, 100000.0, 8741.0, 4.4, 100, 24, 8, 4, 9, 2019년 8월 30일, http://www.mobirum.com/en/roguehearts, Ninetail+Games, 
[2019-09-11 00:54:35,645][DEBUG|dayStoreAppParse.py:27] >> 언노운 나이츠, com.teamarex.troop, 롤플레잉, teamarex, 10000.0, 614.0, 4.6, 100, 16, 7, 1, 3, 2019년 7월 23일, http://www.teamarex.net, teamarex, 
[2019-09-11 00:54:46,065][DEBUG|dayStoreAppParse.py:27] >> 타운스맨 - Townsmen Premium, com.hg.townsmen7, 시뮬레이션, HandyGames, 100000.0, 26083.0, 4.4, 100, 20, 7, 3, 11, 2019년 4월 16일, http://www.facebook.com/handygames, , 5551663097723105743
[2019-09-11 00:54:56,524][DEBUG|dayStoreAppParse.py:27] >> 킹덤 러쉬 벤전스 (Kingdom Rush Vengeance), com.ironhidegames.android.kingdomrush4, 전략, Ironhide Game Studio, 100000.0, 34202.0, 4.7, 100, 16, 4, 1, 3, 2019년 9월 9일, http://www.ironhidegames.com, , 6098018911218203911
[2019-09-11 00:55:06,812][DEBUG|dayStoreAppParse.py:27] >> Amazing Swat Frog Simulator City, com.theamazingfrog.thefroggameamazingsimulator.thefroggunadventure, 어드벤처, capucha.,LTD, 1000.0, 14.0, 1.8, 18, 9, 0, 0, 100, 2019년 7월 24일, https://amazingfrog.swatfighting.simulatorcity.com, capucha.,LTD, 
[2019-09-11 00:55:17,274][DEBUG|dayStoreAppParse.py:27] >> Reigns: Her Majesty, com.devolver.reigns2, 카드, DevolverDigital, 100000.0, 17097.0, 4.7, 100, 23, 4, 0, 1, 2019년 7월 30일, http://www.devolverdigital.com, DevolverDigital, 
[2019-09-11 00:55:27,877][DEBUG|dayStoreAppParse.py:27] >> Day R Premium, com.gm_shaber.dayrpremium, 롤플레잉, tltGames, 100000.0, 66873.0, 4.6, 100, 13, 3, 1, 5, 2019년 5월 21일, http://tltgames.tilda.ws/, , 5663259854341670677
[2019-09-11 00:55:38,331][DEBUG|dayStoreAppParse.py:27] >> METAL SLUG 3, com.dotemu.neogeo.mslug3, 아케이드, SNK CORPORATION, 100000.0, 14730.0, 3.8, 100, 18, 15, 10, 33, 2017년 3월 21일, https://www.snk-corp.co.jp/game/, , 5156685669113307397
[2019-09-11 00:55:48,807][DEBUG|dayStoreAppParse.py:27] >> 노가다 RPG 골드 : 한.계.돌.파, game.indiside.nogadagold, 롤플레잉, INDISIDE, 10000.0, 689.0, 4.7, 100, 5, 0, 0, 5, 2019년 8월 29일, http://cafe.naver.com/indisidegames, , 9111300020880725718
[2019-09-11 00:55:59,169][DEBUG|dayStoreAppParse.py:27] >> Human Resource Machine (휴먼 리소스 머신), com.tomorrowcorporation.humanresourcemachine, 퍼즐, Tomorrow Corporation, 50000.0, 1485.0, 4.6, 100, 9, 4, 2, 4, 2019년 5월 22일, http://tomorrowcorporation.com/humanresourcemachine, Tomorrow+Corporation, 
[2019-09-11 00:56:09,576][DEBUG|dayStoreAppParse.py:27] >> 히트맨 스나이퍼 (Hitman Sniper), com.squareenixmontreal.hitmansniperandroid, 액션, SQUARE ENIX Ltd, 10000000.0, 723880.0, 4.5, 100, 17, 6, 2, 7, 2019년 3월 8일, http://www.square-enix.com/eng/, , 4949621155772591939
[2019-09-11 00:56:19,989][DEBUG|dayStoreAppParse.py:27] >> First Strike: Final Hour, ch.feinheit.games.firststrike, 전략, Blindflug Studios AG, 100000.0, 10228.0, 4.2, 100, 22, 12, 5, 15, 2018년 11월 15일, http://www.firststrike.mobi, Blindflug+Studios+AG, 
[2019-09-11 00:56:30,487][DEBUG|dayStoreAppParse.py:27] >> 아이언 마린 (Iron Marines), com.ironhidegames.android.ironmarines, 전략, Ironhide Game Studio, 100000.0, 29833.0, 4.7, 100, 17, 3, 1, 2, 2019년 8월 27일, http://www.ironhidegames.com, , 6098018911218203911
[2019-09-11 00:56:41,027][DEBUG|dayStoreAppParse.py:27] >> 서울 2033 : 유시진, com.banjihagames.seoul2033_zero, 어드벤처, 반지하 게임즈, 1000.0, 149.0, 4.3, 100, 13, 20, 5, 8, 2019년 8월 10일, mailto:semibasement0901@gmail.com, %EB%B0%98%EC%A7%80%ED%95%98+%EA%B2%8C%EC%9E%84%EC%A6%88, 
[2019-09-11 00:56:51,539][DEBUG|dayStoreAppParse.py:27] >> 어쌔신 크리드 아이덴티티, com.ubisoft.assassinscreed.identity, 액션, Ubisoft Entertainment, 1000000.0, 55416.0, 3.6, 100, 25, 17, 10, 44, 2018년 11월 7일, https://www.ubisoft.com/en-gb/game/assassins-creed-identity/, , 4647998716943242763
[2019-09-11 00:57:02,056][DEBUG|dayStoreAppParse.py:27] >> 룸즈: 장난감 장인의 저택, rooms.handmadegame.net, 퍼즐, HandMade Game, 1000.0, 106.0, 4.8, 100, 9, 3, 0, 2, 2019년 8월 18일, http://www.handmadegame.net, HandMade+Game, 
[2019-09-11 00:57:12,501][DEBUG|dayStoreAppParse.py:27] >> THE KING OF FIGHTERS '97, com.snkplaymore.android001, 아케이드, SNK CORPORATION, 100000.0, 14530.0, 4.4, 100, 17, 7, 3, 8, 2017년 3월 21일, https://www.snk-corp.co.jp/game/, , 5156685669113307397
[2019-09-11 00:57:22,948][DEBUG|dayStoreAppParse.py:27] >> 던전 지키기, com.GameCoaster.ProtectDungeon, 액션, GameCoaster, 1000000.0, 84947.0, 4.8, 100, 15, 2, 1, 1, 2017년 8월 11일, https://www.facebook.com/GameCoaster/, , 6054355236747479153
[2019-09-11 00:57:33,387][DEBUG|dayStoreAppParse.py:27] >> Kingdom Rush Origins, com.ironhidegames.android.kingdomrushorigins, 전략, Ironhide Game Studio, 500000.0, 94050.0, 4.8, 100, 9, 1, 0, 1, 2019년 6월 21일, http://www.ironhidegames.com, , 6098018911218203911
[2019-09-11 00:57:43,847][DEBUG|dayStoreAppParse.py:27] >> 영화공방 스토리, net.kairosoft.android.pictures, 시뮬레이션, Kairosoft Co.,Ltd, 10000.0, 1419.0, 4.4, 100, 42, 12, 5, 3, 2019년 8월 19일, http://kairopark.jp/android/?from=m129, Kairosoft+Co.,Ltd, 
[2019-09-11 00:57:54,212][DEBUG|dayStoreAppParse.py:27] >> 원펀치 - Limited Edition, com.springgames.onepunch.spring.paid, 아케이드, SPRING GAMES, 100.0, 46.0, 5.0, 100, 0, 0, 0, 0, 2019년 9월 9일, https://cafe.naver.com/onepunchspring, , 4802470587402701357
[2019-09-11 00:58:04,654][DEBUG|dayStoreAppParse.py:27] >> 문명의 시대 - 아시아, age.of.civilizations.asia.jakowski, 전략, Łukasz Jakowski, 10000.0, 1932.0, 4.1, 100, 22, 8, 4, 22, 2018년 5월 31일, https://www.facebook.com/AgeofCivilizationsJakowski/, , 4635849298843013993
[2019-09-11 00:58:15,098][DEBUG|dayStoreAppParse.py:27] >> 마녀의 샘3, com.kiwiwalks.witchspring3, 롤플레잉, Kiwiwalks Co.,Ltd., 100000.0, 11956.0, 4.3, 100, 5, 2, 1, 17, 2019년 4월 11일, http://www.kiwiwalks.com, Kiwiwalks+Co.,Ltd., 
[2019-09-11 00:58:25,781][DEBUG|dayStoreAppParse.py:27] >> Lara Croft GO, com.squareenixmontreal.lcgo, 퍼즐, SQUARE ENIX LTD, 500000.0, 63267.0, 4.8, 100, 15, 2, 0, 1, 2018년 7월 5일, http://www.square-enix.com/eng/, SQUARE+ENIX+LTD, 
[2019-09-11 00:58:36,298][DEBUG|dayStoreAppParse.py:27] >> 세계수키우기 VIP, com.MindBlossom.WorldTreeVIP, 시뮬레이션, Mind Blossom, 100000.0, 3623.0, 4.1, 100, 20, 14, 11, 16, 2019년 9월 8일, http://cafe.naver.com/madbeat, Mind+Blossom, 
[2019-09-11 00:58:46,848][DEBUG|dayStoreAppParse.py:27] >> THE KING OF FIGHTERS '98, com.snkplaymore.android007, 아케이드, SNK CORPORATION, 100000.0, 15596.0, 4.5, 100, 17, 5, 3, 8, 2017년 3월 21일, https://www.snk-corp.co.jp/game/, , 5156685669113307397
[2019-09-11 00:58:57,298][DEBUG|dayStoreAppParse.py:27] >> Beholder, com.creativemobile.beholder, 어드벤처, Creative Mobile Games, 50000.0, 5152.0, 4.7, 100, 8, 4, 0, 4, 2018년 11월 19일, http://creative-mobile.com/, , 4628073667365740196
[2019-09-11 00:59:07,751][DEBUG|dayStoreAppParse.py:27] >> 위대한 정복자: 로마, com.easytech.rome.android, 전략, EasyTech, 10000.0, 1264.0, 3.9, 100, 32, 17, 10, 25, 2019년 9월 3일, https://www.ieasytech.com/, , 8047777886056206275
[2019-09-11 00:59:18,259][DEBUG|dayStoreAppParse.py:31] >> LEGO® Marvel Super Heroes, com.wb.lego.marvel, 액션, Warner Bros. International Enterprises, 100000.0, 17420.0, 3.9, 100, 14, 8, 6, 34, 2015년 3월 30일, None, Warner+Bros.+International+Enterprises, 
[2019-09-11 00:59:28,907][DEBUG|dayStoreAppParse.py:27] >> 파인딩 블루 (Finding Blue), com.bigair.FBENGP, 아케이드, BigAirSoft, 10000.0, 888.0, 3.7, 100, 21, 29, 15, 31, 2018년 12월 28일, https://www.facebook.com/pages/Finding-Blue/398929503550284, BigAirSoft, 
[2019-09-11 00:59:39,364][DEBUG|dayStoreAppParse.py:27] >> This War of Mine, com.elevenbitstudios.twommobile, 시뮬레이션, 11 bit studios, 100000.0, 20943.0, 4.5, 100, 12, 4, 2, 7, 2019년 7월 2일, http://www.11bitstudios.com, , 7328836074120817235
[2019-09-11 00:59:49,927][DEBUG|dayStoreAppParse.py:27] >> Construction Simulator 3, com.astragon.cs3, 시뮬레이션, astragon Entertainment GmbH, 50000.0, 3943.0, 4.1, 100, 22, 10, 4, 21, 2019년 8월 6일, http://www.construction-simulator.com, , 6880843692150926521
[2019-09-11 01:00:00,419][DEBUG|dayStoreAppParse.py:27] >> RollerCoaster Tycoon® Classic, com.atari.mobile.rctclassic, 시뮬레이션, Atari, Inc., 10000.0, 680.0, 4.5, 100, 13, 5, 5, 7, 2019년 3월 7일, http://www.atari.com, , 5233977513008149898
[2019-09-11 01:00:10,732][DEBUG|dayStoreAppParse.py:31] >> Gorogoa, unity.Annapurna.Gorogoa, 퍼즐, Annapurna Interactive, 10000.0, 1508.0, 4.7, 100, 8, 3, 0, 4, 2018년 10월 26일, None, Annapurna+Interactive, 
[2019-09-11 01:00:21,179][DEBUG|dayStoreAppParse.py:27] >> DRAGON QUEST, com.square_enix.android_googleplay.dq1_gp, 롤플레잉, SQUARE ENIX Co.,Ltd., 100000.0, 10225.0, 4.3, 100, 22, 9, 3, 12, 2018년 11월 9일, http://www.jp.square-enix.com/, , 8026010256970589886
[2019-09-11 01:00:31,636][DEBUG|dayStoreAppParse.py:31] >> Passpartout: The Starving Artist, com.FlamebaitGames.Passpartout, 시뮬레이션, Flamebait Games, 10000.0, 1757.0, 4.3, 100, 18, 16, 0, 13, 2019년 8월 5일, None, Flamebait+Games, 
[2019-09-11 01:00:42,113][DEBUG|dayStoreAppParse.py:27] >> Rusty Lake: Roots, air.com.RustyLake.RustyLakeRoots, 어드벤처, Rusty Lake, 100000.0, 8984.0, 4.8, 100, 7, 2, 1, 2, 2018년 9월 29일, http://www.rustylake.com, , 5341269538359321555
[2019-09-11 01:00:52,545][DEBUG|dayStoreAppParse.py:27] >> Super Hexagon, com.distractionware.superhexagon, 아케이드, Terry Cavanagh, 100000.0, 18999.0, 4.8, 100, 5, 2, 1, 3, 2015년 11월 27일, http://www.distractionware.com, Terry+Cavanagh, 
[2019-09-11 01:01:02,963][DEBUG|dayStoreAppParse.py:27] >> 레플리카 ( Replica ), com.zerorockent.replica, 어드벤처, Zero Rock Entertainment, 10000.0, 1078.0, 3.9, 100, 21, 21, 12, 21, 2016년 11월 25일, http://SomiGames.com, Zero+Rock+Entertainment, 
[2019-09-11 01:01:13,330][DEBUG|dayStoreAppParse.py:27] >> Rusty Lake Paradise, air.com.RustyLake.RustyLakeParadise, 어드벤처, Rusty Lake, 100000.0, 4802.0, 4.8, 100, 6, 1, 1, 1, 2018년 8월 16일, http://www.rustylake.com, , 5341269538359321555
[2019-09-11 01:01:23,783][DEBUG|dayStoreAppParse.py:31] >> 스왐피(Swampy) Where Is My Water?, com.disney.WMW, 퍼즐, Disney, 1000000.0, 189860.0, 4.7, 100, 12, 2, 0, 3, 2018년 7월 5일, None, Disney, 
[2019-09-11 01:01:34,239][DEBUG|dayStoreAppParse.py:27] >> 모던 컴뱃 4: 제로 아워, com.gameloft.android.ANMP.GloftM4HM, 액션, Gameloft SE, 1000000.0, 236288.0, 4.2, 100, 14, 5, 3, 18, 2018년 9월 17일, http://www.gameloft.com/, , 4826827787946964969
[2019-09-11 01:01:44,577][DEBUG|dayStoreAppParse.py:27] >> 당신을 기다리는 여우, air.dog.wfox, 캐주얼 게임, tales#, 10000.0, 1775.0, 4.9, 100, 1, 1, 0, 1, 2019년 7월 31일, http://www.talesshop.com, , 5888094142938776857
[2019-09-11 01:01:54,968][DEBUG|dayStoreAppParse.py:27] >> 쿠키요미, pier.own.android.kysppro, 캐주얼 게임, Pier Corporation Inc., 10000.0, 297.0, 4.6, 100, 6, 0, 4, 5, 2018년 5월 23일, https://www.pi-er.com/, , 7864807725591227091
[2019-09-11 01:02:05,421][DEBUG|dayStoreAppParse.py:27] >> Football Manager 2019 Touch, football.manager.games.fm19.touch, 시뮬레이션, SEGA, 10000.0, 871.0, 3.4, 100, 40, 18, 14, 64, 2019년 3월 20일, http://www.sega.com, , 7891990035506213180
[2019-09-11 01:02:16,064][DEBUG|dayStoreAppParse.py:31] >> Hidden Folks, com.adriaandejongh.hiddenfolks, 캐주얼 게임, Adriaan de Jongh, 10000.0, 1135.0, 4.8, 100, 8, 1, 0, 0, 2019년 8월 28일, None, , 5996711245499992497
[2019-09-11 01:02:26,584][DEBUG|dayStoreAppParse.py:27] >> ICEY, com.fantablade.icey, 롤플레잉, X.D. Network, 50000.0, 5581.0, 4.6, 100, 11, 3, 1, 5, 2018년 8월 29일, https://www.facebook.com/ICEYtheGame, X.D.+Network, 
[2019-09-11 01:02:37,023][DEBUG|dayStoreAppParse.py:27] >> 화이트데이 - 학교라는 이름의 미궁, kr.co.sonnori.whiteday.g, 어드벤처, SONNORI, 5000.0, 1067.0, 4.3, 100, 12, 1, 3, 17, 2019년 3월 27일, http://www.white-day.co.kr, SONNORI, 
[2019-09-11 01:02:47,490][DEBUG|dayStoreAppParse.py:27] >> 온더훅 : 더 얼티밋 패트론 에디션, team.gramoxone.onthehook.paid, 시뮬레이션, team gramoxone, 10000.0, 919.0, 4.7, 100, 10, 3, 1, 2, 2019년 1월 3일, https://blog.naver.com/teamgramoxone, team+gramoxone, 
[2019-09-11 01:02:57,869][DEBUG|dayStoreAppParse.py:27] >> Hmmsim 2 - Train Simulator, com.Jeminie.Hmmsim2, 시뮬레이션, Jeminie, 50000.0, 4184.0, 3.9, 100, 23, 10, 5, 31, 2018년 4월 2일, http://www.jeminie.net, Jeminie, 
[2019-09-11 01:03:08,243][DEBUG|dayStoreAppParse.py:27] >> PPSSPP Gold - PSP emulator, org.ppsspp.ppssppgold, 액션, Henrik Rydgård, 100000.0, 12590.0, 4.5, 100, 12, 5, 2, 6, 2019년 3월 18일, http://www.ppsspp.org/, Henrik+Rydg%C3%A5rd, 
[2019-09-11 01:03:18,612][DEBUG|dayStoreAppParse.py:27] >> Sonic 4™ Episode I, com.sega.sonic4epi, 아케이드, SEGA, 100000.0, 8394.0, 4.1, 100, 18, 16, 8, 18, 2016년 4월 4일, https://help.sega.net/, , 7891990035506213180
[2019-09-11 01:03:29,064][DEBUG|dayStoreAppParse.py:31] >> Bloons TD 5, com.ninjakiwi.bloonstd5, 전략, ninja kiwi, 1000000.0, 194987.0, 4.6, 100, 12, 4, 1, 5, 2019년 7월 8일, None, , 7266924558817293669
[2019-09-11 01:03:39,475][DEBUG|dayStoreAppParse.py:27] >> 당신을 기다리는 여우 花, air.dog.wfox2, 캐주얼 게임, tales#, 5000.0, 869.0, 4.9, 100, 9, 1, 0, 0, 2019년 7월 31일, http://www.talesshop.com, , 5888094142938776857
[2019-09-11 01:03:49,899][DEBUG|dayStoreAppParse.py:27] >> The Dew, com.zzicon.thedew, 퍼즐, ZZICON, 10000.0, 487.0, 4.6, 100, 17, 6, 2, 5, 2017년 8월 19일, https://www.facebook.com/%EC%B0%A2%EC%BD%98-951547514883702/timeline/, , 7348080570510288428
[2019-09-11 01:04:00,316][DEBUG|dayStoreAppParse.py:27] >> 원령의기사, com.entwell.rk_org, 액션, 6000Software, 10000.0, 602.0, 4.1, 100, 28, 16, 6, 16, 2019년 4월 18일, https://www.facebook.com/RevenantKnight.6000, 6000Software, 
[2019-09-11 01:04:10,741][DEBUG|dayStoreAppParse.py:27] >> Machinarium (머시나리움), air.net.machinarium.Machinarium.GP, 어드벤처, Amanita Design, 500000.0, 55352.0, 4.6, 100, 7, 3, 1, 5, 2019년 2월 28일, http://amanita-design.net/, , 7745268094426388671
[2019-09-11 01:04:21,200][DEBUG|dayStoreAppParse.py:31] >> Monument Valley 2, com.ustwo.monumentvalley2, 퍼즐, ustwo games, 100000.0, 15103.0, 4.8, 100, 8, 3, 1, 2, 2019년 8월 20일, None, , 8496315002364483410
[2019-09-11 01:04:31,715][DEBUG|dayStoreAppParse.py:27] >> Reigns: 왕좌의 게임, com.devolver.reignsGot, 카드, DevolverDigital, 100000.0, 13310.0, 4.5, 100, 34, 7, 2, 2, 2019년 7월 30일, http://www.devolverdigital.com, DevolverDigital, 
[2019-09-11 01:04:42,328][DEBUG|dayStoreAppParse.py:27] >> 미스틱 가디언 VIP - 엔딩이 있는 레트로 액션 RPG, com.buffstudio.mysticguardian.paid, 롤플레잉, Buff Studio Co.,Ltd., 1000000.0, 17730.0, 4.1, 100, 27, 15, 6, 19, 2019년 8월 27일, http://www.buffstudio.com, , 6321876234276229665
[2019-09-11 01:04:52,762][DEBUG|dayStoreAppParse.py:27] >> Real Steel, com.jumpgames.RealSteel, 액션, Reliance Big Entertainment (UK) Private Limited, 500000.0, 27624.0, 3.7, 100, 15, 10, 7, 41, 2019년 8월 13일, https://www.reliancegames.com, , 6306203537800573543
[2019-09-11 01:05:03,196][DEBUG|dayStoreAppParse.py:27] >> The Room Three, com.netease.ms3, 퍼즐, NetEase Games, 5000.0, 224.0, 4.9, 100, 6, 1, 0, 0, 2018년 6월 6일, http://HK.room.163.com/, NetEase+Games, 
[2019-09-11 01:05:13,656][DEBUG|dayStoreAppParse.py:31] >> Rummikub, com.kinkajoo.RummikubHD, 보드, Kinkajoo, 10000.0, 776.0, 3.8, 100, 15, 13, 6, 33, 2019년 9월 3일, None, Kinkajoo, 
[2019-09-11 01:05:24,085][DEBUG|dayStoreAppParse.py:27] >> 턴제 SRPG - 세번째기적, com.ryuminus.srpg, 롤플레잉, RYUminusDEV, 1000.0, 158.0, 3.9, 100, 36, 29, 14, 22, 2019년 4월 5일, https://www.ryuminus.com, , 5804317306599768796
[2019-09-11 01:05:34,550][DEBUG|dayStoreAppParse.py:27] >> Earn to Die, com.notdoppler.earntodie, 자동차 경주, Not Doppler, 1000000.0, 81099.0, 4.6, 100, 10, 3, 1, 6, 2016년 2월 26일, http://www.notdoppler.com/earntodie/android/, , 7960468984388308933
[2019-09-11 01:05:45,031][DEBUG|dayStoreAppParse.py:27] >> Infinite Flight - 비행 시뮬레이터, com.fds.infiniteflight, 시뮬레이션, Infinite Flight LLC, 500000.0, 61464.0, 3.9, 100, 27, 15, 9, 26, 2019년 8월 11일, https://infiniteflight.com, Infinite+Flight+LLC, 
[2019-09-11 01:05:55,542][DEBUG|dayStoreAppParse.py:27] >> 마녀의 샘, com.kiwiwalks.witchspring, 롤플레잉, Kiwiwalks Co.,Ltd., 100000.0, 7588.0, 3.1, 100, 7, 5, 3, 88, 2018년 6월 21일, http://www.kiwiwalks.com, Kiwiwalks+Co.,Ltd., 
[2019-09-11 01:06:06,198][DEBUG|dayStoreAppParse.py:27] >> To the Moon, com.xd.tothemoon, 롤플레잉, X.D. Network, 10000.0, 2308.0, 4.6, 100, 7, 4, 1, 5, 2019년 1월 7일, https://www.facebook.com/TotheMoonHD/, X.D.+Network, 
[2019-09-11 01:06:16,634][DEBUG|dayStoreAppParse.py:27] >> 야구부 스토리, net.kairosoft.android.baseball_en, 스포츠, Kairosoft Co.,Ltd, 10000.0, 1588.0, 4.6, 100, 14, 3, 1, 4, 2019년 7월 11일, http://kairopark.jp/android/en/?from=m107, Kairosoft+Co.,Ltd, 
[2019-09-11 01:06:27,132][DEBUG|dayStoreAppParse.py:31] >> True Skate, com.trueaxis.trueskate, 스포츠, True Axis, 5000000.0, 148800.0, 4.1, 100, 23, 13, 7, 17, 2019년 9월 3일, None, True+Axis, 
[2019-09-11 01:06:38,210][DEBUG|dayStoreAppParse.py:27] >> 섀도우 파이트 2 특별판, com.nekki.shadowfight2.paid, 액션, NEKKI, 100000.0, 15518.0, 4.4, 100, 13, 6, 3, 12, 2019년 8월 26일, https://nekki.helpshift.com/a/shadow-fight-2-special-edition/?p=android, , 7514532260246976284
[2019-09-11 01:06:48,701][DEBUG|dayStoreAppParse.py:27] >> Through the Ages, com.czechgames.tta, 보드, CGE digital, 10000.0, 7291.0, 4.9, 100, 4, 1, 0, 1, 2019년 2월 11일, http://www.czechgames.com, CGE+digital, 
[2019-09-11 01:06:59,162][DEBUG|dayStoreAppParse.py:27] >> 방구석에 인어아가씨, air.dog.fish, 캐주얼 게임, tales#, 10000.0, 6288.0, 4.8, 100, 5, 2, 1, 3, 2019년 2월 25일, http://www.talesshop.com, , 5888094142938776857
[2019-09-11 01:07:09,707][DEBUG|dayStoreAppParse.py:31] >> Hitman GO, com.squareenixmontreal.hitmango, 퍼즐, SQUARE ENIX LTD, 500000.0, 87046.0, 4.6, 100, 18, 3, 1, 4, 2018년 7월 5일, None, SQUARE+ENIX+LTD, 
[2019-09-11 01:07:20,139][DEBUG|dayStoreAppParse.py:27] >> Goat Simulator, com.coffeestainstudios.goatsimulator, 시뮬레이션, Coffee Stain Publishing, 1000000.0, 101367.0, 4.4, 100, 10, 4, 1, 13, 2017년 10월 4일, http://www.coffeestainstudios.com, Coffee+Stain+Publishing, 
[2019-09-11 01:07:31,063][DEBUG|dayStoreAppParse.py:27] >> Draw a Stickman: EPIC, com.hitcents.stickmanepic, 어드벤처, Hitcents, 100000.0, 10363.0, 4.3, 100, 12, 5, 2, 15, 2015년 4월 14일, http://hitcents.com, , 6563849290382059195
[2019-09-11 01:07:41,792][DEBUG|dayStoreAppParse.py:27] >> 마이 차일드 "레벤스보른", com.Sarepta.MyChildLebensborn, 시뮬레이션, Sarepta Studio, 10000.0, 1991.0, 4.6, 100, 12, 4, 1, 5, 2019년 3월 15일, http://www.mychildlebensborn.com, Sarepta+Studio, 
[2019-09-11 01:07:52,155][DEBUG|dayStoreAppParse.py:27] >> Dark Echo, com.rac7.DarkEcho, 퍼즐, RAC7, 100000.0, 13367.0, 4.6, 100, 13, 5, 1, 5, 2016년 3월 21일, http://www.rac7.com, RAC7, 
[2019-09-11 01:08:02,654][DEBUG|dayStoreAppParse.py:27] >> Fruit Ninja Classic, com.halfbrick.fruitninja, 아케이드, Halfbrick Studios, 1000000.0, 86091.0, 4.1, 100, 17, 8, 4, 21, 2019년 8월 26일, http://www.fruitninja.com, , 6762212273028554913
[2019-09-11 01:08:13,085][DEBUG|dayStoreAppParse.py:27] >> 용사민박, kr.astrowhale.inn, 시뮬레이션, AstroWhale, 1000.0, 395.0, 4.2, 100, 13, 14, 8, 10, 2019년 1월 15일, https://www.youtube.com/channel/UCLhShKdAEkXeFdXmRlrdFkQ, AstroWhale, 
[2019-09-11 01:08:23,548][DEBUG|dayStoreAppParse.py:27] >> 모던 컴뱃 3: 몰락한 제국, com.gameloft.android.ANMP.GloftM3HM, 액션, Gameloft SE, 500000.0, 43317.0, 4.0, 100, 14, 9, 5, 29, 2018년 8월 7일, http://www.gameloft.com/, , 4826827787946964969
[2019-09-11 01:08:34,054][DEBUG|dayStoreAppParse.py:27] >> Lophis Roguelike:Card RPG game,Darkest Dungeon, me.dream.lophisroguelikepro, 카드, DreamSky, 100000.0, 4750.0, 4.2, 100, 30, 14, 6, 15, 2019년 9월 5일, http://www.leagueofstickman.com, , 6760444657267083024
[2019-09-11 01:08:44,513][DEBUG|dayStoreAppParse.py:27] >> 후엠아이: 도로시 이야기, com.Onaemo.WhoAmI, 시뮬레이션, Onaemo Studio, 10000.0, 844.0, 4.7, 100, 5, 5, 1, 2, 2019년 7월 11일, https://www.onaemostudio.com/, Onaemo+Studio, 
[2019-09-11 01:08:55,001][DEBUG|dayStoreAppParse.py:27] >> Five Nights at Freddy's 2, com.scottgames.fnaf2, 전략, Clickteam USA LLC, 500000.0, 77115.0, 4.7, 100, 9, 3, 1, 3, 2014년 11월 15일, http://www.scottgames.com, , 8278886069431493261
[2019-09-11 01:09:08,250][DEBUG|dayStoreAppParse.py:27] >> 워터파크 스토리, net.kairosoft.android.pool, 시뮬레이션, Kairosoft Co.,Ltd, 50000.0, 7650.0, 4.8, 100, 17, 3, 0, 0, 2018년 9월 26일, http://kairopark.jp, Kairosoft+Co.,Ltd, 
[2019-09-11 01:09:18,662][DEBUG|dayStoreAppParse.py:27] >> ePSXe for Android, com.epsxe.ePSXe, 아케이드, epsxe software s.l., 1000000.0, 38086.0, 4.7, 100, 10, 2, 1, 5, 2019년 6월 3일, http://epsxe.com/android/, epsxe+software+s.l., 
[2019-09-11 01:09:29,107][DEBUG|dayStoreAppParse.py:31] >> 재미 있은 공룡 퍼즐 게임, 풀 버전., net.cleverbit.DinoPuzzlesFull, 교육, CLEVERBIT, 1000.0, 30.0, 4.7, 100, 16, 8, 0, 0, 2019년 7월 23일, None, CLEVERBIT, 
[2019-09-11 01:09:39,535][DEBUG|dayStoreAppParse.py:27] >> METAL SLUG, com.dotemu.neogeo.mslug, 아케이드, SNK CORPORATION, 100000.0, 5407.0, 3.9, 100, 25, 13, 10, 26, 2017년 3월 21일, https://www.snk-corp.co.jp/game/, , 5156685669113307397
[2019-09-11 01:09:49,911][DEBUG|dayStoreAppParse.py:27] >> 트릭아트 던전 VIP, com.G1Playground.TrickArtDungeon, 어드벤처, G1 Playground Games, 5000.0, 695.0, 3.8, 100, 49, 23, 15, 28, 2019년 6월 11일, http://www.g1playground.com, G1+Playground+Games, 
[2019-09-11 01:10:00,446][DEBUG|dayStoreAppParse.py:27] >> The Room: Old Sins, com.FireproofStudios.ma81, 퍼즐, NetEase Games, 10000.0, 1378.0, 4.8, 100, 9, 0, 0, 2, 2018년 6월 11일, http://www.163.com, NetEase+Games, 
[2019-09-11 01:10:11,007][DEBUG|dayStoreAppParse.py:27] >> 잃어버린 전화기: 로라의 이야기, com.accidentalqueens.alp_korean, 어드벤처, Toastergames, 5000.0, 421.0, 4.8, 100, 6, 3, 0, 2, 2018년 6월 5일, http://www.toastergames.net, , 5009875359930422146
[2019-09-11 01:10:21,442][DEBUG|dayStoreAppParse.py:27] >> THE KING OF FIGHTERS-A 2012, com.snkplaymore.kof2012a, 아케이드, SNK CORPORATION, 50000.0, 8605.0, 2.1, 33, 5, 8, 5, 100, 2014년 1월 6일, https://www.snk-corp.co.jp/game/, , 5156685669113307397
[2019-09-11 01:10:31,870][DEBUG|dayStoreAppParse.py:27] >> 911 Operator, com.jutsugames.operator911, 시뮬레이션, Games Operators S.A., 50000.0, 5503.0, 4.3, 100, 19, 7, 2, 14, 2019년 7월 29일, http://www.jutsugames.com/911, Games+Operators+S.A., 
[2019-09-11 01:10:42,341][DEBUG|dayStoreAppParse.py:27] >> CHRONO TRIGGER (Upgrade Ver.), com.square_enix.android_googleplay.chrono, 롤플레잉, SQUARE ENIX Co.,Ltd., 100000.0, 12313.0, 4.3, 100, 20, 7, 6, 11, 2018년 6월 12일, http://support.jp.square-enix.com/j/Chrono_GP, , 8026010256970589886
[2019-09-11 01:10:52,765][DEBUG|dayStoreAppParse.py:27] >> 파이널소드 - FINAL SWORD, com.hupgames.finalsword, 롤플레잉, HUP Games Inc., 50.0, 9.0, 4.3, 100, 0, 14, 0, 14, 2019년 9월 9일, https://www.instagram.com/hupgamesinc/, HUP+Games+Inc., 
[2019-09-11 01:11:03,181][DEBUG|dayStoreAppParse.py:27] >> XCOM®: Enemy Within, com.tt2kgames.xcomew, 전략, 2K, Inc., 100000.0, 16750.0, 4.1, 100, 17, 8, 5, 21, 2017년 10월 24일, http://support.2k.com/, , 6681606924556273560
[2019-09-11 01:11:13,641][DEBUG|dayStoreAppParse.py:27] >> 미래의 여친님이 나에게 인사를 건네왔다, air.raeyoung.future, 캐주얼 게임, tales#, 10000.0, 2514.0, 4.8, 100, 5, 0, 0, 3, 2019년 2월 25일, http://www.talesshop.com, , 5888094142938776857
[2019-09-11 01:11:23,988][DEBUG|dayStoreAppParse.py:27] >> Space Marshals, com.pixelbite.sg, 액션, Pixelbite, 50000.0, 8928.0, 4.8, 100, 11, 3, 0, 2, 2019년 8월 22일, http://www.pixelbite.se, , 6991001366548054138
[2019-09-11 01:11:34,466][DEBUG|dayStoreAppParse.py:27] >> Five Nights at Freddy's, com.scottgames.fivenightsatfreddys, 액션, Clickteam USA LLC, 1000000.0, 107779.0, 4.7, 100, 9, 3, 1, 4, 2019년 9월 2일, http://www.clickteam.com, , 8278886069431493261
[2019-09-11 01:11:44,902][DEBUG|dayStoreAppParse.py:27] >> Peace, Death!, cc.peacedeath.peacedeath, 아케이드, AZAMATIKA, 100000.0, 11144.0, 4.7, 100, 14, 3, 0, 1, 2019년 4월 13일, http://vk.com/azamatika, , 4622967442740406548
[2019-09-11 01:11:55,338][DEBUG|dayStoreAppParse.py:27] >> 마왕 (Demon King), com.snackgames.demonking, 롤플레잉, Snack Games, 10000.0, 752.0, 4.3, 100, 12, 6, 1, 14, 2019년 5월 21일, mailto:caracer99@gmail.com, Snack+Games, 
[2019-09-11 01:12:05,862][DEBUG|dayStoreAppParse.py:27] >> Construction Simulator 2014, com.astragon.cs2014, 시뮬레이션, astragon Entertainment GmbH, 1000000.0, 105490.0, 4.4, 100, 16, 6, 2, 9, 2015년 4월 2일, http://www.construction-simulator.com/, , 6880843692150926521
[2019-09-11 01:12:16,272][DEBUG|dayStoreAppParse.py:27] >> Do Not Feed The Monkeys, com.alawar.monkeysfulll, 어드벤처, Alawar Entertainment, Inc., 500.0, 43.0, 4.7, 100, 8, 5, 0, 2, 2019년 8월 8일, https://donotfeedthemonkeys.com/support, , 8807757752657588254
[2019-09-11 01:12:26,658][DEBUG|dayStoreAppParse.py:27] >> Hero Siege: Pocket Edition, com.panicartstudios.herosiegepocket, 롤플레잉, Panic Art Studios, 10000.0, 3145.0, 3.6, 100, 36, 24, 14, 43, 2019년 9월 10일, http://panicartstudios.com, Panic+Art+Studios, 
[2019-09-11 01:12:37,130][DEBUG|dayStoreAppParse.py:27] >> DRAGON QUEST IV, com.square_enix.android_googleplay.dq4, 롤플레잉, SQUARE ENIX Co.,Ltd., 10000.0, 1786.0, 4.7, 100, 13, 5, 1, 2, 2017년 2월 28일, mailto:Android_support@square-enix.com, , 8026010256970589886
[2019-09-11 01:12:47,583][DEBUG|dayStoreAppParse.py:27] >> Bendy and the Ink Machine, com.jds.batim, 어드벤처, Joey Drew Studios, 50000.0, 4242.0, 4.4, 100, 13, 6, 4, 10, 2019년 4월 25일, https://joeydrewstudios.com/batim, Joey+Drew+Studios, 
[2019-09-11 01:12:58,546][DEBUG|dayStoreAppParse.py:27] >> 회전초밥 스토리, net.kairosoft.android.sushi_en, 캐주얼 게임, Kairosoft Co.,Ltd, 10000.0, 1793.0, 4.6, 100, 10, 7, 2, 5, 2018년 10월 16일, http://kairopark.jp/android/en/?from=m58, Kairosoft+Co.,Ltd, 
[2019-09-11 01:13:09,028][DEBUG|dayStoreAppParse.py:27] >> 케모노 마작 / Kemono Mahjong, com.kemonomahjong.app, 카드, CyberDog Software, 5000.0, 815.0, 4.8, 100, 12, 1, 0, 3, 2019년 8월 30일, http://www.kemonomahjong.com, CyberDog+Software, 
[2019-09-11 01:13:19,465][DEBUG|dayStoreAppParse.py:27] >> Need for Speed™ Most Wanted, com.ea.games.nfs13_row, 자동차 경주, ELECTRONIC ARTS, 1000000.0, 209953.0, 4.1, 100, 19, 9, 5, 22, 2018년 12월 20일, http://www.firemonkeys.com.au/support%20, , 6605125519975771237
[2019-09-11 01:13:29,942][DEBUG|dayStoreAppParse.py:31] >> 어린이 퍼즐, 재미 있은 동물 # 2 (풀 게임), net.cleverbit.SafariPuzzlesFull, 교육, CLEVERBIT, 5000.0, 80.0, 4.5, 100, 28, 5, 3, 5, 2019년 7월 23일, None, CLEVERBIT, 
[2019-09-11 01:13:40,333][DEBUG|dayStoreAppParse.py:27] >> My OldBoy! - GBC Emulator, com.fastemulator.gbc, 아케이드, Fast Emulator, 100000.0, 5570.0, 4.6, 100, 13, 2, 2, 6, 2017년 4월 8일, mailto:fastemulator@gmail.com, Fast+Emulator, 
[2019-09-11 01:13:50,836][DEBUG|dayStoreAppParse.py:27] >> Darkland, com.senspark.darkland, 어드벤처, SENSPARK CO., LTD, 100000.0, 4676.0, 4.0, 100, 32, 17, 8, 20, 2019년 8월 23일, http://www.senspark.com, , 7830868662152106484
[2019-09-11 01:14:01,316][DEBUG|dayStoreAppParse.py:27] >> 나와 그녀와 그녀와 그녀의 건전하지 못한 관계, com.devblackroom.noir.ggg, 시뮬레이션, BlackRoom Co., Ltd., 10000.0, 691.0, 4.6, 100, 11, 4, 1, 6, 2017년 10월 18일, http://devblackroom.com, , 6408911814314053175
[2019-09-11 01:14:11,623][DEBUG|dayStoreAppParse.py:27] >> Wonder Parade, com.studioQuare.WP, 음악, studioQuare, 1000.0, 161.0, 4.6, 100, 19, 4, 2, 2, 2019년 8월 30일, http://twitter.com/studioQuare, studioQuare, 
[2019-09-11 01:14:22,476][DEBUG|dayStoreAppParse.py:31] >> LEGO® Jurassic World™, com.wb.goog.legojurassicworld, 어드벤처, Warner Bros. International Enterprises, 100000.0, 15516.0, 4.1, 100, 15, 6, 4, 20, 2016년 4월 13일, None, Warner+Bros.+International+Enterprises, 
[2019-09-11 01:14:32,884][DEBUG|dayStoreAppParse.py:27] >> 뷰포트 (Viewport), com.dimareagames.viewport, 퍼즐, DimArea Games, 1000.0, 289.0, 4.6, 100, 15, 9, 3, 0, 2019년 8월 13일, https://www.dimareagames.com/, DimArea+Games, 
[2019-09-11 01:14:43,368][DEBUG|dayStoreAppParse.py:27] >> Portal Knights, com.and.games505.portal_knights, 어드벤처, 505 Games Srl, 50000.0, 7144.0, 4.2, 100, 20, 8, 5, 15, 2018년 10월 22일, http://www.portalknights.com, 505+Games+Srl, 
[2019-09-11 01:14:54,053][DEBUG|dayStoreAppParse.py:27] >> League of Stickman 2019- Ninja Arena PVP(Dreamsky), me.dreamsky.stickman, 액션, DreamSky, 1000000.0, 55032.0, 4.1, 100, 19, 12, 6, 20, 2019년 8월 27일, http://www.leagueofstickman.com, , 6760444657267083024
[2019-09-11 01:15:04,549][DEBUG|dayStoreAppParse.py:27] >> 마녀의 샘2, com.kiwiwalks.witchspringluna, 롤플레잉, Kiwiwalks Co.,Ltd., 50000.0, 7005.0, 2.8, 79, 3, 3, 1, 100, 2016년 12월 20일, http://www.kiwiwalks.com, Kiwiwalks+Co.,Ltd., 
[2019-09-11 01:15:15,004][DEBUG|dayStoreAppParse.py:27] >> LIMBO, com.playdead.limbo.full, 어드벤처, Playdead, 500000.0, 44025.0, 4.7, 100, 5, 2, 1, 3, 2019년 8월 28일, http://playdead.com, Playdead, 
[2019-09-11 01:15:25,642][DEBUG|dayStoreAppParse.py:27] >> 정령없는 정령사, air.dog.fairy, 캐주얼 게임, tales#, 1000.0, 346.0, 4.7, 100, 16, 7, 1, 1, 2019년 2월 25일, http://www.talesshop.com, , 5888094142938776857
[2019-09-11 01:15:36,123][DEBUG|dayStoreAppParse.py:27] >> [VIP] 미사일 RPG: 미사일 키우기, com.dd.mk.vip, 롤플레잉, Dude Soft, 100000.0, 12050.0, 4.7, 100, 11, 3, 1, 3, 2019년 3월 28일, mailto:dd.soft.1024@gmail.com, , 8262395985943172025
[2019-09-11 01:15:46,674][DEBUG|dayStoreAppParse.py:27] >> 루시 -그녀가 바라던 것-, com.mvizlab.lucy.android.kr, 시뮬레이션, Modern Visual Arts Laboratory, 10000.0, 833.0, 4.8, 100, 6, 2, 2, 2, 2018년 9월 16일, http://www.mvizlab.com, Modern+Visual+Arts+Laboratory, 
[2019-09-11 01:15:57,073][DEBUG|dayStoreAppParse.py:27] >> Braveland Pirate, com.tortugateam.bravelandpirate, 전략, Tortuga Team, 10000.0, 564.0, 4.4, 100, 24, 10, 5, 4, 2018년 4월 18일, http://www.tortugateam.com/, , 8266018840834401489
[2019-09-11 01:16:07,478][DEBUG|dayStoreAppParse.py:27] >> Tallowmere, com.ChrisMcFarland.Tallowmere, 액션, Chris McFarland, 5000.0, 305.0, 4.4, 100, 14, 6, 5, 9, 2019년 2월 20일, https://www.tallowmere.com, Chris+McFarland, 
[2019-09-11 01:16:18,142][DEBUG|dayStoreAppParse.py:31] >> Toca Boo, com.tocaboca.tocaboo, 교육, Toca Boca, 50000.0, 1962.0, 4.3, 100, 18, 6, 4, 15, 2017년 9월 19일, None, , 8567646723268777320
[2019-09-11 01:16:28,588][DEBUG|dayStoreAppParse.py:27] >> JCheater: GTA III Edition, com.jdroid.gta3cheater, 아케이드, Net Tech Development Ltd, 100000.0, 2797.0, 3.8, 100, 18, 9, 2, 37, 2015년 5월 2일, http://www.4free4u.co.uk, Net+Tech+Development+Ltd, 
[2019-09-11 01:16:38,943][DEBUG|dayStoreAppParse.py:27] >> Door Kickers, com.khg.doorkickers, 전략, KillHouse Games, 100000.0, 9716.0, 4.5, 100, 18, 5, 2, 6, 2019년 6월 19일, http://inthekillhouse.com, KillHouse+Games, 
[2019-09-11 01:16:49,316][DEBUG|dayStoreAppParse.py:31] >> 어택 더 라이트 - 스티븐 유니버스 캐주얼 RPG, com.turner.stevenrpg, 롤플레잉, Cartoon Network, 100000.0, 20372.0, 4.6, 100, 11, 4, 1, 6, 2019년 6월 3일, None, , 7977642132858801607
[2019-09-11 01:16:59,705][DEBUG|dayStoreAppParse.py:27] >> 당신은 희망 입니다 (You are Hope), com.wereviz.evolution, 롤플레잉, Dual Decade, 10000.0, 3135.0, 4.1, 100, 26, 13, 7, 17, 2019년 9월 6일, https://forum.onehouronelife.app, Dual+Decade, 
[2019-09-11 01:17:10,146][DEBUG|dayStoreAppParse.py:27] >> 흡혈귀의 연애방법 메인 에피소드, info.blackroom.vampirelovemain.renew, 시뮬레이션, BlackRoom Co., Ltd., 10000.0, 2261.0, 4.6, 100, 6, 6, 2, 5, 2016년 11월 2일, http://devblackroom.com, , 6408911814314053175
[2019-09-11 01:17:20,612][DEBUG|dayStoreAppParse.py:27] >> 던전마을 스토리, net.kairosoft.android.bouken_en, 아케이드, Kairosoft Co.,Ltd, 100000.0, 13063.0, 4.6, 100, 16, 5, 1, 3, 2018년 10월 16일, http://kairopark.jp/android/en/?from=m64, Kairosoft+Co.,Ltd, 
[2019-09-11 01:17:30,981][DEBUG|dayStoreAppParse.py:31] >> Samorost 3 (사모로스트 3), amanita_design.samorost3.GP, 어드벤처, Amanita Design, 100000.0, 10044.0, 4.6, 100, 7, 2, 2, 7, 2019년 5월 4일, None, , 7745268094426388671
[2019-09-11 01:17:41,448][DEBUG|dayStoreAppParse.py:27] >> 별 헤는 밤, com.waffleent.starrynight, 어드벤처, Day1ent, 1000.0, 139.0, 4.6, 100, 18, 10, 3, 0, 2019년 8월 12일, http://www.waffleent.com, , 5282698078260223433
[2019-09-11 01:17:51,900][DEBUG|dayStoreAppParse.py:27] >> This Is the Police, com.hg.titp, 시뮬레이션, HandyGames, 10000.0, 533.0, 4.3, 100, 16, 11, 4, 9, 2019년 8월 13일, http://www.facebook.com/handygames, , 5551663097723105743
[2019-09-11 01:18:02,367][DEBUG|dayStoreAppParse.py:27] >> 데드엔드99, air.dog.deadend, 캐주얼 게임, tales#, 10000.0, 3770.0, 4.6, 100, 5, 4, 1, 5, 2019년 2월 25일, http://www.talesshop.com, , 5888094142938776857
[2019-09-11 01:18:12,719][DEBUG|dayStoreAppParse.py:31] >> Farming Simulator 18, com.giantssoftware.fs18.google, 시뮬레이션, GIANTS Software, 500000.0, 31170.0, 4.4, 100, 20, 6, 3, 10, 2019년 3월 17일, None, GIANTS+Software, 
[2019-09-11 01:18:23,221][DEBUG|dayStoreAppParse.py:27] >> [BL] 오마이 룸메이트, com.potentoy.ohmyroomate, 캐주얼 게임, potentoy, 1000.0, 250.0, 4.7, 100, 16, 10, 1, 0, 2017년 9월 8일, mailto:potentoy410@gmail.com, potentoy, 
[2019-09-11 01:18:33,671][DEBUG|dayStoreAppParse.py:27] >> Empire Warriors TD Premium: 프리미엄 타워 디펜스 게임 RPG, com.zitga.empire.warriors.td.tower.defense, 전략, ZITGA PTE. LTD., 1000000.0, 65052.0, 4.5, 100, 19, 5, 2, 5, 2019년 8월 14일, mailto:zitgastudios@gmail.com, , 7674514660084826148
[2019-09-11 01:18:44,225][DEBUG|dayStoreAppParse.py:27] >> 메모라이즈 #1  <MEMORIZE> : 다시 길 위, com.joara.Memorize01Full.g, 시뮬레이션, 조아라, 5000.0, 636.0, 4.5, 100, 10, 6, 2, 8, 2016년 3월 22일, http://www.hallplain.com/, %EC%A1%B0%EC%95%84%EB%9D%BC, 
[2019-09-11 01:18:54,563][DEBUG|dayStoreAppParse.py:27] >> Heroes and Castles 2, com.foursakenmedia.heroesandcastles2, 액션, Foursaken Media, 50000.0, 9926.0, 4.4, 100, 16, 7, 3, 8, 2018년 4월 16일, http://www.foursakenmedia.com, , 9059648227963506043
[2019-09-11 01:19:04,954][DEBUG|dayStoreAppParse.py:27] >> The Bard's Tale, com.inxile.BardTale, 롤플레잉, inXile entertainment, 500000.0, 69209.0, 4.7, 100, 13, 2, 1, 3, 2015년 4월 18일, https://www.inxile-entertainment.com/bardstale2k4, inXile+entertainment, 
[2019-09-11 01:19:15,375][DEBUG|dayStoreAppParse.py:31] >> Draw a Stickman: EPIC 2, com.hitcents.drawastickmanepic2, 어드벤처, Hitcents, 100000.0, 5914.0, 4.1, 100, 13, 5, 4, 22, 2019년 8월 19일, None, , 6563849290382059195
[2019-09-11 01:19:25,860][DEBUG|dayStoreAppParse.py:27] >> Bridge Constructor Portal, com.headupgames.bridgeconstructorportal, 퍼즐, Headup, 100000.0, 6720.0, 4.6, 100, 16, 4, 1, 5, 2019년 6월 4일, http://www.headupgames.com, , 7706714075287612145
[2019-09-11 01:19:36,321][DEBUG|dayStoreAppParse.py:27] >> Reckless Racing 3, com.pixelbite.rr3, 자동차 경주, Pixelbite, 100000.0, 18414.0, 4.6, 100, 18, 4, 2, 3, 2016년 11월 3일, http://www.pixelbite.se, , 6991001366548054138
[2019-09-11 01:19:46,717][DEBUG|dayStoreAppParse.py:27] >> Aerofly 2 Flight Simulator, com.aerofly.aerofly2android, 시뮬레이션, IPACS, 50000.0, 4970.0, 3.7, 100, 29, 22, 16, 33, 2019년 9월 5일, https://www.aerofly.com, IPACS, 
[2019-09-11 01:19:57,425][DEBUG|dayStoreAppParse.py:27] >> 아카데미 스토리2, net.kairosoft.android.school2_en, 캐주얼 게임, Kairosoft Co.,Ltd, 50000.0, 3630.0, 4.5, 100, 20, 8, 3, 5, 2017년 8월 29일, http://kairopark.jp/android/en/?from=m29, Kairosoft+Co.,Ltd, 
[2019-09-11 01:20:07,861][DEBUG|dayStoreAppParse.py:27] >> Stickman Legends: 섀도우 워 오프라인 전투 게임 - 스틱맨 레전드, com.zitga.ninja.stickman.legends.shadow.wars, 액션, ZITGA PTE. LTD., 5000000.0, 186394.0, 4.5, 100, 19, 7, 2, 7, 2019년 9월 5일, mailto:zitgastudios@gmail.com, , 7674514660084826148
[2019-09-11 01:20:18,330][DEBUG|dayStoreAppParse.py:27] >> Cluedo, com.marmalade.cluedogame, 보드, Marmalade Game Studio, 500000.0, 27584.0, 4.4, 100, 25, 8, 2, 7, 2019년 8월 21일, https://marmaladegamestudio.com/, , 8684502731112464883
[2019-09-11 01:20:28,797][DEBUG|dayStoreAppParse.py:27] >> 미래세계의 맹인, air.kilke.blind, 캐주얼 게임, tales#, 10000.0, 670.0, 4.7, 100, 13, 4, 3, 1, 2019년 2월 25일, http://www.talesshop.com, , 5888094142938776857
[2019-09-11 01:20:39,228][DEBUG|dayStoreAppParse.py:27] >> Ys Chronicles 1, com.dotemu.ys1x, 어드벤처, Dotemu, 10000.0, 2303.0, 4.3, 100, 33, 11, 4, 10, 2018년 5월 28일, http://www.dotemu.com, , 5507025021813359851
[2019-09-11 01:20:49,652][DEBUG|dayStoreAppParse.py:27] >> 포이즌 애플, info.blackroom.noir.pa, 시뮬레이션, BlackRoom Co., Ltd., 1000.0, 472.0, 4.8, 100, 10, 7, 1, 0, 2017년 10월 11일, http://devblackroom.com, , 6408911814314053175
[2019-09-11 01:21:00,256][DEBUG|dayStoreAppParse.py:27] >> 라이즈 오브 킹덤즈, com.lilithgames.rok.gpkr, 전략, Lilith  Games, 100000.0, 15951.0, 4.7, 100, 19, 4, 0, 2, 2019년 9월 6일, mailto:rok@lilithgames.com, , 6526849192653249949
[2019-09-11 01:21:10,792][DEBUG|dayStoreAppParse.py:27] >> Cool Goal!, com.harmonybit.coolball, 액션, Gismart, 5000000.0, 27094.0, 4.2, 100, 17, 9, 4, 17, 2019년 9월 4일, https://gismart.com, , 6462287121578018300
[2019-09-11 01:21:21,221][DEBUG|dayStoreAppParse.py:27] >> Perfect Slices, com.perfect.slices, 시뮬레이션, SayGames, 10000000.0, 37122.0, 4.2, 100, 16, 10, 6, 15, 2019년 9월 9일, https://saygames.by, SayGames, 
[2019-09-11 01:21:31,650][DEBUG|dayStoreAppParse.py:27] >> Sand Balls, com.water.balls, 퍼즐, SayGames, 10000000.0, 111610.0, 4.2, 100, 18, 10, 5, 18, 2019년 9월 10일, https://saygames.by, SayGames, 
[2019-09-11 01:21:42,256][DEBUG|dayStoreAppParse.py:27] >> 브롤스타즈, com.supercell.brawlstars, 액션, Supercell, 50000000.0, 5822131.0, 4.4, 100, 11, 5, 2, 11, 2019년 9월 4일, http://www.supercell.net, , 6715068722362591614
[2019-09-11 01:21:52,725][DEBUG|dayStoreAppParse.py:27] >> 꿈의 정원 (Gardenscapes), com.playrix.gardenscapes, 캐주얼 게임, Playrix, 100000000.0, 6177927.0, 4.5, 100, 18, 6, 1, 7, 2019년 9월 9일, https://www.playrix.com/gardenscapes/index.html, , 6598096594674427568
[2019-09-11 01:22:03,360][DEBUG|dayStoreAppParse.py:27] >> aquapark.io, com.cassette.aquapark, 액션, VOODOO, 50000000.0, 534812.0, 4.1, 100, 20, 11, 6, 18, 2019년 8월 7일, https://www.voodoo.io, VOODOO, 
[2019-09-11 01:22:13,772][DEBUG|dayStoreAppParse.py:27] >> Mr Bullet - Spy Puzzles, com.lionstudios.mrbullet, 퍼즐, Lion Studios, 10000000.0, 222132.0, 4.1, 100, 21, 12, 6, 19, 2019년 9월 7일, http://lionstudios.cc, , 6990178528646658622
[2019-09-11 01:22:24,177][DEBUG|dayStoreAppParse.py:27] >> 궁수의 전설, com.habby.archero, 액션, Habby, 10000000.0, 480821.0, 4.5, 100, 20, 7, 2, 7, 2019년 8월 30일, https://www.habby.fun, , 7972143603605848622
[2019-09-11 01:22:34,667][DEBUG|dayStoreAppParse.py:27] >> 꿈의 집 (Homescapes), com.playrix.homescapes, 캐주얼 게임, Playrix, 100000000.0, 6172624.0, 4.5, 100, 19, 6, 2, 7, 2019년 8월 30일, https://www.playrix.com/homescapes/index.html, , 6598096594674427568
[2019-09-11 01:22:45,065][DEBUG|dayStoreAppParse.py:27] >> Fun Race 3D, com.slippy.linerusher, 자동차 경주, Good Job Games, 100000000.0, 694968.0, 4.1, 100, 21, 13, 6, 17, 2019년 9월 2일, mailto:contact@goodjobgames.com, Good+Job+Games, 
[2019-09-11 01:22:55,643][DEBUG|dayStoreAppParse.py:27] >> 쿵야 캐치마인드, com.netmarble.koongyacm, 퀴즈, Netmarble, 1000000.0, 16936.0, 4.3, 100, 23, 10, 4, 13, 2019년 9월 10일, https://catchmind.netmarble.com, , 5258410538530331508
[2019-09-11 01:23:06,732][DEBUG|dayStoreAppParse.py:31] >> ROBLOX, com.roblox.client, 어드벤처, Roblox Corporation, 100000000.0, 9494098.0, 4.5, 100, 11, 4, 2, 10, 2019년 8월 26일, None, , 5360036014478858866
[2019-09-11 01:23:17,219][DEBUG|dayStoreAppParse.py:27] >> 배틀그라운드, com.pubg.krmobile, 액션, PUBG CORPORATION, 10000000.0, 488230.0, 4.2, 100, 11, 8, 4, 17, 2019년 8월 14일, mailto:pubgmsupport@pubg.com, PUBG+CORPORATION, 
[2019-09-11 01:23:27,611][DEBUG|dayStoreAppParse.py:27] >> 원정, com.usfun.yuanzheng, 롤플레잉, UsFun Games, 100000.0, 794.0, 3.2, 100, 10, 23, 6, 75, 2019년 7월 26일, mailto:usfun2017@gmail.com, UsFun+Games, 
[2019-09-11 01:23:38,053][DEBUG|dayStoreAppParse.py:27] >> Minecraft 체험판, com.mojang.minecrafttrialpe, 아케이드, Mojang, 50000000.0, 631998.0, 3.9, 100, 14, 10, 6, 33, 2019년 9월 3일, https://help.mojang.com/, Mojang, 
[2019-09-11 01:23:48,467][DEBUG|dayStoreAppParse.py:27] >> Hoop Stars, com.highcore.hoopstars, 아케이드, SayGames, 5000000.0, 11031.0, 4.0, 100, 25, 18, 9, 22, 2019년 9월 8일, https://saygames.by, SayGames, 
[2019-09-11 01:23:58,889][DEBUG|dayStoreAppParse.py:27] >> Jelly Shift, com.shape.change, 캐주얼 게임, SayGames, 10000000.0, 189192.0, 4.0, 100, 20, 14, 8, 21, 2019년 8월 13일, https://saygames.by, SayGames, 
[2019-09-11 01:24:09,473][DEBUG|dayStoreAppParse.py:27] >> 무한의 계단, com.nflystudio.InfiniteStaircase, 아케이드, NFLY STUDIO, 10000000.0, 383312.0, 4.3, 100, 15, 7, 3, 13, 2019년 9월 9일, http://www.facebook.com/nflystudio, NFLY+STUDIO, 
[2019-09-11 01:24:19,994][DEBUG|dayStoreAppParse.py:27] >> 토킹톰 히어로 대시, com.outfit7.herodash, 액션, Outfit7 Limited, 10000000.0, 179789.0, 4.3, 100, 13, 7, 4, 14, 2019년 8월 29일, http://outfit7.com/contact/android/, , 5630538819012062144
[2019-09-11 01:24:30,422][DEBUG|dayStoreAppParse.py:27] >> 꿈의 마을 (Township), com.playrix.township, 캐주얼 게임, Playrix, 100000000.0, 6107350.0, 4.5, 100, 19, 7, 2, 6, 2019년 9월 9일, https://www.playrix.com/township/index.html, , 6598096594674427568
[2019-09-11 01:24:40,880][DEBUG|dayStoreAppParse.py:27] >> Run Race 3D, com.mgc.runnergame, 스포츠, Good Job Games, 50000000.0, 758428.0, 4.0, 100, 19, 12, 6, 23, 2019년 9월 7일, mailto:contact@goodjobgames.com, Good+Job+Games, 
[2019-09-11 01:24:51,377][DEBUG|dayStoreAppParse.py:27] >> Crowd City, io.voodoo.crowdcity, 아케이드, VOODOO, 50000000.0, 749666.0, 4.4, 100, 17, 7, 3, 8, 2019년 6월 24일, mailto:support@voodoo.io, VOODOO, 
[2019-09-11 01:25:01,704][DEBUG|dayStoreAppParse.py:27] >> 꽃송이, org.cocos2d.flower, 캐주얼 게임, Fromgame, 10000.0, 54.0, 3.7, 100, 40, 11, 3, 44, 2019년 8월 20일, http://www.fromgame.com, Fromgame, 
[2019-09-11 01:25:12,199][DEBUG|dayStoreAppParse.py:27] >> 벽돌깨기 퀘스트, com.mobirix.swipebrick2, 아케이드, mobirix, 10000000.0, 228703.0, 4.3, 100, 22, 12, 4, 9, 2019년 9월 3일, https://www.mobirix.com, , 4864673505117639552
[2019-09-11 01:25:22,627][DEBUG|dayStoreAppParse.py:27] >> 스나이퍼 3D 어쌔신:  무료 슈팅 게임 (Sniper 3D Assassin), com.fungames.sniper3d, 액션, Fun Games For Free, 100000000.0, 10773893.0, 4.5, 100, 21, 8, 2, 5, 2019년 8월 28일, https://www.fungames-forfree.com/games/sniper3d, , 8186084684070471579
[2019-09-11 01:25:33,062][DEBUG|dayStoreAppParse.py:27] >> Wrecking Ball, com.popcore.wreckingball, 액션, Popcore Games, 5000000.0, 15938.0, 3.1, 100, 26, 34, 28, 85, 2019년 9월 3일, http://popcore.com, Popcore+Games, 
[2019-09-11 01:25:43,457][DEBUG|dayStoreAppParse.py:27] >> Kick the Buddy: Forever, com.playgendary.ktb2, 액션, Playgendary, 10000000.0, 630530.0, 4.2, 100, 12, 8, 4, 17, 2019년 7월 23일, http://www.playgendary.com/, , 7486814720100409246
[2019-09-11 01:25:53,902][DEBUG|dayStoreAppParse.py:27] >> Color Fill 3D, com.gjg.colorfill3d, 퍼즐, Good Job Games, 10000000.0, 28284.0, 3.4, 100, 27, 25, 20, 58, 2019년 9월 4일, http://www.goodjobgames.com, Good+Job+Games, 
[2019-09-11 01:26:04,353][DEBUG|dayStoreAppParse.py:27] >> Tank Stars, com.playgendary.tanks, 아케이드, Playgendary, 50000000.0, 773103.0, 3.7, 100, 19, 13, 8, 42, 2018년 11월 1일, http://www.playgendary.com/, , 7486814720100409246
[2019-09-11 01:26:14,995][DEBUG|dayStoreAppParse.py:27] >> 신비아파트 고스트헌터, com.dev3factory.shinbiApart, 어드벤처, DAERISOFT, 1000000.0, 78585.0, 4.0, 100, 15, 9, 7, 26, 2019년 9월 6일, https://www.facebook.com/DAERISOFT/, , 5362355705811727981
[2019-09-11 01:26:25,452][DEBUG|dayStoreAppParse.py:27] >> 동물의 집, com.braveorange.p3, 퍼즐, People Games, 100000.0, 1860.0, 4.4, 100, 13, 10, 5, 8, 2019년 8월 23일, mailto:biz@braveorange.com, People+Games, 
[2019-09-11 01:26:35,901][DEBUG|dayStoreAppParse.py:27] >> Happy Glass, com.game5mobile.lineandwater, 퍼즐, Lion Studios, 100000000.0, 685034.0, 4.0, 100, 27, 17, 9, 23, 2019년 9월 9일, http://www.lionstudios.cc, , 6990178528646658622
[2019-09-11 01:26:46,344][DEBUG|dayStoreAppParse.py:27] >> 토킹톰 골드런, com.outfit7.talkingtomgoldrun, 액션, Outfit7 Limited, 100000000.0, 3543311.0, 4.4, 100, 12, 5, 2, 10, 2019년 8월 8일, http://outfit7.com/contact/android/, , 5630538819012062144
[2019-09-11 01:26:56,789][DEBUG|dayStoreAppParse.py:27] >> Traffic Run!, com.geishatokyo.trafficrun, 액션, Geisha Tokyo, Inc., 10000000.0, 140322.0, 3.9, 100, 24, 17, 11, 28, 2019년 7월 12일, http://www.geishatokyo.com/, Geisha+Tokyo,+Inc., 
[2019-09-11 01:27:07,218][DEBUG|dayStoreAppParse.py:27] >> Paper.io 2, io.voodoo.paper2, 아케이드, VOODOO, 100000000.0, 1234374.0, 4.2, 100, 22, 11, 5, 16, 2019년 7월 23일, mailto:support@voodoo.io, VOODOO, 
[2019-09-11 01:27:17,661][DEBUG|dayStoreAppParse.py:27] >> Bottle Flip 3D, pampam.ibf2, 캐주얼 게임, tastypill, 50000000.0, 131989.0, 3.8, 100, 26, 22, 11, 27, 2019년 9월 3일, http://tastypill.com, tastypill, 
[2019-09-11 01:27:28,049][DEBUG|dayStoreAppParse.py:27] >> 브롤 스타즈 상자깡 버그판  마인크래프트 게임  고양이  Brawl Stars, com.YouKo.BSsim, 시뮬레이션, YouKo, 100000.0, 580.0, 3.3, 100, 12, 16, 23, 59, 2019년 9월 6일, mailto:youngkolyan1@gmail.com, YouKo, 
[2019-09-11 01:27:38,587][DEBUG|dayStoreAppParse.py:27] >> 롤링 스카이, com.turbochilli.rollingsky, 보드, Cheetah Games, 100000000.0, 1256966.0, 4.3, 100, 13, 7, 3, 13, 2019년 9월 1일, http://www.cmcm.com/, Cheetah+Games, 
[2019-09-11 01:27:49,109][DEBUG|dayStoreAppParse.py:27] >> OnPipe, com.playstrom.onpipe, 시뮬레이션, SayGames, 10000000.0, 82968.0, 4.1, 100, 17, 15, 7, 18, 2019년 7월 27일, https://saygames.by, SayGames, 
[2019-09-11 01:27:59,618][DEBUG|dayStoreAppParse.py:27] >> 1945, com.os.airforce, 아케이드, ONESOFT, 5000000.0, 57417.0, 4.7, 100, 14, 3, 1, 2, 2019년 9월 6일, https://onesoft.com.vn, , 7627571908184472902
[2019-09-11 01:28:10,092][DEBUG|dayStoreAppParse.py:31] >> 아기 팬더: 공주 메이크업, com.sinyee.babybus.princessII, 교육, BabyBus Kids Games, 1000000.0, 4661.0, 4.0, 100, 11, 9, 7, 24, 2019년 8월 22일, None, , 4946022439885210717
[2019-09-11 01:28:20,524][DEBUG|dayStoreAppParse.py:27] >> Snowball.io, com.geishatokyo.snowballio, 액션, Geisha Tokyo, Inc., 10000000.0, 197062.0, 4.5, 100, 15, 6, 2, 7, 2019년 8월 27일, http://www.geishatokyo.com/, Geisha+Tokyo,+Inc., 
[2019-09-11 01:28:31,047][DEBUG|dayStoreAppParse.py:27] >> Sandwich!, com.popcore.makesandwich, 퍼즐, Popcore Games, 10000000.0, 33609.0, 3.9, 100, 25, 19, 11, 23, 2019년 9월 6일, https://popcore.com, Popcore+Games, 
[2019-09-11 01:28:41,461][DEBUG|dayStoreAppParse.py:27] >> 바이러스 워 - 우주 슈팅 게임, com.kunpo.virus, 아케이드, Kunpo, 1000000.0, 12623.0, 4.4, 100, 22, 8, 2, 10, 2019년 8월 13일, https://kunpo.cc, Kunpo, 
[2019-09-11 01:28:51,902][DEBUG|dayStoreAppParse.py:27] >> Rider, com.ketchapp.rider, 아케이드, Ketchapp, 50000000.0, 867723.0, 4.2, 100, 19, 10, 4, 16, 2018년 10월 8일, http://www.ketchappgames.com, , 6054197513203380012
[2019-09-11 01:29:02,532][DEBUG|dayStoreAppParse.py:27] >> 좀비고등학교, net.kernys.aooni, 아케이드, AWESOMEPIECE, 5000000.0, 627308.0, 3.9, 100, 16, 12, 7, 30, 2019년 9월 5일, http://awesomepiece.com, , 8011366561141563471
[2019-09-11 01:29:13,052][DEBUG|dayStoreAppParse.py:27] >> 숨바꼭질 온라인 - 실시간 숨바꼭질, com.igenesoft.hide, 아케이드, iGene, 10000000.0, 262353.0, 4.0, 100, 22, 13, 6, 25, 2019년 9월 2일, http://igenesoft.com, iGene, 
[2019-09-11 01:29:23,444][DEBUG|dayStoreAppParse.py:27] >> 좋은 피자, 위대한 피자, com.tapblaze.pizzabusiness, 캐주얼 게임, TapBlaze, 10000000.0, 504973.0, 4.2, 100, 22, 11, 5, 13, 2019년 8월 25일, http://www.tapblaze.com, , 7300020765194314153
[2019-09-11 01:29:33,940][DEBUG|dayStoreAppParse.py:27] >> 슈퍼펭귄 (Super Penguins), com.supersolid.penguin, 액션, Supersolid, 10000000.0, 245689.0, 4.4, 100, 15, 7, 2, 10, 2018년 3월 19일, http://www.supersolid.com, Supersolid, 
[2019-09-11 01:29:44,328][DEBUG|dayStoreAppParse.py:27] >> 마이토킹톰 2, com.outfit7.mytalkingtom2, 캐주얼 게임, Outfit7 Limited, 100000000.0, 1605800.0, 4.4, 100, 13, 7, 3, 11, 2019년 8월 1일, http://outfit7.com/contact/android/, , 5630538819012062144
[2019-09-11 01:29:54,764][DEBUG|dayStoreAppParse.py:27] >> Happy Color – 컬러링북, 숫자 색칠 게임, com.pixel.art.coloring.color.number, 보드, X-Flow, 10000000.0, 1255758.0, 4.6, 100, 20, 6, 1, 3, 2019년 8월 30일, http://x-flow.app, , 4677399971720148178
[2019-09-11 01:30:04,876][DEBUG|dayStoreAppParse.py:27] >> 클래시 로얄, com.supercell.clashroyale, 전략, Supercell, 100000000.0, 26775627.0, 4.3, 100, 16, 7, 3, 14, 2019년 8월 1일, http://supercell.helpshift.com/a/clash-royale/, , 6715068722362591614
[2019-09-11 01:30:15,622][DEBUG|dayStoreAppParse.py:27] >> 피망 뉴맞고 : 고스톱으로 대한민국 1등, com.neowiz.games.newmatgo, 카드, NEOWIZ corp, 5000000.0, 287547.0, 4.0, 100, 25, 14, 4, 23, 2019년 8월 28일, http://m.pmang.com/#mobileGameView/1207, , 7754474998603501355
[2019-09-11 01:30:26,063][DEBUG|dayStoreAppParse.py:27] >> Pokémon GO, com.nianticlabs.pokemongo, 어드벤처, Niantic, Inc., 100000000.0, 12130060.0, 4.2, 100, 19, 8, 4, 18, 2019년 8월 31일, https://niantic.helpshift.com/a/pokemon-go/?p=web, Niantic,+Inc., 
[2019-09-11 01:30:36,613][DEBUG|dayStoreAppParse.py:27] >> 프렌즈레이싱, com.kakaogames.friendsracing, 자동차 경주, Kakao Games Corp., 1000000.0, 89160.0, 4.0, 100, 19, 11, 5, 23, 2019년 8월 12일, mailto:fr.racing-game@kakaocorp.com, , 6236189329207394247
[2019-09-11 01:30:47,121][DEBUG|dayStoreAppParse.py:27] >> Bob's World - Super Adventure, free.os.jump.superbros.adventure.world, 어드벤처, OneSoft Global PTE. LTD., 5000000.0, 19759.0, 4.4, 100, 13, 6, 3, 12, 2019년 9월 9일, mailto:tantn@onesoft.com.vn, , 5015266578532322195
[2019-09-11 01:30:57,572][DEBUG|dayStoreAppParse.py:27] >> Neon Splash, com.hwg.neonsplash, 퍼즐, SayGames, 1000000.0, 21420.0, 4.1, 100, 19, 16, 8, 15, 2019년 9월 3일, https://saygames.by, SayGames, 
[2019-09-11 01:31:08,049][DEBUG|dayStoreAppParse.py:27] >> Piano Tiles 2™, com.cmplay.tiles2, 아케이드, Cheetah Games, 100000000.0, 8339351.0, 4.5, 100, 12, 5, 2, 8, 2019년 8월 23일, http://www.cmcm.com/, Cheetah+Games, 
[2019-09-11 01:31:18,675][DEBUG|dayStoreAppParse.py:27] >> 스페이스 슈터: 외계인 슈팅게임, com.game.space.shooter2, 아케이드, ONESOFT, 10000000.0, 315342.0, 4.6, 100, 9, 5, 2, 6, 2019년 9월 9일, mailto:rocket.br@onesoft.com.vn, , 7627571908184472902
[2019-09-11 01:31:29,147][DEBUG|dayStoreAppParse.py:27] >> 의지의 히어로, com.zplay.willhero, 아케이드, ZPLAY Games, 10000000.0, 358092.0, 4.1, 100, 17, 10, 4, 20, 2019년 7월 25일, http://www.zplay.com, , 5052871199937770910
[2019-09-11 01:31:39,631][DEBUG|dayStoreAppParse.py:27] >> 보스레이브, com.longtukorea.rsg, 롤플레잉, Longtu Korea Inc., 100000.0, 1344.0, 3.8, 100, 11, 9, 6, 33, 2019년 8월 19일, http://www.longtukorea.com, , 4693243250505878987
[2019-09-11 01:31:49,978][DEBUG|dayStoreAppParse.py:27] >> Blade Master - Mini Action RPG Game, com.gameley.blademaster.spinning.en, 아케이드, Blade-X Games, 1000000.0, 47460.0, 4.4, 100, 12, 8, 3, 9, 2019년 9월 8일, mailto:liugrose083@gmail.com, Blade-X+Games, 
[2019-09-11 01:32:00,506][DEBUG|dayStoreAppParse.py:27] >> 갤럭시 슈터 - 팔콘 스쿼드 - 외계인 슈팅게임, invaders.os.galaxy.space.shooter.attack.classic, 아케이드, ONESOFT, 10000000.0, 288226.0, 4.7, 100, 11, 4, 1, 3, 2019년 9월 9일, http://onesoft.com.vn, , 7627571908184472902
[2019-09-11 01:32:10,928][DEBUG|dayStoreAppParse.py:27] >> 요괴미식가:Cook&Life, com.GF.mdkrkr.hwyad.google, 롤플레잉, WISH INTERACTIVE TECHNOLOGY LIMITED, 100000.0, 3422.0, 3.3, 100, 26, 22, 20, 62, 2019년 8월 28일, http://ygkr.wishgamer.com/, , 5987241365750978230
[2019-09-11 01:32:21,384][DEBUG|dayStoreAppParse.py:27] >> 미로 온라인 - 실시간 미로탈출, com.igenesoft.maze, 아케이드, iGene, 1000000.0, 15768.0, 3.7, 100, 25, 17, 11, 43, 2019년 9월 9일, mailto:aieugene@naver.com, iGene, 
[2019-09-11 01:32:31,870][DEBUG|dayStoreAppParse.py:27] >> Empires & Puzzles: RPG Quest, com.smallgiantgames.empires, 롤플레잉, Small Giant Games, 10000000.0, 1435943.0, 4.6, 100, 13, 4, 2, 5, 2019년 9월 4일, https://support.smallgiantgames.com/, Small+Giant+Games, 
[2019-09-11 01:32:42,321][DEBUG|dayStoreAppParse.py:27] >> Supreme Duelist Stickman, com.Neurononfire.SupremeDuelist, 액션, Neron's Brother, 10000000.0, 90012.0, 4.5, 100, 13, 5, 2, 7, 2019년 8월 27일, mailto:nerons.onfire@gmail.com, Neron%27s+Brother, 
[2019-09-11 01:32:52,686][DEBUG|dayStoreAppParse.py:27] >> Puzzle Fuzzle, com.stx.puzzlefuzzle, 퍼즐, Lion Studios, 5000000.0, 14322.0, 3.7, 100, 28, 25, 15, 38, 2019년 9월 6일, https://lionstudios.cc/, , 6990178528646658622
[2019-09-11 01:33:03,063][DEBUG|dayStoreAppParse.py:27] >> Toon Blast, net.peakgames.toonblast, 퍼즐, Peak, 50000000.0, 2359943.0, 4.7, 100, 13, 4, 1, 2, 2019년 9월 9일, https://peakgames.helpshift.com/a/toon-blast/, , 7348725256760208886
[2019-09-11 01:33:13,442][DEBUG|dayStoreAppParse.py:27] >> 나의최애캐 (언니돌, #unniedoll), com.percent.mybest3, 캐주얼 게임, 0.1%, 10000000.0, 185410.0, 4.2, 100, 17, 10, 5, 17, 2019년 7월 5일, http://www.facebook.com/0.1percentStudio, 0.1%25, 
[2019-09-11 01:33:23,905][DEBUG|dayStoreAppParse.py:27] >> Train Taxi, com.train.taxi, 퍼즐, SayGames, 10000000.0, 310093.0, 4.3, 100, 21, 10, 5, 11, 2019년 9월 6일, https://saygames.by, SayGames, 
[2019-09-11 01:33:32,368][DEBUG|dayStoreAppParse.py:161] >> Good Bye Parser! 
 
