[2019-09-24 00:50:07,496][DEBUG|dayStoreAppParse.py:66] >>  Hello Parser! 
[2019-09-24 00:50:18,799][DEBUG|dayStoreAppParse.py:27] >> Kakao TV Live - 카카오 TV 라이브, com.kakao.playball, 엔터테인먼트, Kakao Corporation, 1000000.0, 13443.0, 4.0, 100, 20, 13, 5, 27, 2019년 9월 20일, http://www.kakaocorp.com, Kakao+Corporation, 
[2019-09-24 00:50:29,191][DEBUG|dayStoreAppParse.py:27] >> 쿠팡 (Coupang), com.coupang.mobile, 쇼핑, 쿠팡, 10000000.0, 525538.0, 4.6, 100, 19, 4, 1, 3, 2019년 9월 23일, http://www.coupang.com, %EC%BF%A0%ED%8C%A1, 
[2019-09-24 00:50:39,465][DEBUG|dayStoreAppParse.py:27] >> Netflix(넷플릭스), com.netflix.mediaclient, 엔터테인먼트, Netflix, Inc., 500000000.0, 7004174.0, 4.5, 100, 13, 4, 2, 8, 2019년 9월 19일, http://www.netflix.com, Netflix,+Inc., 
[2019-09-24 00:50:49,747][DEBUG|dayStoreAppParse.py:27] >> Facebook, com.facebook.katana, 소셜, Facebook, 1000000000.0, 88781271.0, 4.2, 100, 15, 9, 5, 16, 2019년 9월 18일, https://www.facebook.com/facebook, Facebook, 
[2019-09-24 00:51:00,008][DEBUG|dayStoreAppParse.py:27] >> T map (티맵,T맵,내비게이션), com.skt.tmap.ku, 지도/내비게이션, SK telecom Inc., 10000000.0, 28758.0, 4.1, 100, 27, 13, 7, 19, 2019년 7월 16일, http://www.tmap.co.kr/, SK+telecom+Inc., 
[2019-09-24 00:51:10,403][DEBUG|dayStoreAppParse.py:27] >> 티빙(TVING) - 실시간TV, 방송VOD, 영화VOD, net.cj.cjhv.gs.tving, 동영상 플레이어/편집기, 씨제이이엔엠(CJ ENM), 5000000.0, 23424.0, 3.3, 100, 35, 34, 18, 75, 2019년 9월 9일, http://www.tving.com, %EC%94%A8%EC%A0%9C%EC%9D%B4%EC%9D%B4%EC%97%94%EC%97%A0%28CJ+ENM%29, 
[2019-09-24 00:51:20,729][DEBUG|dayStoreAppParse.py:27] >> Ulike유라이크 - 스타일, 고급 필터, 뷰티 카메라, com.gorgeous.liteinternational, 사진, Lemon, Inc., 10000000.0, 244627.0, 4.5, 100, 19, 7, 2, 4, 2019년 9월 22일, mailto:beauty_me_2018@163.com, Lemon,+Inc., 
[2019-09-24 00:51:31,070][DEBUG|dayStoreAppParse.py:27] >> 알약M - 국내 1위 무료 바이러스 백신, 파일 청소, 기기 최적화, com.estsoft.alyac, 도구, ESTsoft Corp., 10000000.0, 151443.0, 4.7, 100, 17, 4, 1, 2, 2019년 9월 17일, https://www.estsecurity.com/product/alyac_android, , 5105018118798378984
[2019-09-24 00:51:41,310][DEBUG|dayStoreAppParse.py:27] >> SODA 소다 - Natural Beauty Camera, com.snowcorp.soda.android, 사진, SNOW, Inc., 10000000.0, 39369.0, 4.5, 100, 19, 8, 2, 6, 2019년 9월 6일, http://snow.me, SNOW,+Inc., 
[2019-09-24 00:51:51,385][DEBUG|dayStoreAppParse.py:27] >> 직방 - 2,000만명이 선택한 No.1 부동산 앱(아파트,아파트분양,원룸,오피스텔,빌라), com.chbreeze.jikbang4a, 부동산/홈 인테리어, ZIGBANG, 10000000.0, 67495.0, 3.8, 100, 35, 22, 8, 36, 2019년 9월 16일, http://company.zigbang.com, ZIGBANG, 
[2019-09-24 00:52:01,593][DEBUG|dayStoreAppParse.py:27] >> Google Play 게임, com.google.android.play.games, 엔터테인먼트, Google LLC, 1000000000.0, 9371824.0, 4.4, 100, 12, 7, 3, 12, 2019년 9월 4일, http://play.google.com/store/apps/category/GAME, , 5700313618786177705
[2019-09-24 00:52:11,956][DEBUG|dayStoreAppParse.py:27] >> 카카오맵 - 대한민국 No.1 지도앱 ( 지도 / 내비게이션 / 대중교통 / 로드뷰 ), net.daum.android.map, 여행 및 지역정보, Kakao Corp., 10000000.0, 83730.0, 4.5, 100, 18, 4, 2, 7, 2019년 9월 23일, https://map.kakao.com/info/kakao_map, Kakao+Corp., 
[2019-09-24 00:52:22,293][DEBUG|dayStoreAppParse.py:27] >> 4shared, com.forshared.files, 엔터테인먼트, New IT Solutions, 10000000.0, 138486.0, 4.4, 100, 17, 7, 3, 10, 2019년 9월 9일, http://4shared.com, New+IT+Solutions, 
[2019-09-24 00:52:32,535][DEBUG|dayStoreAppParse.py:27] >> 밴드, com.nhn.android.band, 소셜, NAVER Corp., 50000000.0, 321436.0, 4.3, 100, 25, 11, 4, 10, 2019년 9월 20일, http://www.band.us, , 6225315284672069550
[2019-09-24 00:52:42,715][DEBUG|dayStoreAppParse.py:27] >> 팝콘티비 - POPKONTV, com.social.media.pop.b, 엔터테인먼트, Max's LAB, 100000.0, 219.0, 3.6, 100, 41, 17, 6, 55, 2019년 9월 10일, https://www.popkontv.com, Max%27s+LAB, 
[2019-09-24 00:52:53,041][DEBUG|dayStoreAppParse.py:27] >> Messenger, com.facebook.orca, 커뮤니케이션, Facebook, 1000000000.0, 67011847.0, 4.2, 100, 15, 10, 4, 15, 2019년 9월 17일, https://www.facebook.com/games/fbmessenger_android/, Facebook, 
[2019-09-24 00:53:03,188][DEBUG|dayStoreAppParse.py:27] >> NH스마트뱅킹, nh.smart.banking, 금융, 농협BANK, 5000000.0, 5077.0, 3.0, 97, 19, 14, 12, 100, 2019년 9월 20일, http://www.nonghyup.com, %EB%86%8D%ED%98%91BANK, 
[2019-09-24 00:53:13,449][DEBUG|dayStoreAppParse.py:27] >> 카카오뱅크 - 같지만 다른 은행, com.kakaobank.channel, 금융, 카카오뱅크, 10000000.0, 21802.0, 4.4, 100, 15, 4, 1, 13, 2019년 9월 19일, https://kakaobank.com, %EC%B9%B4%EC%B9%B4%EC%98%A4%EB%B1%85%ED%81%AC, 
[2019-09-24 00:53:23,858][DEBUG|dayStoreAppParse.py:27] >> TikTok 틱톡, com.ss.android.ugc.trill, 동영상 플레이어/편집기, TikTok Pte. Ltd., 100000000.0, 4150986.0, 4.5, 100, 9, 5, 2, 9, 2019년 9월 23일, https://www.bytedance.com/, TikTok+Pte.+Ltd., 
[2019-09-24 00:53:34,224][DEBUG|dayStoreAppParse.py:27] >> 코레일톡, com.korail.talk, 여행 및 지역정보, KORAIL, 10000000.0, 24278.0, 3.3, 100, 31, 18, 11, 75, 2019년 9월 3일, http://www.korail.com, KORAIL, 
[2019-09-24 00:53:44,586][DEBUG|dayStoreAppParse.py:27] >> 카카오내비, com.locnall.KimGiSa, 지도/내비게이션, Kakao Mobility Corp., 10000000.0, 114258.0, 4.2, 100, 25, 10, 4, 14, 2019년 8월 21일, http://www.kakaocorp.com/main, Kakao+Mobility+Corp., 
[2019-09-24 00:53:54,923][DEBUG|dayStoreAppParse.py:27] >> oksusu, com.skb.btvmobile, 동영상 플레이어/편집기, SK broadband, 10000000.0, 49835.0, 4.0, 100, 26, 13, 6, 21, 2019년 9월 19일, http://www.skbtv.co.kr/btvmobile, SK+broadband, 
[2019-09-24 00:54:05,199][DEBUG|dayStoreAppParse.py:27] >> SNOW 스노우, com.campmobile.snow, 사진, SNOW, Inc., 100000000.0, 1150539.0, 4.4, 100, 17, 8, 3, 8, 2019년 9월 23일, https://snow.me, SNOW,+Inc., 
[2019-09-24 00:54:15,401][DEBUG|dayStoreAppParse.py:27] >> SRT - 수서고속철도(NEW), kr.co.srail.newapp, 여행 및 지역정보, ㈜SR - 새로운 고속열차 SRT, 1000000.0, 1304.0, 3.2, 100, 32, 17, 11, 90, 2019년 7월 17일, https://www.srail.co.kr, %E3%88%9CSR+-+%EC%83%88%EB%A1%9C%EC%9A%B4+%EA%B3%A0%EC%86%8D%EC%97%B4%EC%B0%A8+SRT, 
[2019-09-24 00:54:25,772][DEBUG|dayStoreAppParse.py:27] >> 네이버 파파고 - AI 통번역, com.naver.labs.translator, 도구, NAVER Corp., 10000000.0, 32040.0, 4.2, 100, 24, 11, 4, 15, 2019년 8월 21일, http://www.navercorp.com, , 6225315284672069550
[2019-09-24 00:54:46,198][DEBUG|dayStoreAppParse.py:27] >> 멜론, com.iloen.melon, 음악/오디오, Kakao  Corporation, 50000000.0, 189629.0, 3.2, 100, 28, 27, 18, 78, 2019년 9월 23일, http://www.melon.com, Kakao++Corporation, 
[2019-09-24 00:54:56,473][DEBUG|dayStoreAppParse.py:27] >> ISP/페이북, kvp.jjy.MispAndroid320, 금융, VP Inc, 10000000.0, 48297.0, 3.2, 100, 26, 15, 7, 89, 2019년 9월 5일, http://www.vp.co.kr, VP+Inc, 
[2019-09-24 00:55:06,878][DEBUG|dayStoreAppParse.py:27] >> 뱅크샐러드, com.rainist.banksalad2, 금융, Rainist Co., Ltd., 1000000.0, 11921.0, 4.0, 100, 38, 16, 7, 20, 2019년 9월 19일, https://app.banksalad.com, , 6752853482312915779
[2019-09-24 00:55:17,207][DEBUG|dayStoreAppParse.py:27] >> 롯데홈쇼핑 – 롯데 ON, com.omnitel.android.lottewebview, 쇼핑, Lotte Homeshopping, 10000000.0, 12211.0, 3.7, 100, 29, 19, 8, 38, 2019년 8월 28일, http://www.lotteimall.com, Lotte+Homeshopping, 
[2019-09-24 00:55:27,637][DEBUG|dayStoreAppParse.py:27] >> 에이블리 - 셀럽마켓 모음앱, com.banhala.android, 쇼핑, ably, 1000000.0, 9210.0, 4.4, 100, 25, 6, 1, 9, 2019년 9월 19일, http://a-bly.com, ably, 
[2019-09-24 00:55:37,941][DEBUG|dayStoreAppParse.py:27] >> 지그재그 - 여성쇼핑몰 모음, 쇼핑몰순위, com.croquis.zigzag, 쇼핑, croquis.com, 5000000.0, 56120.0, 4.5, 100, 27, 7, 2, 3, 2019년 9월 23일, http://zigzag.kr, croquis.com, 
[2019-09-24 00:55:48,395][DEBUG|dayStoreAppParse.py:27] >> 번개장터 - 모바일 최대 중고마켓 앱(중고나라,중고차), kr.co.quicket, 쇼핑, 번개장터 주식회사, 5000000.0, 77135.0, 4.2, 100, 16, 6, 3, 19, 2019년 8월 22일, https://www.bunjang.co.kr, %EB%B2%88%EA%B0%9C%EC%9E%A5%ED%84%B0+%EC%A3%BC%EC%8B%9D%ED%9A%8C%EC%82%AC, 
[2019-09-24 00:55:58,608][DEBUG|dayStoreAppParse.py:27] >> Windy.com - 바람, 파도 및 태풍 예보, com.windyty.android, 날씨, Windyty SE, 5000000.0, 117895.0, 4.7, 100, 20, 3, 0, 1, 2019년 7월 28일, https://www.windy.com, Windyty+SE, 
[2019-09-24 00:56:08,711][DEBUG|dayStoreAppParse.py:27] >> 한컴오피스 viewer, com.tf.thinkdroid.viewer, 생산성, Hancom Inc., 5000000.0, 2820.0, 3.7, 100, 33, 24, 6, 37, 2019년 4월 18일, http://www.hancom.com, Hancom+Inc., 
[2019-09-24 00:56:19,100][DEBUG|dayStoreAppParse.py:27] >> 하나원큐 - KEB하나은행 스마트폰뱅킹, com.hanabank.ebk.channel.android.hananbank, 금융, KEB Hanabank, 5000000.0, 19143.0, 3.2, 100, 25, 17, 10, 83, 2019년 9월 2일, http://www.hanabank.com, KEB+Hanabank, 
[2019-09-24 00:56:29,465][DEBUG|dayStoreAppParse.py:27] >> 네이버 웹툰 - Naver Webtoon, com.nhn.android.webtoon, 만화, NAVER WEBTOON CORP., 10000000.0, 179208.0, 4.0, 100, 18, 12, 5, 22, 2019년 8월 8일, http://comic.naver.com/index.nhn, NAVER+WEBTOON+CORP., 
[2019-09-24 00:56:39,941][DEBUG|dayStoreAppParse.py:27] >> 실시간 날씨 - 일기 예보 2019, com.jndwork.weather.forecast.channel.dailyforecast.liveradarmaps, 날씨, JonDev., 5000000.0, 87634.0, 4.5, 100, 24, 10, 2, 6, 2019년 9월 13일, http://www.jondevmobile.com, , 6915261801345011098
[2019-09-24 00:56:50,401][DEBUG|dayStoreAppParse.py:27] >> 다음 - Daum, net.daum.android.daum, 커뮤니케이션, Kakao Corp., 10000000.0, 106466.0, 4.1, 100, 28, 14, 6, 17, 2019년 8월 9일, https://www.kakaocorp.com/#none, Kakao+Corp., 
[2019-09-24 00:57:00,774][DEBUG|dayStoreAppParse.py:27] >> FLO – 플로, skplanet.musicmate, 음악/오디오, Dreamus Company, 1000000.0, 9289.0, 3.7, 100, 35, 32, 16, 37, 2019년 8월 28일, https://www.music-flo.com, Dreamus+Company, 
[2019-09-24 00:57:11,207][DEBUG|dayStoreAppParse.py:27] >> [공식]고속버스모바일, com.kscc.scxb.mbl, 지도/내비게이션, (주)티머니, 5000000.0, 13991.0, 3.7, 100, 28, 14, 9, 44, 2019년 8월 23일, http://www.koreasmartcard.co.kr, %28%EC%A3%BC%29%ED%8B%B0%EB%A8%B8%EB%8B%88, 
[2019-09-24 00:57:21,546][DEBUG|dayStoreAppParse.py:27] >> (New) i-ONE Bank - IBK기업은행, com.ibk.android.ionebank, 금융, IBK 기업은행, 1000000.0, 5497.0, 3.5, 100, 21, 15, 9, 56, 2019년 9월 9일, http://www.ibk.co.kr, IBK+%EA%B8%B0%EC%97%85%EC%9D%80%ED%96%89, 
[2019-09-24 00:57:32,012][DEBUG|dayStoreAppParse.py:27] >> 롯데 ON - 롯데하이마트, com.himart.main, 쇼핑, Lotte Himart Co.,Ltd, 5000000.0, 10479.0, 3.3, 100, 37, 29, 10, 73, 2019년 8월 27일, http://www.e-himart.co.kr, Lotte+Himart+Co.,Ltd, 
[2019-09-24 00:57:42,411][DEBUG|dayStoreAppParse.py:27] >> Samsung Internet 브라우저, com.sec.android.app.sbrowser, 커뮤니케이션, Samsung Electronics Co.,  Ltd., 1000000000.0, 1097371.0, 4.3, 100, 15, 6, 3, 16, 2019년 9월 16일, http://help.content.samsung.com, , 5200379633052405703
[2019-09-24 00:57:52,678][DEBUG|dayStoreAppParse.py:27] >> 오늘의집 - 600만이 선택한 No.1 인테리어 필수앱, net.bucketplace, 부동산/홈 인테리어, Bucketplace Inc., 1000000.0, 34509.0, 4.7, 100, 17, 2, 0, 2, 2019년 9월 19일, http://www.bucketplace.net, Bucketplace+Inc., 
[2019-09-24 00:58:02,947][DEBUG|dayStoreAppParse.py:27] >> LG전자 멤버십, com.lge.lgemembership, 라이프스타일, LG Electronics, Inc., 1000000.0, 1235.0, 4.4, 100, 23, 8, 3, 9, 2019년 9월 17일, http://www.lge.co.kr, , 6033443741999759446
[2019-09-24 00:58:13,387][DEBUG|dayStoreAppParse.py:27] >> KB국민은행 스타뱅킹, com.kbstar.kbbank, 금융, KB국민은행, 10000000.0, 44495.0, 2.8, 71, 19, 15, 13, 100, 2019년 9월 17일, http://m.kbstar.com, KB%EA%B5%AD%EB%AF%BC%EC%9D%80%ED%96%89, 
[2019-09-24 00:58:23,759][DEBUG|dayStoreAppParse.py:27] >> 트리플 - 해외여행 가이드, com.titicacacorp.triple, 여행 및 지역정보, Triple Corp., 1000000.0, 8199.0, 4.7, 100, 14, 2, 1, 3, 2019년 9월 17일, https://triple.guide, Triple+Corp., 
[2019-09-24 00:58:34,082][DEBUG|dayStoreAppParse.py:27] >> 트로트 무료듣기, com.pikia.muzever, 음악/오디오, 캔디소프트, 500000.0, 1226.0, 3.9, 100, 38, 17, 12, 25, 2019년 9월 10일, https://candysoft.cafe24.com/, %EC%BA%94%EB%94%94%EC%86%8C%ED%94%84%ED%8A%B8, 
[2019-09-24 00:58:44,471][DEBUG|dayStoreAppParse.py:27] >> PAYCO - 페이코, 혜택까지 똑똑한 간편결제, com.nhnent.payapp, 라이프스타일, NHN Corp., 5000000.0, 16978.0, 4.3, 100, 8, 5, 3, 17, 2019년 9월 5일, http://www.payco.com/, , 9081645972946213311
[2019-09-24 00:58:54,913][DEBUG|dayStoreAppParse.py:27] >> KB국민 앱카드, com.kbcard.cxh.appcard, 금융, KB국민카드, 5000000.0, 15676.0, 3.4, 100, 33, 20, 9, 61, 2019년 9월 2일, http://www.kbcard.com, KB%EA%B5%AD%EB%AF%BC%EC%B9%B4%EB%93%9C, 
[2019-09-24 00:59:05,269][DEBUG|dayStoreAppParse.py:27] >> 터치엔 엠백신 for Web(기업용), com.TouchEn.mVaccine.webs, 금융, 라온시큐어(주), 10000000.0, 14716.0, 2.3, 35, 12, 10, 4, 100, 2019년 8월 9일, http://www.raonsecure.com, %EB%9D%BC%EC%98%A8%EC%8B%9C%ED%81%90%EC%96%B4%28%EC%A3%BC%29, 
[2019-09-24 00:59:15,746][DEBUG|dayStoreAppParse.py:27] >> 삼성앱카드 - 내 폰 안의 삼성카드, kr.co.samsungcard.mpocket, 금융, Samsung Card, 5000000.0, 11745.0, 3.9, 100, 26, 14, 8, 25, 2019년 9월 17일, http://www.samsungcard.com/, Samsung+Card, 
[2019-09-24 00:59:25,925][DEBUG|dayStoreAppParse.py:27] >> ZUMO (주말에 뭐하지?), kr.co.zumo.app, 라이프스타일, ZUMO, 1000000.0, 3203.0, 4.7, 100, 7, 3, 2, 3, 2019년 8월 26일, http://www.zumo.co.kr, ZUMO, 
[2019-09-24 00:59:36,371][DEBUG|dayStoreAppParse.py:27] >> 야놀자 - 국내 및 해외 호텔, 모텔, 펜션, 게하, 레저/티켓, 최대 80% 할인, com.cultsotry.yanolja.nativeapp, 여행 및 지역정보, (주)야놀자, 10000000.0, 78104.0, 4.7, 100, 19, 3, 0, 2, 2019년 9월 4일, http://yanolja.com/, , 7693687284746960644
[2019-09-24 00:59:46,514][DEBUG|dayStoreAppParse.py:27] >> 현대카드, com.hyundaicard.appcard, 금융, Hyundai Card, 5000000.0, 20402.0, 3.3, 100, 31, 21, 13, 75, 2019년 9월 19일, http://www.hyundaicard.com, Hyundai+Card, 
[2019-09-24 00:59:57,081][DEBUG|dayStoreAppParse.py:27] >> 신한 쏠(SOL) – 신한은행 스마트폰뱅킹, com.shinhan.sbanking, 금융, Shinhan Bank, 10000000.0, 37876.0, 3.6, 100, 26, 16, 10, 48, 2019년 9월 10일, http://m.shinhan.com, Shinhan+Bank, 
[2019-09-24 01:00:07,417][DEBUG|dayStoreAppParse.py:27] >> Syrup Wallet – 초달달, 혜택 생활의 시작, com.skt.skaf.OA00026910, 금융, SK planet Syrup Wallet, 10000000.0, 35110.0, 3.7, 100, 41, 26, 10, 42, 2019년 9월 19일, http://www.syrup.co.kr, SK+planet+Syrup+Wallet, 
[2019-09-24 01:00:17,662][DEBUG|dayStoreAppParse.py:27] >> 텔레그램 공식 앱 Telegram, org.telegram.messenger, 커뮤니케이션, Telegram FZ-LLC, 100000000.0, 4004256.0, 4.5, 100, 14, 6, 2, 6, 2019년 9월 7일, https://telegram.org, Telegram+FZ-LLC, 
[2019-09-24 01:00:28,034][DEBUG|dayStoreAppParse.py:27] >> B612 - 뷰티 효과, 감성필터, 셀피 카메라, com.linecorp.b612.android, 사진, SNOW, Inc., 500000000.0, 6030488.0, 4.4, 100, 14, 8, 3, 9, 2019년 9월 23일, http://b612.snow.me/, SNOW,+Inc., 
[2019-09-24 01:00:38,498][DEBUG|dayStoreAppParse.py:27] >> 네이버 클라우드 - NAVER Cloud, com.nhn.android.ndrive, 생산성, NAVER Corp., 10000000.0, 87179.0, 3.6, 100, 32, 24, 12, 44, 2019년 8월 19일, http://www.navercorp.com, , 6225315284672069550
[2019-09-24 01:00:48,843][DEBUG|dayStoreAppParse.py:27] >> 현대Hmall - 홈쇼핑, 백화점, com.hmallapp, 쇼핑, (주) 현대홈쇼핑, 10000000.0, 16176.0, 3.7, 100, 32, 15, 7, 45, 2019년 8월 14일, http://m.hyundaihmall.com, %28%EC%A3%BC%29+%ED%98%84%EB%8C%80%ED%99%88%EC%87%BC%ED%95%91, 
[2019-09-24 01:00:59,209][DEBUG|dayStoreAppParse.py:27] >> 삼성 음성 녹음, com.sec.android.app.voicenote, 도구, Samsung Electronics Co.,  Ltd., 500000000.0, 69979.0, 4.4, 100, 16, 8, 3, 10, 2019년 7월 30일, mailto:noreply.sec@samsung.com, , 5200379633052405703
[2019-09-24 01:01:09,584][DEBUG|dayStoreAppParse.py:27] >> [공식]시외버스 티머니, com.kscc.xzz.mbl, 여행 및 지역정보, (주)티머니, 5000000.0, 10138.0, 2.2, 34, 12, 13, 12, 100, 2019년 9월 19일, http://www.tmoney.co.kr, %28%EC%A3%BC%29%ED%8B%B0%EB%A8%B8%EB%8B%88, 
[2019-09-24 01:01:19,985][DEBUG|dayStoreAppParse.py:27] >> 아이디어스(idus) - 핸드메이드/수공예 장터, kr.backpackr.me.idus, 쇼핑, Backpackr Inc., 1000000.0, 40762.0, 4.8, 100, 14, 2, 0, 1, 2019년 9월 6일, https://www.idus.com, Backpackr+Inc., 
[2019-09-24 01:01:30,292][DEBUG|dayStoreAppParse.py:27] >> 카카오페이, com.kakaopay.app, 금융, kakaopay corp., 500000.0, 452.0, 4.0, 100, 31, 10, 10, 22, 2019년 9월 18일, https://www.kakaopay.com, kakaopay+corp., 
[2019-09-24 01:01:40,624][DEBUG|dayStoreAppParse.py:27] >> 홈앤쇼핑 –오직 앱에서만.  10%할인 + 10%적립, com.hnsmall, 쇼핑, 홈앤쇼핑, 10000000.0, 67575.0, 4.6, 100, 20, 5, 1, 4, 2019년 9월 6일, http://m.hnsmall.com, %ED%99%88%EC%95%A4%EC%87%BC%ED%95%91, 
[2019-09-24 01:01:50,932][DEBUG|dayStoreAppParse.py:27] >> 콴다: 수학 5초 풀이 검색, com.mathpresso.qanda, 교육, Mathpresso, 1000000.0, 75455.0, 4.5, 100, 6, 3, 2, 10, 2019년 9월 19일, https://qanda.ai, Mathpresso, 
[2019-09-24 01:02:01,033][DEBUG|dayStoreAppParse.py:27] >> 신한페이판, com.shcard.smartpay, 금융, SHINHANCARD, 10000000.0, 45457.0, 3.9, 100, 28, 13, 6, 30, 2019년 9월 3일, http://www.shinhancard.com, SHINHANCARD, 
[2019-09-24 01:02:11,137][DEBUG|dayStoreAppParse.py:27] >> 여기어때 - 대한민국 1등 종합숙박앱, kr.goodchoice.abouthere, 여행 및 지역정보, WITH Innovation Corp., 10000000.0, 54273.0, 4.5, 100, 19, 5, 1, 8, 2019년 9월 4일, https://www.goodchoice.kr, , 7620836768154236440
[2019-09-24 01:02:21,541][DEBUG|dayStoreAppParse.py:27] >> 티몬 - 매주 월요일은 티몬데이, com.tmon, 쇼핑, 티몬, 10000000.0, 64744.0, 3.4, 100, 29, 20, 12, 60, 2019년 9월 18일, http://www.tmon.co.kr, , 6892544915913568054
[2019-09-24 01:02:31,823][DEBUG|dayStoreAppParse.py:27] >> Free Phone Cleaner - 고급 클리너, com.antivirus.free.security.cleaner, 도구, FAST CLEAN, 10000.0, 33.0, 4.3, 100, 45, 0, 5, 15, 2019년 9월 20일, mailto:fastcleanerczc@gmail.com, FAST+CLEAN, 
[2019-09-24 01:02:42,241][DEBUG|dayStoreAppParse.py:27] >> WAVE - 잘 노는 영상톡, Talk & Play, me.togather.wave, 소셜, WAVE Corporation, 500000.0, 3649.0, 3.4, 100, 28, 17, 18, 57, 2019년 9월 4일, https://www.wavetogether.com, WAVE+Corporation, 
[2019-09-24 01:02:52,691][DEBUG|dayStoreAppParse.py:27] >> 무료트로트듣기 - 트로트무료듣기, com.highbrake.gpie, 음악/오디오, Vitamin7Media, 50000.0, 113.0, 4.2, 100, 7, 14, 6, 14, 2019년 9월 23일, http://candysoft.cafe24.com/, Vitamin7Media, 
[2019-09-24 01:03:03,093][DEBUG|dayStoreAppParse.py:27] >> YouTube Music, com.google.android.apps.youtube.music, 음악/오디오, Google LLC, 100000000.0, 682855.0, 3.9, 100, 23, 12, 7, 27, 2019년 9월 16일, https://music.youtube.com, , 5700313618786177705
[2019-09-24 01:03:13,160][DEBUG|dayStoreAppParse.py:27] >> V3 Mobile Security - 무료 백신/부스터/앱잠금, com.ahnlab.v3mobilesecurity.soda, 도구, AhnLab Inc., 5000000.0, 69584.0, 4.5, 100, 25, 7, 1, 4, 2019년 8월 2일, http://www.ahnlab.co.kr, AhnLab+Inc., 
[2019-09-24 01:03:23,476][DEBUG|dayStoreAppParse.py:27] >> QR 코드 리더/바코드 스캐너, tw.mobileapp.qrcode.banner, 도구, TWMobile, 50000000.0, 512030.0, 4.4, 100, 24, 9, 2, 8, 2019년 9월 11일, http://www.mobile.tw, TWMobile, 
[2019-09-24 01:03:33,785][DEBUG|dayStoreAppParse.py:27] >> 송가인 노래모음 무료듣기 - 미스트롯 송가인 노래와 영상 모음, 트로트 메들리, com.gmong.songgain, 음악/오디오, gmong, 100000.0, 144.0, 4.4, 100, 16, 9, 0, 10, 2019년 9월 9일, mailto:gmong7@gmail.com, gmong, 
[2019-09-24 01:03:44,173][DEBUG|dayStoreAppParse.py:27] >> 요리백과 만개의레시피, com.ezhld.recipe, 식음료, EZHLD Corporation, 5000000.0, 44344.0, 4.7, 100, 21, 4, 0, 2, 2019년 9월 4일, http://www.10000recipe.com, EZHLD+Corporation, 
[2019-09-24 01:03:54,629][DEBUG|dayStoreAppParse.py:27] >> 지니 뮤직 - genie, com.ktmusic.geniemusic, 음악/오디오, 지니뮤직, 5000000.0, 37429.0, 3.1, 100, 38, 38, 24, 87, 2019년 7월 29일, http://www.genie.co.kr, %EC%A7%80%EB%8B%88%EB%AE%A4%EC%A7%81, 
[2019-09-24 01:04:05,160][DEBUG|dayStoreAppParse.py:27] >> 아프리카TV - AfreecaTV, kr.co.nowcom.mobile.afreeca, 동영상 플레이어/편집기, AfreecaTV, 10000000.0, 383293.0, 3.2, 100, 20, 16, 8, 79, 2019년 8월 30일, http://www.afreecatv.com, AfreecaTV, 
[2019-09-24 01:04:15,566][DEBUG|dayStoreAppParse.py:27] >> 알바천국- 알바 구인구직 포털서비스, kr.co.alba.webappalba.m, 비즈니스, (주)미디어윌 네트웍스, 5000000.0, 8953.0, 4.0, 100, 11, 11, 8, 25, 2019년 9월 4일, http://www.alba.co.kr, %28%EC%A3%BC%29%EB%AF%B8%EB%94%94%EC%96%B4%EC%9C%8C+%EB%84%A4%ED%8A%B8%EC%9B%8D%EC%8A%A4, 
[2019-09-24 01:04:25,963][DEBUG|dayStoreAppParse.py:27] >> 슈퍼 빠른 클리너 - 안티 바이러스 및 부스터 & 클리너, fast.phone.clean, 도구, Phone Clean Apps, 5000000.0, 31380.0, 4.7, 100, 8, 3, 1, 5, 2019년 9월 18일, http://adcl.mobicleaner.com/, Phone+Clean+Apps, 
[2019-09-24 01:04:36,393][DEBUG|dayStoreAppParse.py:27] >> 국세청 홈택스, kr.go.nts.android, 도구, National Tax Service, Korea, 5000000.0, 13956.0, 3.9, 100, 25, 13, 5, 29, 2019년 8월 12일, http://nts.go.kr, National+Tax+Service,+Korea, 
[2019-09-24 01:04:46,861][DEBUG|dayStoreAppParse.py:27] >> 다방-대한민국 부동산 매물 최다보유(원룸 오피스텔 아파트 분양 월세), kr.co.station3.dabang, 부동산/홈 인테리어, Station3, 10000000.0, 24732.0, 3.6, 100, 12, 9, 4, 50, 2019년 8월 19일, http://www.dabangapp.com, Station3, 
[2019-09-24 01:04:57,382][DEBUG|dayStoreAppParse.py:27] >> 커넥츠 - 내 주변 모든 공부, com.stu.conects, 교육, ST Unitas, 1000000.0, 4626.0, 3.9, 100, 35, 5, 5, 35, 2019년 9월 10일, http://www.stunitas.com/, ST+Unitas, 
[2019-09-24 01:05:07,736][DEBUG|dayStoreAppParse.py:27] >> GS SHOP - 당신의 가장 좋은 선택을 만듭니다, gsshop.mobile.v2, 쇼핑, GS SHOP, 10000000.0, 53172.0, 4.3, 100, 34, 12, 4, 8, 2019년 9월 11일, http://m.gsshop.com, GS+SHOP, 
[2019-09-24 01:05:18,133][DEBUG|dayStoreAppParse.py:27] >> 지하철 종결자 : Smarter Subway, teamDoppelGanger.SmarterSubway, 지도/내비게이션, TeamDoppelGanger, 10000000.0, 77350.0, 4.2, 100, 27, 9, 4, 14, 2019년 7월 29일, http://www.doppelsoft.net/, TeamDoppelGanger, 
[2019-09-24 01:05:28,503][DEBUG|dayStoreAppParse.py:27] >> 쿠팡이츠 - 맛있는 음식을 빠르고 편하게, com.coupang.mobile.eats, 식음료, 쿠팡, 100000.0, 595.0, 3.5, 100, 11, 14, 11, 50, 2019년 9월 17일, http://www.coupangeats.com, %EC%BF%A0%ED%8C%A1, 
[2019-09-24 01:05:38,902][DEBUG|dayStoreAppParse.py:27] >> 인터파크, com.interpark.shop, 쇼핑, INTERPARK, 5000000.0, 8519.0, 2.9, 83, 26, 18, 10, 100, 2019년 9월 17일, http://m.shop.interpark.com, , 8687180128356426324
[2019-09-24 01:05:49,355][DEBUG|dayStoreAppParse.py:31] >> YouTube Kids, com.google.android.apps.youtube.kids, 엔터테인먼트, Google LLC, 100000000.0, 794603.0, 4.4, 100, 20, 9, 3, 10, 2019년 9월 19일, None, , 5700313618786177705
[2019-09-24 01:05:59,778][DEBUG|dayStoreAppParse.py:27] >> KB국민카드, com.kbcard.kbkookmincard, 금융, KB국민카드, 5000000.0, 44967.0, 4.1, 100, 44, 12, 2, 18, 2019년 9월 23일, http://www.kbcard.com, KB%EA%B5%AD%EB%AF%BC%EC%B9%B4%EB%93%9C, 
[2019-09-24 01:06:10,144][DEBUG|dayStoreAppParse.py:27] >> 7080 가요모음 - 7080 노래 무료듣기, com.chameleonsong.youtubekoreasong.song7080, 음악/오디오, chameleon song, 1000000.0, 6895.0, 4.7, 100, 14, 3, 1, 2, 2018년 9월 3일, mailto:chameleonsong@gmail.com, chameleon+song, 
[2019-09-24 01:06:20,569][DEBUG|dayStoreAppParse.py:27] >> 왓챠플레이 영화 드라마 2주 무료 감상, com.frograms.wplay, 엔터테인먼트, Watcha Inc., 1000000.0, 21859.0, 4.1, 100, 28, 11, 5, 18, 2019년 9월 23일, http://play.watcha.net, Watcha+Inc., 
[2019-09-24 01:06:30,959][DEBUG|dayStoreAppParse.py:27] >> 위메프 - 특가대표 (특가 / 쇼핑 / 쇼핑앱 / 쿠폰 / 배송), com.wemakeprice, 쇼핑, 위메프, 10000000.0, 228426.0, 4.4, 100, 22, 7, 2, 10, 2019년 8월 27일, http://www.wemakeprice.com, %EC%9C%84%EB%A9%94%ED%94%84, 
[2019-09-24 01:06:41,398][DEBUG|dayStoreAppParse.py:27] >> 셀렉트숍 무신사 - SELECT SHOP MUSINSA, com.musinsa.store, 쇼핑, MUSINSA, 1000000.0, 1378.0, 3.5, 100, 20, 23, 16, 47, 2019년 8월 23일, http://www.musinsa.com, MUSINSA, 
[2019-09-24 01:06:51,787][DEBUG|dayStoreAppParse.py:27] >> 해피포인트, com.hpapp, 라이프스타일, HAPPYPOINT, 10000000.0, 35502.0, 3.5, 100, 33, 23, 13, 54, 2019년 8월 21일, http://www.happypointcard.com/, HAPPYPOINT, 
[2019-09-24 01:07:02,168][DEBUG|dayStoreAppParse.py:27] >> CJ대한통운 택배, com.cjkoreaexpress, 라이프스타일, CJ Logistics, 5000000.0, 13155.0, 4.4, 100, 17, 9, 3, 10, 2019년 8월 22일, http://www.doortodoor.co.kr, CJ+Logistics, 
[2019-09-24 01:07:12,527][DEBUG|dayStoreAppParse.py:27] >> Discord - 게이머를 위한 메신저, com.discord, 커뮤니케이션, Discord Inc., 50000000.0, 696160.0, 4.4, 100, 16, 6, 2, 9, 2019년 9월 21일, https://discordapp.com, Discord+Inc., 
[2019-09-24 01:07:22,879][DEBUG|dayStoreAppParse.py:27] >> Zenly - 친한 친구끼리, app.zenly.locator, 소셜, ZENLY, 10000000.0, 54368.0, 4.1, 100, 19, 12, 5, 18, 2019년 9월 13일, http://www.zen.ly, ZENLY, 
[2019-09-24 01:07:32,981][DEBUG|dayStoreAppParse.py:27] >> 트로트 무료듣기 - 트로트 메들리, com.hmusic.listentrot, 음악/오디오, H Music, 1000000.0, 5306.0, 4.4, 100, 15, 7, 3, 11, 2019년 4월 4일, mailto:hanamedia1@gmail.com, H+Music, 
[2019-09-24 01:07:43,540][DEBUG|dayStoreAppParse.py:27] >> 카카오스토리 KakaoStory, com.kakao.story, 소셜, Kakao Corporation, 50000000.0, 520591.0, 4.1, 100, 30, 17, 6, 17, 2019년 9월 18일, http://www.kakao.com/story, Kakao+Corporation, 
[2019-09-24 01:07:53,947][DEBUG|dayStoreAppParse.py:27] >> 롯데리아, com.cntt.lotteria, 라이프스타일, Lotte Data Communication Company, 1000000.0, 8641.0, 1.5, 11, 3, 2, 2, 100, 2019년 4월 10일, http://www.ldcc.co.kr, Lotte+Data+Communication+Company, 
[2019-09-24 01:08:04,331][DEBUG|dayStoreAppParse.py:27] >> Bigo Live (비고라이브) – 라이브 개인방송, sg.bigo.live, 소셜, BIGO TECHNOLOGY PTE. LTD., 100000000.0, 3209601.0, 4.5, 100, 10, 6, 2, 8, 2019년 9월 23일, https://www.bigo.tv/, BIGO+TECHNOLOGY+PTE.+LTD., 
[2019-09-24 01:08:14,875][DEBUG|dayStoreAppParse.py:27] >> 삼성카드, net.ib.android.smcard, 금융, Samsung Card, 5000000.0, 17430.0, 4.2, 100, 22, 10, 5, 13, 2019년 9월 4일, https://www.samsungcard.com, Samsung+Card, 
[2019-09-24 01:08:25,368][DEBUG|dayStoreAppParse.py:27] >> VG 기업용 Web SDK, kr.co.shiftworks.vguardweb, 도구, Infraware Technology, Inc, 10000000.0, 16797.0, 3.2, 100, 43, 36, 14, 89, 2019년 7월 15일, http://www.vguard.co.kr, Infraware+Technology,+Inc, 
[2019-09-24 01:08:35,836][DEBUG|dayStoreAppParse.py:27] >> NH콕뱅크, nh.smart.nhcok, 금융, 농협BANK, 5000000.0, 19354.0, 3.7, 100, 21, 16, 10, 43, 2019년 9월 11일, http://www.nonghyup.com, %EB%86%8D%ED%98%91BANK, 
[2019-09-24 01:08:46,446][DEBUG|dayStoreAppParse.py:27] >> 라인 LINE, jp.naver.line.android, 커뮤니케이션, LINE Corporation, 500000000.0, 11420260.0, 4.1, 100, 19, 12, 6, 19, 2019년 9월 18일, http://line.me, , 4919265583026901892
[2019-09-24 01:08:56,914][DEBUG|dayStoreAppParse.py:27] >> 카카오버스, com.astroframe.seoulbus, 지도/내비게이션, Kakao Corporation, 10000000.0, 46764.0, 3.2, 100, 29, 24, 19, 81, 2019년 9월 19일, https://map.kakao.com/info/kakao_bus%20, Kakao+Corporation, 
[2019-09-24 01:09:07,302][DEBUG|dayStoreAppParse.py:27] >> 헤이딜러, +100만원 내차팔기 앱, kr.perfectree.heydealer, 자동차, PRND Corp., 1000000.0, 7570.0, 4.8, 100, 7, 1, 0, 3, 2019년 9월 23일, http://www.heydealer.com, , 8436601356185814607
[2019-09-24 01:09:17,725][DEBUG|dayStoreAppParse.py:27] >> 네이버 카페  - Naver Cafe, com.nhn.android.navercafe, 소셜, NAVER Corp., 10000000.0, 95372.0, 2.9, 81, 28, 28, 17, 100, 2019년 9월 4일, http://www.navercorp.com, , 6225315284672069550
[2019-09-24 01:09:28,072][DEBUG|dayStoreAppParse.py:27] >> 롯데카드(+앱카드), com.lcacApp, 금융, lottecard, 5000000.0, 9197.0, 3.4, 100, 29, 16, 11, 68, 2019년 9월 9일, http://www.lottecard.co.kr, lottecard, 
[2019-09-24 01:09:38,532][DEBUG|dayStoreAppParse.py:27] >> 쇼핑을 바꾸는 쇼핑. G마켓, com.ebay.kr.gmarket, 쇼핑, G마켓, 10000000.0, 70692.0, 3.6, 100, 23, 18, 9, 48, 2019년 9월 23일, http://www.gmarket.co.kr, G%EB%A7%88%EC%BC%93, 
[2019-09-24 01:09:49,069][DEBUG|dayStoreAppParse.py:27] >> 11번가, com.elevenst, 쇼핑, 11번가(주), 10000000.0, 51533.0, 3.9, 100, 33, 18, 6, 28, 2019년 9월 16일, http://www.11st.co.kr, 11%EB%B2%88%EA%B0%80%28%EC%A3%BC%29, 
[2019-09-24 01:09:59,400][DEBUG|dayStoreAppParse.py:27] >> 브랜디 - 하나사도 무/료/배/송, com.brandicorp.brandi3, 쇼핑, Brandi  Inc., 1000000.0, 3585.0, 4.7, 100, 16, 2, 0, 2, 2019년 8월 16일, https://www.brandi.co.kr, Brandi++Inc., 
[2019-09-24 01:10:09,797][DEBUG|dayStoreAppParse.py:27] >> 바이오인증 공동앱, org.kftc.fido.lnk.lnk_app, 금융, 금융결제원(KFTC), 1000000.0, 6457.0, 3.7, 100, 38, 21, 9, 41, 2019년 9월 6일, http://www.kftc.or.kr, %EA%B8%88%EC%9C%B5%EA%B2%B0%EC%A0%9C%EC%9B%90%28KFTC%29, 
[2019-09-24 01:10:20,259][DEBUG|dayStoreAppParse.py:27] >> Samsung Notes, com.samsung.android.app.notes, 생산성, Samsung Electronics Co.,  Ltd., 100000000.0, 61461.0, 4.4, 100, 15, 7, 3, 10, 2019년 2월 15일, mailto:noreply.sec@samsung.com, , 5200379633052405703
[2019-09-24 01:10:30,800][DEBUG|dayStoreAppParse.py:27] >> Cake(케이크): 영어 회화, 스피킹, 리스닝 모두 해결, me.mycake, 교육, Playlist Corporation, 1000000.0, 11937.0, 4.8, 100, 13, 1, 0, 1, 2019년 9월 19일, https://mycake.me, Playlist+Corporation, 
[2019-09-24 01:10:41,211][DEBUG|dayStoreAppParse.py:27] >> Turbo VPN –무제한 무료 VPN & 빠른 보안 프록시 접속, free.vpn.unblock.proxy.turbovpn, 도구, Innovative Connecting, 100000000.0, 3026843.0, 4.6, 100, 8, 4, 1, 6, 2019년 9월 23일, https://www.turbovpn.co, Innovative+Connecting, 
[2019-09-24 01:10:51,289][DEBUG|dayStoreAppParse.py:27] >> 잼라이브 (JAM LIVE) - 실시간 퀴즈쇼, tv.jamlive, 엔터테인먼트, SNOW Corporation, 1000000.0, 16188.0, 4.0, 100, 19, 11, 5, 24, 2019년 9월 20일, https://jamlive.tv/faq, SNOW+Corporation, 
[2019-09-24 01:11:01,626][DEBUG|dayStoreAppParse.py:27] >> 비디오 플레이어 퍼펙트 - 자막, 코덱, XPlayer, video.player.videoplayer, 동영상 플레이어/편집기, InShot Inc., 10000000.0, 454945.0, 4.7, 100, 9, 3, 1, 3, 2019년 7월 23일, mailto:cameras.ideas@gmail.com, InShot+Inc., 
[2019-09-24 01:11:12,054][DEBUG|dayStoreAppParse.py:27] >> 스타벅스, com.starbucks.co, 식음료, (주)스타벅스커피 코리아, 5000000.0, 15950.0, 4.0, 100, 25, 11, 6, 23, 2019년 9월 10일, http://www.istarbucks.co.kr, %28%EC%A3%BC%29%EC%8A%A4%ED%83%80%EB%B2%85%EC%8A%A4%EC%BB%A4%ED%94%BC+%EC%BD%94%EB%A6%AC%EC%95%84, 
[2019-09-24 01:11:22,554][DEBUG|dayStoreAppParse.py:27] >> SSG.COM, kr.co.ssg, 쇼핑, SSG.COM, 5000000.0, 6476.0, 3.0, 96, 31, 18, 12, 100, 2019년 9월 3일, http://m.ssg.com, SSG.COM, 
[2019-09-24 01:11:32,686][DEBUG|dayStoreAppParse.py:27] >> 마켓컬리-내일의 장보기, com.dbs.kurly.m2, 식음료, (주)컬리, 1000000.0, 1561.0, 3.8, 100, 28, 14, 3, 38, 2019년 9월 19일, http://market.kurly.com/, %28%EC%A3%BC%29%EC%BB%AC%EB%A6%AC, 
[2019-09-24 01:11:43,168][DEBUG|dayStoreAppParse.py:27] >> Smule - 최고의 노래 어플, com.smule.singandroid, 음악/오디오, Smule, 100000000.0, 3638536.0, 4.1, 100, 16, 11, 5, 18, 2019년 9월 16일, http://www.smule.com, Smule, 
[2019-09-24 01:11:53,663][DEBUG|dayStoreAppParse.py:27] >> 첫화면 날씨 - 실시간 날씨, 미세먼지, 일기 예보, WHO기준, com.firstscreen.weather, 날씨, FirstScreenTeam, 1000000.0, 6911.0, 4.2, 100, 23, 14, 4, 13, 2019년 9월 16일, mailto:firstscreenapp@gmail.com, FirstScreenTeam, 
[2019-09-24 01:12:04,105][DEBUG|dayStoreAppParse.py:27] >> CJmall, com.cjoshppingphone, 쇼핑, CJ ENM, 10000000.0, 22449.0, 4.0, 100, 42, 18, 5, 23, 2019년 9월 9일, http://www.cjmall.com, CJ+ENM, 
[2019-09-24 01:12:14,593][DEBUG|dayStoreAppParse.py:27] >> SBS - 온에어, VOD 7만편 무료, kr.co.sbs.videoplayer, 동영상 플레이어/편집기, SBS I&M Co., Ltd., 5000000.0, 10894.0, 3.6, 100, 19, 13, 8, 47, 2019년 9월 5일, http://www.sbs.co.kr, SBS+I%26M+Co.,+Ltd., 
[2019-09-24 01:12:25,049][DEBUG|dayStoreAppParse.py:27] >> Galaxy Wearable (Samsung Gear), com.samsung.android.app.watchmanager, 도구, Samsung Electronics Co.,  Ltd., 100000000.0, 691055.0, 4.6, 100, 22, 4, 1, 3, 2019년 9월 23일, http://www.samsung.com/support/, , 5200379633052405703
[2019-09-24 01:12:35,604][DEBUG|dayStoreAppParse.py:27] >> 폴라리스 오피스 - 무료 한글, 오피스 문서 + PDF,  텍스트 뷰어, com.infraware.office.link, 생산성, Infraware Inc., 50000000.0, 560414.0, 4.0, 100, 28, 12, 6, 25, 2019년 9월 4일, https://www.polarisoffice.com, Infraware+Inc., 
[2019-09-24 01:12:46,050][DEBUG|dayStoreAppParse.py:27] >> LG 모바일 스위치 (보내기), com.lge.mobilemigration, 도구, LG Electronics, Inc., 5000000.0, 7021.0, 3.4, 100, 17, 11, 8, 66, 2019년 5월 22일, http://www.lge.com, , 6033443741999759446
[2019-09-24 01:12:56,531][DEBUG|dayStoreAppParse.py:27] >> VivaVideo - 동영상 편집 어플 & 무비메이커, com.quvideo.xiaoying, 동영상 플레이어/편집기, QuVideo Inc. Best Video Editor & Video Maker App, 100000000.0, 11010493.0, 4.6, 100, 16, 6, 1, 5, 2019년 9월 12일, http://www.vivavideo.tv, , 8999952960853938956
[2019-09-24 01:13:06,988][DEBUG|dayStoreAppParse.py:27] >> 정부24(구 민원24), kr.go.minwon.m, 생산성, 대한민국 행정안전부, 1000000.0, 4272.0, 2.5, 48, 12, 11, 5, 100, 2019년 7월 31일, http://www.gov.kr, %EB%8C%80%ED%95%9C%EB%AF%BC%EA%B5%AD+%ED%96%89%EC%A0%95%EC%95%88%EC%A0%84%EB%B6%80, 
[2019-09-24 01:13:17,335][DEBUG|dayStoreAppParse.py:27] >> 맥도날드, com.mcdonalds.mobileapp, 식음료, McDonald's Apps, 10000000.0, 123384.0, 3.6, 100, 20, 9, 5, 47, 2019년 9월 12일, mailto:mcdonaldsglobalmobileapp@gmail.com, McDonald%27s+Apps, 
[2019-09-24 01:13:27,810][DEBUG|dayStoreAppParse.py:27] >> 스푼 라디오 - LIVE방송 BJ소통, co.spoonme, 음악/오디오, Spoon Radio_Mykoon, 5000000.0, 93128.0, 4.4, 100, 17, 8, 2, 10, 2019년 9월 23일, http://www.spooncast.net/, Spoon+Radio_Mykoon, 
[2019-09-24 01:13:38,149][DEBUG|dayStoreAppParse.py:27] >> 트위터, com.twitter.android, 뉴스/잡지, Twitter, Inc., 500000000.0, 13431023.0, 4.5, 100, 21, 4, 2, 7, 2019년 9월 16일, https://support.twitter.com/articles/20169915, Twitter,+Inc., 
[2019-09-24 01:13:48,636][DEBUG|dayStoreAppParse.py:27] >> 숫자로 색칠하기 - 무료 색칠 공부 및 퍼즐 게임, paint.by.number.pixel.art.coloring.drawing.puzzle, 엔터테인먼트, Better Life - Color and Draw, 10000000.0, 453619.0, 4.6, 100, 15, 5, 1, 4, 2019년 9월 21일, https://paint.dailyinnovation.biz/, , 8186440931703540103
[2019-09-24 01:13:59,029][DEBUG|dayStoreAppParse.py:27] >> 카카오페이지 KakaoPage, com.kakao.page, 도서/참고자료, Kakao Page Corp., 10000000.0, 101774.0, 3.4, 100, 34, 30, 18, 56, 2019년 8월 27일, mailto:support@kakaopage.com, Kakao+Page+Corp., 
[2019-09-24 01:14:09,432][DEBUG|dayStoreAppParse.py:27] >> 다이소 멤버십, com.uxlayer.wipoint, 라이프스타일, Asung Daiso, 1000000.0, 6015.0, 3.8, 100, 38, 25, 7, 30, 2019년 8월 29일, http://www.daiso.co.kr/, Asung+Daiso, 
[2019-09-24 01:14:20,058][DEBUG|dayStoreAppParse.py:27] >> 올원뱅크(All One Bank), nh.smart.allonebank, 금융, 농협BANK, 1000000.0, 4196.0, 4.0, 100, 17, 11, 6, 23, 2019년 9월 6일, http://m.nonghyup.com, %EB%86%8D%ED%98%91BANK, 
[2019-09-24 01:14:30,536][DEBUG|dayStoreAppParse.py:27] >> 신한카드, com.shinhancard.smartshinhan, 금융, SHINHANCARD, 5000000.0, 23147.0, 3.9, 100, 23, 14, 5, 30, 2019년 9월 3일, http://www.shinhancard.com, SHINHANCARD, 
[2019-09-24 01:14:41,046][DEBUG|dayStoreAppParse.py:27] >> 밀리의 서재 - 독서와 무제한 친해지리, kr.co.millie.millieshelf, 도서/참고자료, 밀리의서재, 500000.0, 5072.0, 4.3, 100, 32, 7, 3, 13, 2019년 9월 5일, http://www.millie.co.kr/, %EB%B0%80%EB%A6%AC%EC%9D%98%EC%84%9C%EC%9E%AC, 
[2019-09-24 01:14:51,477][DEBUG|dayStoreAppParse.py:27] >> 키네마스터(KineMaster) - 동영상 편집기, com.nexstreaming.app.kinemasterfree, 동영상 플레이어/편집기, KineMaster Corporation, 100000000.0, 1838445.0, 4.4, 100, 15, 7, 3, 9, 2019년 9월 11일, http://www.kinemaster.com, KineMaster+Corporation, 
[2019-09-24 01:15:01,600][DEBUG|dayStoreAppParse.py:27] >> 컬러노트 메모장 - 노트 메모 위젯, com.socialnmobile.dictapps.notepad.color.note, 생산성, Notes, 100000000.0, 2688583.0, 4.8, 100, 15, 2, 0, 0, 2019년 9월 16일, http://www.colornote.com, Notes, 
[2019-09-24 01:15:12,060][DEBUG|dayStoreAppParse.py:27] >> 알바몬 - 알바 채용 구인구직 취업정보검색, com.albamon.app, 비즈니스, 잡코리아, 5000000.0, 11994.0, 3.3, 100, 35, 35, 22, 63, 2019년 9월 20일, http://www.jobkorea.co.kr, %EC%9E%A1%EC%BD%94%EB%A6%AC%EC%95%84, 
[2019-09-24 01:15:22,321][DEBUG|dayStoreAppParse.py:27] >> Security & Antivirus, com.clean_antivirus.security.master.booster, 도구, Phone Protection, 1000000.0, 5020.0, 4.3, 100, 20, 8, 4, 11, 2019년 8월 31일, mailto:yehudiwoodrow@outlook.com, Phone+Protection, 
[2019-09-24 01:15:32,871][DEBUG|dayStoreAppParse.py:27] >> 캐시슬라이드 스텝업 - 걸음에 혜택을 더하다, com.nbt.moves, 건강/운동, NBT Inc., 1000000.0, 53889.0, 4.5, 100, 19, 9, 2, 5, 2019년 9월 4일, http://site.cashslide.co.kr/, , 6291932751292243925
[2019-09-24 01:15:43,236][DEBUG|dayStoreAppParse.py:27] >> OK캐쉬백 [즐거움이 포인트다], com.skmc.okcashbag.home_google, 라이프스타일, SK Planet (SK플래닛), 10000000.0, 34881.0, 3.5, 100, 41, 28, 11, 53, 2019년 9월 6일, http://www.okcashbag.com, SK+Planet+%28SK%ED%94%8C%EB%9E%98%EB%8B%9B%29, 
[2019-09-24 01:15:53,566][DEBUG|dayStoreAppParse.py:27] >> 티비다시보기무료어플-스마일티비, com.naversite.vio, 엔터테인먼트, 스마일티비, 100000.0, 4541.0, 4.7, 100, 15, 4, 0, 4, 2019년 9월 3일, mailto:soriapp79@gmail.com, %EC%8A%A4%EB%A7%88%EC%9D%BC%ED%8B%B0%EB%B9%84, 
[2019-09-24 01:16:04,046][DEBUG|dayStoreAppParse.py:27] >> Bill Letter, com.skt.smartbill, 라이프스타일, SKTelecom, 10000000.0, 18840.0, 4.0, 100, 31, 18, 6, 24, 2019년 8월 29일, http://www.sktelecom.com, SKTelecom, 
[2019-09-24 01:16:14,427][DEBUG|dayStoreAppParse.py:27] >> Twitch: 리그 오브 레전드, Hearthstone, MMO 게임 스트리밍 라이브 시청, tv.twitch.android.app, 엔터테인먼트, Twitch Interactive, Inc., 50000000.0, 2704053.0, 4.6, 100, 13, 3, 1, 6, 2019년 9월 19일, http://www.twitch.tv, Twitch+Interactive,+Inc., 
[2019-09-24 01:16:24,826][DEBUG|dayStoreAppParse.py:27] >> 에버랜드, com.samsung.everland.android.mobileApp, 엔터테인먼트, 에버랜드리조트, 1000000.0, 6378.0, 4.3, 100, 16, 7, 4, 13, 2019년 9월 4일, http://www.everland.com, %EC%97%90%EB%B2%84%EB%9E%9C%EB%93%9C%EB%A6%AC%EC%A1%B0%ED%8A%B8, 
[2019-09-24 01:16:34,833][DEBUG|dayStoreAppParse.py:27] >> U+모바일tv-실시간TV,TV다시보기,최신영화, com.uplus.onphone, 동영상 플레이어/편집기, LG유플러스(LG Uplus Corporation), 10000000.0, 70665.0, 3.3, 100, 27, 21, 12, 77, 2019년 9월 2일, http://uplus.co.kr, LG%EC%9C%A0%ED%94%8C%EB%9F%AC%EC%8A%A4%28LG+Uplus+Corporation%29, 
[2019-09-24 01:16:45,287][DEBUG|dayStoreAppParse.py:27] >> Magikoly–만화 필터, 페이스앱, 페이스 에디터, 얼굴 노화, 성별 전환, 인종 분석, faceapp.magikoly.exploreandhavefun, 사진, Chichong Studio, 5000000.0, 44852.0, 4.0, 100, 2, 1, 1, 33, 2019년 9월 18일, mailto:magikoly.official@gmail.com, Chichong+Studio, 
[2019-09-24 01:16:55,697][DEBUG|dayStoreAppParse.py:27] >> PicsArt Photo Editor: 콜라주 메이커 & 사진 편집기, com.picsart.studio, 사진, PicsArt, 500000000.0, 8462115.0, 4.3, 100, 15, 6, 3, 12, 2019년 9월 23일, https://picsart.com, , 5408830062919995155
[2019-09-24 01:17:06,180][DEBUG|dayStoreAppParse.py:27] >> 모바일지로, kr.or.giro.android, 금융, 금융결제원(KFTC), 1000000.0, 3371.0, 4.2, 100, 25, 10, 0, 18, 2019년 9월 9일, http://www.kftc.or.kr, %EA%B8%88%EC%9C%B5%EA%B2%B0%EC%A0%9C%EC%9B%90%28KFTC%29, 
[2019-09-24 01:17:16,634][DEBUG|dayStoreAppParse.py:27] >> H.Point-현대백화점그룹, kr.co.hpoint.hdgm, 라이프스타일, HYUNDAI DEPARTMENT STORE CO.,LTD, 1000000.0, 3442.0, 3.9, 100, 23, 14, 7, 29, 2019년 8월 22일, https://www.h-point.co.kr, HYUNDAI+DEPARTMENT+STORE+CO.,LTD, 
[2019-09-24 01:17:27,000][DEBUG|dayStoreAppParse.py:27] >> WeChat, com.tencent.mm, 커뮤니케이션, WeChat, 100000000.0, 5558002.0, 3.9, 100, 14, 10, 5, 33, 2019년 7월 19일, http://www.wechat.com, WeChat, 
[2019-09-24 01:17:37,497][DEBUG|dayStoreAppParse.py:27] >> B tv plus, com.skb.smartrc, 엔터테인먼트, SK broadband, 1000000.0, 3969.0, 3.0, 100, 25, 25, 16, 98, 2019년 9월 11일, http://www.skbroadband.com/customer/guide/Page.do?retUrl=/customer/guide/BtvPlus, SK+broadband, 
[2019-09-24 01:17:47,804][DEBUG|dayStoreAppParse.py:27] >> Fast RAM Cleaner, com.karolinaaleksandrova.fastramcleaner, 도구, karolinaaleksandrova, 100000.0, 775.0, 4.3, 100, 11, 9, 1, 16, 2019년 9월 16일, mailto:aleksandrovakarolina62@gmail.com, karolinaaleksandrova, 
[2019-09-24 01:17:58,283][DEBUG|dayStoreAppParse.py:27] >> 0한동, com.sktelecom.ytpoc, 라이프스타일, SKTelecom, 500000.0, 471.0, 3.9, 100, 28, 12, 10, 28, 2019년 8월 16일, http://www.younghandong.com, SKTelecom, 
[2019-09-24 01:18:08,341][DEBUG|dayStoreAppParse.py:27] >> NS홈쇼핑, com.nsmobilehub, 쇼핑, NSMall, 5000000.0, 10537.0, 3.6, 100, 33, 19, 8, 50, 2019년 8월 21일, http://www.nsmall.com, NSMall, 
[2019-09-24 01:18:18,723][DEBUG|dayStoreAppParse.py:27] >> Mi Fit, com.xiaomi.hm.health, 건강/운동, Anhui Huami Information Technology Co.,Ltd., 10000000.0, 456806.0, 3.7, 100, 29, 18, 12, 39, 2019년 9월 17일, mailto:huami.tech@gmail.com, Anhui+Huami+Information+Technology+Co.,Ltd., 
[2019-09-24 01:18:29,090][DEBUG|dayStoreAppParse.py:27] >> SK스토아 (SK가 만든 TV쇼핑, SK stoa), sk.com.shopping, 쇼핑, SK스토아, 1000000.0, 830.0, 3.7, 100, 29, 21, 3, 41, 2019년 8월 7일, http://www.skstoa.com, SK%EC%8A%A4%ED%86%A0%EC%95%84, 
[2019-09-24 01:18:40,156][DEBUG|dayStoreAppParse.py:27] >> 똑똑계산기 - 무료 다용도 계산기, com.dencreak.dlcalculator, 생산성, Cleveni Inc., 10000000.0, 261375.0, 4.6, 100, 24, 6, 1, 2, 2019년 8월 10일, http://www.cleveni.com/clevcalc, Cleveni+Inc., 
[2019-09-24 01:18:50,587][DEBUG|dayStoreAppParse.py:27] >> 전국 스마트 버스, teamdoppelganger.smarterbus, 지도/내비게이션, TeamDoppelGanger, 5000000.0, 29547.0, 4.1, 100, 27, 12, 5, 21, 2019년 9월 9일, http://www.doppelsoft.net/, TeamDoppelGanger, 
[2019-09-24 01:19:00,871][DEBUG|dayStoreAppParse.py:27] >> Rush Wars Wallpapers, com.Gaya.RushWarsWallpaper, 도서/참고자료, Gaya, 10000.0, 357.0, 2.2, 40, 0, 1, 2, 100, 2019년 9월 7일, mailto:contact01gaya@gmail.com, Gaya, 
[2019-09-24 01:19:11,255][DEBUG|dayStoreAppParse.py:27] >> CJ ONE, kr.co.ivlog.mobile.app.cjonecard, 라이프스타일, CJ OliveNetworks Co.ltd, 5000000.0, 23158.0, 3.8, 100, 38, 16, 8, 38, 2019년 9월 4일, http://www.cjone.com, CJ+OliveNetworks+Co.ltd, 
[2019-09-24 01:19:21,564][DEBUG|dayStoreAppParse.py:27] >> wavve(웨이브) - 재미의 파도를 타다!, kr.co.captv.pooqV2, 엔터테인먼트, wavve, 5000000.0, 28042.0, 2.3, 37, 14, 18, 13, 100, 2019년 9월 20일, http://www.wavve.com, wavve, 
[2019-09-24 01:19:31,950][DEBUG|dayStoreAppParse.py:27] >> 스마트주택금융, kr.go.hf.hfappandroid, 금융, 한국주택금융공사, 1000000.0, 1432.0, 2.4, 46, 12, 7, 11, 100, 2019년 9월 17일, http://www.hf.go.kr, %ED%95%9C%EA%B5%AD%EC%A3%BC%ED%83%9D%EA%B8%88%EC%9C%B5%EA%B3%B5%EC%82%AC, 
[2019-09-24 01:19:42,386][DEBUG|dayStoreAppParse.py:27] >> VG 기업용 SDK 2.0, kr.co.ittech.bank, 도구, Infraware Technology, Inc, 1000000.0, 1483.0, 2.8, 70, 18, 10, 3, 100, 2019년 6월 25일, http://www.vguard.co.kr, Infraware+Technology,+Inc, 
[2019-09-24 01:19:52,793][DEBUG|dayStoreAppParse.py:27] >> CGV, com.cgv.android.movieapp, 엔터테인먼트, CJ CGV, 10000000.0, 46522.0, 3.9, 100, 25, 12, 4, 29, 2019년 9월 20일, http://www.cgv.co.kr, CJ+CGV, 
[2019-09-24 01:20:02,964][DEBUG|dayStoreAppParse.py:27] >> Samsung Smart Switch Mobile, com.sec.android.easyMover, 도구, Samsung Electronics Co.,  Ltd., 100000000.0, 181053.0, 4.4, 100, 14, 6, 3, 11, 2019년 9월 10일, http://www.samsung.com/us/smartswitch, , 5200379633052405703
[2019-09-24 01:20:13,389][DEBUG|dayStoreAppParse.py:27] >> 네이버 - NAVER, com.nhn.android.search, 도서/참고자료, NAVER Corp., 50000000.0, 456058.0, 3.8, 100, 20, 13, 7, 37, 2019년 9월 18일, http://www.navercorp.com, , 6225315284672069550
[2019-09-24 01:20:23,939][DEBUG|dayStoreAppParse.py:27] >> 배달요기요, com.fineapp.yogiyo, 식음료, yogiyo, 10000000.0, 106256.0, 4.1, 100, 11, 4, 2, 24, 2019년 9월 9일, http://www.yogiyo.co.kr, yogiyo, 
[2019-09-24 01:20:34,357][DEBUG|dayStoreAppParse.py:27] >> 카카오톡 KakaoTalk, com.kakao.talk, 커뮤니케이션, Kakao Corporation, 100000000.0, 2737802.0, 4.1, 100, 22, 11, 4, 18, 2019년 9월 19일, http://www.kakao.com/talk, Kakao+Corporation, 
[2019-09-24 01:20:44,760][DEBUG|dayStoreAppParse.py:27] >> 토스, viva.republica.toss, 금융, Viva Republica, 10000000.0, 111620.0, 4.2, 100, 16, 8, 4, 19, 2019년 9월 21일, https://toss.im, , 4939974231902229320
[2019-09-24 01:20:55,142][DEBUG|dayStoreAppParse.py:27] >> 당근마켓 - 우리 동네 중고 직거래 벼룩장터, com.towneers.www, 쇼핑, 당근마켓, 5000000.0, 31289.0, 4.6, 100, 18, 4, 1, 5, 2019년 9월 7일, https://www.daangn.com/, %EB%8B%B9%EA%B7%BC%EB%A7%88%EC%BC%93, 
[2019-09-24 01:21:05,209][DEBUG|dayStoreAppParse.py:27] >> 배달의민족, com.sampleapp, 식음료, WoowaBrothers, 10000000.0, 174337.0, 4.1, 100, 22, 5, 1, 26, 2019년 9월 23일, http://www.baemin.com, WoowaBrothers, 
[2019-09-24 01:21:15,592][DEBUG|dayStoreAppParse.py:27] >> 음악바다 - 빠른 음악다운 플레이, com.getplay.m201905, 라이프스타일, Life Free 365, 500000.0, 4820.0, 4.7, 100, 8, 1, 1, 2, 2019년 9월 11일, mailto:planbee1579@gmail.com, Life+Free+365, 
[2019-09-24 01:21:26,181][DEBUG|dayStoreAppParse.py:27] >> Instagram, com.instagram.android, 소셜, Instagram, 1000000000.0, 86076458.0, 4.4, 100, 14, 6, 2, 9, 2019년 9월 19일, http://help.instagram.com/, Instagram, 
[2019-09-24 01:21:36,272][DEBUG|dayStoreAppParse.py:27] >> 카카오 T - 택시, 대리운전, 주차, 내비, 카풀, 바이크, com.kakao.taxi, 지도/내비게이션, Kakao Mobility Corp., 10000000.0, 86745.0, 4.4, 100, 11, 3, 2, 12, 2019년 8월 29일, http://service.kakaomobility.com/kakaot, Kakao+Mobility+Corp., 
[2019-09-24 01:21:46,794][DEBUG|dayStoreAppParse.py:27] >> V3 Mobile Plus 2.0, com.ahnlab.v3mobileplus, 도구, AhnLab Inc., 50000000.0, 95054.0, 3.1, 100, 29, 18, 7, 98, 2019년 8월 28일, http://www.ahnlab.com, AhnLab+Inc., 
[2019-09-24 01:21:57,338][DEBUG|dayStoreAppParse.py:27] >> 네이버 지도, 내비게이션, com.nhn.android.nmap, 여행 및 지역정보, NAVER Corp., 10000000.0, 152553.0, 4.2, 100, 25, 10, 4, 18, 2019년 9월 9일, http://www.navercorp.com, , 6225315284672069550
[2019-09-24 01:22:07,862][DEBUG|dayStoreAppParse.py:27] >> Wish - 쇼핑은 즐겁다, com.contextlogic.wish, 쇼핑, Wish Inc., 100000000.0, 8200841.0, 4.4, 100, 22, 7, 2, 11, 2019년 9월 17일, http://www.wish.com, Wish+Inc., 
[2019-09-24 01:22:18,287][DEBUG|dayStoreAppParse.py:27] >> 비트윈 Between, kr.co.vcnc.android.couple, 소셜, VCNC, 10000000.0, 476045.0, 4.7, 100, 12, 3, 1, 2, 2019년 4월 8일, https://between.us, , 6050963813160412198
[2019-09-24 01:22:28,734][DEBUG|dayStoreAppParse.py:27] >> 산타토익 - 비인간적 점수상승, co.riiid.vida, 교육, Riiid!, 500000.0, 2465.0, 3.5, 100, 78, 56, 20, 49, 2019년 9월 23일, http://www.riiid.co/, Riiid!, 
[2019-09-24 01:22:39,058][DEBUG|dayStoreAppParse.py:27] >> FutureMe Face App - 얼굴 앱 에이징, 팜 스캐너, 얼굴 스왑, com.future.me.palmreader, 엔터테인먼트, Step Dev Team, 100000.0, 4767.0, 3.5, 100, 7, 3, 2, 56, 2019년 9월 7일, mailto:futuredevcontacts@gmail.com, Step+Dev+Team, 
[2019-09-24 01:22:49,047][DEBUG|dayStoreAppParse.py:27] >> 미프 - 한국을 사랑하는 외국인 친구 만나기, com.noyesrun.meeff.kr, 소셜, noyesrun, 1000000.0, 28654.0, 3.9, 100, 29, 20, 10, 25, 2019년 9월 16일, http://www.noyesrun.com, noyesrun, 
[2019-09-24 01:22:59,445][DEBUG|dayStoreAppParse.py:27] >> Magikoly–만화 필터, 페이스앱, 페이스 에디터, 얼굴 노화, 성별 전환, 인종 분석, faceapp.magikoly.exploreandhavefun, 사진, Chichong Studio, 5000000.0, 44897.0, 4.0, 100, 2, 1, 1, 33, 2019년 9월 18일, mailto:magikoly.official@gmail.com, Chichong+Studio, 
[2019-09-24 01:23:09,896][DEBUG|dayStoreAppParse.py:27] >> 연애의 과학 - 심리학 연애팁과 심리 테스트, com.scatterlab.sol, 엔터테인먼트, Scatter Lab, Inc., 1000000.0, 2340.0, 3.7, 100, 35, 22, 13, 39, 2019년 8월 26일, http://scienceoflove.co.kr/invite/home.html, Scatter+Lab,+Inc., 
[2019-09-24 01:23:20,421][DEBUG|dayStoreAppParse.py:27] >> iTranslate 번역 - 번역기 & 사전, at.nk.tools.iTranslate, 생산성, iTranslate, 10000000.0, 302194.0, 3.9, 100, 15, 6, 3, 35, 2019년 9월 20일, https://www.itranslate.com/, , 9134966397852256976
[2019-09-24 01:23:30,912][DEBUG|dayStoreAppParse.py:27] >> 미스터블루 – 무료 웹툰 소설 만화 감상앱, com.mrblue.mrblue, 만화, Mr. Blue Corporation, 1000000.0, 6460.0, 3.6, 100, 34, 21, 15, 47, 2019년 9월 3일, http://m.mrblue.com, Mr.+Blue+Corporation, 
[2019-09-24 01:23:41,317][DEBUG|dayStoreAppParse.py:27] >> Dropbox, com.dropbox.android, 생산성, Dropbox, Inc., 500000000.0, 1907383.0, 4.3, 100, 18, 8, 3, 14, 2019년 9월 11일, https://www.dropbox.com, Dropbox,+Inc., 
[2019-09-24 01:23:51,921][DEBUG|dayStoreAppParse.py:27] >> 최애돌♡ - 아이돌 순위 / 스케줄 / 퀴즈, net.ib.mn, 엔터테인먼트, ExodusEnt., 1000000.0, 114850.0, 4.7, 100, 9, 3, 1, 3, 2019년 9월 20일, http://www.myloveidol.com, , 8737683101952824607
[2019-09-24 01:24:02,166][DEBUG|dayStoreAppParse.py:27] >> Iron Play, com.ironplay.wll.sf, 도구, Tan Lizhen, 10000.0, 56.0, 1.7, 20, 2, 2, 0, 100, 2019년 5월 14일, mailto:LIzhenLiu900828@gmail.com, Tan+Lizhen, 
[2019-09-24 01:24:12,595][DEBUG|dayStoreAppParse.py:27] >> 투믹스 - 웹툰 (무료웹툰/인기만화), com.toomics.zzamtoon.google, 만화, (주)투믹스, 1000000.0, 4956.0, 2.2, 29, 10, 16, 14, 100, 2019년 7월 10일, http://www.toomics.com, %28%EC%A3%BC%29%ED%88%AC%EB%AF%B9%EC%8A%A4, 
[2019-09-24 01:24:22,884][DEBUG|dayStoreAppParse.py:27] >> Blued - 게이 데이팅 & 라이브 앱, com.blued.international, 소셜, Blue City Holdings Co., Ltd., 10000000.0, 111243.0, 4.2, 100, 14, 9, 4, 16, 2019년 9월 17일, http://www.blued.com, Blue+City+Holdings+Co.,+Ltd., 
[2019-09-24 01:24:33,478][DEBUG|dayStoreAppParse.py:27] >> 잡플래닛-2019년 일하기 좋은 기업은 어디?, com.jobplanet.kr.android, 비즈니스, Braincommerce, 500000.0, 2031.0, 3.2, 100, 41, 23, 22, 79, 2019년 9월 23일, https://www.jobplanet.co.kr, Braincommerce, 
[2019-09-24 01:24:44,035][DEBUG|dayStoreAppParse.py:27] >> 1km - 동네 친구, 소모임, 이성만남, emotion.onekm, 데이트, malang, 5000000.0, 29450.0, 4.2, 100, 31, 20, 4, 14, 2019년 8월 28일, http://www.1km.co.kr, malang, 
[2019-09-24 01:24:54,663][DEBUG|dayStoreAppParse.py:27] >> 폴라리스 오피스 - 무료 한글, 오피스 문서 + PDF,  텍스트 뷰어, com.infraware.office.link, 생산성, Infraware Inc., 50000000.0, 560414.0, 4.0, 100, 28, 12, 6, 25, 2019년 9월 4일, https://www.polarisoffice.com, Infraware+Inc., 
[2019-09-24 01:25:05,143][DEBUG|dayStoreAppParse.py:27] >> 세이클럽 미니 - 대화, 무료채팅, 친구찾기, com.scs.android.chattalk, 커뮤니케이션, Sayclub, 1000000.0, 7619.0, 3.5, 100, 13, 12, 6, 52, 2019년 9월 18일, http://www.sayclub.com, Sayclub, 
[2019-09-24 01:25:13,493][DEBUG|dayStoreAppParse.py:161] >> Good Bye Parser! 
 
