[2019-07-22 14:30:14,558][DEBUG|dayStoreAppParse.py:63] >>  
 Hello Parser! 
[2019-07-22 14:30:26,833][DEBUG|dayStoreAppParse.py:23] >> Camera Mute (Silent Mode/All Mute Mode), jp.sisyou.kumikashi.mutedefaultcamera, 사진, MICK TOOLS JAPAN, 10000.0, 209.0, 0, 0, 0, 0, 0, 0, 2019년 2월 3일, https://camera-mute-for-android.blogspot.com/, MICK+TOOLS+JAPAN, 
[2019-07-22 14:30:40,252][DEBUG|dayStoreAppParse.py:23] >> 심플 갤러리 Pro, com.simplemobiletools.gallery.pro, 사진, Simple Mobile Tools, 100000.0, 14748.0, 4.6, 100, 15, 4, 1, 3, 2019년 7월 15일, https://simplemobiletools.com, , 9070296388022589266
[2019-07-22 14:30:54,517][DEBUG|dayStoreAppParse.py:23] >> Poweramp Full Version Unlocker, com.maxmpz.audioplayer.unlock, 음악/오디오, Max MP, 1000000.0, 254565.0, 4.5, 100, 12, 4, 3, 7, 2018년 12월 6일, http://powerampapp.com, Max+MP, 
[2019-07-22 14:31:06,091][DEBUG|dayStoreAppParse.py:23] >> Nova Launcher Prime, com.teslacoilsw.launcher.prime, 맞춤 설정, TeslaCoil Software, 1000000.0, 320245.0, 4.8, 100, 10, 2, 0, 1, 2019년 1월 18일, http://novalauncher.com, TeslaCoil+Software, 
[2019-07-22 14:31:17,112][DEBUG|dayStoreAppParse.py:23] >> 무음모드Pro, jp.snowlife01.android.mutecamera, 사진, HDM Dev Team, 10000.0, 387.0, 4.7, 100, 11, 2, 2, 4, 2019년 7월 8일, mailto:ifeeqp2002@gmail.com, , 8144560920157160997
[2019-07-22 14:31:29,825][DEBUG|dayStoreAppParse.py:23] >> Video & TV SideView, com.sony.tvsideview.dtcpplayer, 동영상 플레이어/편집기, Sony Home Entertainment & Sound Products Inc., 100000.0, 1571.0, 0, 0, 0, 0, 0, 0, 2019년 4월 8일, http://info.tvsideview.sony.net, Sony+Home+Entertainment+%26+Sound+Products+Inc., 
[2019-07-22 14:31:42,051][DEBUG|dayStoreAppParse.py:23] >> 이지 보이스 레코더 프로, com.digipom.easyvoicerecorder.pro, 생산성, Digipom, 100000.0, 18493.0, 4.7, 100, 16, 3, 1, 1, 2019년 5월 28일, http://www.digipom.com/, , 8524844809417490477
[2019-07-22 14:31:56,855][DEBUG|dayStoreAppParse.py:23] >> MX 플레이어 Pro, com.mxtech.videoplayer.pro, 동영상 플레이어/편집기, J2 Interactive, 1000000.0, 111655.0, 4.7, 100, 10, 2, 1, 3, 2019년 6월 27일, https://sites.google.com/site/mxvpen/, J2+Interactive, 
[2019-07-22 14:32:17,475][DEBUG|dayStoreAppParse.py:23] >> 스마트 알람 (알람 시계), jp.tanyu.SmartAlarm, 라이프스타일, TanyuSoft, 50000.0, 2866.0, 4.5, 100, 21, 6, 3, 4, 2019년 3월 23일, http://www.smartsense.co.jp/, TanyuSoft, 
[2019-07-22 14:32:32,457][DEBUG|dayStoreAppParse.py:23] >> 자동 음소거 모드 (기본 카메라 사용), jp.sisyou.kumikashi.allmutemode, 맞춤 설정, MICK TOOLS JAPAN, 10000.0, 735.0, 4.6, 100, 9, 3, 3, 4, 2019년 2월 3일, http://camera-mute-for-android.blogspot.com/, MICK+TOOLS+JAPAN, 
[2019-07-22 14:32:45,114][DEBUG|dayStoreAppParse.py:23] >> ACR License, com.nll.acr.license, 생산성, NLL, 500000.0, 29398.0, 3.9, 100, 19, 9, 7, 31, 2018년 1월 30일, http://nllapps.com/apps/acr, , 8530342249973296088
[2019-07-22 14:32:57,992][DEBUG|dayStoreAppParse.py:23] >> SPI非言語 【Study Pro】, studypro.spi.higengo, 교육, Study Pro, 10000.0, 284.0, 0, 0, 0, 0, 0, 0, 2016년 6월 2일, http://saisokuspi.com/smartPhone/support/, Study+Pro, 
[2019-07-22 14:33:11,951][DEBUG|dayStoreAppParse.py:23] >> ATOK (日本語入力システム), com.justsystems.atokmobile.service, 생산성, JustSystems Corporation, 100000.0, 11110.0, 0, 0, 0, 0, 0, 0, 2019년 4월 18일, http://www.justsystems.com/jp/products/atok_android/m/, , 7699838077545555058
[2019-07-22 14:33:23,747][DEBUG|dayStoreAppParse.py:23] >>  - Help me Travel, com.bilingirl.helpmetravel, 여행 및 지역정보, Unicorn Creations, 1000.0, 34.0, 0, 0, 0, 0, 0, 0, 2019년 6월 5일, https://twitter.com/chika_english, Unicorn+Creations, 
[2019-07-22 14:34:04,280][DEBUG|dayStoreAppParse.py:23] >> Tasker, net.dinglisch.android.taskerm, 도구, joaomgcd, 1000000.0, 44955.0, 4.6, 100, 17, 5, 2, 5, 2019년 5월 13일, https://tasker.joaoapps.com/dl, , 8102570190170276456
[2019-07-22 14:34:16,142][DEBUG|dayStoreAppParse.py:23] >> ContactsX - Dialer & Contacts, jp.com.snow.contactsxpro, 커뮤니케이션, Snow Technology, 10000.0, 1063.0, 0, 0, 0, 0, 0, 0, 2019년 6월 15일, http://snow-technolog.main.jp/support/, Snow+Technology, 
[2019-07-22 14:34:29,564][DEBUG|dayStoreAppParse.py:23] >> CamScanner (License), com.intsig.lic.camscanner, 생산성, INTSIG, 500000.0, 28385.0, 4.4, 100, 24, 6, 3, 10, 2014년 1월 17일, http://www.camscanner.net, INTSIG, 
[2019-07-22 14:34:46,083][DEBUG|dayStoreAppParse.py:23] >> Onkyo HF Player Unlocker, com.onkyo.jp.hfplayer_unlocker, 음악/오디오, Onkyo Corporation, 10000.0, 786.0, 4.1, 100, 27, 12, 7, 19, 2017년 9월 7일, http://www.onkyo.com/, Onkyo+Corporation, 
[2019-07-22 14:35:05,869][DEBUG|dayStoreAppParse.py:23] >>  , jp.dtechgame.alarmIllya, 엔터테인먼트, Dtechno Games, 10000.0, 1962.0, 4.8, 100, 8, 2, 0, 1, 2019년 1월 22일, http://prisma-illya-alarm.d-techno.jp/, , 5451761805567024880
[2019-07-22 14:35:18,572][DEBUG|dayStoreAppParse.py:23] >> 4K, com.komado.Odyssey.com.nifty.homepage2, 동영상 플레이어/편집기, Bakusoku Software(Representative Tatuki Isawa), 50000.0, 438.0, 0, 0, 0, 0, 0, 0, 2019년 2월 14일, https://bakusokusoftware.jimdo.com/, , 8911618473354394320
[2019-07-22 14:35:33,908][DEBUG|dayStoreAppParse.py:23] >>  -    , com.pasoya.orbis, 지도/내비게이션, Pasoya Co., Ltd., 10000.0, 630.0, 0, 0, 0, 0, 0, 0, 2019년 6월 21일, http://orbis-guide.com, Pasoya+Co.,+Ltd., 
[2019-07-22 14:35:48,198][DEBUG|dayStoreAppParse.py:23] >> 영화보며 영어공부 - 배속재생 미플레이어무비프로 어학용 동영상 플레이어, com.mesoft.meplayer, 교육, MEsoft, 10000.0, 533.0, 4.3, 100, 30, 15, 7, 7, 2019년 7월 14일, mailto:mesoft.kjh@gmail.com, MEsoft, 
[2019-07-22 14:36:06,843][DEBUG|dayStoreAppParse.py:23] >> MarineTraffic ship positions, com.marinetraffic.android, 지도/내비게이션, MarineTraffic, 500000.0, 33495.0, 4.5, 100, 37, 6, 2, 5, 2019년 6월 12일, http://www.marinetraffic.com, MarineTraffic, 
[2019-07-22 14:36:22,458][DEBUG|dayStoreAppParse.py:23] >> SPI言語 【Study Pro】, studypro.spi, 교육, Study Pro, 10000.0, 414.0, 0, 0, 0, 0, 0, 0, 2013년 8월 20일, http://saisokuspi.com/smartPhone/support/, Study+Pro, 
[2019-07-22 14:36:37,468][DEBUG|dayStoreAppParse.py:23] >> 宅建 過去問集 2019年版「スタケン」, com.owners_age.stken_app_paid, 교육, OWNER'S AGENT INC., 500.0, 3.0, 0, 0, 0, 0, 0, 0, 2019년 5월 7일, https://owners-age.com/star-takken/, OWNER%27S+AGENT+INC., 
[2019-07-22 14:37:06,022][DEBUG|dayStoreAppParse.py:23] >> Aqua Mail Pro, org.kman.AquaMail.UnlockerMarket, 비즈니스, MobiSystems, 100000.0, 9760.0, 4.6, 100, 15, 4, 2, 5, 2018년 5월 3일, https://www.mobisystems.com/aqua-mail/, , 4895393381068725503
[2019-07-22 14:37:55,542][DEBUG|dayStoreAppParse.py:23] >> TouchRetouch, com.advasoft.touchretouch, 사진, ADVA Soft, 500000.0, 13891.0, 4.6, 100, 16, 4, 2, 6, 2019년 7월 18일, http://adva-soft.com/products/touch-retouch/, ADVA+Soft, 
[2019-07-22 14:38:06,157][DEBUG|dayStoreAppParse.py:23] >> Auto Optimizer, jp.snowlife01.android.autooptimization, 도구, HDM Dev Team, 100000.0, 7426.0, 4.4, 100, 34, 12, 4, 5, 2019년 7월 20일, http://snowlife01.com/autooptimization/, , 8144560920157160997
[2019-07-22 14:38:21,338][DEBUG|dayStoreAppParse.py:23] >> 스퀘어홈 키 - 런처, com.ss.squarehome.key, 맞춤 설정, ChYK the dev., 50000.0, 8362.0, 4.8, 100, 10, 1, 0, 0, 2018년 11월 21일, http://squarehome2.blogspot.com/, ChYK+the+dev., 
[2019-07-22 14:38:35,568][DEBUG|dayStoreAppParse.py:23] >> OfficeSuite Font Pack, com.mobisystems.fonts, 비즈니스, MobiSystems, 100000.0, 2910.0, 4.0, 100, 36, 16, 8, 23, 2018년 10월 19일, http://www.mobisystems.com, , 4895393381068725503
[2019-07-22 14:38:46,678][DEBUG|dayStoreAppParse.py:23] >>   2019, com.pubrof.pubrofboki2, 교육, willsi Co., Ltd., 10000.0, 90.0, 0, 0, 0, 0, 0, 0, 2019년 5월 22일, http://pboki.com/, willsi+Co.,+Ltd., 
[2019-07-22 14:38:56,560][DEBUG|dayStoreAppParse.py:23] >>   -if your smile-, jp.dtechgame.gridmanalarm, 엔터테인먼트, Dtechno Games, 1000.0, 355.0, 4.7, 100, 16, 4, 0, 2, 2019년 5월 29일, https://d-techno.jp/teaser/Characlock/service/gridman/, , 5451761805567024880
[2019-07-22 14:39:14,867][DEBUG|dayStoreAppParse.py:23] >>  , com.nic_english.gym.NicGym, 교육, INSTYLE GROUP, 100.0, 34.0, 0, 0, 0, 0, 0, 0, 2019년 5월 31일, https://nic-english.com, INSTYLE+GROUP, 
[2019-07-22 14:39:26,041][DEBUG|dayStoreAppParse.py:23] >>  IC , jp.co.mirai_ii.nfc.allinone.now, 지도/내비게이션, Mirai Corporation, 500.0, 9.0, 0, 0, 0, 0, 0, 0, 2019년 7월 12일, https://www.mirai-ii.co.jp/products/soft/nfc/allinone/, Mirai+Corporation, 
[2019-07-22 14:39:40,655][DEBUG|dayStoreAppParse.py:23] >> Xperia Ear Duo(アスナ), jp.charactervoice.xea10.asuna, 도구, Sony Music Communications Inc., 5000.0, 174.0, 0, 0, 0, 0, 0, 0, 2019년 3월 28일, http://charactervoice.jp/xea_sao/, Sony+Music+Communications+Inc., 
[2019-07-22 14:39:56,029][DEBUG|dayStoreAppParse.py:23] >> SimpleMind Pro - Intuitive Mind Mapping, com.modelmakertools.simplemindpro, 생산성, ModelMaker Tools, 100000.0, 16558.0, 4.7, 100, 25, 2, 0, 1, 2019년 4월 15일, https://simplemind.eu, ModelMaker+Tools, 
[2019-07-22 14:40:06,366][DEBUG|dayStoreAppParse.py:23] >> どんどん話すための瞬間英作文トレニング, com.njwuji.study, 교육, Beret Publishing, 10000.0, 93.0, 0, 0, 0, 0, 0, 0, 2018년 7월 20일, http://www.beret.co.jp/inquiry/, Beret+Publishing, 
[2019-07-22 14:40:19,225][DEBUG|dayStoreAppParse.py:23] >> iReal Pro   & , com.massimobiolcati.irealb, 음악/오디오, Technimo, 100000.0, 5509.0, 4.7, 100, 15, 3, 2, 3, 2019년 6월 25일, http://irealpro.com, Technimo, 
[2019-07-22 14:41:05,785][DEBUG|dayStoreAppParse.py:23] >> Human Anatomy Atlas 2019:Complete 3D Human Body, com.visiblebody.atlas, 의료, Visible Body, 100000.0, 4733.0, 4.5, 100, 17, 4, 2, 7, 2019년 3월 22일, http://www.visiblebody.com, , 5922919954166686783
[2019-07-22 14:41:23,554][DEBUG|dayStoreAppParse.py:27] >> Dumb Ways JR Boffo's Breakfast, au.com.metro.dwjr.boffos, 교육, Metro Trains, 10000.0, 332.0, 4.3, 100, 15, 6, 3, 16, 2017년 1월 20일, None, , 6830735644801210985
[2019-07-22 14:41:41,580][DEBUG|dayStoreAppParse.py:23] >> TwitPanePlus for Twitter, com.twitpane.premium, 뉴스/잡지, Panecraft, Inc., 10000.0, 3332.0, 4.6, 100, 37, 4, 1, 1, 2019년 7월 19일, http://www.takke.jp/, Panecraft,+Inc., 
[2019-07-22 14:41:58,478][DEBUG|dayStoreAppParse.py:23] >> パブロフ簿記２級工業簿記, com.pubrof.pubrofboki2kogyo, 교육, willsi Co., Ltd., 5000.0, 45.0, 0, 0, 0, 0, 0, 0, 2019년 6월 19일, http://pboki.com/, willsi+Co.,+Ltd., 
[2019-07-22 14:42:18,697][DEBUG|dayStoreAppParse.py:156] >> Good Bye Parser! 
 
[2019-07-22 14:47:04,085][DEBUG|dayStoreAppParse.py:63] >>  
 Hello Parser! 
[2019-07-22 14:47:23,398][DEBUG|dayStoreAppParse.py:23] >> Camera Mute (Silent Mode/All Mute Mode), jp.sisyou.kumikashi.mutedefaultcamera, 사진, MICK TOOLS JAPAN, 10000.0, 209.0, 0, 0, 0, 0, 0, 0, 2019년 2월 3일, https://camera-mute-for-android.blogspot.com/, MICK+TOOLS+JAPAN, 
[2019-07-22 14:47:37,287][DEBUG|dayStoreAppParse.py:23] >> 심플 갤러리 Pro, com.simplemobiletools.gallery.pro, 사진, Simple Mobile Tools, 100000.0, 14748.0, 4.6, 100, 15, 4, 1, 3, 2019년 7월 15일, https://simplemobiletools.com, , 9070296388022589266
[2019-07-22 14:47:56,351][DEBUG|dayStoreAppParse.py:23] >> Poweramp Full Version Unlocker, com.maxmpz.audioplayer.unlock, 음악/오디오, Max MP, 1000000.0, 254567.0, 4.5, 100, 12, 4, 3, 7, 2018년 12월 6일, http://powerampapp.com, Max+MP, 
[2019-07-22 14:48:08,882][DEBUG|dayStoreAppParse.py:23] >> Nova Launcher Prime, com.teslacoilsw.launcher.prime, 맞춤 설정, TeslaCoil Software, 1000000.0, 320245.0, 4.8, 100, 10, 2, 0, 1, 2019년 1월 18일, http://novalauncher.com, TeslaCoil+Software, 
[2019-07-22 14:48:25,737][DEBUG|dayStoreAppParse.py:23] >> 무음모드Pro, jp.snowlife01.android.mutecamera, 사진, HDM Dev Team, 10000.0, 387.0, 4.7, 100, 11, 2, 2, 4, 2019년 7월 8일, mailto:ifeeqp2002@gmail.com, , 8144560920157160997
[2019-07-22 14:48:38,446][DEBUG|dayStoreAppParse.py:23] >> Video & TV SideView, com.sony.tvsideview.dtcpplayer, 동영상 플레이어/편집기, Sony Home Entertainment & Sound Products Inc., 100000.0, 1571.0, 0, 0, 0, 0, 0, 0, 2019년 4월 8일, http://info.tvsideview.sony.net, Sony+Home+Entertainment+%26+Sound+Products+Inc., 
[2019-07-22 14:48:51,605][DEBUG|dayStoreAppParse.py:23] >> 이지 보이스 레코더 프로, com.digipom.easyvoicerecorder.pro, 생산성, Digipom, 100000.0, 18494.0, 4.7, 100, 16, 3, 1, 1, 2019년 5월 28일, http://www.digipom.com/, , 8524844809417490477
[2019-07-22 14:49:09,337][DEBUG|dayStoreAppParse.py:23] >> MX 플레이어 Pro, com.mxtech.videoplayer.pro, 동영상 플레이어/편집기, J2 Interactive, 1000000.0, 111653.0, 4.7, 100, 10, 2, 1, 3, 2019년 6월 27일, https://sites.google.com/site/mxvpen/, J2+Interactive, 
[2019-07-22 14:49:20,841][DEBUG|dayStoreAppParse.py:23] >> 스마트 알람 (알람 시계), jp.tanyu.SmartAlarm, 라이프스타일, TanyuSoft, 50000.0, 2866.0, 4.5, 100, 21, 6, 3, 4, 2019년 3월 23일, http://www.smartsense.co.jp/, TanyuSoft, 
[2019-07-22 14:49:32,643][DEBUG|dayStoreAppParse.py:23] >> 자동 음소거 모드 (기본 카메라 사용), jp.sisyou.kumikashi.allmutemode, 맞춤 설정, MICK TOOLS JAPAN, 10000.0, 735.0, 4.6, 100, 9, 3, 3, 4, 2019년 2월 3일, http://camera-mute-for-android.blogspot.com/, MICK+TOOLS+JAPAN, 
[2019-07-22 14:49:45,188][DEBUG|dayStoreAppParse.py:23] >> ACR License, com.nll.acr.license, 생산성, NLL, 500000.0, 29398.0, 3.9, 100, 19, 9, 7, 31, 2018년 1월 30일, http://nllapps.com/apps/acr, , 8530342249973296088
[2019-07-22 14:50:01,143][DEBUG|dayStoreAppParse.py:23] >> SPI非言語 【Study Pro】, studypro.spi.higengo, 교육, Study Pro, 10000.0, 284.0, 0, 0, 0, 0, 0, 0, 2016년 6월 2일, http://saisokuspi.com/smartPhone/support/, Study+Pro, 
[2019-07-22 14:50:21,880][DEBUG|dayStoreAppParse.py:23] >> ATOK (日本語入力システム), com.justsystems.atokmobile.service, 생산성, JustSystems Corporation, 100000.0, 11110.0, 0, 0, 0, 0, 0, 0, 2019년 4월 18일, http://www.justsystems.com/jp/products/atok_android/m/, , 7699838077545555058
[2019-07-22 14:51:23,530][DEBUG|dayStoreAppParse.py:23] >>  - Help me Travel, com.bilingirl.helpmetravel, 여행 및 지역정보, Unicorn Creations, 1000.0, 34.0, 0, 0, 0, 0, 0, 0, 2019년 6월 5일, https://twitter.com/chika_english, Unicorn+Creations, 
[2019-07-22 14:51:36,422][DEBUG|dayStoreAppParse.py:23] >> Tasker, net.dinglisch.android.taskerm, 도구, joaomgcd, 1000000.0, 44955.0, 4.6, 100, 17, 5, 2, 5, 2019년 5월 13일, https://tasker.joaoapps.com/dl, , 8102570190170276456
[2019-07-22 14:51:49,861][DEBUG|dayStoreAppParse.py:23] >> ContactsX - Dialer & Contacts, jp.com.snow.contactsxpro, 커뮤니케이션, Snow Technology, 10000.0, 1063.0, 0, 0, 0, 0, 0, 0, 2019년 6월 15일, http://snow-technolog.main.jp/support/, Snow+Technology, 
[2019-07-22 14:52:04,959][DEBUG|dayStoreAppParse.py:23] >> CamScanner (License), com.intsig.lic.camscanner, 생산성, INTSIG, 500000.0, 28385.0, 4.4, 100, 24, 6, 3, 10, 2014년 1월 17일, http://www.camscanner.net, INTSIG, 
[2019-07-22 14:52:18,911][DEBUG|dayStoreAppParse.py:23] >> Onkyo HF Player Unlocker, com.onkyo.jp.hfplayer_unlocker, 음악/오디오, Onkyo Corporation, 10000.0, 786.0, 4.1, 100, 27, 12, 7, 19, 2017년 9월 7일, http://www.onkyo.com/, Onkyo+Corporation, 
[2019-07-22 14:52:37,995][DEBUG|dayStoreAppParse.py:23] >>  , jp.dtechgame.alarmIllya, 엔터테인먼트, Dtechno Games, 10000.0, 1962.0, 4.8, 100, 8, 2, 0, 1, 2019년 1월 22일, http://prisma-illya-alarm.d-techno.jp/, , 5451761805567024880
[2019-07-22 14:52:55,155][DEBUG|dayStoreAppParse.py:23] >> 4K, com.komado.Odyssey.com.nifty.homepage2, 동영상 플레이어/편집기, Bakusoku Software(Representative Tatuki Isawa), 50000.0, 438.0, 0, 0, 0, 0, 0, 0, 2019년 2월 14일, https://bakusokusoftware.jimdo.com/, , 8911618473354394320
[2019-07-22 14:53:09,776][DEBUG|dayStoreAppParse.py:23] >>  -    , com.pasoya.orbis, 지도/내비게이션, Pasoya Co., Ltd., 10000.0, 630.0, 0, 0, 0, 0, 0, 0, 2019년 6월 21일, http://orbis-guide.com, Pasoya+Co.,+Ltd., 
[2019-07-22 14:53:24,067][DEBUG|dayStoreAppParse.py:23] >> 영화보며 영어공부 - 배속재생 미플레이어무비프로 어학용 동영상 플레이어, com.mesoft.meplayer, 교육, MEsoft, 10000.0, 533.0, 4.3, 100, 30, 15, 7, 7, 2019년 7월 14일, mailto:mesoft.kjh@gmail.com, MEsoft, 
[2019-07-22 14:53:38,447][DEBUG|dayStoreAppParse.py:23] >> MarineTraffic ship positions, com.marinetraffic.android, 지도/내비게이션, MarineTraffic, 500000.0, 33495.0, 4.5, 100, 37, 6, 2, 5, 2019년 6월 12일, http://www.marinetraffic.com, MarineTraffic, 
[2019-07-22 14:53:49,920][DEBUG|dayStoreAppParse.py:23] >> SPI言語 【Study Pro】, studypro.spi, 교육, Study Pro, 10000.0, 414.0, 0, 0, 0, 0, 0, 0, 2013년 8월 20일, http://saisokuspi.com/smartPhone/support/, Study+Pro, 
[2019-07-22 14:54:03,850][DEBUG|dayStoreAppParse.py:23] >> 宅建 過去問集 2019年版「スタケン」, com.owners_age.stken_app_paid, 교육, OWNER'S AGENT INC., 500.0, 3.0, 0, 0, 0, 0, 0, 0, 2019년 5월 7일, https://owners-age.com/star-takken/, OWNER%27S+AGENT+INC., 
[2019-07-22 14:55:03,896][DEBUG|dayStoreAppParse.py:23] >> Aqua Mail Pro, org.kman.AquaMail.UnlockerMarket, 비즈니스, MobiSystems, 100000.0, 9760.0, 4.6, 100, 15, 4, 2, 5, 2018년 5월 3일, https://www.mobisystems.com/aqua-mail/, , 4895393381068725503
[2019-07-22 14:55:16,082][DEBUG|dayStoreAppParse.py:23] >> TouchRetouch, com.advasoft.touchretouch, 사진, ADVA Soft, 500000.0, 13891.0, 4.6, 100, 16, 4, 2, 6, 2019년 7월 18일, http://adva-soft.com/products/touch-retouch/, ADVA+Soft, 
[2019-07-22 14:55:29,694][DEBUG|dayStoreAppParse.py:23] >> Auto Optimizer, jp.snowlife01.android.autooptimization, 도구, HDM Dev Team, 100000.0, 7426.0, 4.4, 100, 34, 12, 4, 5, 2019년 7월 20일, http://snowlife01.com/autooptimization/, , 8144560920157160997
[2019-07-22 14:55:44,977][DEBUG|dayStoreAppParse.py:23] >> 스퀘어홈 키 - 런처, com.ss.squarehome.key, 맞춤 설정, ChYK the dev., 50000.0, 8362.0, 4.8, 100, 10, 1, 0, 0, 2018년 11월 21일, http://squarehome2.blogspot.com/, ChYK+the+dev., 
[2019-07-22 14:55:58,109][DEBUG|dayStoreAppParse.py:23] >> OfficeSuite Font Pack, com.mobisystems.fonts, 비즈니스, MobiSystems, 100000.0, 2910.0, 4.0, 100, 36, 16, 8, 23, 2018년 10월 19일, http://www.mobisystems.com, , 4895393381068725503
[2019-07-22 14:56:11,980][DEBUG|dayStoreAppParse.py:23] >>   2019, com.pubrof.pubrofboki2, 교육, willsi Co., Ltd., 10000.0, 90.0, 0, 0, 0, 0, 0, 0, 2019년 5월 22일, http://pboki.com/, willsi+Co.,+Ltd., 
[2019-07-22 14:56:26,158][DEBUG|dayStoreAppParse.py:23] >>   -if your smile-, jp.dtechgame.gridmanalarm, 엔터테인먼트, Dtechno Games, 1000.0, 355.0, 4.7, 100, 16, 4, 0, 2, 2019년 5월 29일, https://d-techno.jp/teaser/Characlock/service/gridman/, , 5451761805567024880
[2019-07-22 14:56:56,286][DEBUG|dayStoreAppParse.py:23] >>  , com.nic_english.gym.NicGym, 교육, INSTYLE GROUP, 100.0, 34.0, 0, 0, 0, 0, 0, 0, 2019년 5월 31일, https://nic-english.com, INSTYLE+GROUP, 
[2019-07-22 14:57:10,351][DEBUG|dayStoreAppParse.py:23] >>  IC , jp.co.mirai_ii.nfc.allinone.now, 지도/내비게이션, Mirai Corporation, 500.0, 9.0, 0, 0, 0, 0, 0, 0, 2019년 7월 12일, https://www.mirai-ii.co.jp/products/soft/nfc/allinone/, Mirai+Corporation, 
[2019-07-22 14:57:22,400][DEBUG|dayStoreAppParse.py:23] >> Xperia Ear Duo(アスナ), jp.charactervoice.xea10.asuna, 도구, Sony Music Communications Inc., 5000.0, 174.0, 0, 0, 0, 0, 0, 0, 2019년 3월 28일, http://charactervoice.jp/xea_sao/, Sony+Music+Communications+Inc., 
[2019-07-22 14:57:35,804][DEBUG|dayStoreAppParse.py:23] >> SimpleMind Pro - Intuitive Mind Mapping, com.modelmakertools.simplemindpro, 생산성, ModelMaker Tools, 100000.0, 16558.0, 4.7, 100, 25, 2, 0, 1, 2019년 4월 15일, https://simplemind.eu, ModelMaker+Tools, 
[2019-07-22 14:57:55,982][DEBUG|dayStoreAppParse.py:23] >> どんどん話すための瞬間英作文トレニング, com.njwuji.study, 교육, Beret Publishing, 10000.0, 93.0, 0, 0, 0, 0, 0, 0, 2018년 7월 20일, http://www.beret.co.jp/inquiry/, Beret+Publishing, 
[2019-07-22 14:58:16,767][DEBUG|dayStoreAppParse.py:23] >> iReal Pro   & , com.massimobiolcati.irealb, 음악/오디오, Technimo, 100000.0, 5509.0, 4.7, 100, 15, 3, 2, 3, 2019년 6월 25일, http://irealpro.com, Technimo, 
[2019-07-22 14:59:07,364][DEBUG|dayStoreAppParse.py:23] >> Human Anatomy Atlas 2019:Complete 3D Human Body, com.visiblebody.atlas, 의료, Visible Body, 100000.0, 4733.0, 4.5, 100, 17, 4, 2, 7, 2019년 3월 22일, http://www.visiblebody.com, , 5922919954166686783
[2019-07-22 14:59:19,671][DEBUG|dayStoreAppParse.py:27] >> Dumb Ways JR Boffo's Breakfast, au.com.metro.dwjr.boffos, 교육, Metro Trains, 10000.0, 333.0, 4.3, 100, 15, 6, 3, 16, 2017년 1월 20일, None, , 6830735644801210985
[2019-07-22 14:59:31,530][DEBUG|dayStoreAppParse.py:23] >> TwitPanePlus for Twitter, com.twitpane.premium, 뉴스/잡지, Panecraft, Inc., 10000.0, 3332.0, 4.6, 100, 37, 4, 1, 1, 2019년 7월 19일, http://www.takke.jp/, Panecraft,+Inc., 
[2019-07-22 14:59:42,967][DEBUG|dayStoreAppParse.py:23] >> パブロフ簿記２級工業簿記, com.pubrof.pubrofboki2kogyo, 교육, willsi Co., Ltd., 5000.0, 45.0, 0, 0, 0, 0, 0, 0, 2019년 6월 19일, http://pboki.com/, willsi+Co.,+Ltd., 
[2019-07-22 15:00:15,899][DEBUG|dayStoreAppParse.py:23] >> 1900 |  , jp.ne.biglobe.target1900, 교육, BIGLOBE Inc., 10000.0, 375.0, 0, 0, 0, 0, 0, 0, 2019년 4월 25일, http://shikaku.biglobe.ne.jp/app/target1900/, BIGLOBE+Inc., 
[2019-07-22 15:00:33,319][DEBUG|dayStoreAppParse.py:23] >> SD Maid Pro - 언락커, eu.thedarken.sdm.unlocker, 도구, darken, 500000.0, 27243.0, 4.7, 100, 14, 3, 1, 3, 2019년 7월 19일, http://darken.eu, darken, 
[2019-07-22 15:00:45,293][DEBUG|dayStoreAppParse.py:23] >> FRep Unlock Key, com.x0.strai.frepkey, 생산성, strAI, 10000.0, 641.0, 3.6, 100, 19, 14, 6, 51, 2018년 7월 9일, http://strai.x0.com, strAI, 
[2019-07-22 15:00:57,666][DEBUG|dayStoreAppParse.py:23] >> Screenshot Pro, jp.snowlife01.android.screenshot, 도구, HDM Dev Team, 100000.0, 1911.0, 4.5, 100, 16, 5, 3, 6, 2019년 7월 16일, mailto:ifeeqp2002@gmail.com, , 8144560920157160997
[2019-07-22 15:01:12,136][DEBUG|dayStoreAppParse.py:23] >> F-Stop 갤러리 프로, com.fstop.photo.key, 사진, Seelye Engineering, 50000.0, 1583.0, 4.4, 100, 27, 10, 4, 8, 2018년 9월 18일, http://www.fstopapp.com/, Seelye+Engineering, 
[2019-07-22 15:01:26,052][DEBUG|dayStoreAppParse.py:23] >> Torque Pro (OBD2 / 자동차), org.prowl.torque, 커뮤니케이션, Ian Hawkins, 1000000.0, 58043.0, 4.4, 100, 21, 6, 3, 8, 2018년 10월 31일, http://torque-bhp.com/, Ian+Hawkins, 
[2019-07-22 15:02:00,346][DEBUG|dayStoreAppParse.py:23] >> メンタルリプのアプリ：ワンダウィク, org.twisevictory.jp, 출산/육아, Domus Technica, 5000.0, 151.0, 0, 0, 0, 0, 0, 0, 2018년 7월 24일, http://www.wonderweeksjpn.com, Domus+Technica, 
[2019-07-22 15:02:12,436][DEBUG|dayStoreAppParse.py:23] >> ツイタマ+, com.softama.twitamaplus, 소셜, ソフタマ, 10000.0, 676.0, 4.6, 100, 28, 6, 1, 3, 2019년 5월 20일, http://www.softama.com/, %E3%82%BD%E3%83%95%E3%82%BF%E3%83%9E, 
[2019-07-22 15:02:27,829][DEBUG|dayStoreAppParse.py:23] >>  Watch Face - Ksana Sweep for Android Wear OS, com.appglobe.watch.face.ksana, 맞춤 설정, appglobe.com, 50000.0, 1008.0, 0, 0, 0, 0, 0, 0, 2019년 4월 10일, https://appglobe.com, appglobe.com, 
[2019-07-22 15:02:54,120][DEBUG|dayStoreAppParse.py:23] >> Media Link Player for DTV, jp.co.alpha.dlna.mlpfordtv, 동영상 플레이어/편집기, ALPHA SYSTEMS INC., 10000.0, 705.0, 0, 0, 0, 0, 0, 0, 2019년 4월 17일, https://www.alpha.co.jp/medialink/, ALPHA+SYSTEMS+INC., 
[2019-07-22 15:03:11,449][DEBUG|dayStoreAppParse.py:23] >> QR & 바코드 스캐너 (프로 버전), com.teacapps.barcodescanner.pro, 생산성, TeaCapps, 10000.0, 3973.0, 4.8, 100, 13, 1, 0, 0, 2019년 7월 8일, mailto:android@qrbot.net, TeaCapps, 
[2019-07-22 15:03:29,948][DEBUG|dayStoreAppParse.py:23] >> File Explorer File Manager Pro - 80% Launch Sale, com.ea.apps.fileexplorer.filemanager.pro, 생산성, EX Mobile Apps, 1000.0, 143.0, 0, 0, 0, 0, 0, 0, 2019년 6월 28일, https://www.exfileexplorer.com, , 6472864129448893789
[2019-07-22 15:03:54,683][DEBUG|dayStoreAppParse.py:23] >> 퀵에딧 텍스트 에디터 프로 (QuickEdit Pro), com.rhmsoft.edit.pro, 생산성, Rhythm Software, 10000.0, 2108.0, 4.7, 100, 18, 3, 0, 1, 2019년 7월 11일, http://rhmsoft.com, , 7810508122505278882
[2019-07-22 15:04:08,060][DEBUG|dayStoreAppParse.py:27] >> Toca Life: Hospital, com.tocaboca.tocahospital, 교육, Toca Boca, 100000.0, 4424.0, 4.6, 100, 9, 4, 1, 6, 2018년 6월 12일, None, , 8567646723268777320
[2019-07-22 15:04:21,940][DEBUG|dayStoreAppParse.py:23] >> FE File Explorer Pro, com.skyjos.apps.fileexplorer, 생산성, Skyjos Co., Ltd., 50000.0, 1451.0, 4.3, 100, 31, 13, 6, 8, 2018년 9월 23일, https://www.skyjos.com, Skyjos+Co.,+Ltd., 
[2019-07-22 15:04:38,233][DEBUG|dayStoreAppParse.py:23] >> 라인 - 미니멀 아이콘, com.natewren.lines, 맞춤 설정, Nate Wren Design, 50000.0, 1920.0, 4.5, 100, 16, 6, 3, 6, 2019년 6월 22일, http://www.natewren.com, , 6399517168361664751
[2019-07-22 15:04:55,297][DEBUG|dayStoreAppParse.py:23] >> Panda Gamepad Pro (BETA), com.panda.gamepad, 도구, Panda Gaming Studio, 50000.0, 5380.0, 2.9, 87, 12, 11, 9, 100, 2019년 7월 10일, mailto:feedback@octopusgame.com, Panda+Gaming+Studio, 
[2019-07-22 15:05:56,474][DEBUG|dayStoreAppParse.py:23] >> HANDY - 핸디 아트 레퍼런스 툴, com.beliefengine.handyapp, 만화, Belief Engine, 10000.0, 2002.0, 4.8, 100, 18, 2, 0, 0, 2018년 3월 6일, http://www.handyarttool.com/, Belief+Engine, 
[2019-07-22 15:06:09,341][DEBUG|dayStoreAppParse.py:23] >> Rotation Control Pro, jp.snowlife01.android.rotationcontrolpro, 맞춤 설정, HDM Dev Team, 100000.0, 2456.0, 4.6, 100, 12, 5, 2, 4, 2019년 7월 17일, mailto:ifeeqp2002@gmail.com, , 8144560920157160997
[2019-07-22 15:06:23,572][DEBUG|dayStoreAppParse.py:23] >> Game Booster  4x Faster (with advance settings), com.fenixx.gameboosterplus, 도구, G19 Mobile, 50000.0, 7098.0, 4.4, 100, 18, 9, 2, 10, 2019년 5월 18일, mailto:fenixx.h19.publish@gmail.com, G19+Mobile, 
[2019-07-22 15:06:45,132][DEBUG|dayStoreAppParse.py:23] >> Eqfy Equalizer, com.wiseschematics.eqfy, 음악/오디오, WiseSchematics, 10000.0, 884.0, 0, 0, 0, 0, 0, 0, 2019년 6월 10일, http://shuntcorp.net/wiseschematics, , 6976192343062494733
[2019-07-22 15:07:03,949][DEBUG|dayStoreAppParse.py:23] >> VivaVideo PRO 비디오 편집 HD, com.quvideo.xiaoying.pro, 동영상 플레이어/편집기, QuVideo Inc. Best Video Editor & Video Maker App, 500000.0, 100451.0, 4.6, 100, 17, 5, 2, 5, 2019년 7월 19일, http://www.vivavideo.tv, , 8999952960853938956
[2019-07-22 15:07:23,135][DEBUG|dayStoreAppParse.py:23] >> USB Audio Player PRO, com.extreamsd.usbaudioplayerpro, 음악/오디오, eXtream Software Development, 50000.0, 5016.0, 4.4, 100, 24, 9, 4, 7, 2019년 7월 14일, https://www.extreamsd.com, eXtream+Software+Development, 
[2019-07-22 15:07:39,657][DEBUG|dayStoreAppParse.py:23] >> Panecal Plus 과학적인 계산기, jp.ne.kutu.PanecalPlus, 도구, Appsys, 10000.0, 1700.0, 4.7, 100, 18, 4, 1, 2, 2019년 2월 22일, https://appsys.jp, , 7857127388664943474
[2019-07-22 15:08:00,823][DEBUG|dayStoreAppParse.py:23] >>  , jp.dtechgame.nonbakealarm, 엔터테인먼트, Dtechno Games, 500.0, 177.0, 4.6, 100, 13, 6, 0, 5, 2019년 1월 22일, http://nonnon-alarm.d-techno.jp/, , 5451761805567024880
[2019-07-22 15:08:23,823][DEBUG|dayStoreAppParse.py:23] >> Hole19 Golf GPS for Smartwatch, com.hole19golf.wear, 스포츠, Hole19, 5000.0, 84.0, 3.4, 100, 45, 38, 29, 58, 2019년 5월 14일, https://www.hole19golf.com, Hole19, 
[2019-07-22 15:08:40,980][DEBUG|dayStoreAppParse.py:23] >> Pulsar 음악 플레이어  프로, com.rhmsoft.pulsar.pro, 음악/오디오, Rhythm Software, 50000.0, 7438.0, 4.6, 100, 23, 5, 1, 2, 2019년 7월 14일, http://rhmsoft.com/pulsar, , 7810508122505278882
[2019-07-22 15:09:03,911][DEBUG|dayStoreAppParse.py:23] >> 태양 탐사선 (Sun Surveyor) (태양과 달), com.ratana.sunsurveyor, 사진, Adam Ratana, 50000.0, 4050.0, 4.8, 100, 11, 2, 1, 2, 2019년 2월 18일, http://www.sunsurveyor.com, Adam+Ratana, 
[2019-07-22 15:10:34,416][DEBUG|dayStoreAppParse.py:23] >> 엣지 제스처, com.ss.edgegestures, 도구, ChYK the dev., 10000.0, 2125.0, 4.6, 100, 18, 6, 1, 2, 2019년 6월 23일, mailto:geek21c@gmail.com, ChYK+the+dev., 
[2019-07-22 15:10:47,433][DEBUG|dayStoreAppParse.py:23] >> リゼロアラム　～レム編～, jp.co.gamegate.rezero.lemm, 엔터테인먼트, showgate, 10000.0, 597.0, 4.8, 100, 6, 2, 0, 2, 2016년 9월 4일, http://re-zero-app.jp, showgate, 
[2019-07-22 15:11:26,041][DEBUG|dayStoreAppParse.py:23] >> AquaMozc, jp.gr.aqua.mozc, 생산성, Aquamarine Networks., 1000.0, 97.0, 0, 0, 0, 0, 0, 0, 2019년 5월 4일, https://sites.google.com/site/aquamarinepandora/home/aquamozc-for-blackberry, Aquamarine+Networks., 
[2019-07-22 15:11:38,730][DEBUG|dayStoreAppParse.py:23] >> Board | Xperia™ Theme + icons, com.thegosa.board.theme, 맞춤 설정, The Gosa, 1000.0, 24.0, 0, 0, 0, 0, 0, 0, 2019년 6월 23일, http://thegosa.com/, , 8352484698901451873
[2019-07-22 15:11:51,489][DEBUG|dayStoreAppParse.py:23] >> Hanull Gold - 2 - 250, jp.hanulles.blog_paid_matome_reader_hanull, 뉴스/잡지, Hanuls, 100.0, 15.0, 0, 0, 0, 0, 0, 0, 2019년 4월 23일, mailto:hanulldogs@gmail.com, Hanuls, 
[2019-07-22 15:12:14,269][DEBUG|dayStoreAppParse.py:23] >> 런타스틱 PRO 걷기 조깅 달리기 마라톤 러닝 하이킹 개인 코치, com.runtastic.android.pro2, 건강/운동, Runtastic, 1000000.0, 220383.0, 4.5, 100, 27, 5, 3, 6, 2019년 7월 20일, http://www.runtastic.com, , 8438666261259599516
[2019-07-22 15:12:26,337][DEBUG|dayStoreAppParse.py:23] >>   2019, com.pubrof.pubrofboki3, 교육, willsi Co., Ltd., 10000.0, 133.0, 0, 0, 0, 0, 0, 0, 2019년 3월 17일, http://pboki.com/, willsi+Co.,+Ltd., 
[2019-07-22 15:12:39,016][DEBUG|dayStoreAppParse.py:23] >> 詩吟トレナ「吟トレ」, net.kyu_mu.shigintrainer, 음악/오디오, Nao Iizuka, 1000.0, 37.0, 0, 0, 0, 0, 0, 0, 2015년 12월 23일, http://kyu-mu.net/shigin/, Nao+Iizuka, 
[2019-07-22 15:12:58,131][DEBUG|dayStoreAppParse.py:23] >> simpleaf (handwriting), jp.mowmow.simpleaf, 생산성, tuu, 10000.0, 353.0, 4.5, 100, 34, 4, 4, 3, 2016년 2월 22일, mailto:dev@mowmow.jp, tuu, 
[2019-07-22 15:13:12,411][DEBUG|dayStoreAppParse.py:23] >> PixBit - Pixel Icon Pack, pixbit.prime, 맞춤 설정, myAP, 10000.0, 943.0, 4.8, 100, 8, 2, 1, 1, 2019년 7월 6일, https://vukash.in/, , 7714575631540799503
[2019-07-22 15:13:32,164][DEBUG|dayStoreAppParse.py:23] >> 일기 예보 전문가, com.chanel.weather.forecast.accu.pro, 날씨, Green Apple Studio, 50000.0, 17635.0, 4.8, 100, 13, 2, 1, 1, 2019년 1월 31일, http://bachasoft.com/, Green+Apple+Studio, 
[2019-07-22 15:14:27,318][DEBUG|dayStoreAppParse.py:23] >> Puffin Browser Pro, com.cloudmosa.puffin, 커뮤니케이션, CloudMosa, Inc., 100000.0, 19829.0, 4.0, 100, 25, 13, 8, 20, 2019년 5월 10일, http://www.puffinbrowser.com/, CloudMosa,+Inc., 
[2019-07-22 15:14:38,444][DEBUG|dayStoreAppParse.py:23] >> Sleipnir Mobile Black Edition, jp.co.fenrir.android.sleipnir_black, 커뮤니케이션, Fenrir Inc., 10000.0, 960.0, 0, 0, 0, 0, 0, 0, 2019년 6월 24일, http://www.fenrir-inc.com/, Fenrir+Inc., 
[2019-07-22 15:14:51,259][DEBUG|dayStoreAppParse.py:23] >> mazec3(자필로 인식), com.metamoji.mazec, 생산성, MetaMoJi Corp., 10000.0, 513.0, 4.3, 100, 45, 15, 5, 7, 2018년 7월 26일, http://product.metamoji.com/android_top/mazec3/, MetaMoJi+Corp., 
[2019-07-22 15:15:04,800][DEBUG|dayStoreAppParse.py:23] >> パブロフ簿記1級理論, com.pubrof.pubrofboki1riron, 교육, willsi Co., Ltd., 1000.0, 23.0, 0, 0, 0, 0, 0, 0, 2019년 6월 19일, http://www.willsi.co.jp/, willsi+Co.,+Ltd., 
[2019-07-22 15:15:17,925][DEBUG|dayStoreAppParse.py:23] >> gContacts Pro - dialer & contacts app, com.phoneBook.pro, 커뮤니케이션, y.gphonebook, 50000.0, 2169.0, 0, 0, 0, 0, 0, 0, 2019년 4월 21일, http://blog.livedoor.jp/gphonebook/, y.gphonebook, 
[2019-07-22 15:15:35,593][DEBUG|dayStoreAppParse.py:23] >>  , jp.ne.biglobe.shinmeikai.gp, 도서/참고자료, BIGLOBE Inc., 10000.0, 250.0, 4.2, 100, 38, 11, 13, 9, 2019년 4월 10일, http://shikaku.biglobe.ne.jp/app/shinmeikai/, BIGLOBE+Inc., 
[2019-07-22 15:15:48,741][DEBUG|dayStoreAppParse.py:23] >> DIGI Clock 위젯 Plus, sk.michalec.DigiClockWidgetPro, 맞춤 설정, ForestTree, 10000.0, 6589.0, 4.6, 100, 22, 6, 2, 4, 2019년 4월 30일, mailto:michalec.miroslav@gmail.com, ForestTree, 
[2019-07-22 15:16:01,639][DEBUG|dayStoreAppParse.py:23] >> TwomonUSB(투몬USB) - USB모니터, com.devguru.eltwomonusb, 생산성, easynlight, 10000.0, 1119.0, 3.2, 100, 52, 36, 22, 91, 2018년 11월 12일, http://www.easynlight.com, easynlight, 
[2019-07-22 15:16:16,810][DEBUG|dayStoreAppParse.py:23] >> FL Studio Mobile, com.imageline.FLM, 음악/오디오, Image-Line, 100000.0, 18645.0, 4.2, 100, 23, 12, 6, 13, 2019년 7월 10일, http://www.flstudiomobile.com, , 8228703397536036345
[2019-07-22 15:16:34,401][DEBUG|dayStoreAppParse.py:23] >> Jota+★PRO-KEY, jp.sblo.pandora.jota.plus.prokey, 도구, Aquamarine Networks., 10000.0, 925.0, 4.1, 100, 20, 6, 3, 21, 2018년 9월 30일, https://sites.google.com/site/aquamarinepandora/jotaplus, Aquamarine+Networks., 
[2019-07-22 15:16:51,099][DEBUG|dayStoreAppParse.py:23] >> KWGT Kustom Widget Pro Key, org.kustom.widget.pro, 도구, Kustom Industries, 100000.0, 2163.0, 4.5, 100, 10, 3, 2, 8, 2018년 9월 6일, http://help.kustom.rocks, , 5300483087872269403
[2019-07-22 15:17:37,359][DEBUG|dayStoreAppParse.py:23] >> CamCard (명함스캐너 한글 한자 일어 동시인식), com.intsig.BizCardReader, 비즈니스, INTSIG, 100000.0, 11845.0, 4.3, 100, 37, 11, 4, 9, 2019년 5월 11일, http://www.camcard.com, INTSIG, 
[2019-07-22 15:18:03,810][DEBUG|dayStoreAppParse.py:23] >> USB Media Explorer, com.homeysoft.nexususb.importer, 동영상 플레이어/편집기, Homesoft, LLC, 500000.0, 13933.0, 4.4, 100, 27, 7, 4, 8, 2019년 7월 7일, http://homesoft.info/nmi/, Homesoft,+LLC, 
[2019-07-22 15:18:19,487][DEBUG|dayStoreAppParse.py:23] >> Tools & Mi Band, cz.zdenekhorak.mibandtools, 건강/운동, Tools & Wearables Ltd., 100000.0, 17732.0, 4.3, 100, 21, 8, 5, 9, 2019년 7월 19일, http://help.mibandtools.com, Tools+%26+Wearables+Ltd., 
[2019-07-22 15:18:36,199][DEBUG|dayStoreAppParse.py:23] >> uva 무음 비디오 카메라 Pro (위젯 기능 유), jp.moviecam_p, 동영상 플레이어/편집기, UvaSoft, 10000.0, 199.0, 3.2, 100, 63, 70, 24, 91, 2013년 12월 28일, mailto:uvasoft.labo@gmail.com, UvaSoft, 
[2019-07-22 15:18:51,041][DEBUG|dayStoreAppParse.py:23] >> Janetter Pro for Twitter, net.janesoft.janetter.android.pro, 소셜, Jane, Inc., 10000.0, 4677.0, 4.4, 100, 41, 13, 4, 5, 2018년 9월 28일, http://janetter.net/, Jane,+Inc., 
[2019-07-22 15:19:08,586][DEBUG|dayStoreAppParse.py:23] >> MyScript Calculator 2, com.myscript.calculator, 도구, MyScript, 100000.0, 3004.0, 4.8, 100, 11, 1, 0, 0, 2019년 2월 13일, https://www.myscript.com/calculator/, , 6917812355675763032
[2019-07-22 15:19:25,175][DEBUG|dayStoreAppParse.py:27] >> Toca Life: Pets, com.tocaboca.tocapets, 교육, Toca Boca, 50000.0, 2168.0, 4.6, 100, 7, 3, 1, 6, 2018년 7월 6일, None, , 8567646723268777320
[2019-07-22 15:19:42,305][DEBUG|dayStoreAppParse.py:23] >> 비밀번호 관리자 SafeInCloud Pro, com.safeincloud, 생산성, SafeInCloud, 100000.0, 15986.0, 4.8, 100, 10, 2, 0, 1, 2019년 7월 21일, https://www.safe-in-cloud.com, SafeInCloud, 
[2019-07-22 15:20:00,130][DEBUG|dayStoreAppParse.py:23] >> Tiles, com.rascarlo.quick.settings.tiles, 맞춤 설정, rascarlo, 100000.0, 1927.0, 4.6, 100, 15, 6, 2, 4, 2019년 6월 5일, https://plus.google.com/+CarloDiNuccio, , 9051050758531199710
[2019-07-22 15:20:25,213][DEBUG|dayStoreAppParse.py:23] >>   1 , com.playsquare.pastan_1, 교육, PlaySquare Inc., 100.0, 3.0, 0, 0, 0, 0, 0, 0, 2019년 4월 1일, http://playsquare.co.jp, PlaySquare+Inc., 
[2019-07-22 15:20:50,443][DEBUG|dayStoreAppParse.py:23] >> 뮤직 폴더 플레이어 정식 버전, de.zorillasoft.musicfolderplayer.donate, 음악/오디오, ZorillaSoft, 50000.0, 4568.0, 4.7, 100, 12, 3, 1, 2, 2019년 6월 22일, http://zorillasoft.de, ZorillaSoft, 
[2019-07-22 15:22:46,167][DEBUG|dayStoreAppParse.py:23] >> Neutron Music Player, com.neutroncode.mp, 음악/오디오, Neutron Code Limited, 100000.0, 15419.0, 4.5, 100, 16, 5, 3, 5, 2019년 6월 2일, http://neutronmp.com, , 6472385040152963370
[2019-07-22 15:23:03,675][DEBUG|dayStoreAppParse.py:23] >> 電話帳R Plus, net.studiofly.android.ringoplus, 커뮤니케이션, SHOGO [studiofly apps], 10000.0, 442.0, 0, 0, 0, 0, 0, 0, 2013년 7월 9일, http://apps.studiofly.net/forum/, SHOGO+%5Bstudiofly+apps%5D, 
[2019-07-22 15:23:21,899][DEBUG|dayStoreAppParse.py:23] >> AQUOS , com.digion.dixim.android.play.aquosplayer, 도구, SHARP CORPORATION, 5000.0, 143.0, 2.2, 25, 19, 17, 13, 100, 2017년 5월 17일, https://jp.sharp/support/bd/info/remote_player.html, SHARP+CORPORATION, 
[2019-07-22 15:23:39,548][DEBUG|dayStoreAppParse.py:23] >> LiveATC for Android, net.liveatc.liveatc_app, 여행 및 지역정보, LiveATC, 100000.0, 3961.0, 4.2, 100, 27, 12, 6, 14, 2018년 7월 4일, http://www.liveatc.net, LiveATC, 
[2019-07-22 15:23:54,703][DEBUG|dayStoreAppParse.py:23] >> mikan , link.mikan.teppeki, 교육, mikan Co., Ltd., 500.0, 28.0, 0, 0, 0, 0, 0, 0, 2017년 12월 12일, mailto:members@mikan.link, , 5191553041166816059
[2019-07-22 15:24:08,347][DEBUG|dayStoreAppParse.py:23] >> djay 2, com.algoriddim.djay, 음악/오디오, Algoriddim, 100000.0, 11870.0, 3.7, 100, 34, 19, 14, 37, 2019년 5월 14일, http://www.algoriddim.com, , 5018482428897077144
[2019-07-22 15:24:19,735][DEBUG|dayStoreAppParse.py:23] >> 사진의 크기를 조정 - Image Shrink, com.gmail.anolivetree, 동영상 플레이어/편집기, Olive Labs, 10000.0, 1443.0, 4.7, 100, 15, 3, 1, 3, 2017년 3월 28일, mailto:an.olive.tree@gmail.com, Olive+Labs, 
[2019-07-22 15:24:34,002][DEBUG|dayStoreAppParse.py:23] >> 山川一問一答日本史, jp.co.imagineer.yk.ichi2.j, 교육, Imagineer Co.,Ltd., 1000.0, 12.0, 0, 0, 0, 0, 0, 0, 2017년 12월 27일, http://www.imagineer.co.jp, Imagineer+Co.,Ltd., 
[2019-07-22 15:24:46,022][DEBUG|dayStoreAppParse.py:23] >> メモ帳 有料版, jp.gr.java_conf.howlcifer.memocharge, 도구, cifer, 5000.0, 159.0, 0, 0, 0, 0, 0, 0, 2019년 4월 27일, mailto:xecifix@gmail.com, cifer, 
[2019-07-22 15:24:58,719][DEBUG|dayStoreAppParse.py:23] >> PeakFinder AR, org.peakfinder.area.alps, 여행 및 지역정보, Fabio Soldati, 100000.0, 6376.0, 4.4, 100, 27, 6, 3, 8, 2019년 7월 11일, http://www.peakfinder.org/mobile/, Fabio+Soldati, 
[2019-07-22 15:25:11,572][DEBUG|dayStoreAppParse.py:23] >> 음성 레코더 프로, com.media.bestrecorder.audiorecorderpro, 음악/오디오, quality apps (recorder, weather, music), 100000.0, 13255.0, 4.8, 100, 11, 2, 0, 1, 2019년 7월 19일, mailto:summer.mobile.apps@gmail.com, , 7149891497244951725
[2019-07-22 15:25:29,649][DEBUG|dayStoreAppParse.py:23] >>   (RSS), com.miz.clocklike, 도구, Mizuki Sakamoto, 500.0, 55.0, 0, 0, 0, 0, 0, 0, 2019년 7월 21일, http://bmgogo.web.fc2.com/tools.htm, Mizuki+Sakamoto, 
[2019-07-22 15:26:11,191][DEBUG|dayStoreAppParse.py:23] >> Navigation Pro: Google Maps Navi on Samsung Watch, smartwatchstudios.app.gears3navigation, 지도/내비게이션, SmartWatchStudios, 100000.0, 3451.0, 4.2, 100, 19, 7, 3, 17, 2019년 4월 9일, http://www.SmartWatchStudios.com, SmartWatchStudios, 
[2019-07-22 15:26:22,453][DEBUG|dayStoreAppParse.py:23] >> AirReceiver, com.softmedia.receiver, 동영상 플레이어/편집기, felix.long, 10000.0, 316.0, 4.0, 100, 27, 17, 9, 23, 2019년 7월 13일, http://www.remotetogo.com, felix.long, 
[2019-07-22 15:26:33,154][DEBUG|dayStoreAppParse.py:23] >> NePLAYER, jp.co.radius.neplayer_ver2, 음악/오디오, radius co., ltd., 5000.0, 302.0, 3.3, 100, 55, 37, 37, 68, 2019년 4월 5일, https://www.radius.co.jp, radius+co.,+ltd., 
[2019-07-22 15:26:44,195][DEBUG|dayStoreAppParse.py:23] >> Hi-Q MP3 음성 녹음기 (풀버전), com.hiqrecorder.full, 음악/오디오, Audiophile, 100000.0, 5338.0, 4.7, 100, 14, 2, 1, 2, 2019년 5월 16일, http://www.hiqrecorder.com, Audiophile, 
[2019-07-22 15:26:55,965][DEBUG|dayStoreAppParse.py:23] >> IP Cam Viewer Pro, com.rcreations.WebCamViewerPaid, 생산성, Robert Chou, 100000.0, 17854.0, 4.5, 100, 20, 7, 3, 7, 2019년 6월 30일, https://hit-mob.com/ip-cam-viewer-android/, Robert+Chou, 
[2019-07-22 15:27:12,049][DEBUG|dayStoreAppParse.py:23] >> Talon for Twitter, com.klinker.android.twitter_l, 소셜, Klinker Apps, Inc, 100000.0, 19855.0, 4.6, 100, 24, 6, 2, 3, 2019년 7월 11일, http://klinkerapps.com/talon-overview, , 6337185423976596164
[2019-07-22 15:27:26,206][DEBUG|dayStoreAppParse.py:23] >> Swapper for Root (Donate), org.azasoft.swapper, 도구, DevLab Technologies, 5000.0, 205.0, 3.8, 100, 30, 17, 14, 33, 2015년 6월 25일, http://www.devlabtech.it, DevLab+Technologies, 
[2019-07-22 15:27:37,855][DEBUG|dayStoreAppParse.py:23] >> 조각 그림 자동 맞추기, fei.mergepicfull, 도구, Up2U, 1000.0, 88.0, 0, 0, 0, 0, 0, 0, 2019년 6월 21일, mailto:up2u.admob@gmail.com, Up2U, 
[2019-07-22 15:27:49,022][DEBUG|dayStoreAppParse.py:23] >> 3D視力回復, biz.koikoi.stereo, 건강/운동, koikoi.biz, 500.0, 3.0, 0, 0, 0, 0, 0, 0, 2019년 1월 30일, http://www.koikoi.biz/, koikoi.biz, 
[2019-07-22 15:28:01,882][DEBUG|dayStoreAppParse.py:23] >>  , jp.web5.ussy.mydrillbookmakerkey, 교육, U-Shipps, 5000.0, 94.0, 0, 0, 0, 0, 0, 0, 2018년 10월 12일, mailto:ussy119@gmail.com, , 5939615022080696941
[2019-07-22 15:28:18,732][DEBUG|dayStoreAppParse.py:23] >> 계산기 플러스 (Calculator Plus), com.digitalchemy.calculator.decimal, 생산성, Digitalchemy, LLC, 100000.0, 20344.0, 4.8, 100, 13, 1, 0, 1, 2018년 10월 25일, http://www.digitalchemy.us, , 8184648133727486492
[2019-07-22 15:29:02,695][DEBUG|dayStoreAppParse.py:23] >> MetaMoJI Note, com.metamoji.noteanytime2, 생산성, MetaMoJi Corp., 10000.0, 1244.0, 4.0, 100, 57, 26, 11, 13, 2018년 10월 31일, http://noteanytime.com, MetaMoJi+Corp., 
[2019-07-22 15:29:13,740][DEBUG|dayStoreAppParse.py:23] >> Fast Cache Cleaner Pro - 빠른 캐시 클리너, jp.snowlife01.android.pro_cache_delete, 도구, HDM Dev Team, 1000.0, 81.0, 0, 0, 0, 0, 0, 0, 2019년 4월 7일, mailto:ifeeqp2002@gmail.com, , 8144560920157160997
[2019-07-22 15:29:32,064][DEBUG|dayStoreAppParse.py:23] >> 山川一問一答世界史, jp.co.imagineer.yk.ichi2.w, 교육, Imagineer Co.,Ltd., 1000.0, 25.0, 0, 0, 0, 0, 0, 0, 2017년 12월 27일, http://www.imagineer.co.jp, Imagineer+Co.,Ltd., 
[2019-07-22 15:29:41,954][DEBUG|dayStoreAppParse.py:23] >> タロット占いPremium, com.zappallas.android.tarotpremium, 라이프스타일, ZAPPALLAS, INC., 10000.0, 300.0, 0, 0, 0, 0, 0, 0, 2019년 3월 14일, http://cocoloni.jp/s/, ZAPPALLAS,+INC., 
[2019-07-22 15:29:51,976][DEBUG|dayStoreAppParse.py:23] >>  , jp.ne.biglobe.zhong_set.gp, 도서/참고자료, BIGLOBE Inc., 1000.0, 50.0, 0, 0, 0, 0, 0, 0, 2019년 4월 10일, http://shikaku.biglobe.ne.jp/zhong_ri/, BIGLOBE+Inc., 
[2019-07-22 15:30:03,564][DEBUG|dayStoreAppParse.py:27] >> Toca Life: School, com.tocaboca.tocaschool, 교육, Toca Boca, 100000.0, 15305.0, 4.6, 100, 9, 5, 1, 6, 2018년 7월 6일, None, , 8567646723268777320
[2019-07-22 15:30:14,769][DEBUG|dayStoreAppParse.py:23] >> 「一級建築士」受策, com.tkoffice.builder, 교육, TK office, 1000.0, 22.0, 0, 0, 0, 0, 0, 0, 2017년 12월 8일, http://tkoffice.sakura.ne.jp, TK+office, 
[2019-07-22 15:30:27,649][DEBUG|dayStoreAppParse.py:23] >> X Launcher Pro: PhoneX Theme, OS12 Control Center, com.ioslauncher.pro, 예술/디자인, Launcher Developer, 10000.0, 3665.0, 4.7, 100, 17, 4, 1, 3, 2019년 7월 12일, mailto:ioslauncher@163.com, Launcher+Developer, 
[2019-07-22 15:30:42,019][DEBUG|dayStoreAppParse.py:23] >> 음성 레코더 프로, vr.audio.voicerecorderpro, 음악/오디오, recorder & smart apps, 100000.0, 16188.0, 4.8, 100, 13, 2, 0, 1, 2019년 7월 19일, mailto:olympic.game.studio@gmail.com, , 5961211893873529920
[2019-07-22 15:30:52,545][DEBUG|dayStoreAppParse.py:23] >> AfterShutter 4K, jp.co.asukanet.aftershutter, 동영상 플레이어/편집기, Asukanet Co., Ltd., 5000.0, 102.0, 0, 0, 0, 0, 0, 0, 2019년 2월 5일, http://aftershutter.net/, Asukanet+Co.,+Ltd., 
[2019-07-22 15:31:04,035][DEBUG|dayStoreAppParse.py:23] >> PCM Recorder Pro, com.kohei.pcmrecorder.pro, 생산성, Kohei YASUI, 10000.0, 571.0, 4.3, 100, 29, 12, 5, 12, 2017년 6월 25일, http://www.ko-yasui.com/home/, Kohei+YASUI, 
[2019-07-22 15:31:18,562][DEBUG|dayStoreAppParse.py:23] >> Plague Inc. (전염병 주식회사): 시나리오 제작기, com.ndemiccreations.scenariocreator, 생산성, Ndemic Creations, 50000.0, 1360.0, 4.3, 100, 23, 8, 4, 14, 2019년 5월 14일, http://www.ndemiccreations.com, , 7468463311589977937
[2019-07-22 15:32:14,049][DEBUG|dayStoreAppParse.py:27] >> 어린이를 위한 그리기! 점선 따라 그리기!, com.binibambini.Mini, 교육, Bini Bambini Academy, 100000.0, 6932.0, 4.7, 100, 17, 4, 1, 3, 2018년 8월 23일, None, , 5493827619333849158
[2019-07-22 15:32:25,065][DEBUG|dayStoreAppParse.py:23] >> 편한가계부 (+음성, PC), com.realbyteapps.moneya, 금융, Realbyte Inc., 50000.0, 10028.0, 4.7, 100, 21, 3, 1, 2, 2019년 6월 26일, http://realbyteapps.com, Realbyte+Inc., 
[2019-07-22 15:32:37,252][DEBUG|dayStoreAppParse.py:23] >> SuguSumu, asia.uniuni.simplear, 도구, UNI-UNI, 100.0, 6.0, 0, 0, 0, 0, 0, 0, 2017년 3월 31일, https://plus.google.com/116288003669370918010/posts, , 6756008923632380582
[2019-07-22 15:32:52,670][DEBUG|dayStoreAppParse.py:23] >> Groundwire, cz.acrobits.softphone.aliengroundwire, 커뮤니케이션, Acrobits, s.r.o., 10000.0, 282.0, 3.3, 100, 38, 31, 21, 69, 2019년 6월 5일, http://www.acrobits.net, Acrobits,+s.r.o., 
[2019-07-22 15:33:07,425][DEBUG|dayStoreAppParse.py:23] >> HD 카메라 PRO  : 최고의 전문 카메라 응용 프로그램, com.intermedia.hd.camera.pro, 사진, Intermedia Inc., 100000.0, 5154.0, 4.4, 100, 20, 6, 3, 7, 2019년 3월 13일, mailto:intermedia.inc@gmx.com, , 5910680070765708570
[2019-07-22 15:33:18,097][DEBUG|dayStoreAppParse.py:23] >> ぱっとおめ, air.com.kanarii.okiyome2, 라이프스타일, kanarii,Inc., 5000.0, 136.0, 0, 0, 0, 0, 0, 0, 2018년 5월 19일, http://kanarii.co.jp/, kanarii,Inc., 
[2019-07-22 15:33:30,473][DEBUG|dayStoreAppParse.py:23] >> BubbleUPnP UPnP/DLNA License, com.bubblesoft.android.bubbleupnp.unlocker, 음악/오디오, Bubblesoft, 100000.0, 7841.0, 4.3, 100, 25, 8, 4, 12, 2016년 12월 16일, http://forum.xda-developers.com/showthread.php?t=1118891, Bubblesoft, 
[2019-07-22 15:33:40,850][DEBUG|dayStoreAppParse.py:23] >> WiFi Analyzer Premium, abdelrahman.wifianalyzerpremium, 도구, Abdelrahman M. Sid, 10000.0, 1124.0, 4.8, 100, 17, 1, 0, 1, 2019년 4월 4일, http://abdelrahmanmsid.com/blog/, Abdelrahman+M.+Sid, 
[2019-07-22 15:34:00,097][DEBUG|dayStoreAppParse.py:23] >> White Balance Color Temp Meter, cassiopeia.camera, 사진, Folkstedt, 10000.0, 227.0, 3.9, 100, 40, 17, 16, 22, 2013년 6월 30일, http://apps.contechity.com/colortempmeter, Folkstedt, 
[2019-07-22 15:34:11,835][DEBUG|dayStoreAppParse.py:23] >> 中小企業診士試策アプリ「中小企業診士の手帳」, memorize.fo.test, 비즈니스, shark pool, 100.0, 1.0, 0, 0, 0, 0, 0, 0, 2019년 7월 20일, http://www.cadet-blue.com/app/chusho/index.html, shark+pool, 
[2019-07-22 15:34:24,806][DEBUG|dayStoreAppParse.py:23] >> File Manager Pro, com.tohsoft.filemanagerpro.v2, 도구, Best App - Top Droid Team, 500000.0, 38879.0, 4.7, 100, 14, 3, 1, 2, 2018년 8월 16일, mailto:talentdroidteam@tohsoft.com, Best+App+-+Top+Droid+Team, 
[2019-07-22 15:35:03,508][DEBUG|dayStoreAppParse.py:23] >> Network Analyzer Pro, net.techet.netanalyzer.an, 도구, Jiri Techet, 100000.0, 5934.0, 4.8, 100, 16, 1, 0, 0, 2019년 5월 25일, https://techet.net/netanalyzer/, Jiri+Techet, 
[2019-07-22 15:35:14,197][DEBUG|dayStoreAppParse.py:23] >> 애니메이션 사진 위젯 +, com.hikaru.photowidget, 사진, Hikaru Inc., 50000.0, 2181.0, 4.3, 100, 25, 11, 4, 8, 2019년 6월 1일, http://www.facebook.com/animatephoto, , 6032270301651614018
[2019-07-22 15:35:25,179][DEBUG|dayStoreAppParse.py:23] >> 무음모드pro(기본 카메라 무음), com.hanamarusha.muteall.pro, 맞춤 설정, Hanamarusha, 100.0, 19.0, 0, 0, 0, 0, 0, 0, 2019년 7월 10일, https://hanamarusha.com, , 8541163342740802516
[2019-07-22 15:35:36,512][DEBUG|dayStoreAppParse.py:23] >> DiskDigger Pro file recovery, com.defianttech.diskdiggerpro, 도구, Defiant Technologies, LLC, 100000.0, 2539.0, 2.8, 79, 18, 15, 12, 100, 2019년 7월 9일, http://diskdigger.org/android, Defiant+Technologies,+LLC, 
[2019-07-22 15:35:48,092][DEBUG|dayStoreAppParse.py:23] >> Refills（Planner App）, jp.co.fsi.refills, 생산성, FUJISOFT, 10000.0, 894.0, 0, 0, 0, 0, 0, 0, 2019년 7월 10일, http://www.fsi.co.jp/solution/refills/index.html, FUJISOFT, 
[2019-07-22 15:35:59,827][DEBUG|dayStoreAppParse.py:23] >> Star Walk 2 - 하늘지도：별자리 찾기, 스타지도, 증강 현실 천문학, com.vitotechnology.StarWalk2, 교육, Vito Technology, 100000.0, 13523.0, 4.5, 100, 16, 5, 3, 7, 2019년 7월 17일, http://www.vitotechnology.com, , 8260185806738829255
[2019-07-22 15:36:14,481][DEBUG|dayStoreAppParse.py:23] >> 2019 (), com.startthailand.fe_pro2, 교육, にしむら工房, 500.0, 10.0, 0, 0, 0, 0, 0, 0, 2019년 6월 6일, http://www.startthailand.com/nishimura/blog/, %E3%81%AB%E3%81%97%E3%82%80%E3%82%89%E5%B7%A5%E6%88%BF, 
[2019-07-22 15:36:25,755][DEBUG|dayStoreAppParse.py:23] >> (), com.bcam, 사진, BAILERS, 10000.0, 342.0, 0, 0, 0, 0, 0, 0, 2017년 10월 3일, http://www.bailersnet.com, BAILERS, 
[2019-07-22 15:36:37,646][DEBUG|dayStoreAppParse.py:23] >> 2019  IT(), com.startthailand.it_passport_pro, 교육, にしむら工房, 1000.0, 16.0, 0, 0, 0, 0, 0, 0, 2019년 5월 30일, http://www.startthailand.com/nishimura/blog/, %E3%81%AB%E3%81%97%E3%82%80%E3%82%89%E5%B7%A5%E6%88%BF, 
[2019-07-22 15:36:48,883][DEBUG|dayStoreAppParse.py:23] >> Tetra Filer, jp.main.brits.android.filer.app, 도구, Yuichiro Okuyama, 10000.0, 537.0, 4.7, 100, 16, 4, 2, 2, 2019년 5월 16일, http://plus.google.com/104122425947118429870/, Yuichiro+Okuyama, 
[2019-07-22 15:37:00,575][DEBUG|dayStoreAppParse.py:23] >> 제트오디오 플러스 - 고해상도 음원 재생 뮤직 플레이어, com.jetappfactory.jetaudioplus, 음악/오디오, Team Jet, 100000.0, 16880.0, 4.4, 100, 23, 10, 5, 9, 2019년 7월 2일, https://www.facebook.com/jetappfactory, Team+Jet, 
[2019-07-22 15:37:44,439][DEBUG|dayStoreAppParse.py:23] >> Internet Speed Monitor PRO Key, com.andcreate.app.internetspeedmonitor.prokey, 도구, Lufesu Inc., 1000.0, 91.0, 4.1, 100, 30, 7, 10, 16, 2017년 7월 6일, http://www.lufesu.com/, Lufesu+Inc., 
[2019-07-22 15:37:56,911][DEBUG|dayStoreAppParse.py:23] >> twitcle plus, jp.yoshika.twitcle.plus, 소셜, yoshika, 10000.0, 2045.0, 0, 0, 0, 0, 0, 0, 2019년 5월 17일, mailto:yoshi.ka23218@gmail.com, yoshika, 
[2019-07-22 15:38:15,612][DEBUG|dayStoreAppParse.py:23] >> 새로운 테마 감지 유리 HD APEX Theme, org.adwtheme.novasense, 맞춤 설정, Android Customization, 10000.0, 1642.0, 4.5, 100, 18, 7, 2, 4, 2019년 5월 20일, http://www.androidcustomization.com, , 6691865036862986366
[2019-07-22 15:38:38,085][DEBUG|dayStoreAppParse.py:23] >> Estilynx - 見積書や請求書を素早く作成、きれいに印刷, com.loadlynx_jp.estilynx, 비즈니스, LOADLYNX, 1000.0, 213.0, 4.5, 100, 41, 12, 2, 1, 2019년 7월 10일, https://loadlynx-jp.com/estilynx/, LOADLYNX, 
[2019-07-22 15:38:48,939][DEBUG|dayStoreAppParse.py:27] >> Toca Life: Neighborhood, com.tocaboca.tocaneighborhood, 교육, Toca Boca, 10000.0, 1477.0, 4.5, 100, 12, 6, 3, 8, 2018년 11월 15일, None, , 8567646723268777320
[2019-07-22 15:39:01,176][DEBUG|dayStoreAppParse.py:23] >> FiLMiC Pro: 프로 HD 수동 비디오 카메라 어플, com.filmic.filmicpro, 사진, FiLMiC Inc., 50000.0, 3770.0, 3.2, 100, 63, 63, 45, 69, 2019년 7월 16일, http://www.filmicpro.com, FiLMiC+Inc., 
[2019-07-22 15:39:15,479][DEBUG|dayStoreAppParse.py:23] >> 새로운 테마 골든 유리 아이콘 팩 HD, org.adwtheme.novagoldenglass, 맞춤 설정, Android Customization, 10000.0, 577.0, 4.3, 100, 18, 9, 6, 10, 2019년 5월 20일, http://www.androidcustomization.com, , 6691865036862986366
[2019-07-22 15:39:30,651][DEBUG|dayStoreAppParse.py:27] >> 世界の昆採集, air.boycraft.insecthunting, 교육, BoyCraft, 5000.0, 98.0, 3.9, 100, 40, 20, 10, 26, 2019년 2월 17일, None, BoyCraft, 
[2019-07-22 15:39:44,279][DEBUG|dayStoreAppParse.py:23] >>  |TOEIC, jp.ne.biglobe.wisdomdict.gp2, 도서/참고자료, BIGLOBE Inc., 10000.0, 275.0, 0, 0, 0, 0, 0, 0, 2019년 4월 10일, http://shikaku.biglobe.ne.jp/app/wisdom_revised/, BIGLOBE+Inc., 
[2019-07-22 15:39:56,726][DEBUG|dayStoreAppParse.py:23] >> Fingerspelling Trainer A, net.jp.found.fingerspellingtrainera, 교육, FOUND, 100.0, 1.0, 0, 0, 0, 0, 0, 0, 2016년 10월 11일, mailto:for.your.hands@gmail.com, FOUND, 
[2019-07-22 15:40:08,742][DEBUG|dayStoreAppParse.py:23] >> Runtastic Squats PRO스쿼트 다리살빼기, com.runtastic.android.squats.pro, 건강/운동, Runtastic, 100000.0, 9197.0, 4.6, 100, 23, 4, 1, 3, 2018년 7월 24일, http://runtastic.com, , 8438666261259599516
[2019-07-22 15:40:21,791][DEBUG|dayStoreAppParse.py:23] >> Cleartune - Chromatic Tuner, com.bitcount.cleartune, 음악/오디오, Bitcount ltd., 100000.0, 2690.0, 4.3, 100, 18, 6, 5, 13, 2012년 9월 17일, http://www.bitcount.com/, Bitcount+ltd., 
[2019-07-22 15:41:05,027][DEBUG|dayStoreAppParse.py:23] >> 1, jp.co.joker.kazuki.doboku1, 교육, K.Joker, 1000.0, 7.0, 0, 0, 0, 0, 0, 0, 2018년 10월 2일, http://risusan.net/?page_id=9, , 7538286462169068100
[2019-07-22 15:41:17,233][DEBUG|dayStoreAppParse.py:23] >> 療計算機, jp.medicalc.medicalc, 의료, MediCalc, 1000.0, 22.0, 0, 0, 0, 0, 0, 0, 2017년 9월 18일, mailto:medicalc@aol.jp, MediCalc, 
[2019-07-22 15:41:33,378][DEBUG|dayStoreAppParse.py:23] >> PrinterShare Premium Key, com.dynamixsoftware.printershare.premium, 비즈니스, Mobile Dynamix, 500000.0, 37383.0, 4.6, 100, 18, 3, 1, 4, 2015년 12월 30일, http://www.printershare.com/mobile.sdf, , 7687136110608797526
[2019-07-22 15:41:48,684][DEBUG|dayStoreAppParse.py:23] >> Moon+ Reader Pro, com.flyersoft.moonreaderp, 도서/참고자료, Moon+, 500000.0, 94157.0, 4.6, 100, 21, 4, 1, 2, 2019년 6월 2일, http://moondownload.com, Moon%2B, 
[2019-07-22 15:42:14,999][DEBUG|dayStoreAppParse.py:23] >> Poppin icon pack, bludocs.iconpack.poppin, 맞춤 설정, Bludocs, 1000.0, 412.0, 0, 0, 0, 0, 0, 0, 2019년 7월 19일, mailto:iconoki.pak@gmail.com, Bludocs, 
[2019-07-22 15:42:27,300][DEBUG|dayStoreAppParse.py:23] >>  TOEIC Test Score 600 () , com.playsquare.kikutan_toeic600, 교육, PlaySquare Inc., 1000.0, 7.0, 0, 0, 0, 0, 0, 0, 2019년 1월 9일, http://www.playsquare.co.jp, PlaySquare+Inc., 
[2019-07-22 15:42:39,769][DEBUG|dayStoreAppParse.py:23] >> Greenify (Donation Package), com.oasisfeng.greenify.pro, 도구, Oasis Feng, 100000.0, 22059.0, 4.6, 100, 12, 3, 2, 6, 2013년 12월 31일, https://plus.google.com/112105199234363320140, , 7664242523989527886
[2019-07-22 15:43:08,744][DEBUG|dayStoreAppParse.py:23] >> *SWEET* , com.webclap.sweetstyle.sweetCalendar_paid, 라이프스타일, SWEET Style, 1000.0, 22.0, 0, 0, 0, 0, 0, 0, 2013년 12월 4일, http://www.facebook.com/SweetStyle.AnimalStyle, SWEET+Style, 
[2019-07-22 15:43:21,465][DEBUG|dayStoreAppParse.py:27] >> Toca Kitchen Sushi Restaurant, com.tocaboca.tocakitchensushi, 교육, Toca Boca, 10000.0, 200.0, 4.3, 100, 15, 9, 3, 15, 2019년 1월 30일, None, , 8567646723268777320
[2019-07-22 15:43:33,082][DEBUG|dayStoreAppParse.py:23] >> Screen Master Pro: Screenshot, Photo Markup, pro.capture.screenshot.pay, 생산성, Blossgraph, 5000.0, 1077.0, 4.8, 100, 10, 2, 0, 2, 2019년 5월 5일, mailto:blossgraph@gmail.com, Blossgraph, 
[2019-07-22 15:44:10,781][DEBUG|dayStoreAppParse.py:23] >> Splashtop Wired XDisplay, com.splashtop.xdisplay.wired.pro, 도구, Splashtop, 10000.0, 731.0, 4.1, 100, 31, 11, 5, 18, 2018년 5월 9일, http://www.splashtop.com/wiredxdisplay, , 7394476988339982527
[2019-07-22 15:44:24,476][DEBUG|dayStoreAppParse.py:23] >> Builder PRO for Minecraft PE, com.lyxoto.mcbuilder.pro, 엔터테인먼트, Lyxoto Studios, 10000.0, 1736.0, 4.4, 100, 16, 6, 3, 10, 2019년 6월 7일, mailto:dev.alexche@gmail.com, Lyxoto+Studios, 
[2019-07-22 15:44:36,008][DEBUG|dayStoreAppParse.py:23] >> Flashcards Deluxe, com.orangeorapple.flashcards, 교육, OrangeOrApple.com, 50000.0, 1770.0, 4.6, 100, 15, 4, 2, 5, 2019년 7월 20일, http://orangeorapple.com, OrangeOrApple.com, 
[2019-07-22 15:44:48,783][DEBUG|dayStoreAppParse.py:23] >> Dark EMUI 9 Theme for Huawei/Honor, emui.en.com.darkemui9, 맞춤 설정, Aurel, 10000.0, 577.0, 0, 0, 0, 0, 0, 0, 2019년 6월 19일, mailto:kissaurelrichard@gmail.com, , 8395272954595502360
[2019-07-22 15:45:17,199][DEBUG|dayStoreAppParse.py:23] >> TeamSpeak 3 - Voice Chat Software, com.teamspeak.ts3client, 커뮤니케이션, TeamSpeak Systems GmbH, 1000000.0, 37631.0, 3.7, 100, 29, 15, 9, 40, 2019년 7월 4일, http://www.TeamSpeak.com, TeamSpeak+Systems+GmbH, 
[2019-07-22 15:45:30,029][DEBUG|dayStoreAppParse.py:23] >> PlayerPro Music Player, com.tbig.playerpro, 음악/오디오, BlastOn SA, 500000.0, 58920.0, 4.5, 100, 20, 7, 4, 6, 2019년 6월 20일, http://www.aplayerpro.com, BlastOn+SA, 
[2019-07-22 15:45:41,280][DEBUG|dayStoreAppParse.py:23] >> 토스, viva.republica.toss, 금융, Viva Republica, 10000000.0, 110171.0, 4.6, 100, 12, 4, 2, 7, 2019년 7월 18일, https://toss.im, , 4939974231902229320
[2019-07-22 15:45:55,118][DEBUG|dayStoreAppParse.py:23] >> 실시간 날씨 - 일기 예보 2019, com.jndwork.weather.forecast.channel.dailyforecast.liveradarmaps, 날씨, JonDev., 5000000.0, 67617.0, 4.6, 100, 16, 5, 1, 3, 2019년 6월 4일, http://www.jondevmobile.com, , 6915261801345011098
[2019-07-22 15:46:09,845][DEBUG|dayStoreAppParse.py:23] >> 호갱노노 - 아파트 실거래가 1등 앱, com.hogangnono.hogangnono, 부동산/홈 인테리어, 호갱노노, 1000000.0, 2323.0, 4.5, 100, 17, 4, 2, 8, 2019년 6월 28일, https://hogangnono.com, %ED%98%B8%EA%B0%B1%EB%85%B8%EB%85%B8, 
[2019-07-22 15:46:23,989][DEBUG|dayStoreAppParse.py:23] >> 네이버 - NAVER, com.nhn.android.search, 도서/참고자료, NAVER Corp., 50000000.0, 464469.0, 3.9, 100, 20, 13, 8, 28, 2019년 7월 15일, http://www.navercorp.com, , 6225315284672069550
[2019-07-22 15:46:37,105][DEBUG|dayStoreAppParse.py:23] >> V3 Mobile Plus 2.0, com.ahnlab.v3mobileplus, 도구, AhnLab Inc., 50000000.0, 95856.0, 3.5, 100, 32, 22, 12, 58, 2019년 3월 12일, http://www.ahnlab.com, AhnLab+Inc., 
[2019-07-22 15:47:15,933][DEBUG|dayStoreAppParse.py:23] >> 쿠팡 (Coupang), com.coupang.mobile, 쇼핑, 쿠팡, 10000000.0, 519874.0, 4.6, 100, 23, 5, 1, 3, 2019년 7월 19일, http://www.coupang.com, %EC%BF%A0%ED%8C%A1, 
[2019-07-22 15:47:28,501][DEBUG|dayStoreAppParse.py:23] >> 당근마켓 - 우리 동네 중고 직거래 벼룩장터, com.towneers.www, 쇼핑, 당근마켓, 5000000.0, 26409.0, 4.6, 100, 20, 5, 1, 5, 2019년 7월 14일, https://www.daangn.com/, %EB%8B%B9%EA%B7%BC%EB%A7%88%EC%BC%93, 
[2019-07-22 15:47:41,744][DEBUG|dayStoreAppParse.py:23] >> Samsung Smart Switch Mobile, com.sec.android.easyMover, 도구, Samsung Electronics Co.,  Ltd., 100000000.0, 177838.0, 4.3, 100, 19, 8, 4, 11, 2019년 7월 16일, http://www.samsung.com/us/smartswitch, , 5200379633052405703
[2019-07-22 15:47:55,043][DEBUG|dayStoreAppParse.py:23] >> TikTok 틱톡, com.ss.android.ugc.trill, 동영상 플레이어/편집기, TikTok Pte. Ltd., 100000000.0, 3966523.0, 4.5, 100, 11, 6, 1, 8, 2019년 7월 19일, https://www.bytedance.com/, TikTok+Pte.+Ltd., 
[2019-07-22 15:48:08,317][DEBUG|dayStoreAppParse.py:23] >> Instagram, com.instagram.android, 소셜, Instagram, 1000000000.0, 85251289.0, 4.5, 100, 20, 7, 2, 5, 2019년 7월 16일, http://help.instagram.com/, Instagram, 
[2019-07-22 15:48:21,497][DEBUG|dayStoreAppParse.py:23] >> 송가인 노래듣기 - 히트곡, 방송 영상, 공연 영상, 7080 트로트 메들리 감상, com.shs.songain, 음악/오디오, HS APPS, 100000.0, 247.0, 4.5, 100, 7, 3, 1, 8, 2019년 7월 20일, mailto:hsseo.developer@gmail.com, HS+APPS, 
[2019-07-22 15:48:34,138][DEBUG|dayStoreAppParse.py:23] >> FLO  , skplanet.musicmate, 음악/오디오, Dreamus Company, 1000000.0, 8636.0, 3.3, 100, 44, 42, 25, 68, 2019년 7월 15일, https://www.music-flo.com, Dreamus+Company, 
[2019-07-22 15:48:47,216][DEBUG|dayStoreAppParse.py:23] >> 카카오맵 - 대한민국 No.1 지도앱 ( 지도 / 내비게이션 / 대중교통 / 로드뷰 ), net.daum.android.map, 여행 및 지역정보, Kakao Corp., 10000000.0, 83656.0, 4.1, 100, 31, 13, 6, 16, 2019년 6월 27일, https://map.kakao.com/info/kakao_map, Kakao+Corp., 
[2019-07-22 15:49:00,997][DEBUG|dayStoreAppParse.py:23] >> Google Play 게임, com.google.android.play.games, 엔터테인먼트, Google LLC, 1000000000.0, 9386610.0, 4.3, 100, 15, 9, 3, 13, 2019년 7월 12일, http://play.google.com/store/apps/category/GAME, , 5700313618786177705
[2019-07-22 15:49:14,575][DEBUG|dayStoreAppParse.py:23] >> 네이버 지도, 내비게이션, com.nhn.android.nmap, 여행 및 지역정보, NAVER Corp., 10000000.0, 155185.0, 3.9, 100, 31, 13, 7, 31, 2019년 6월 5일, http://www.navercorp.com, , 6225315284672069550
[2019-07-22 15:49:28,975][DEBUG|dayStoreAppParse.py:23] >> 카카오톡 KakaoTalk, com.kakao.talk, 커뮤니케이션, Kakao Corporation, 100000000.0, 2791508.0, 4.2, 100, 23, 12, 4, 13, 2019년 7월 16일, http://www.kakao.com/talk, Kakao+Corporation, 
[2019-07-22 15:50:17,319][DEBUG|dayStoreAppParse.py:23] >> 배달요기요, com.fineapp.yogiyo, 식음료, yogiyo.co.kr, 10000000.0, 105117.0, 4.3, 100, 15, 6, 2, 14, 2019년 7월 22일, http://www.yogiyo.co.kr, yogiyo.co.kr, 
[2019-07-22 15:50:31,677][DEBUG|dayStoreAppParse.py:23] >> NH스마트뱅킹, nh.smart.banking, 금융, 농협BANK, 5000000.0, 4487.0, 3.2, 100, 25, 17, 11, 86, 2019년 7월 16일, http://www.nonghyup.com, %EB%86%8D%ED%98%91BANK, 
[2019-07-22 15:50:45,324][DEBUG|dayStoreAppParse.py:23] >> 4shared, com.forshared.files, 엔터테인먼트, New IT Solutions, 10000000.0, 87467.0, 4.5, 100, 14, 5, 2, 7, 2019년 7월 11일, http://4shared.com, New+IT+Solutions, 
[2019-07-22 15:50:58,899][DEBUG|dayStoreAppParse.py:23] >> 삼성 음성 녹음, com.sec.android.app.voicenote, 도구, Samsung Electronics Co.,  Ltd., 500000000.0, 66031.0, 4.3, 100, 17, 9, 3, 14, 2019년 5월 28일, mailto:noreply.sec@samsung.com, , 5200379633052405703
[2019-07-22 15:51:12,290][DEBUG|dayStoreAppParse.py:23] >> 배달의민족, com.sampleapp, 식음료, WoowaBrothers, 10000000.0, 169802.0, 4.3, 100, 21, 6, 2, 15, 2019년 7월 8일, http://www.baemin.com, WoowaBrothers, 
[2019-07-22 15:51:26,785][DEBUG|dayStoreAppParse.py:23] >> Wish - 쇼핑은 즐겁다, com.contextlogic.wish, 쇼핑, Wish Inc., 100000000.0, 8098462.0, 4.5, 100, 27, 8, 2, 7, 2019년 7월 17일, http://www.wish.com, Wish+Inc., 
[2019-07-22 15:51:43,308][DEBUG|dayStoreAppParse.py:23] >> 카카오뱅크 - 같지만 다른 은행, com.kakaobank.channel, 금융, 카카오뱅크, 10000000.0, 20290.0, 4.0, 100, 18, 8, 4, 27, 2019년 7월 4일, https://kakaobank.com, %EC%B9%B4%EC%B9%B4%EC%98%A4%EB%B1%85%ED%81%AC, 
[2019-07-22 15:52:02,083][DEBUG|dayStoreAppParse.py:23] >> 송가인 노래모음 완전무료 듣기 - 송가인 트로트 인기곡 모음, com.gain.trmedley, 음악/오디오, HappyDaySoft, 100000.0, 158.0, 3.9, 100, 21, 7, 8, 29, 2019년 5월 27일, mailto:prodieter99@gmail.com, HappyDaySoft, 
[2019-07-22 15:52:21,052][DEBUG|dayStoreAppParse.py:23] >> T map (티맵,T맵,내비게이션), com.skt.tmap.ku, 지도/내비게이션, SK telecom Inc., 10000000.0, 28175.0, 4.2, 100, 31, 11, 4, 13, 2019년 7월 16일, http://www.tmap.co.kr/, SK+telecom+Inc., 
[2019-07-22 15:52:48,736][DEBUG|dayStoreAppParse.py:23] >> 밴드, com.nhn.android.band, 소셜, NAVER Corp., 50000000.0, 315400.0, 4.1, 100, 31, 16, 6, 16, 2019년 7월 16일, http://www.band.us, , 6225315284672069550
[2019-07-22 15:53:15,938][DEBUG|dayStoreAppParse.py:23] >> 카카오 T - 택시, 대리운전, 주차, 내비, 카풀, 바이크, com.kakao.taxi, 지도/내비게이션, Kakao Mobility Corp., 10000000.0, 85878.0, 4.2, 100, 14, 6, 3, 19, 2019년 7월 15일, http://service.kakaomobility.com/kakaot, Kakao+Mobility+Corp., 
[2019-07-22 15:54:10,847][DEBUG|dayStoreAppParse.py:23] >> 네이버 파파고 - AI 통번역, com.naver.labs.translator, 도구, NAVER Corp., 10000000.0, 31877.0, 4.3, 100, 20, 8, 4, 13, 2019년 6월 17일, http://www.navercorp.com, , 6225315284672069550
[2019-07-22 15:54:26,579][DEBUG|dayStoreAppParse.py:23] >> Messenger, com.facebook.orca, 커뮤니케이션, Facebook, 1000000000.0, 67666716.0, 4.1, 100, 23, 14, 6, 19, 2019년 7월 18일, https://www.facebook.com/games/fbmessenger_android/, Facebook, 
[2019-07-22 15:54:40,588][DEBUG|dayStoreAppParse.py:23] >> SRT - 수서고속철도(NEW), kr.co.srail.newapp, 여행 및 지역정보, ㈜SR - 새로운 고속열차 SRT, 1000000.0, 693.0, 2.6, 56, 14, 9, 7, 100, 2019년 7월 17일, https://www.srail.co.kr, %E3%88%9CSR+-+%EC%83%88%EB%A1%9C%EC%9A%B4+%EA%B3%A0%EC%86%8D%EC%97%B4%EC%B0%A8+SRT, 
[2019-07-22 15:54:57,211][DEBUG|dayStoreAppParse.py:23] >> Facebook, com.facebook.katana, 소셜, Facebook, 1000000000.0, 89042201.0, 4.1, 100, 23, 14, 6, 19, 2019년 7월 18일, https://www.facebook.com/facebook, Facebook, 
[2019-07-22 15:55:11,065][DEBUG|dayStoreAppParse.py:23] >> 한컴오피스 viewer, com.tf.thinkdroid.viewer, 생산성, Hancom Inc., 5000000.0, 2745.0, 3.8, 100, 31, 20, 8, 31, 2019년 4월 18일, http://www.hancom.com, Hancom+Inc., 
[2019-07-22 15:55:25,774][DEBUG|dayStoreAppParse.py:23] >> 카카오내비, com.locnall.KimGiSa, 지도/내비게이션, Kakao Mobility Corp., 10000000.0, 112271.0, 4.2, 100, 31, 10, 4, 15, 2019년 6월 3일, http://www.kakaocorp.com/main, Kakao+Mobility+Corp., 
[2019-07-22 15:55:41,949][DEBUG|dayStoreAppParse.py:23] >> Snapchat, com.snapchat.android, 소셜, Snap Inc, 1000000000.0, 19877393.0, 4.1, 100, 18, 12, 6, 20, 2019년 7월 11일, http://www.snap.com, Snap+Inc, 
[2019-07-22 15:55:54,331][DEBUG|dayStoreAppParse.py:23] >> SODA 소다 - Natural Beauty Camera, com.snowcorp.soda.android, 사진, SNOW, Inc., 5000000.0, 28595.0, 4.4, 100, 15, 8, 2, 8, 2019년 7월 16일, http://snow.me, SNOW,+Inc., 
[2019-07-22 15:56:12,695][DEBUG|dayStoreAppParse.py:23] >> Netflix(넷플릭스), com.netflix.mediaclient, 엔터테인먼트, Netflix, Inc., 500000000.0, 6860592.0, 4.5, 100, 16, 6, 3, 8, 2019년 7월 18일, http://www.netflix.com, Netflix,+Inc., 
[2019-07-22 15:56:28,498][DEBUG|dayStoreAppParse.py:23] >> Samsung Members, com.samsung.android.voc, 도구, Samsung Electronics Co.,  Ltd., 100000000.0, 478163.0, 4.6, 100, 20, 5, 1, 3, 2019년 7월 7일, mailto:noreply.sec@samsung.com, , 5200379633052405703
[2019-07-22 15:56:43,792][DEBUG|dayStoreAppParse.py:23] >> 무료 벨소리 Android™ 전용, com.bestringtonesapps.freeringtonesforandroid, 음악/오디오, BestRingtonesApps, 10000000.0, 167970.0, 4.2, 100, 23, 11, 4, 14, 2019년 6월 22일, https://www.facebook.com/pages/Best-Ringtones-Apps/1018443861508951, , 8950393860599764952
[2019-07-22 15:57:31,146][DEBUG|dayStoreAppParse.py:23] >> Google 번역, com.google.android.apps.translate, 도구, Google LLC, 500000000.0, 6462616.0, 4.4, 100, 22, 9, 4, 7, 2019년 7월 11일, http://support.google.com/translate, , 5700313618786177705
[2019-07-22 15:57:44,731][DEBUG|dayStoreAppParse.py:23] >> SNOW - 뷰티, 메이크업, 셀피 카메라, com.campmobile.snow, 사진, SNOW, Inc., 100000000.0, 1163162.0, 4.3, 100, 18, 11, 4, 11, 2019년 7월 11일, https://snow.me, SNOW,+Inc., 
[2019-07-22 15:57:59,281][DEBUG|dayStoreAppParse.py:23] >> 트로트 무료듣기 - 트로트 메들리, com.hmusic.listentrot, 음악/오디오, H Music, 1000000.0, 5002.0, 4.5, 100, 24, 7, 2, 6, 2019년 4월 4일, mailto:hanamedia1@gmail.com, H+Music, 
[2019-07-22 15:58:13,708][DEBUG|dayStoreAppParse.py:23] >> 위메프 - 특가대표 (특가 / 쇼핑 / 쇼핑앱 / 쿠폰 / 배송), com.wemakeprice, 쇼핑, 위메프, 10000000.0, 228995.0, 4.4, 100, 26, 7, 2, 7, 2019년 7월 2일, http://www.wemakeprice.com, %EC%9C%84%EB%A9%94%ED%94%84, 
[2019-07-22 15:58:33,619][DEBUG|dayStoreAppParse.py:23] >> 헤이카카오 Hey Kakao, com.kakao.i.connect, 라이프스타일, Kakao Corporation, 500000.0, 1139.0, 3.4, 100, 31, 25, 16, 59, 2019년 7월 8일, http://www.kakaocorp.com, Kakao+Corporation, 
[2019-07-22 15:58:52,432][DEBUG|dayStoreAppParse.py:23] >> Samsung Notes, com.samsung.android.app.notes, 생산성, Samsung Electronics Co.,  Ltd., 100000000.0, 51020.0, 4.1, 100, 16, 10, 5, 19, 2019년 2월 15일, mailto:noreply.sec@samsung.com, , 5200379633052405703
[2019-07-22 15:59:08,459][DEBUG|dayStoreAppParse.py:23] >> Samsung Health(삼성 헬스), com.sec.android.app.shealth, 건강/운동, Samsung Electronics Co.,  Ltd., 500000000.0, 761323.0, 4.3, 100, 27, 9, 4, 10, 2019년 7월 16일, https://www.samsung.com/global/galaxy/apps/samsung-health/, , 5200379633052405703
[2019-07-22 15:59:22,583][DEBUG|dayStoreAppParse.py:23] >> 코레일톡, com.korail.talk, 여행 및 지역정보, KORAIL, 10000000.0, 24342.0, 3.8, 100, 33, 12, 6, 34, 2019년 7월 9일, http://www.korail.com, KORAIL, 
