[2019-07-23 13:05:41,811][DEBUG|rankingParser.py:19] >> 1, io.faceapp, FaceApp
[2019-07-23 13:05:41,845][DEBUG|rankingParser.py:19] >> 2, com.instagram.android, Instagram
[2019-07-23 13:05:41,856][DEBUG|rankingParser.py:19] >> 3, com.hogangnono.hogangnono, 호갱노노 - 아파트 실거래가 1등 앱
[2019-07-23 13:05:41,869][DEBUG|rankingParser.py:19] >> 4, com.contextlogic.wish, Wish - 쇼핑은 즐겁다
[2019-07-23 13:05:41,876][DEBUG|rankingParser.py:19] >> 5, com.kakao.talk, 카카오톡 KakaoTalk
[2019-07-23 13:05:41,882][DEBUG|rankingParser.py:19] >> 6, com.nhn.android.search, 네이버 - NAVER
[2019-07-23 13:05:41,895][DEBUG|rankingParser.py:19] >> 7, com.fineapp.yogiyo, 배달요기요
[2019-07-23 13:05:41,901][DEBUG|rankingParser.py:19] >> 8, com.netflix.mediaclient, Netflix(넷플릭스)
[2019-07-23 13:05:41,909][DEBUG|rankingParser.py:19] >> 9, com.sec.android.easyMover, Samsung Smart Switch Mobile
[2019-07-23 13:05:41,916][DEBUG|rankingParser.py:19] >> 10, com.towneers.www, 당근마켓 - 우리 동네 중고 직거래 벼룩장터
[2019-07-23 13:05:41,922][DEBUG|rankingParser.py:19] >> 11, viva.republica.toss, 토스
[2019-07-23 13:05:41,930][DEBUG|rankingParser.py:19] >> 12, com.sampleapp, 배달의민족
[2019-07-23 13:05:41,937][DEBUG|rankingParser.py:19] >> 13, com.coupang.mobile, 쿠팡 (Coupang)
[2019-07-23 13:05:41,944][DEBUG|rankingParser.py:19] >> 14, com.kakaobank.channel, 카카오뱅크 - 같지만 다른 은행
[2019-07-23 13:05:41,951][DEBUG|rankingParser.py:19] >> 15, com.palmistry.scan.horoscope, 손금 및 별자리 - 노화 카메라
[2019-07-23 13:05:41,960][DEBUG|rankingParser.py:19] >> 16, com.ahnlab.v3mobileplus, V3 Mobile Plus 2.0
[2019-07-23 13:05:41,975][DEBUG|rankingParser.py:19] >> 17, com.jndwork.weather.forecast.channel.dailyforecast.liveradarmaps, 실시간 날씨 - 일기 예보 2019
[2019-07-23 13:05:41,996][DEBUG|rankingParser.py:19] >> 18, com.snowcorp.soda.android, SODA 소다 - Natural Beauty Camera
[2019-07-23 13:05:42,013][DEBUG|rankingParser.py:19] >> 19, com.nhn.android.nmap, 네이버 지도, 내비게이션
[2019-07-23 13:05:42,025][DEBUG|rankingParser.py:19] >> 20, com.kakao.taxi, 카카오 T - 택시, 대리운전, 주차, 내비, 카풀, 바이크
[2019-07-23 13:05:42,036][DEBUG|rankingParser.py:19] >> 21, com.forshared.files, 4shared
[2019-07-23 13:05:42,046][DEBUG|rankingParser.py:19] >> 22, me.togather.wave, WAVE - 잘 노는 영상톡, Talk & Play
[2019-07-23 13:05:42,053][DEBUG|rankingParser.py:19] >> 23, com.facebook.katana, Facebook
[2019-07-23 13:05:42,059][DEBUG|rankingParser.py:19] >> 24, com.mcdonalds.mobileapp, 맥도날드
[2019-07-23 13:05:42,069][DEBUG|rankingParser.py:19] >> 25, kr.co.captv.pooqV2, POOQ (푹)  실시간TV 무료
[2019-07-23 13:05:42,075][DEBUG|rankingParser.py:19] >> 26, com.skt.tmap.ku, T map (티맵,T맵,내비게이션)
[2019-07-23 13:05:42,082][DEBUG|rankingParser.py:19] >> 27, com.google.android.play.games, Google Play 게임
[2019-07-23 13:05:42,090][DEBUG|rankingParser.py:19] >> 28, com.samsung.android.app.notes, Samsung Notes
[2019-07-23 13:05:42,096][DEBUG|rankingParser.py:19] >> 29, com.sktelecom.ytpoc, 0한동
[2019-07-23 13:05:42,104][DEBUG|rankingParser.py:19] >> 30, com.ibk.android.ionebank, (New) i-ONE Bank - IBK기업은행
[2019-07-23 13:05:42,111][DEBUG|rankingParser.py:19] >> 31, kr.goodchoice.abouthere, 여기어때 - 대한민국 1등 종합숙박앱
[2019-07-23 13:05:42,118][DEBUG|rankingParser.py:19] >> 32, com.security.clean.antivirus.master, Speed Security - Antivirus, Boost, AppLock
[2019-07-23 13:05:42,125][DEBUG|rankingParser.py:19] >> 33, com.sec.android.app.voicenote, 삼성 음성 녹음
[2019-07-23 13:05:42,134][DEBUG|rankingParser.py:19] >> 34, com.ss.android.ugc.trill, TikTok 틱톡
[2019-07-23 13:05:42,140][DEBUG|rankingParser.py:19] >> 35, com.shs.songain, 송가인 노래듣기 - 히트곡, 방송 영상, 공연 영상, 7080 트로트 메들리 감상
[2019-07-23 13:05:42,147][DEBUG|rankingParser.py:19] >> 36, com.nhn.android.band, 밴드
[2019-07-23 13:05:42,156][DEBUG|rankingParser.py:19] >> 37, com.gorgeous.liteinternational, Ulike유라이크 - 스타일, 고급 필터, 뷰티 카메라
[2019-07-23 13:05:42,163][DEBUG|rankingParser.py:19] >> 38, kr.co.srail.newapp, SRT - 수서고속철도(NEW)
[2019-07-23 13:05:42,169][DEBUG|rankingParser.py:19] >> 39, net.daum.android.map, 카카오맵 - 대한민국 No.1 지도앱 ( 지도 / 내비게이션 / 대중교통 / 로드뷰 )
[2019-07-23 13:05:42,176][DEBUG|rankingParser.py:19] >> 40, com.facebook.orca, Messenger
[2019-07-23 13:05:42,183][DEBUG|rankingParser.py:19] >> 41, net.cj.cjhv.gs.tving, 티빙(TVING) - 실시간TV, 방송VOD, 영화VOD
[2019-07-23 13:05:42,189][DEBUG|rankingParser.py:19] >> 42, com.campmobile.snow, SNOW - 뷰티, 메이크업, 셀피 카메라
[2019-07-23 13:05:42,196][DEBUG|rankingParser.py:19] >> 43, com.korail.talk, 코레일톡
[2019-07-23 13:05:42,203][DEBUG|rankingParser.py:19] >> 44, app.facereading.signs, 페이스리딩에이지 페이스 사인
[2019-07-23 13:05:42,212][DEBUG|rankingParser.py:19] >> 45, com.locnall.KimGiSa, 카카오내비
[2019-07-23 13:05:42,219][DEBUG|rankingParser.py:19] >> 46, com.google.android.apps.youtube.kids, YouTube Kids
[2019-07-23 13:05:42,227][DEBUG|rankingParser.py:19] >> 47, com.naver.labs.translator, 네이버 파파고 - AI 통번역
[2019-07-23 13:05:42,235][DEBUG|rankingParser.py:19] >> 48, com.cultsotry.yanolja.nativeapp, 야놀자 - 국내 및 해외 호텔, 모텔, 펜션, 게하, 레저/티켓, 최대 80% 할인
[2019-07-23 13:05:42,243][DEBUG|rankingParser.py:19] >> 49, com.banhala.android, 에이블리 - 셀럽마켓 모음앱
[2019-07-23 13:05:42,250][DEBUG|rankingParser.py:19] >> 50, com.omnitel.android.lottewebview, 롯데홈쇼핑  롯데 ON
[2019-07-23 13:05:42,256][DEBUG|rankingParser.py:19] >> 51, nh.smart.banking, NH스마트뱅킹
[2019-07-23 13:05:42,262][DEBUG|rankingParser.py:19] >> 52, kvp.jjy.MispAndroid320, ISP/페이북
[2019-07-23 13:05:42,269][DEBUG|rankingParser.py:19] >> 53, com.iloen.melon, 멜론
[2019-07-23 13:05:42,275][DEBUG|rankingParser.py:19] >> 54, com.lge.lgemembership, LG전자 멤버십
[2019-07-23 13:05:42,282][DEBUG|rankingParser.py:19] >> 55, kr.backpackr.me.idus, 아이디어스(idus) - 핸드메이드/수공예 장터
[2019-07-23 13:05:42,291][DEBUG|rankingParser.py:19] >> 56, com.kscc.scxb.mbl, [공식]고속버스모바일
[2019-07-23 13:05:42,298][DEBUG|rankingParser.py:19] >> 57, com.cgv.android.movieapp, CGV
[2019-07-23 13:05:42,305][DEBUG|rankingParser.py:19] >> 58, com.kakaopay.app, 카카오페이
[2019-07-23 13:05:42,312][DEBUG|rankingParser.py:19] >> 59, com.chbreeze.jikbang4a, 직방 - 2,000만명이 선택한 No.1 부동산 앱(아파트,아파트분양,원룸,오피스텔,빌라)
[2019-07-23 13:05:42,318][DEBUG|rankingParser.py:19] >> 60, paint.by.number.pixel.art.coloring.drawing.puzzle, 숫자로 색칠하기 - 무료 색칠 공부 및 퍼즐 게임
[2019-07-23 13:05:42,327][DEBUG|rankingParser.py:19] >> 61, fast.phone.clean, 슈퍼 빠른 클리너 - 안티 바이러스 및 부스터 & 클리너
[2019-07-23 13:05:42,335][DEBUG|rankingParser.py:19] >> 62, com.hmusic.listentrot, 트로트 무료듣기 - 트로트 메들리
[2019-07-23 13:05:42,344][DEBUG|rankingParser.py:19] >> 63, faceapp.facemystery.learnmoreaboutyourself, HiddenMe Face App -  노화 카메라, 페이스앱
[2019-07-23 13:05:42,352][DEBUG|rankingParser.py:19] >> 64, com.tf.thinkdroid.viewer, 한컴오피스 viewer
[2019-07-23 13:05:42,359][DEBUG|rankingParser.py:19] >> 65, com.titicacacorp.triple, 트리플 - 해외여행 가이드
[2019-07-23 13:05:42,365][DEBUG|rankingParser.py:19] >> 66, com.gmong.songgain, 송가인 노래모음 무료듣기 - 미스트롯 송가인 노래와 영상 모음
[2019-07-23 13:05:42,372][DEBUG|rankingParser.py:19] >> 67, kr.co.samsungcard.mpocket, 삼성앱카드 - 내 폰 안의 삼성카드
[2019-07-23 13:05:42,378][DEBUG|rankingParser.py:19] >> 68, net.daum.android.daum, 다음 - Daum
[2019-07-23 13:05:42,384][DEBUG|rankingParser.py:19] >> 69, com.hyundaicard.appcard, 현대카드
[2019-07-23 13:05:42,392][DEBUG|rankingParser.py:19] >> 70, com.nhn.android.webtoon, 네이버 웹툰 - Naver Webtoon
[2019-07-23 13:05:42,398][DEBUG|rankingParser.py:19] >> 71, com.clean_antivirus.security.master.booster, Security & Antivirus
[2019-07-23 13:05:42,405][DEBUG|rankingParser.py:19] >> 72, com.google.android.apps.translate, Google 번역
[2019-07-23 13:05:42,412][DEBUG|rankingParser.py:19] >> 73, kr.go.kcs.mobile.pubservice, 모바일 관세청
[2019-07-23 13:05:42,419][DEBUG|rankingParser.py:19] >> 74, com.skb.btvmobile, oksusu
[2019-07-23 13:05:42,425][DEBUG|rankingParser.py:19] >> 75, com.kscc.xzz.mbl, [공식]시외버스모바일
[2019-07-23 13:05:42,432][DEBUG|rankingParser.py:19] >> 76, com.linecorp.b612.android, B612 - 뷰티 효과, 감성필터, 셀피 카메라
[2019-07-23 13:05:42,439][DEBUG|rankingParser.py:19] >> 77, com.goodplay.a511best, 착한 음악다운 플레이
[2019-07-23 13:05:42,446][DEBUG|rankingParser.py:19] >> 78, com.megabox.mop, 메가박스(MEGABOX)
[2019-07-23 13:05:42,453][DEBUG|rankingParser.py:19] >> 79, com.wemakeprice, 위메프 - 특가대표 (특가 / 쇼핑 / 쇼핑앱 / 쿠폰 / 배송)
[2019-07-23 13:05:42,461][DEBUG|rankingParser.py:19] >> 80, com.uxlayer.wipoint, 다이소 멤버십
[2019-07-23 13:05:42,468][DEBUG|rankingParser.py:19] >> 81, com.virusscan.privacy.fast.cleaner.booster, X Security - 바이러스 제거, 기기 청소, 가속
[2019-07-23 13:05:42,474][DEBUG|rankingParser.py:19] >> 82, gov.incheon.incheonercard, 인천e음
[2019-07-23 13:05:42,484][DEBUG|rankingParser.py:19] >> 83, net.bucketplace, 오늘의집 - 550만이 선택한 No.1 인테리어 필수앱
[2019-07-23 13:05:42,490][DEBUG|rankingParser.py:19] >> 84, com.bestringtonesapps.bestringtonesfree, 최고의 무료 벨소리
[2019-07-23 13:05:42,497][DEBUG|rankingParser.py:19] >> 85, com.firstscreen.weather, 첫화면 날씨, 미세먼지 - WHO 기준, 기상청 날씨
[2019-07-23 13:05:42,505][DEBUG|rankingParser.py:19] >> 86, com.nhn.android.ndrive, 네이버 클라우드 - NAVER Cloud
[2019-07-23 13:05:42,511][DEBUG|rankingParser.py:19] >> 87, com.hnsmall, 홈앤쇼핑 오직 앱에서만.  10%할인 + 10%적립
[2019-07-23 13:05:42,517][DEBUG|rankingParser.py:19] >> 88, com.ktmusic.geniemusic, 지니 뮤직 - genie
[2019-07-23 13:05:42,527][DEBUG|rankingParser.py:19] >> 89, com.hmallapp, 현대Hmall - 홈쇼핑, 백화점
[2019-07-23 13:05:42,536][DEBUG|rankingParser.py:19] >> 90, kr.co.quicket, 번개장터 - 모바일 최대 중고마켓 앱(중고나라,중고차)
[2019-07-23 13:05:42,544][DEBUG|rankingParser.py:19] >> 91, tw.mobileapp.qrcode.banner, QR 코드 리더/바코드 스캐너
[2019-07-23 13:05:42,552][DEBUG|rankingParser.py:19] >> 92, faceapp.magikoly.exploreandhavefun, Magikoly  페이스앱, 페이스 에디터, 얼굴 노화, 성별 전환, 인종 분석기
[2019-07-23 13:05:42,562][DEBUG|rankingParser.py:19] >> 93, com.TouchEn.mVaccine.webs, 터치엔 엠백신 for Web(기업용)
[2019-07-23 13:05:42,570][DEBUG|rankingParser.py:19] >> 94, com.emart.today, 이마트 - 매장에서 즐기는 스마트한 혜택
[2019-07-23 13:05:42,577][DEBUG|rankingParser.py:19] >> 95, com.snapchat.android, Snapchat
[2019-07-23 13:05:42,587][DEBUG|rankingParser.py:19] >> 96, com.lge.mobilemigration, LG 모바일 스위치 (보내기)
[2019-07-23 13:05:42,594][DEBUG|rankingParser.py:19] >> 97, com.future.know, Future: 얼굴, 손금 & 별자리
[2019-07-23 13:05:42,601][DEBUG|rankingParser.py:19] >> 98, com.nhnent.payapp, PAYCO - 페이코, 혜택까지 똑똑한 간편결제
[2019-07-23 13:05:42,607][DEBUG|rankingParser.py:19] >> 99, com.shcard.smartpay, 신한페이판
[2019-07-23 13:05:42,614][DEBUG|rankingParser.py:19] >> 100, video.player.videoplayer, 비디오 플레이어 퍼펙트 - 자막, 코덱, XPlayer
[2019-07-23 13:05:42,626][DEBUG|rankingParser.py:19] >> 101, kr.co.emart.emartmall, 이마트몰  emart mall
[2019-07-23 13:05:42,633][DEBUG|rankingParser.py:19] >> 102, kr.co.alba.webappalba.m, 알바천국- 알바 구인구직 포털서비스
[2019-07-23 13:05:42,645][DEBUG|rankingParser.py:19] >> 103, com.albamon.app, 알바몬 - 알바 채용 구인구직 취업정보검색
[2019-07-23 13:05:42,662][DEBUG|rankingParser.py:19] >> 104, io.storychat, 위트 wit
[2019-07-23 13:05:42,683][DEBUG|rankingParser.py:19] >> 105, kr.bitbyte.playkeyboard, 플레이키보드 - 최애돌 테마, 문자티콘, 나만의 테마 제작, 움직이는 키보드
[2019-07-23 13:05:42,699][DEBUG|rankingParser.py:19] >> 106, com.tmon, 티몬 - 매주 월요일은 티몬데이
[2019-07-23 13:05:42,717][DEBUG|rankingParser.py:19] >> 107, com.kakao.story, 카카오스토리 KakaoStory
[2019-07-23 13:05:42,727][DEBUG|rankingParser.py:19] >> 108, com.croquis.zigzag, 지그재그 - 여성쇼핑몰 모음, 쇼핑몰순위
[2019-07-23 13:05:42,737][DEBUG|rankingParser.py:19] >> 109, socar.Socar, 쏘카 - 1등 카셰어링
[2019-07-23 13:05:42,747][DEBUG|rankingParser.py:19] >> 110, com.shinhan.sbanking, 신한 쏠(SOL)  신한은행 스마트폰뱅킹
[2019-07-23 13:05:42,761][DEBUG|rankingParser.py:19] >> 111, uplus.membership, U+멤버스 - 멤버십 할인,소액결제,포인트,쿠폰
[2019-07-23 13:05:42,770][DEBUG|rankingParser.py:19] >> 112, com.smule.singandroid, Smule - 1등 노래 어플
[2019-07-23 13:05:42,777][DEBUG|rankingParser.py:19] >> 113, com.hpapp, 해피포인트
[2019-07-23 13:05:42,783][DEBUG|rankingParser.py:19] >> 114, kr.co.lottecinema.lcm, 롯데시네마 모바일앱
[2019-07-23 13:05:42,788][DEBUG|rankingParser.py:19] >> 115, com.twitter.android, 트위터
[2019-07-23 13:05:42,794][DEBUG|rankingParser.py:19] >> 116, com.kbstar.kbbank, KB국민은행 스타뱅킹
[2019-07-23 13:05:42,800][DEBUG|rankingParser.py:19] >> 117, com.interpark.shop, 인터파크
[2019-07-23 13:05:42,811][DEBUG|rankingParser.py:19] >> 118, com.bestringtonesapps.freeringtonesforandroid, 무료 벨소리 Android™ 전용
[2019-07-23 13:05:42,817][DEBUG|rankingParser.py:19] >> 119, com.samsung.android.voc, Samsung Members
[2019-07-23 13:05:42,823][DEBUG|rankingParser.py:19] >> 120, kr.go.nts.android, 국세청 홈택스
[2019-07-23 13:05:42,828][DEBUG|rankingParser.py:19] >> 121, gsshop.mobile.v2, GS SHOP - 당신의 가장 좋은 선택을 만듭니다
[2019-07-23 13:05:42,836][DEBUG|rankingParser.py:19] >> 122, com.ebay.kr.gmarket, 쇼핑을 바꾸는 쇼핑. G마켓
[2019-07-23 13:05:42,843][DEBUG|rankingParser.py:19] >> 123, com.gangwon.han, 동영상다운프로
[2019-07-23 13:05:42,849][DEBUG|rankingParser.py:19] >> 124, com.lifeoverflow.app.weather, 날씨날씨 - 날씨, 미세먼지, 기상청, 위젯, 알림
[2019-07-23 13:05:42,857][DEBUG|rankingParser.py:19] >> 125, com.kbcard.cxh.appcard, KB국민 앱카드
[2019-07-23 13:05:42,864][DEBUG|rankingParser.py:19] >> 126, com.ahnlab.v3mobilesecurity.soda, V3 Mobile Security - 무료 백신/부스터/앱잠금
[2019-07-23 13:05:42,871][DEBUG|rankingParser.py:19] >> 127, ly.appt.oldify, 나이 든 얼굴 - Oldify™ Grow Old
[2019-07-23 13:05:42,878][DEBUG|rankingParser.py:19] >> 128, tv.jamlive, 잼라이브 (JAM LIVE) - 실시간 퀴즈쇼
[2019-07-23 13:05:42,885][DEBUG|rankingParser.py:19] >> 129, kr.co.shiftworks.vguardweb, VG 기업용 Web SDK
[2019-07-23 13:05:42,892][DEBUG|rankingParser.py:19] >> 130, kr.co.nowcom.mobile.afreeca, 아프리카TV - AfreecaTV
[2019-07-23 13:05:42,900][DEBUG|rankingParser.py:19] >> 131, sg.bigo.live, BIGO LIVE (비고라이브)  라이브 개인방송
[2019-07-23 13:05:42,907][DEBUG|rankingParser.py:19] >> 132, kr.co.ivlog.mobile.app.cjonecard, CJ ONE
[2019-07-23 13:05:42,916][DEBUG|rankingParser.py:19] >> 133, jp.naver.line.android, 라인 LINE
[2019-07-23 13:05:42,925][DEBUG|rankingParser.py:19] >> 134, com.starbucks.co, 스타벅스
[2019-07-23 13:05:42,932][DEBUG|rankingParser.py:19] >> 135, com.scbank.ma30, SC제일은행 모바일뱅킹
[2019-07-23 13:05:42,939][DEBUG|rankingParser.py:19] >> 136, com.himart.main, 롯데 ON - 롯데하이마트
[2019-07-23 13:05:42,947][DEBUG|rankingParser.py:19] >> 137, co.spoonme, 스푼 라디오 - LIVE방송 BJ소통
[2019-07-23 13:05:42,961][DEBUG|rankingParser.py:19] >> 138, com.naver.vibe, VIBE (바이브)
[2019-07-23 13:05:42,989][DEBUG|rankingParser.py:19] >> 139, com.aging.palmistry.predict, Predict Master - 손금, 노화
[2019-07-23 13:05:42,998][DEBUG|rankingParser.py:19] >> 140, net.daum.android.cafe, 다음 카페 - Daum Cafe
[2019-07-23 13:05:43,004][DEBUG|rankingParser.py:19] >> 141, com.elevenst, 11번가
[2019-07-23 13:05:43,011][DEBUG|rankingParser.py:19] >> 142, teamDoppelGanger.SmarterSubway, 지하철 종결자 : Smarter Subway
[2019-07-23 13:05:43,018][DEBUG|rankingParser.py:19] >> 143, com.google.android.apps.youtube.music, YouTube Music
[2019-07-23 13:05:43,024][DEBUG|rankingParser.py:19] >> 144, app.zenly.locator, Zenly - 친한 친구끼리
[2019-07-23 13:05:43,030][DEBUG|rankingParser.py:19] >> 145, com.discord, Discord - 게이머를 위한 메신저
[2019-07-23 13:05:43,037][DEBUG|rankingParser.py:19] >> 146, com.kbcard.kbkookmincard, KB국민카드
[2019-07-23 13:05:43,045][DEBUG|rankingParser.py:19] >> 147, kr.co.sbs.videoplayer, SBS - 온에어, VOD 7만편 무료
[2019-07-23 13:05:43,054][DEBUG|rankingParser.py:19] >> 148, ctrip.english, 트립닷컴 - 전 세계 항공권, 호텔, 기차표 & 액티비티 특가 예약, 블록버스터급 여행앱
[2019-07-23 13:05:43,060][DEBUG|rankingParser.py:19] >> 149, com.nhn.android.navercafe, 네이버 카페  - Naver Cafe
[2019-07-23 13:05:43,066][DEBUG|rankingParser.py:19] >> 150, com.rainist.banksalad2, 뱅크샐러드 - 신경 꺼도 내 돈 관리 (통합 자산관리, 자동 가계부)
[2019-07-23 13:05:43,073][DEBUG|rankingParser.py:19] >> 151, com.chsapps.songain, 송가인 노래듣기 - 히트곡, 방송 영상, 최신 공연 영상
[2019-07-23 13:05:43,080][DEBUG|rankingParser.py:19] >> 152, com.skmc.okcashbag.home_google, OK캐쉬백 [즐거움이 포인트다]
[2019-07-23 13:05:43,086][DEBUG|rankingParser.py:19] >> 153, kr.co.apptube.hitai2, 하이타이 - 최저가 마사지, 타이마사지, 데이트장소, 무료쿠폰
[2019-07-23 13:05:43,093][DEBUG|rankingParser.py:19] >> 154, com.cjoshppingphone, CJmall
[2019-07-23 13:05:43,102][DEBUG|rankingParser.py:19] >> 155, com.uplus.onphone, U+모바일tv-실시간TV,TV다시보기,최신영화
[2019-07-23 13:05:43,109][DEBUG|rankingParser.py:19] >> 156, com.ssg.serviceapp.android.egiftcertificate, SSGPAY - 혜택 위의 혜택
[2019-07-23 13:05:43,118][DEBUG|rankingParser.py:19] >> 157, com.cntt.lotteria, 롯데리아
[2019-07-23 13:05:43,125][DEBUG|rankingParser.py:19] >> 158, com.remote.control.universal.forall.tv, 모든 TV에 대한 원격 제어
[2019-07-23 13:05:43,132][DEBUG|rankingParser.py:19] >> 159, kr.co.cleaninglab.user, 청소연구소 - 가사도우미, 청소, 청소도우미
[2019-07-23 13:05:43,139][DEBUG|rankingParser.py:19] >> 160, kr.tripstore.tripstore, 트립스토어 - No.1 해외패키지여행 가격비교 및 예약
[2019-07-23 13:05:43,146][DEBUG|rankingParser.py:19] >> 161, com.lgeha.nuts, LG SmartThinQ
[2019-07-23 13:05:43,153][DEBUG|rankingParser.py:19] >> 162, com.buzzni.android.subapp.shoppingmoa, 홈쇼핑모아-TV홈쇼핑 편성표, 생방송 알림, 검색, 홈쇼핑방송
[2019-07-23 13:05:43,158][DEBUG|rankingParser.py:19] >> 163, com.nhn.android.nbooks, SERIES - 네이버 시리즈
[2019-07-23 13:05:43,164][DEBUG|rankingParser.py:19] >> 164, kr.co.station3.dabang, 다방-대한민국 부동산 매물 최다보유(원룸 오피스텔 아파트 분양 월세)
[2019-07-23 13:05:43,170][DEBUG|rankingParser.py:19] >> 165, com.agoda.mobile.consumer, 아고다(Agoda) - 여행 계획은 아고다와 함께! 숙박 및 항공권을 초특가로 예약하세요
[2019-07-23 13:05:43,176][DEBUG|rankingParser.py:19] >> 166, kr.co.homeplus.club, 홈플러스 더 클럽
[2019-07-23 13:05:43,184][DEBUG|rankingParser.py:19] >> 167, com.expedia.bookings, 익스피디아 - 항공권, 호텔, 여행 계획
[2019-07-23 13:05:43,191][DEBUG|rankingParser.py:19] >> 168, com.picsart.draw, PicsArt Color Paint
[2019-07-23 13:05:43,197][DEBUG|rankingParser.py:19] >> 169, nh.smart.nhcok, NH콕뱅크
[2019-07-23 13:05:43,204][DEBUG|rankingParser.py:19] >> 170, com.astroframe.seoulbus, 카카오버스
[2019-07-23 13:05:43,211][DEBUG|rankingParser.py:19] >> 171, com.nsmobilehub, NS홈쇼핑
[2019-07-23 13:05:43,217][DEBUG|rankingParser.py:19] >> 172, free.vpn.unblock.proxy.turbovpn, Turbo VPN 무제한 무료 VPN & 빠른 보안 프록시 접속
[2019-07-23 13:05:43,225][DEBUG|rankingParser.py:19] >> 173, com.hcom.android, 호텔스닷컴: 최저가 객실, 호텔, 펜션 리조트를 최고 평점 숙박 어플로 예약하세요
[2019-07-23 13:05:43,231][DEBUG|rankingParser.py:19] >> 174, com.bisoft.live.weather, 날씨 오늘 - 일기 예보 앱 2019
[2019-07-23 13:05:43,238][DEBUG|rankingParser.py:19] >> 175, teamdoppelganger.smarterbus, 전국 스마트 버스
[2019-07-23 13:05:43,246][DEBUG|rankingParser.py:19] >> 176, com.tencent.mm, WeChat
[2019-07-23 13:05:43,253][DEBUG|rankingParser.py:19] >> 177, org.telegram.messenger, 텔레그램 공식 앱 Telegram
[2019-07-23 13:05:43,259][DEBUG|rankingParser.py:19] >> 178, org.kftc.fido.lnk.lnk_app, 바이오인증 공동앱
[2019-07-23 13:05:43,265][DEBUG|rankingParser.py:19] >> 179, com.joytunes.simplypiano, Simply Piano by JoyTunes
[2019-07-23 13:05:43,275][DEBUG|rankingParser.py:19] >> 180, sk.com.shopping, SK스토아 (SK가 만든 TV쇼핑, SK stoa)
[2019-07-23 13:05:43,282][DEBUG|rankingParser.py:19] >> 181, com.dbs.kurly.m2, 마켓컬리-내일의 장보기
[2019-07-23 13:05:43,288][DEBUG|rankingParser.py:19] >> 182, weather.forecast.barometer.storm.radar, 날씨 무료
[2019-07-23 13:05:43,294][DEBUG|rankingParser.py:19] >> 183, com.digidust.elokence.akinator.freemium, Akinator
[2019-07-23 13:05:43,301][DEBUG|rankingParser.py:19] >> 184, kr.or.giro.android, 모바일지로
[2019-07-23 13:05:43,307][DEBUG|rankingParser.py:19] >> 185, com.cloudmosa.puffinFree, Puffin Web Browser
[2019-07-23 13:05:43,314][DEBUG|rankingParser.py:19] >> 186, com.hy.sfacer, Fantastic Face얼굴 분석 및 노화 예측
[2019-07-23 13:05:43,320][DEBUG|rankingParser.py:19] >> 187, com.dencreak.dlcalculator, 똑똑계산기 - 무료 다용도 계산기
[2019-07-23 13:05:43,327][DEBUG|rankingParser.py:19] >> 188, net.nrise.wippy, 위피 - 동네 친구가 필요할 때
[2019-07-23 13:05:43,334][DEBUG|rankingParser.py:19] >> 189, net.ib.android.smcard, 삼성카드
[2019-07-23 13:05:43,343][DEBUG|rankingParser.py:19] >> 190, kr.go.wetax.android, 스마트위택스
[2019-07-23 13:05:43,350][DEBUG|rankingParser.py:19] >> 191, com.estmob.android.sendanywhere, Send Anywhere (파일전송)
[2019-07-23 13:05:43,357][DEBUG|rankingParser.py:19] >> 192, com.nexstreaming.app.kinemasterfree, 키네마스터(KineMaster) - 동영상 편집기
[2019-07-23 13:05:43,363][DEBUG|rankingParser.py:19] >> 193, com.atpc, 음악무료다운 무료 라이센스 MP3 곡, 라디오, 노래모음 MP3, 유튜브 무료음악듣기
[2019-07-23 13:05:43,369][DEBUG|rankingParser.py:19] >> 194, com.picsart.studio, PicsArt Photo Studio: 콜라쥬 메이커 & 사진 에디터
[2019-07-23 13:05:43,375][DEBUG|rankingParser.py:19] >> 195, com.grabtaxi.passenger, Grab - Transport, Food Delivery, Payments
[2019-07-23 13:05:43,382][DEBUG|rankingParser.py:19] >> 196, com.tq.master, Test Master - Grown Up, 미래모습, 얼굴 노화, 종려 스캔
[2019-07-23 13:05:43,388][DEBUG|rankingParser.py:19] >> 197, net.skyscanner.android.main, 스카이스캐너-항공권,호텔,렌터카 최저가 비교 예약
[2019-07-23 13:05:43,396][DEBUG|rankingParser.py:19] >> 198, menloseweight.loseweightappformen.weightlossformen, 뱃살 빼기 - 30일만에 체중 감량, 남성을 위한 체중 감량
[2019-07-23 13:05:43,403][DEBUG|rankingParser.py:19] >> 199, com.innov.lottecoupon, 롯데백화점
[2019-07-23 13:05:43,409][DEBUG|rankingParser.py:19] >> 200, com.nxc.catchitenglishbasic.google, 캐치잇 잉글리시 : 게임보다 쉬운 영어 학습
[2019-07-23 13:05:55,941][DEBUG|rankingParser.py:19] >> 1, eyu.on.pica, @picn2k camera (피크닉 카메라)
[2019-07-23 13:05:55,951][DEBUG|rankingParser.py:19] >> 2, kr.co.lylstudio.unicorn, 유니콘:광고차단 필수 애드블록
[2019-07-23 13:05:55,966][DEBUG|rankingParser.py:19] >> 3, com.godpeople.GPBIBLE, 갓피플성경
[2019-07-23 13:05:55,972][DEBUG|rankingParser.py:19] >> 4, me.sovs.sovs, SOVS - 촬영부탁 필수앱
[2019-07-23 13:05:55,978][DEBUG|rankingParser.py:19] >> 5, com.newin.nplayer.pro, nPlayer
[2019-07-23 13:05:55,984][DEBUG|rankingParser.py:19] >> 6, com.mxtech.videoplayer.pro, MX 플레이어 Pro
[2019-07-23 13:05:55,992][DEBUG|rankingParser.py:19] >> 7, org.trecet.nowhere.tweet2gif.plus, Tweet2gif Plus
[2019-07-23 13:05:56,000][DEBUG|rankingParser.py:19] >> 8, com.cloudmosa.puffin, Puffin Browser Pro
[2019-07-23 13:05:56,006][DEBUG|rankingParser.py:19] >> 9, com.acadoid.lecturenotes, LectureNotes
[2019-07-23 13:05:56,012][DEBUG|rankingParser.py:19] >> 10, com.binibambini.Mini, 어린이를 위한 그리기! 점선 따라 그리기!
[2019-07-23 13:05:56,022][DEBUG|rankingParser.py:19] >> 11, com.utorrent.client.pro, Torrent® Pro - Torrent App
[2019-07-23 13:05:56,038][DEBUG|rankingParser.py:19] >> 12, com.hs.toeic5finish, 토익 PART5 종결자
[2019-07-23 13:05:56,044][DEBUG|rankingParser.py:19] >> 13, com.choco.silentmode, 무음모드 (순정 무음카메라)
[2019-07-23 13:05:56,050][DEBUG|rankingParser.py:19] >> 14, com.printedpropshop.dokkos2, Dokk OS 2
[2019-07-23 13:05:56,057][DEBUG|rankingParser.py:19] >> 15, com.apptrio.hi_fi_status, Hi-Fi Status(LG)
[2019-07-23 13:05:56,063][DEBUG|rankingParser.py:19] >> 16, com.hancom.office.hwp.editor.hwp_apk.gplaystore, 한컴오피스 한글 2014
[2019-07-23 13:05:56,069][DEBUG|rankingParser.py:19] >> 17, com.fenixx.gameboosterplus, Game Booster  4x Faster (with advance settings)
[2019-07-23 13:05:56,075][DEBUG|rankingParser.py:19] >> 18, net.saltycrackers.daygram, 데이그램 - 하루 한줄 일기장
[2019-07-23 13:05:56,082][DEBUG|rankingParser.py:19] >> 19, com.teslacoilsw.launcher.prime, Nova Launcher Prime
[2019-07-23 13:05:56,089][DEBUG|rankingParser.py:19] >> 20, com.simplemobiletools.gallery.pro, 심플 갤러리 Pro
[2019-07-23 13:05:56,095][DEBUG|rankingParser.py:19] >> 21, com.screwbar.gudakcamera, 구닥
[2019-07-23 13:05:56,102][DEBUG|rankingParser.py:19] >> 22, com.ccswe.appmanagerpro, CCSWE App Manager Pro License
[2019-07-23 13:05:56,109][DEBUG|rankingParser.py:19] >> 23, kr.pe.designerj.airbudspopup, AirBuds Popup - airpod battery app (1st gen)
[2019-07-23 13:05:56,115][DEBUG|rankingParser.py:19] >> 24, com.etoos.wordmaster.sat20002018, Word master 워드마스터 수능 2000(18개정)
[2019-07-23 13:05:56,120][DEBUG|rankingParser.py:19] >> 25, com.etoos.wordmaster.midhighlevel2016, Word Master 워드마스터 중등 고난도(개정)
[2019-07-23 13:05:56,127][DEBUG|rankingParser.py:19] >> 26, net.dinglisch.android.taskerm, Tasker
[2019-07-23 13:05:56,133][DEBUG|rankingParser.py:19] >> 27, com.extreamsd.usbaudioplayerpro, USB Audio Player PRO
[2019-07-23 13:05:56,140][DEBUG|rankingParser.py:19] >> 28, com.jake.TouchMacro, 터치매크로-자동터치
[2019-07-23 13:05:56,147][DEBUG|rankingParser.py:19] >> 29, com.jpbrothers.android.pictail.sub6, 픽테일 - Limited Edition
[2019-07-23 13:05:56,153][DEBUG|rankingParser.py:19] >> 30, com.monotype.android.font.aa16yearsold, Aa십육살™ 한국어 Flipfont
[2019-07-23 13:05:56,160][DEBUG|rankingParser.py:19] >> 31, noad.geulga, 아라-만화뷰어,텍스트뷰어,스캔뷰어,소설뷰어
[2019-07-23 13:05:56,166][DEBUG|rankingParser.py:19] >> 32, com.irmavep.app.libro, 책꽂이+ (독서기록, 도서관리)
[2019-07-23 13:05:56,173][DEBUG|rankingParser.py:19] >> 33, org.prowl.torque, Torque Pro (OBD2 / 자동차)
[2019-07-23 13:05:56,180][DEBUG|rankingParser.py:19] >> 34, com.maxmpz.audioplayer.unlock, Poweramp Full Version Unlocker
[2019-07-23 13:05:56,186][DEBUG|rankingParser.py:19] >> 35, jp.snowlife01.android.mutecamera, 무음모드Pro
[2019-07-23 13:05:56,194][DEBUG|rankingParser.py:19] >> 36, com.kakao.talk.theme.SummerShiba, 휴가중이다 시바 - 카카오톡 테마
[2019-07-23 13:05:56,201][DEBUG|rankingParser.py:19] >> 37, com.monotype.android.font.aaracoongulim, Aa너구리굴림™ 한국어 Flipfont
[2019-07-23 13:05:56,208][DEBUG|rankingParser.py:19] >> 38, com.tistory.es1015.kakao.theme.check2, 노트 카톡테마 - 심플 카톡테마 8.0.0
[2019-07-23 13:05:56,215][DEBUG|rankingParser.py:19] >> 39, com.skydoves.secretreocder, 비밀녹음 프로 (Secret Recorder Pro) - 녹음기, 강의녹음, 몰래녹음
[2019-07-23 13:05:56,221][DEBUG|rankingParser.py:19] >> 40, com.intsig.lic.camscanner, CamScanner (License)
[2019-07-23 13:05:56,230][DEBUG|rankingParser.py:19] >> 41, com.elsebook.koreanhistory, 큰별쌤 개념 한국사
[2019-07-23 13:05:56,237][DEBUG|rankingParser.py:19] >> 42, bruenor.magicbox, Magic DosBox
[2019-07-23 13:05:56,244][DEBUG|rankingParser.py:19] >> 43, com.nhn.android.phrasebookplus, 네이버 15개국 글로벌회화 Plus-언어별 4000문장
[2019-07-23 13:05:56,249][DEBUG|rankingParser.py:19] >> 44, com.softchaser.iKnowYouP, 지피지기 (사주,운세,궁합,토정비결,이름,해몽)
[2019-07-23 13:05:56,256][DEBUG|rankingParser.py:19] >> 45, com.orux.oruxmapsDonate, 오룩스맵 도네이트
[2019-07-23 13:05:56,263][DEBUG|rankingParser.py:19] >> 46, com.quvideo.xiaoying.pro, VivaVideo PRO 비디오 편집 HD
[2019-07-23 13:05:56,269][DEBUG|rankingParser.py:19] >> 47, com.intermedia.hd.camera.pro, HD 카메라 PRO  : 최고의 전문 카메라 응용 프로그램
[2019-07-23 13:05:56,280][DEBUG|rankingParser.py:19] >> 48, com.orangeorapple.flashcards, Flashcards Deluxe
[2019-07-23 13:05:56,287][DEBUG|rankingParser.py:19] >> 49, com.etoos.wordmaster.midskill2016, Word Master 워드마스터 중등 실력
[2019-07-23 13:05:56,293][DEBUG|rankingParser.py:19] >> 50, com.mesoft.meplayer, 영화보며 영어공부 - 배속재생 미플레이어무비프로 어학용 동영상 플레이어
[2019-07-23 13:05:56,301][DEBUG|rankingParser.py:19] >> 51, slide.watchFrenzy.premium, Watch Face -WatchMaker Premium for Android Wear OS
[2019-07-23 13:05:56,309][DEBUG|rankingParser.py:19] >> 52, com.tistory.es1015.kakao.theme.halgneon, 반네온 카톡테마 - 심플 카톡테마
[2019-07-23 13:05:56,315][DEBUG|rankingParser.py:19] >> 53, psyberia.alpinequest.full, AlpineQuest Off-Road Explorer
[2019-07-23 13:05:56,323][DEBUG|rankingParser.py:19] >> 54, com.defianttech.diskdiggerpro, DiskDigger Pro file recovery
[2019-07-23 13:05:56,328][DEBUG|rankingParser.py:19] >> 55, org.androidtown.jckoreanradio, JC 한국 라디오 Premium
[2019-07-23 13:05:56,335][DEBUG|rankingParser.py:19] >> 56, com.realnumworks.focustimerpro, FocusTimer Pro - 공부 습관이 바뀌는 앱
[2019-07-23 13:05:56,342][DEBUG|rankingParser.py:19] >> 57, com.monotype.android.font.enamored365, 365홀딱반했어™ 한국어 Flipfont
[2019-07-23 13:05:56,348][DEBUG|rankingParser.py:19] >> 58, com.daolsoft.ybmeke, YBM 올인올 영한영 플러스 사전
[2019-07-23 13:05:56,355][DEBUG|rankingParser.py:19] >> 59, com.realbyteapps.moneya, 편한가계부 (+음성, PC)
[2019-07-23 13:05:56,361][DEBUG|rankingParser.py:19] >> 60, com.kmplayerpro, 동영상 플레이어 KM Pro - HD Player, 4K 비디오 플레이어, 코덱, 자막
[2019-07-23 13:05:56,368][DEBUG|rankingParser.py:19] >> 61, com.etoos.wordmaster.sat20002016, Word master 워드마스터 수능 2000(개정)
[2019-07-23 13:05:56,374][DEBUG|rankingParser.py:19] >> 62, com.doosandonga.app.dictionary.primeengkor, 프라임 영한한영사전
[2019-07-23 13:05:56,382][DEBUG|rankingParser.py:19] >> 63, com.intsig.BizCardReader, CamCard (명함스캐너 한글 한자 일어 동시인식)
[2019-07-23 13:05:56,391][DEBUG|rankingParser.py:19] >> 64, com.kmshack.mute, 무음모드  (기본 카메라 무음)
[2019-07-23 13:05:56,397][DEBUG|rankingParser.py:19] >> 65, com.jb.babycrying_paid, 아기 울음 알리미 (아기 수면 모니터 & 알람 & 자장가)
[2019-07-23 13:05:56,403][DEBUG|rankingParser.py:19] >> 66, com.arobasmusic.guitarpro, Guitar Pro
[2019-07-23 13:05:56,410][DEBUG|rankingParser.py:19] >> 67, net.headnum.kream.ktm.unlocker, 카테만 PRO - 카카오톡 테마 만들기
[2019-07-23 13:05:56,417][DEBUG|rankingParser.py:19] >> 68, com.panda.gamebooster, Panda Game Booster & GFX Tool for Battleground
[2019-07-23 13:05:56,423][DEBUG|rankingParser.py:19] >> 69, com.etoos.wordmaster.highbasic2016, Word Master 워드마스터 고등 BASIC
[2019-07-23 13:05:56,430][DEBUG|rankingParser.py:19] >> 70, com.limeberry.dansoomhanja, 단숨 일본어한자 (일본어 상용한자)
[2019-07-23 13:05:56,437][DEBUG|rankingParser.py:19] >> 71, inc.trilokia.pubgfxtool, PUB Gfx+ Tool:#1 GFX Tool(with advance settings)
[2019-07-23 13:05:56,445][DEBUG|rankingParser.py:19] >> 72, jp.co.unbalance.tesou_ko, 손금 진단
[2019-07-23 13:05:56,451][DEBUG|rankingParser.py:19] >> 73, kr.review.lifesaju, 현대사주 - 현대인을 위한 사주풀이 백과
[2019-07-23 13:05:56,461][DEBUG|rankingParser.py:19] >> 74, eu.thedarken.sdm.unlocker, SD Maid Pro - 언락커
[2019-07-23 13:05:56,467][DEBUG|rankingParser.py:19] >> 75, com.monotype.android.font.badhandwriting365, 365발꾸락글씨™ 한국어 Flipfont
[2019-07-23 13:05:56,475][DEBUG|rankingParser.py:19] >> 76, com.jetappfactory.jetaudioplus, 제트오디오 플러스 - 고해상도 음원 재생 뮤직 플레이어
[2019-07-23 13:05:56,481][DEBUG|rankingParser.py:19] >> 77, com.elsebook.handal, 한글 달인 - 맞춤법 공부
[2019-07-23 13:05:56,489][DEBUG|rankingParser.py:19] >> 78, com.x0.strai.frepkey, FRep Unlock Key
[2019-07-23 13:05:56,495][DEBUG|rankingParser.py:19] >> 79, com.monotype.android.font.aaflutter, Aa설렘주의™ 한국어 Flipfont
[2019-07-23 13:05:56,500][DEBUG|rankingParser.py:19] >> 80, jjong.kim.rotationcontrol_pro, 화면회전 pro
[2019-07-23 13:05:56,508][DEBUG|rankingParser.py:19] >> 81, handasoft.mobile.divination_pro, 2019 점신PRO : 오늘의 운세, 사주의 완전판
[2019-07-23 13:05:56,515][DEBUG|rankingParser.py:19] >> 82, com.noctuasoftware.stellarium, Stellarium Mobile 하늘지도
[2019-07-23 13:05:56,521][DEBUG|rankingParser.py:19] >> 83, com.etoos.wordmaster.midbasic2016, Word Master 워드마스터 중등 기초
[2019-07-23 13:05:56,527][DEBUG|rankingParser.py:19] >> 84, com.enex2.popdiary, POPdiary+ : 일기, 다이어리
[2019-07-23 13:05:56,533][DEBUG|rankingParser.py:19] >> 85, com.nicky.jiung.domagic, 우와! - 화면을 깨고 동전이 나오는 마술앱!
[2019-07-23 13:05:56,540][DEBUG|rankingParser.py:19] >> 86, com.flyersoft.moonreaderp, Moon+ Reader Pro
[2019-07-23 13:05:56,546][DEBUG|rankingParser.py:19] >> 87, com.massimobiolcati.irealb, iReal Pro  음악책 & 반주
[2019-07-23 13:05:56,551][DEBUG|rankingParser.py:19] >> 88, com.pixelcurves.tlauncher, TL Mods
[2019-07-23 13:05:56,559][DEBUG|rankingParser.py:19] >> 89, com.visiblebody.atlas, Human Anatomy Atlas 2019:Complete 3D Human Body
[2019-07-23 13:05:56,565][DEBUG|rankingParser.py:19] >> 90, com.nynix.knots3d, 매듭 앱 3D  ( Knots 3D )
[2019-07-23 13:05:56,570][DEBUG|rankingParser.py:19] >> 91, com.hiqrecorder.full, Hi-Q MP3 음성 녹음기 (풀버전)
[2019-07-23 13:05:56,578][DEBUG|rankingParser.py:19] >> 92, com.hs.sutuksuwan20plus, 20 수특+수완 단어Plus: 빈출 우선 단어 총정리
[2019-07-23 13:05:56,584][DEBUG|rankingParser.py:19] >> 93, com.kapp.ifont.donate, 아이폰트(글꼴 전문가)
[2019-07-23 13:05:56,590][DEBUG|rankingParser.py:19] >> 94, kr.co.trutory.bandalmun.public9, 9급 공무원 기출문제 해설집
[2019-07-23 13:05:56,597][DEBUG|rankingParser.py:19] >> 95, com.frozenape.tempo, Metronome: Tempo 메트로놈
[2019-07-23 13:05:56,603][DEBUG|rankingParser.py:19] >> 96, com.tocaboca.tocahairsalon3, Toca Hair Salon 3
[2019-07-23 13:05:56,611][DEBUG|rankingParser.py:19] >> 97, kr.co.topaz7company.blackbox, 블랙박스X 몰래카메라
[2019-07-23 13:05:56,620][DEBUG|rankingParser.py:19] >> 98, com.ithersta.stardewvalleyplanner, Assistant for Stardew Valley
[2019-07-23 13:05:56,627][DEBUG|rankingParser.py:19] >> 99, com.appstar.callrecorderpro, 통화 녹음 Pro
[2019-07-23 13:05:56,637][DEBUG|rankingParser.py:19] >> 100, com.monotype.android.font.aakingoffont, Aa폰트의왕™ 한국어 Flipfont
[2019-07-23 13:05:56,650][DEBUG|rankingParser.py:19] >> 101, com.imageline.FLM, FL Studio Mobile
[2019-07-23 13:05:56,670][DEBUG|rankingParser.py:19] >> 102, com.monotype.android.font.aamayfivedays, Aa오월오일™ 한국어 Flipfont
[2019-07-23 13:05:56,688][DEBUG|rankingParser.py:19] >> 103, com.junapps.BibleLexOriDic, 바이블렉스 성경본문해석사전
[2019-07-23 13:05:56,705][DEBUG|rankingParser.py:19] >> 104, maa.vaporwavewallpaperspro, Vaporwave Wallpapers PRO  (NO ADS)
[2019-07-23 13:05:56,714][DEBUG|rankingParser.py:19] >> 105, com.minjok.pjdic, 친일인명사전
[2019-07-23 13:05:56,723][DEBUG|rankingParser.py:19] >> 106, com.myscript.nebo, MyScript Nebo 네보
[2019-07-23 13:05:56,734][DEBUG|rankingParser.py:19] >> 107, com.marinetraffic.android, MarineTraffic ship positions
[2019-07-23 13:05:56,742][DEBUG|rankingParser.py:19] >> 108, inc.trilokia.gfxtool, Gamers GLTool Pro with Game Turbo & Game Tuner
[2019-07-23 13:05:56,748][DEBUG|rankingParser.py:19] >> 109, com.wolfram.android.alpha, WolframAlpha
[2019-07-23 13:05:56,753][DEBUG|rankingParser.py:19] >> 110, com.monotype.android.font.aaloafaround, Aa빈둥글씨™ 한국어 Flipfont
[2019-07-23 13:05:56,759][DEBUG|rankingParser.py:19] >> 111, com.pdp.deviceowner, Package Disabler Pro ( Owner APP) All Android
[2019-07-23 13:05:56,767][DEBUG|rankingParser.py:19] >> 112, com.SimG.SimForklift, 지게차 면허시험 시뮬레이터
[2019-07-23 13:05:56,773][DEBUG|rankingParser.py:19] >> 113, com.ss.edgegestures, 엣지 제스처
[2019-07-23 13:05:56,779][DEBUG|rankingParser.py:19] >> 114, com.appbank.easybible, 아가페 쉬운성경
[2019-07-23 13:05:56,787][DEBUG|rankingParser.py:19] >> 115, com.gryffindor.pinkeye, 필름 로지 - Feelm Rosy
[2019-07-23 13:05:56,794][DEBUG|rankingParser.py:19] >> 116, com.elimmedia.hymn.ph, 미가엘 찬양 반주기 ( 새찬송가/통일찬송가 )
[2019-07-23 13:05:56,800][DEBUG|rankingParser.py:19] >> 117, com.hackers.app.toeiclistening, 해커스리스닝핵심편 토익 - TOEIC 토익단어 토익공부
[2019-07-23 13:05:56,808][DEBUG|rankingParser.py:19] >> 118, com.panda.gamepad, Panda Gamepad Pro (BETA)
[2019-07-23 13:05:56,815][DEBUG|rankingParser.py:19] >> 119, xyz.masmas.film.analog, 아날로그 필름 - 옛 향수 가득한 전문가용 사진 필터 앱!
[2019-07-23 13:05:56,822][DEBUG|rankingParser.py:19] >> 120, xyz.masmas.film.cloudy, 클라우디 필름 - 흐림 필터 완벽 구현!
[2019-07-23 13:05:56,827][DEBUG|rankingParser.py:19] >> 121, com.digipom.easyvoicerecorder.pro, 이지 보이스 레코더 프로
[2019-07-23 13:05:56,833][DEBUG|rankingParser.py:19] >> 122, net.n.holybible.gnh, 홀리바이블(한영 오디오,사전 성경,새찬송가,NIV)
[2019-07-23 13:05:56,839][DEBUG|rankingParser.py:19] >> 123, com.softchaser.iDosaPhone, 도사폰 (만세력 역학 도구)
[2019-07-23 13:05:56,847][DEBUG|rankingParser.py:19] >> 124, com.acrosoft.sajupedia, 사주대전-운세,명리,토정비결,귀곡,궁합,택일,성명,꿈
[2019-07-23 13:05:56,855][DEBUG|rankingParser.py:19] >> 125, new_chalkboard.katalk.crayon, 칠판 카카오톡 테마 VER2
[2019-07-23 13:05:56,861][DEBUG|rankingParser.py:19] >> 126, air.com.alenddl.AltongEngFull, 알통여행영어 Full
[2019-07-23 13:05:56,868][DEBUG|rankingParser.py:19] >> 127, com.kakao.talk.theme.Okcheori_FreshSummer, 옥철이_싱그러운여름 카톡테마
[2019-07-23 13:05:56,875][DEBUG|rankingParser.py:19] >> 128, smartwatchstudios.app.gears3navigation, Navigation Pro: Google Maps Navi on Samsung Watch
[2019-07-23 13:05:56,882][DEBUG|rankingParser.py:19] >> 129, net.zhuoweizhang.mcpelauncher.pro, BlockLauncher Pro
[2019-07-23 13:05:56,889][DEBUG|rankingParser.py:19] >> 130, com.ss.launcher2.key, 토탈 런처 키
[2019-07-23 13:05:56,896][DEBUG|rankingParser.py:19] >> 131, kr.co.trutory.pass2pass.historyhigh, 한국사능력검정시험 고급 해설집
[2019-07-23 13:05:56,903][DEBUG|rankingParser.py:19] >> 132, com.etoos.wordmaster.sat.word_complete.v2015, Word Master 워드마스터 수능어휘완성
[2019-07-23 13:05:56,908][DEBUG|rankingParser.py:19] >> 133, com.tss21.input.korean, TS 한글 키보드 Pro-천지인2
[2019-07-23 13:05:56,915][DEBUG|rankingParser.py:19] >> 134, com.acadoid.lecturerecordings, LectureRecordings
[2019-07-23 13:05:56,921][DEBUG|rankingParser.py:19] >> 135, com.tocaboca.tocahospital, Toca Life: Hospital
[2019-07-23 13:05:56,929][DEBUG|rankingParser.py:19] >> 136, com.runtastic.android.pushup.pro, Runtastic Push-Ups PRO 팔굽혀펴기
[2019-07-23 13:05:56,936][DEBUG|rankingParser.py:19] >> 137, com.yongcalcompany.JlptVip, 회독JLPT(유료)
[2019-07-23 13:05:56,941][DEBUG|rankingParser.py:19] >> 138, com.monotype.android.font.aaspring3, Aa봄봄봄™ 한국어 Flipfont
[2019-07-23 13:05:56,947][DEBUG|rankingParser.py:19] >> 139, com.chanel.weather.forecast.accu.pro, 일기 예보 전문가
[2019-07-23 13:05:56,954][DEBUG|rankingParser.py:19] >> 140, com.prehensivefortunepremium, 운세비결 프리미엄  광고 제거 버전
[2019-07-23 13:05:56,959][DEBUG|rankingParser.py:19] >> 141, air.com.alenddl.CPFull, 중국어는 뻔한 패턴의 반복이다 Full
[2019-07-23 13:05:56,965][DEBUG|rankingParser.py:19] >> 142, com.hompee.mybible.billiard_new, 당구 3쿠션 시스템 유료
[2019-07-23 13:05:56,973][DEBUG|rankingParser.py:19] >> 143, com.tedkim88.fitnesscounter_kr, 운동 개수 세기 - 헬스, 요가 카운트 트레이너
[2019-07-23 13:05:56,984][DEBUG|rankingParser.py:19] >> 144, com.vitotechnology.StarWalk2, Star Walk 2 - 하늘지도：별자리 찾기, 스타지도, 증강 현실 천문학
[2019-07-23 13:05:56,991][DEBUG|rankingParser.py:19] >> 145, com.monotype.android.font.aaniceguy, Aa착한남자™ 한국어Flipfont
[2019-07-23 13:05:56,997][DEBUG|rankingParser.py:19] >> 146, com.nll.acr.license, ACR License
[2019-07-23 13:05:57,003][DEBUG|rankingParser.py:19] >> 147, com.hk.coleg.PhotoScape2, Photo Scape Base
[2019-07-23 13:05:57,010][DEBUG|rankingParser.py:19] >> 148, vr.audio.voicerecorderpro, 음성 레코더 프로
[2019-07-23 13:05:57,016][DEBUG|rankingParser.py:19] >> 149, kr.co.trutory.bandalmun.public7, 7급 공무원 기출문제 해설집
[2019-07-23 13:05:57,023][DEBUG|rankingParser.py:19] >> 150, com.Appsticker2.Smart, 어플스티커 Pro [어플전환,빠른실행]
[2019-07-23 13:05:57,029][DEBUG|rankingParser.py:19] >> 151, com.entusapps.play2, PL@Y 2 - 프리미엄 티켓북 + 포토캘린더 ( 플레이앱, PL@Y2 )
[2019-07-23 13:05:57,035][DEBUG|rankingParser.py:19] >> 152, com.devguru.ntwomon, Twomon SE (투몬 SE) - 휴대용 디스플레이, USB 모니터
[2019-07-23 13:05:57,041][DEBUG|rankingParser.py:19] >> 153, com.go9android.subwaysmarthelper21, 지하철 어디있니
[2019-07-23 13:05:57,047][DEBUG|rankingParser.py:19] >> 154, com.tbig.playerpro, PlayerPro Music Player
[2019-07-23 13:05:57,053][DEBUG|rankingParser.py:19] >> 155, com.ton.tarotofozpay, 오즈의타로+ - 타로, 타로카드, 타로점, 운세
[2019-07-23 13:05:57,061][DEBUG|rankingParser.py:19] >> 156, com.sheet.music, 내 음악 점수 - 악보 뷰어, 뮤직 스캐너
[2019-07-23 13:05:57,068][DEBUG|rankingParser.py:19] >> 157, com.inergy.pocketkorea, 포켓한국사
[2019-07-23 13:05:57,076][DEBUG|rankingParser.py:19] >> 158, com.apedroid.hwkeyboardhelper, External Keyboard Helper Pro
[2019-07-23 13:05:57,084][DEBUG|rankingParser.py:19] >> 159, com.daolsoft.jawonhanja, 자원풀이 한자 1900
[2019-07-23 13:05:57,090][DEBUG|rankingParser.py:19] >> 160, com.global.tarotmasterpro, 타로마스터 Pro-오늘의타로
[2019-07-23 13:05:57,097][DEBUG|rankingParser.py:19] >> 161, com.sunnysidesoft.VirtualTablet, 버추얼태블릿 VirtualTablet (S-Pen)
[2019-07-23 13:05:57,103][DEBUG|rankingParser.py:19] >> 162, com.jpbrothers.android.pictail.sub3, 픽테일 -  BlueHawaii
[2019-07-23 13:05:57,110][DEBUG|rankingParser.py:19] >> 163, kr.co.bausoft.JpmrM, 강헌의 좌파명리학
[2019-07-23 13:05:57,118][DEBUG|rankingParser.py:19] >> 164, udk.android.reader, ezPDF Reader PDF - 페이퍼리스 리더
[2019-07-23 13:05:57,125][DEBUG|rankingParser.py:19] >> 165, com.zwds.jamidusu_pro, 자미두수 명반 PRO
[2019-07-23 13:05:57,133][DEBUG|rankingParser.py:19] >> 166, com.kodarkooperativet.blackplayerex, BlackPlayer EX Music Player
[2019-07-23 13:05:57,140][DEBUG|rankingParser.py:19] >> 167, com.neutroncode.mp, Neutron Music Player
[2019-07-23 13:05:57,146][DEBUG|rankingParser.py:19] >> 168, co.byeol.hanneung, 한국사 능력
[2019-07-23 13:05:57,155][DEBUG|rankingParser.py:19] >> 169, com.filmic.filmicpro, FiLMiC Pro: 프로 HD 수동 비디오 카메라 어플
[2019-07-23 13:05:57,162][DEBUG|rankingParser.py:19] >> 170, com.devguru.eltwomonusb, TwomonUSB(투몬USB) - USB모니터
[2019-07-23 13:05:57,168][DEBUG|rankingParser.py:19] >> 171, com.kakao.talk.theme.Okcheori_NightAir, 옥철이_기분좋은 밤공기 카톡테마
[2019-07-23 13:05:57,174][DEBUG|rankingParser.py:19] >> 172, com.grill.psjoy, PSJoy: PC Remote Play Spy for PS4
[2019-07-23 13:05:57,179][DEBUG|rankingParser.py:19] >> 173, com.tocaboca.tocakitchensushi, Toca Kitchen Sushi Restaurant
[2019-07-23 13:05:57,187][DEBUG|rankingParser.py:19] >> 174, cz.zdenekhorak.mibandtools, Tools & Mi Band
[2019-07-23 13:05:57,193][DEBUG|rankingParser.py:19] >> 175, com.monotype.android.font.typotopstudent, TYPO전교일등™ 한국어 Flipfont
[2019-07-23 13:05:57,199][DEBUG|rankingParser.py:19] >> 176, com.tocaboca.hairsalonme, Toca Hair Salon Me
[2019-07-23 13:05:57,206][DEBUG|rankingParser.py:19] >> 177, com.wakdev.nfctools.pro, NFC Tools - Pro Edition
[2019-07-23 13:05:57,212][DEBUG|rankingParser.py:19] >> 178, com.jpbrothers.android.pictail.sub1, 픽테일 -  PinkLady
[2019-07-23 13:05:57,218][DEBUG|rankingParser.py:19] >> 179, org.kustom.widget.pro, KWGT Kustom Widget Pro Key
[2019-07-23 13:05:57,227][DEBUG|rankingParser.py:19] >> 180, com.runtastic.android.squats.pro, Runtastic Squats PRO스쿼트 다리살빼기
[2019-07-23 13:05:57,234][DEBUG|rankingParser.py:19] >> 181, com.mstream.etpc, EasyTether Pro
[2019-07-23 13:05:57,241][DEBUG|rankingParser.py:19] >> 182, com.voiceye.player.hymn, 찬양반주기(새찬송가)
[2019-07-23 13:05:57,247][DEBUG|rankingParser.py:19] >> 183, com.cateater.stopmotionstudiopro, Stop Motion Studio Pro
[2019-07-23 13:05:57,255][DEBUG|rankingParser.py:19] >> 184, xsoftstudio.musicplayer.pro, Poweraudio Pro Music Player
[2019-07-23 13:05:57,263][DEBUG|rankingParser.py:19] >> 185, com.advasoft.touchretouch, TouchRetouch
[2019-07-23 13:05:57,271][DEBUG|rankingParser.py:19] >> 186, com.lge.theme.markbencze.twilight.geight, Twilight Theme for LG G8 LG V40 (Pie)
[2019-07-23 13:05:57,277][DEBUG|rankingParser.py:19] >> 187, com.alexvas.dvr.pro, tinyCam Monitor PRO
[2019-07-23 13:05:57,282][DEBUG|rankingParser.py:19] >> 188, com.dream.ikshin.dream, 꿈해몽 - 2만개의 방대한 데이터
[2019-07-23 13:05:57,290][DEBUG|rankingParser.py:19] >> 189, com.monotype.android.font.hurightlife, HU바른생활™ 한국어 Flipfont
[2019-07-23 13:05:57,296][DEBUG|rankingParser.py:19] >> 190, com.kakao.talk.theme.BabyPrism, 베이비 프리즘 - 카카오톡 테마
[2019-07-23 13:05:57,302][DEBUG|rankingParser.py:19] >> 191, com.venuskimblessing.youtuberepeat, 유튜브 반복해줘 Premium - 구간 반복 재생, 음악감상, 멀티태스킹 PIP
[2019-07-23 13:05:57,308][DEBUG|rankingParser.py:19] >> 192, com.cleo.unse.cheonha, 천하운세 (운세, 사주, 궁합)
[2019-07-23 13:05:57,314][DEBUG|rankingParser.py:19] >> 193, com.gmail.heagoo.apkeditor.pro, APK Editor Pro
[2019-07-23 13:05:57,323][DEBUG|rankingParser.py:19] >> 194, com.ss.powershortcuts, 파워 쇼컷 (Power Shortcuts) - 강력한 바로가기 생성!
[2019-07-23 13:05:57,329][DEBUG|rankingParser.py:19] >> 195, com.work.notifyalarm, 코인빗 공지알리미
[2019-07-23 13:05:57,338][DEBUG|rankingParser.py:19] >> 196, air.com.alenddl.JPFull, 일본어는 뻔한 패턴의 반복이다 Full
[2019-07-23 13:05:57,344][DEBUG|rankingParser.py:19] >> 197, com.hackers.app.vocatepsa, 해커스 뉴텝스 기출 보카 어드밴스드
[2019-07-23 13:05:57,358][DEBUG|rankingParser.py:19] >> 198, me.ideariboso.capricciopro, 카프리치오 (Capriccio Pro)
[2019-07-23 13:05:57,381][DEBUG|rankingParser.py:19] >> 199, air.com.alenddl.EPPAdvancedFull, 영어는 뻔한 패턴의 반복이다(고급편) Full
[2019-07-23 13:05:57,392][DEBUG|rankingParser.py:19] >> 200, com.ckbible.christian.udang, 읽기쉬운 한문성경
[2019-07-23 13:06:10,069][DEBUG|rankingParser.py:19] >> 1, kr.co.lylstudio.unicorn, ユニコン:告ブロック必須アプリ
[2019-07-23 13:06:10,082][DEBUG|rankingParser.py:19] >> 2, com.sony.tvsideview.dtcpplayer, Video & TV SideViewプレヤプラグイン
[2019-07-23 13:06:10,089][DEBUG|rankingParser.py:19] >> 3, com.beliefengine.handyapp, HANDY デッサン用モデルツル
[2019-07-23 13:06:10,096][DEBUG|rankingParser.py:19] >> 4, com.maxmpz.audioplayer.unlock, Poweramp Full Version Unlocker
[2019-07-23 13:06:10,102][DEBUG|rankingParser.py:19] >> 5, jp.snowlife01.android.mutecamera, カメラ無音化Pro（標準カメラやビデオも完全無音化）
[2019-07-23 13:06:10,110][DEBUG|rankingParser.py:19] >> 6, com.teslacoilsw.launcher.prime, Nova Launcher Prime
[2019-07-23 13:06:10,115][DEBUG|rankingParser.py:19] >> 7, com.simplemobiletools.gallery.pro, シンプル ギャラリ Pro
[2019-07-23 13:06:10,123][DEBUG|rankingParser.py:19] >> 8, jp.sisyou.kumikashi.mutedefaultcamera, 標準カメラを無音化　無音モドアプリ（カメラ特化版）　スクショは手動切替で
[2019-07-23 13:06:10,130][DEBUG|rankingParser.py:19] >> 9, com.ultimate_math.cubecutapp, 究極の立＜切＞
[2019-07-23 13:06:10,136][DEBUG|rankingParser.py:19] >> 10, com.justsystems.atokmobile.service, ATOK (日本語入力システム)
[2019-07-23 13:06:10,142][DEBUG|rankingParser.py:19] >> 11, jp.sisyou.kumikashi.allmutemode, 無音モド（標準カメラの無音化を現）カメラミュト　スクショは手動無音化で
[2019-07-23 13:06:10,148][DEBUG|rankingParser.py:19] >> 12, com.digipom.easyvoicerecorder.pro, 簡ボイスレコダプロ
[2019-07-23 13:06:10,154][DEBUG|rankingParser.py:19] >> 13, jp.tanyu.SmartAlarm, スマトアラム （目まし時計）
[2019-07-23 13:06:10,160][DEBUG|rankingParser.py:19] >> 14, com.pasoya.orbis, オビスガイド - 移動式オビス ネズミ捕り 問 通過履
[2019-07-23 13:06:10,168][DEBUG|rankingParser.py:19] >> 15, com.mxtech.videoplayer.pro, MX Player Pro
[2019-07-23 13:06:10,174][DEBUG|rankingParser.py:19] >> 16, net.techet.netanalyzer.an, Network Analyzer Pro
[2019-07-23 13:06:10,181][DEBUG|rankingParser.py:19] >> 17, com.onkyo.jp.hfplayer_unlocker, Onkyo HF Player Unlocker
[2019-07-23 13:06:10,187][DEBUG|rankingParser.py:19] >> 18, net.dinglisch.android.taskerm, Tasker
[2019-07-23 13:06:10,194][DEBUG|rankingParser.py:19] >> 19, jp.co.gamegate.takagisan.takagi, からかい上手の高木さんアラム
[2019-07-23 13:06:10,200][DEBUG|rankingParser.py:19] >> 20, studypro.spi.higengo, SPI非言語 【Study Pro】
[2019-07-23 13:06:10,208][DEBUG|rankingParser.py:19] >> 21, com.komado.Odyssey.com.nifty.homepage2, 完全無音ビデオカメラ　4K高質まで　動撮影編集標準カメラ消音このアプリで完結
[2019-07-23 13:06:10,215][DEBUG|rankingParser.py:19] >> 22, au.com.metro.dwjr.boffos, Dumb Ways JR Boffo's Breakfast
[2019-07-23 13:06:10,222][DEBUG|rankingParser.py:19] >> 23, com.intsig.lic.camscanner, CamScanner 完全版 (License)
[2019-07-23 13:06:10,229][DEBUG|rankingParser.py:19] >> 24, com.printedpropshop.dokkos2, Dokk OS 2
[2019-07-23 13:06:10,236][DEBUG|rankingParser.py:19] >> 25, jp.newsmedia.ecoken.app3, eco定策セミナ(第３部)「持可能な社に向けて」
[2019-07-23 13:06:10,243][DEBUG|rankingParser.py:19] >> 26, jp.com.snow.contactsxpro, 電話帳X - 電話 & 連絡先アプリ
[2019-07-23 13:06:10,249][DEBUG|rankingParser.py:19] >> 27, jp.co.mirai_ii.nfc.allinone.now, 全の ICカド これひとつ「なう」
[2019-07-23 13:06:10,255][DEBUG|rankingParser.py:19] >> 28, studypro.spi, SPI言語 【Study Pro】
[2019-07-23 13:06:10,262][DEBUG|rankingParser.py:19] >> 29, com.x0.strai.frepkey, FRep Unlock Key
[2019-07-23 13:06:10,268][DEBUG|rankingParser.py:19] >> 30, com.mobisystems.fonts, OfficeSuite Font Pack
[2019-07-23 13:06:10,275][DEBUG|rankingParser.py:19] >> 31, com.advasoft.touchretouch, TouchRetouch
[2019-07-23 13:06:10,282][DEBUG|rankingParser.py:19] >> 32, com.familyapp.anpan.customdialer.charge, 多機能でんわ告無し版（通話タイマや信確認、プレフィックスなど多機能電話アプリ）
[2019-07-23 13:06:10,290][DEBUG|rankingParser.py:19] >> 33, jp.dtechgame.gridmanalarm, グリッドマン アラム -if your smile-
[2019-07-23 13:06:10,298][DEBUG|rankingParser.py:19] >> 34, com.nic_english.gym.NicGym, ニック式英話ジム ベタ版
[2019-07-23 13:06:10,304][DEBUG|rankingParser.py:19] >> 35, jp.co.alpha.dlna.mlpfordtv, Media Link Player for DTV
[2019-07-23 13:06:10,310][DEBUG|rankingParser.py:19] >> 36, com.njwuji.study, どんどん話すための瞬間英作文トレニング
[2019-07-23 13:06:10,317][DEBUG|rankingParser.py:19] >> 37, com.fenixx.gameboosterplus, Game Booster  4x Faster (with advance settings)
[2019-07-23 13:06:10,325][DEBUG|rankingParser.py:19] >> 38, com.massimobiolcati.irealb, iReal Pro - 譜とバッキングトラック
[2019-07-23 13:06:10,331][DEBUG|rankingParser.py:19] >> 39, smartwatchstudios.app.gears3navigation, Navigation Pro: Google Maps Navi on Samsung Watch
[2019-07-23 13:06:10,338][DEBUG|rankingParser.py:19] >> 40, com.katekyonet.ecology, 最短合格！エコ定
[2019-07-23 13:06:10,344][DEBUG|rankingParser.py:19] >> 41, com.wiseschematics.eqfy, Eqfy Equalizer
[2019-07-23 13:06:10,351][DEBUG|rankingParser.py:19] >> 42, com.bilingirl.helpmetravel, 旅行英話 - Help me Travel
[2019-07-23 13:06:10,359][DEBUG|rankingParser.py:19] >> 43, jp.newsmedia.ecoken.app2, eco定策セミナ(第2部)「環境問題を知る」
[2019-07-23 13:06:11,248][DEBUG|rankingParser.py:19] >> 44, jp.newsmedia.ecoken.app1, eco定策セミナ(第1部)「地球の環境と課題」
[2019-07-23 13:06:11,254][DEBUG|rankingParser.py:19] >> 45, com.hole19golf.wear, Hole19 Golf GPS for Smartwatch
[2019-07-23 13:06:11,261][DEBUG|rankingParser.py:19] >> 46, com.teacapps.barcodescanner.pro, QRコド＆バコドリダ（Pro）
[2019-07-23 13:06:11,268][DEBUG|rankingParser.py:19] >> 47, com.thegosa.board.theme, ボド| Xperia™テマ+アイコン
[2019-07-23 13:06:11,275][DEBUG|rankingParser.py:19] >> 48, org.twisevictory.jp, メンタルリプのアプリ：ワンダウィク
[2019-07-23 13:06:11,284][DEBUG|rankingParser.py:19] >> 49, com.tocaboca.tocapets, Toca Life: Pets
[2019-07-23 13:06:11,291][DEBUG|rankingParser.py:19] >> 50, com.skyjos.apps.fileexplorer, FE File Explorer Pro - ファイルマネジャ
[2019-07-23 13:06:11,297][DEBUG|rankingParser.py:19] >> 51, com.twitpane.premium, ついっとぺんPlus(Twitterアプリ)
[2019-07-23 13:06:11,303][DEBUG|rankingParser.py:19] >> 52, com.nll.acr.license, ACRライセンス
[2019-07-23 13:06:11,309][DEBUG|rankingParser.py:19] >> 53, com.visiblebody.atlas, ヒュマンアナトミアトラス2019： 3Dによる完璧な人
[2019-07-23 13:06:11,315][DEBUG|rankingParser.py:19] >> 54, com.quvideo.xiaoying.pro, VivaVideo PRO: ビデオエディタ＆動編集アプリ
[2019-07-23 13:06:11,323][DEBUG|rankingParser.py:19] >> 55, com.algoriddim.djay, djay 2
[2019-07-23 13:06:11,330][DEBUG|rankingParser.py:19] >> 56, com.appglobe.watch.face.ksana,  Watch Face - Ksana Sweep for Android Wear OS
[2019-07-23 13:06:11,336][DEBUG|rankingParser.py:19] >> 57, org.prowl.torque, Torque Pro (OBD2/Car)
[2019-07-23 13:06:11,345][DEBUG|rankingParser.py:19] >> 58, by.avowl.coils.vapetools, Vape Tools Box [for true Geeks]
[2019-07-23 13:06:11,352][DEBUG|rankingParser.py:19] >> 59, com.metamoji.mazec, mazec3（手書きによるカンタン日本語入力）
[2019-07-23 13:06:11,359][DEBUG|rankingParser.py:19] >> 60, jp.charactervoice.xea10.asuna, Xperia Ear Duo(アスナ)
[2019-07-23 13:06:11,365][DEBUG|rankingParser.py:19] >> 61, com.ss.edgegestures, エッジジェスチャ
[2019-07-23 13:06:11,372][DEBUG|rankingParser.py:19] >> 62, com.softmedia.receiver, AirReceiver
[2019-07-23 13:06:11,378][DEBUG|rankingParser.py:19] >> 63, com.media.bestrecorder.audiorecorderpro, ボイスレコダプロ
[2019-07-23 13:06:11,385][DEBUG|rankingParser.py:19] >> 64, com.hanamarusha.muteall.pro, カメラ無音化MuteAll（標準カメラもビデオも無音化）　スクショは手動で無音化可能
[2019-07-23 13:06:11,392][DEBUG|rankingParser.py:19] >> 65, com.marinetraffic.android, MarineTraffic ship positions
[2019-07-23 13:06:11,400][DEBUG|rankingParser.py:19] >> 66, com.owners_age.stken_app_paid, 宅建 過去問集 2019年版「スタケン」
[2019-07-23 13:06:11,407][DEBUG|rankingParser.py:19] >> 67, com.softama.twitamaplus, ツイタマ+
[2019-07-23 13:06:11,413][DEBUG|rankingParser.py:19] >> 68, com.tocaboca.tocahospital, Toca Life: Hospital
[2019-07-23 13:06:11,419][DEBUG|rankingParser.py:19] >> 69, com.modelmakertools.simplemindpro, SimpleMind Pro - Intuitive Mind Mapping
[2019-07-23 13:06:11,427][DEBUG|rankingParser.py:19] >> 70, jp.snowlife01.android.pro_cache_delete, キャッシュ削除Pro
[2019-07-23 13:06:11,434][DEBUG|rankingParser.py:19] >> 71, com.natewren.lines, ライン - ミニマリストのアイコン
[2019-07-23 13:06:11,440][DEBUG|rankingParser.py:19] >> 72, org.azasoft.swapper, Swapper for Root (Donate)
[2019-07-23 13:06:11,448][DEBUG|rankingParser.py:19] >> 73, info.my_kintore, My 筋トレ: を鍛えましょう
[2019-07-23 13:06:11,454][DEBUG|rankingParser.py:19] >> 74, com.intermedia.hd.camera.pro, HDカメラプロ : Best Professional Camera App
[2019-07-23 13:06:11,460][DEBUG|rankingParser.py:19] >> 75, com.cloudmosa.puffin, Puffin Browser Pro
[2019-07-23 13:06:11,466][DEBUG|rankingParser.py:19] >> 76, com.safeincloud, パスワド マネジャ SafeInCloud Pro
[2019-07-23 13:06:11,472][DEBUG|rankingParser.py:19] >> 77, com.rookiestudio.perfectviewer.donate, Perfect Viewerに寄付
[2019-07-23 13:06:11,478][DEBUG|rankingParser.py:19] >> 78, com.rhmsoft.pulsar.pro, Pulsar 音プレイヤ プロ
[2019-07-23 13:06:11,485][DEBUG|rankingParser.py:19] >> 79, com.runtastic.android.pro2, Runtastic PRO GPS ランニング＆ウォキング距離計測記アプリ
[2019-07-23 13:06:11,493][DEBUG|rankingParser.py:19] >> 80, jp.co.asukanet.aftershutter, 動をにするアプリ「AfterShutter 4K」
[2019-07-23 13:06:11,498][DEBUG|rankingParser.py:19] >> 81, com.urbandroid.sleep.full.key, Sleep as Android Unlock
[2019-07-23 13:06:11,505][DEBUG|rankingParser.py:19] >> 82, jp.snowlife01.android.clipboard, クリップボドPro【オバレイ表示の最新クリップボドアプリ】
[2019-07-23 13:06:11,512][DEBUG|rankingParser.py:19] >> 83, com.binibambini.Mini, 子供のための練習”線をなぞりましょう！
[2019-07-23 13:06:11,520][DEBUG|rankingParser.py:19] >> 84, jp.co.fsi.refills, Refills（システム手帳カレンダスケジュラ）
[2019-07-23 13:06:11,527][DEBUG|rankingParser.py:19] >> 85, jp.snowlife01.android.screenshot, 【無音】スクリンショットPro - 動の連キャプチャに最適なキャプチャアプリ
[2019-07-23 13:06:11,534][DEBUG|rankingParser.py:19] >> 86, eu.thedarken.sdm.unlocker, SDメイド プロ - ライセンスキ
[2019-07-23 13:06:11,541][DEBUG|rankingParser.py:19] >> 87, com.ss.squarehome.key, スクエアホムのキ - ランチャ
[2019-07-23 13:06:11,547][DEBUG|rankingParser.py:19] >> 88, com.ratana.sunsurveyor, サン·サベイヤ (Sun Surveyor)
[2019-07-23 13:06:11,555][DEBUG|rankingParser.py:19] >> 89, com.chanel.weather.forecast.accu.pro, 天予報プロ
[2019-07-23 13:06:11,561][DEBUG|rankingParser.py:19] >> 90, jp.hoheto.HohetoApp, ほへと生年月日占い
[2019-07-23 13:06:11,567][DEBUG|rankingParser.py:19] >> 91, com.pubrof.pubrofboki3, パブロフ簿記３級 日商簿記仕策 2019年度版
[2019-07-23 13:06:11,573][DEBUG|rankingParser.py:19] >> 92, com.rhmsoft.edit.pro, QuickEdit テキストエディタプロ
[2019-07-23 13:06:11,581][DEBUG|rankingParser.py:19] >> 93, jp.ne.biglobe.target1900, 英語タゲット1900公式アプリ |  ビッグロブ英語
[2019-07-23 13:06:11,586][DEBUG|rankingParser.py:19] >> 94, sk.michalec.DigiClockWidgetPro, DIGI 時計ウィジェット
[2019-07-23 13:06:11,593][DEBUG|rankingParser.py:19] >> 95, com.hiqrecorder.full, Hi-Q MP3ボイスレコダ（フル）
[2019-07-23 13:06:11,599][DEBUG|rankingParser.py:19] >> 96, air.boycraft.insecthunting, 世界の昆採集
[2019-07-23 13:06:11,605][DEBUG|rankingParser.py:19] >> 97, jp.ne.kutu.PanecalPlus, 電卓 Panecal Plus
[2019-07-23 13:06:11,612][DEBUG|rankingParser.py:19] >> 98, jp.co.latika.android.toeic.grammar.all, TOEIC®テスト文法640問1
[2019-07-23 13:06:11,618][DEBUG|rankingParser.py:19] >> 99, com.sikebox.retrorika.material.icons, (SALE) RETRORIKA ICON PACK
[2019-07-23 13:06:11,623][DEBUG|rankingParser.py:19] >> 100, com.neutroncode.mp, Neutron Music Player
[2019-07-23 13:06:11,630][DEBUG|rankingParser.py:19] >> 101, air.com.kanarii.okiyome2, ぱっとおめ
[2019-07-23 13:06:11,636][DEBUG|rankingParser.py:19] >> 102, com.miz.clocklike, デジタル時計化計 プロ版 (デジタル時計＆カレンダ＆天＆RSS)
[2019-07-23 13:06:11,643][DEBUG|rankingParser.py:19] >> 103, com.tocaboca.tocaschool, トッカライフスクル Toca Life School
[2019-07-23 13:06:11,649][DEBUG|rankingParser.py:19] >> 104, com.homeysoft.nexususb.importer, USB Media Explorer
[2019-07-23 13:06:11,656][DEBUG|rankingParser.py:19] >> 105, com.toh.callrecord.pro, コルレコダプロ
[2019-07-23 13:06:11,661][DEBUG|rankingParser.py:19] >> 106, abdelrahman.wifianalyzerpremium, WiFiアナライザプレミアム
[2019-07-23 13:06:11,668][DEBUG|rankingParser.py:19] >> 107, net.saltycrackers.daygram, デイグラム
[2019-07-23 13:06:11,674][DEBUG|rankingParser.py:19] >> 108, com.pubrof.pubrofboki2, パブロフ簿記２級商業簿記 日商簿記仕策 2019年度版
[2019-07-23 13:06:11,681][DEBUG|rankingParser.py:19] >> 109, jp.gr.aqua.mozc, AquaMozc
[2019-07-23 13:06:11,687][DEBUG|rankingParser.py:19] >> 110, jp.co.korg.kaossilator.android, KORG Kaossilator for Android
[2019-07-23 13:06:11,693][DEBUG|rankingParser.py:19] >> 111, com.devguru.eltwomonusb, TwomonUSB - USB モニタ,デュアルモニタ
[2019-07-23 13:06:11,702][DEBUG|rankingParser.py:19] >> 112, com.digibites.calendarplus, DigiCal+ 日本カレンダスケジュル
[2019-07-23 13:06:11,708][DEBUG|rankingParser.py:19] >> 113, com.tkoffice.builder, 「一級建築士」受策
[2019-07-23 13:06:11,714][DEBUG|rankingParser.py:19] >> 114, com.extreamsd.usbaudioplayerpro, USB Audio Player PRO
[2019-07-23 13:06:11,720][DEBUG|rankingParser.py:19] >> 115, com.kohei.pcmrecorder.pro, PCM音 Pro
[2019-07-23 13:06:11,728][DEBUG|rankingParser.py:19] >> 116, me.plusnow.shield.stable, AdShield - Ad blocker, No more ads & tracking
[2019-07-23 13:06:11,734][DEBUG|rankingParser.py:19] >> 117, cz.acrobits.softphone.aliengroundwire, Groundwire
[2019-07-23 13:06:11,741][DEBUG|rankingParser.py:19] >> 118, com.sonosaurus.tonalenergytuner, TonalEnergy  チュナとメトロノム
[2019-07-23 13:06:11,749][DEBUG|rankingParser.py:19] >> 119, com.klinker.android.twitter_l, Talon for Twitter
[2019-07-23 13:06:11,756][DEBUG|rankingParser.py:19] >> 120, de.zorillasoft.musicfolderplayer.donate, 音フォルダプレヤ　フルバジョン
[2019-07-23 13:06:11,761][DEBUG|rankingParser.py:19] >> 121, com.fstop.photo.key, F-Stopギャラリプロ
[2019-07-23 13:06:11,769][DEBUG|rankingParser.py:19] >> 122, com.gmail.anolivetree, Image Shrink(像リサイズ)
[2019-07-23 13:06:11,776][DEBUG|rankingParser.py:19] >> 123, jp.chau2chaun2.mannerstimer, オトマナPlus+
[2019-07-23 13:06:11,783][DEBUG|rankingParser.py:19] >> 124, biz.koikoi.stereo, 3D視力回復
[2019-07-23 13:06:11,789][DEBUG|rankingParser.py:19] >> 125, jp.co.radius.neplayer_ver2, ハイレゾ再生に最適な音プレイヤアプリ［NePLAYER］
[2019-07-23 13:06:11,796][DEBUG|rankingParser.py:19] >> 126, jp.snowlife01.android.rotationcontrolpro, 面の回（向き）を制御【ロテションコントロルPro 】
[2019-07-23 13:06:11,804][DEBUG|rankingParser.py:19] >> 127, com.utorrent.client.pro, Torrent® Pro - Torrent App
[2019-07-23 13:06:11,810][DEBUG|rankingParser.py:19] >> 128, jp.main.brits.docotore.fp3, どこトレ FP3級科 過去問題集
[2019-07-23 13:06:11,818][DEBUG|rankingParser.py:19] >> 129, com.playsquare.pastan_1, でる順パス 英® 1級 【旺文社】
[2019-07-23 13:06:11,825][DEBUG|rankingParser.py:19] >> 130, jp.co.fenrir.android.sleipnir_black, Sleipnir Mobile Black Edition
[2019-07-23 13:06:11,831][DEBUG|rankingParser.py:19] >> 131, com.tocaboca.tocaoffice, トッカライフ：オフィスでは
[2019-07-23 13:06:11,838][DEBUG|rankingParser.py:19] >> 132, link.mikan.teppeki, mikan 壁
[2019-07-23 13:06:11,844][DEBUG|rankingParser.py:19] >> 133, com.digion.dixim.android.play.aquosplayer, AQUOS リモトプレヤ
[2019-07-23 13:06:11,850][DEBUG|rankingParser.py:19] >> 134, jp.handsaid.shuhasucho_2019, 周波帳2019
[2019-07-23 13:06:11,860][DEBUG|rankingParser.py:19] >> 135, com.playsquare.kikutan_all_toeic, キクタン [All-in-One] TOEIC® Test Score 600+800+990合本版
[2019-07-23 13:06:11,866][DEBUG|rankingParser.py:19] >> 136, com.intsig.BizCardReader, CamCard:名刺管理日本語他16言語
[2019-07-23 13:06:11,871][DEBUG|rankingParser.py:19] >> 137, com.ydbs.ggj, 私の外
[2019-07-23 13:06:11,877][DEBUG|rankingParser.py:19] >> 138, pixbit.prime, PixBit - Pixel Icon Pack
[2019-07-23 13:06:11,884][DEBUG|rankingParser.py:19] >> 139, jp.or.ias.qs_tube_construction1st_fee, 1級管工事施工ケイタイもん_有料版
[2019-07-23 13:06:11,891][DEBUG|rankingParser.py:19] >> 140, com.jndapp.line.x.iconpack, LineX Icon Pack
[2019-07-23 13:06:11,897][DEBUG|rankingParser.py:19] >> 141, com.filmic.filmicpro, FiLMiC Pro: プロカメラマンも使用するビデオカメラアプリ
[2019-07-23 13:06:11,904][DEBUG|rankingParser.py:19] >> 142, jp.co.gakkonet.quizninjakankendx, 漢字定漢漢字トレニングDX
[2019-07-23 13:06:11,910][DEBUG|rankingParser.py:19] >> 143, com.imageline.FLM, FL Studio Mobile
[2019-07-23 13:06:11,915][DEBUG|rankingParser.py:19] >> 144, jp.ne.biglobe.shinmeikai.gp, 新明解語典 公式アプリ｜ビッグロブ書
[2019-07-23 13:06:11,922][DEBUG|rankingParser.py:19] >> 145, com.playsquare.pastan_p1, でる順パス 英® 準1級 【旺文社】
[2019-07-23 13:06:11,928][DEBUG|rankingParser.py:19] >> 146, com.tocaboca.tocaneighborhood, トッカライフ: ネイバフッド（Toca Life: Neighborhood）
[2019-07-23 13:06:11,935][DEBUG|rankingParser.py:19] >> 147, jp.dstudy.boiler2.ver001, 2級ボイラ技士
[2019-07-23 13:06:11,941][DEBUG|rankingParser.py:19] >> 148, com.bubblesoft.android.bubbleupnp.unlocker, BubbleUPnP UPnP/DLNA License
[2019-07-23 13:06:11,947][DEBUG|rankingParser.py:19] >> 149, com.hantor.CozyMagPlus, 大鏡 & 微鏡 Plus (ルペ)
[2019-07-23 13:06:11,954][DEBUG|rankingParser.py:19] >> 150, com.wolfram.android.alpha, WolframAlpha
[2019-07-23 13:06:11,960][DEBUG|rankingParser.py:19] >> 151, jp.web5.ussy.mydrillbookmakerkey, 暗記ドリルメカ ライセンスキ
[2019-07-23 13:06:11,966][DEBUG|rankingParser.py:19] >> 152, com.iwashisoft.privacyfilter, のぞき見防止フィルタ
[2019-07-23 13:06:11,973][DEBUG|rankingParser.py:19] >> 153, com.ioslauncher.pro, X Launcher Pro: PhoneX Theme, OS12 Control Center
[2019-07-23 13:06:11,978][DEBUG|rankingParser.py:19] >> 154, com.rarevision.vhscamcorder, VHS Camcorder (VHS Cam) - The Original VHS App
[2019-07-23 13:06:11,984][DEBUG|rankingParser.py:19] >> 155, com.jetappfactory.jetaudioplus, ジェットオディオプラス - 高音質の音プレヤ
[2019-07-23 13:06:11,990][DEBUG|rankingParser.py:19] >> 156, net.studiofly.android.ringoplus, 電話帳R Plus
[2019-07-23 13:06:11,997][DEBUG|rankingParser.py:19] >> 157, com.bushidroid.app.ghostseeker, Ghost Seeker - 心探索機 -
[2019-07-23 13:06:12,003][DEBUG|rankingParser.py:19] >> 158, jp.yoshika.twitcle.plus, twitcle plus
[2019-07-23 13:06:12,009][DEBUG|rankingParser.py:19] >> 159, com.dq.fotometroNa, LightMeter
[2019-07-23 13:06:12,017][DEBUG|rankingParser.py:19] >> 160, com.tkoffice.takken, 「宅建士」過去問題《受用》
[2019-07-23 13:06:12,024][DEBUG|rankingParser.py:19] >> 161, jp.ne.biglobe.wisdomdict.gp2, ウィズダム英和和英典公式アプリ |英話TOEICに書
[2019-07-23 13:06:12,030][DEBUG|rankingParser.py:19] >> 162, com.tocaboca.tocakitchensushi, Toca Kitchen Sushi Restaurant
[2019-07-23 13:06:12,036][DEBUG|rankingParser.py:19] >> 163, com.tocaboca.tocahairsalon3, Toca Hair Salon 3
[2019-07-23 13:06:12,042][DEBUG|rankingParser.py:19] >> 164, fei.mergepicfull, 像連結
[2019-07-23 13:06:12,048][DEBUG|rankingParser.py:19] >> 165, jp.mowmow.simpleaf, simpleaf (手書きメモ)
[2019-07-23 13:06:12,054][DEBUG|rankingParser.py:19] >> 166, com.app.superfriendly.daily, 聞き流し日常英話ネイティブ1000人と作った英話
[2019-07-23 13:06:12,061][DEBUG|rankingParser.py:19] >> 167, air.jp.co.beret.EngSuraSura, スラスラ話すための瞬間英作文シャッフルトレニング
[2019-07-23 13:06:12,069][DEBUG|rankingParser.py:19] >> 168, com.jrtstudio.AnotherMusicPlayer.Unlocker, Rocket Player プレミアムオディオ
[2019-07-23 13:06:12,075][DEBUG|rankingParser.py:19] >> 169, com.tocaboca.tocalab, トッカラボ (Toca Lab: Elements)
[2019-07-23 13:06:12,081][DEBUG|rankingParser.py:19] >> 170, com.flavionet.android.camera.pro, Camera FV-5
[2019-07-23 13:06:12,087][DEBUG|rankingParser.py:19] >> 171, com.rageconsulting.android.lightflow, LEDと通知制御
[2019-07-23 13:06:12,093][DEBUG|rankingParser.py:19] >> 172, com.orangeorapple.flashcards, Flashcards Deluxe
[2019-07-23 13:06:12,101][DEBUG|rankingParser.py:19] >> 173, com.srihary.weartools, Blaze: Wear Longer Backlight
[2019-07-23 13:06:12,108][DEBUG|rankingParser.py:19] >> 174, com.loadlynx_jp.estilynx, Estilynx - 見積書や請求書を素早く作成、きれいに印刷
[2019-07-23 13:06:12,116][DEBUG|rankingParser.py:19] >> 175, jp.gr.java_conf.howlcifer.memocharge, メモ帳 有料版
[2019-07-23 13:06:12,122][DEBUG|rankingParser.py:19] >> 176, com.keramidas.TitaniumBackupPro, Titanium Backup PRO Key ★ root needed
[2019-07-23 13:06:12,128][DEBUG|rankingParser.py:19] >> 177, com.dynamo.seihoapp, 生保一般課程試一問一答過去問題集
[2019-07-23 13:06:12,136][DEBUG|rankingParser.py:19] >> 178, com.stmp.minimalface, Watch Face - Minimal & Elegant for Android Wear OS
[2019-07-23 13:06:12,142][DEBUG|rankingParser.py:19] >> 179, org.kustom.widget.pro, KWGT Kustom Widget Pro Key
[2019-07-23 13:06:12,149][DEBUG|rankingParser.py:19] >> 180, jp.benzodev.naviconn, NaviGateway
[2019-07-23 13:06:12,155][DEBUG|rankingParser.py:19] >> 181, com.playsquare.kikutan_eiken_1, キクタン 英® 1級 (音練習機能つき) ～聞いてえるコパス熟語～
[2019-07-23 13:06:12,161][DEBUG|rankingParser.py:19] >> 182, jp.co.technosquare.android.gappendixp, 手帳の付+
[2019-07-23 13:06:12,167][DEBUG|rankingParser.py:19] >> 183, com.daylightmap.moon.pro.android, 月鏡
[2019-07-23 13:06:12,173][DEBUG|rankingParser.py:19] >> 184, com.volatello.tellofpv, Tello FPV - Control the Ryze Tello drone FPV + RTH
[2019-07-23 13:06:12,181][DEBUG|rankingParser.py:19] >> 185, august.mendeleev.pro, 周期表 2019 PRO - 化
[2019-07-23 13:06:12,187][DEBUG|rankingParser.py:19] >> 186, com.gmail.heagoo.apkeditor.pro, APK Editor Pro
[2019-07-23 13:06:12,193][DEBUG|rankingParser.py:19] >> 187, org.korosoft.notepadpro.android, ノトパッドプロ
[2019-07-23 13:06:12,199][DEBUG|rankingParser.py:19] >> 188, org.kustom.wallpaper.pro, KLWP Live Wallpaper Pro Key
[2019-07-23 13:06:12,205][DEBUG|rankingParser.py:19] >> 189, com.binghuo.magnifier.magnifyingglass.pro, 眼鏡
[2019-07-23 13:06:12,211][DEBUG|rankingParser.py:19] >> 190, au.com.metro.dwjr.zany, Dumb Ways JR Zany's Hospital
[2019-07-23 13:06:12,218][DEBUG|rankingParser.py:19] >> 191, com.metamoji.noteanytime2, MetaMoJi Note（手書きノトアプリ）
[2019-07-23 13:06:12,225][DEBUG|rankingParser.py:19] >> 192, jp.co.imagineer.yk.ichi2.w, 山川一問一答世界史
[2019-07-23 13:06:12,231][DEBUG|rankingParser.py:19] >> 193, slide.watchFrenzy.premium, Watch Face -WatchMaker Premium for Android Wear OS
[2019-07-23 13:06:12,237][DEBUG|rankingParser.py:19] >> 194, org.adwtheme.novagoldenglass, 新しいテマゴルデングラスアイコンパックHD アイコン
[2019-07-23 13:06:12,243][DEBUG|rankingParser.py:19] >> 195, fishnoodle.koipond, 鯉ライブ壁紙
[2019-07-23 13:06:12,248][DEBUG|rankingParser.py:19] >> 196, com.simulationcurriculum.skysafari6pro, SkySafari 6 Pro
[2019-07-23 13:06:12,256][DEBUG|rankingParser.py:19] >> 197, org.adwtheme.novasense, 新しいテマセンスガラス NOVA Theme HD
[2019-07-23 13:06:12,262][DEBUG|rankingParser.py:19] >> 198, netroken.android.persistalternate, ボリュムコントロル +
[2019-07-23 13:06:12,268][DEBUG|rankingParser.py:19] >> 199, jp.ne.sakura.token.gosenfu02, おんぷちゃん
[2019-07-23 13:06:12,274][DEBUG|rankingParser.py:19] >> 200, com.amazing_create.android.andclip, aNdClip クリップボド張
[2019-07-23 13:06:14,738][DEBUG|rankingParser.py:100] >> Good Bye Parser! 
 
