[2019-07-25 09:52:28,979][DEBUG|rankingParser.py:19] >> 1, io.faceapp, FaceApp
[2019-07-25 09:52:29,016][DEBUG|rankingParser.py:19] >> 2, com.instagram.android, Instagram
[2019-07-25 09:52:29,039][DEBUG|rankingParser.py:19] >> 3, com.hogangnono.hogangnono, 호갱노노 - 아파트 실거래가 1등 앱
[2019-07-25 09:52:29,047][DEBUG|rankingParser.py:19] >> 4, com.contextlogic.wish, Wish - 쇼핑은 즐겁다
[2019-07-25 09:52:29,054][DEBUG|rankingParser.py:19] >> 5, viva.republica.toss, 토스
[2019-07-25 09:52:29,059][DEBUG|rankingParser.py:19] >> 6, com.nhn.android.search, 네이버 - NAVER
[2019-07-25 09:52:29,068][DEBUG|rankingParser.py:19] >> 7, com.kakao.talk, 카카오톡 KakaoTalk
[2019-07-25 09:52:29,075][DEBUG|rankingParser.py:19] >> 8, com.sec.android.easyMover, Samsung Smart Switch Mobile
[2019-07-25 09:52:29,081][DEBUG|rankingParser.py:19] >> 9, com.coupang.mobile, 쿠팡 (Coupang)
[2019-07-25 09:52:29,086][DEBUG|rankingParser.py:19] >> 10, com.fineapp.yogiyo, 배달요기요
[2019-07-25 09:52:29,092][DEBUG|rankingParser.py:19] >> 11, com.towneers.www, 당근마켓 - 우리 동네 중고 직거래 벼룩장터
[2019-07-25 09:52:29,119][DEBUG|rankingParser.py:19] >> 12, com.netflix.mediaclient, Netflix(넷플릭스)
[2019-07-25 09:52:29,125][DEBUG|rankingParser.py:19] >> 13, com.sampleapp, 배달의민족
[2019-07-25 09:52:29,131][DEBUG|rankingParser.py:19] >> 14, com.kakaobank.channel, 카카오뱅크 - 같지만 다른 은행
[2019-07-25 09:52:29,137][DEBUG|rankingParser.py:19] >> 15, com.jndwork.weather.forecast.channel.dailyforecast.liveradarmaps, 실시간 날씨 - 일기 예보 2019
[2019-07-25 09:52:29,142][DEBUG|rankingParser.py:19] >> 16, com.ahnlab.v3mobileplus, V3 Mobile Plus 2.0
[2019-07-25 09:52:29,150][DEBUG|rankingParser.py:19] >> 17, com.palmistry.scan.horoscope, 손금 및 별자리 - 노화 카메라
[2019-07-25 09:52:29,155][DEBUG|rankingParser.py:19] >> 18, com.security.clean.antivirus.master, Speed Security - 바이러스 제거, 기기 청소, 가속
[2019-07-25 09:52:29,161][DEBUG|rankingParser.py:19] >> 19, com.nhn.android.nmap, 네이버 지도, 내비게이션
[2019-07-25 09:52:29,167][DEBUG|rankingParser.py:19] >> 20, com.sec.android.app.voicenote, 삼성 음성 녹음
[2019-07-25 09:52:29,173][DEBUG|rankingParser.py:19] >> 21, com.samsung.android.app.notes, Samsung Notes
[2019-07-25 09:52:29,179][DEBUG|rankingParser.py:19] >> 22, com.snowcorp.soda.android, SODA 소다 - Natural Beauty Camera
[2019-07-25 09:52:29,188][DEBUG|rankingParser.py:19] >> 23, com.forshared.files, 4shared
[2019-07-25 09:52:29,198][DEBUG|rankingParser.py:19] >> 24, com.kakao.taxi, 카카오 T - 택시, 대리운전, 주차, 내비, 카풀, 바이크
[2019-07-25 09:52:29,205][DEBUG|rankingParser.py:19] >> 25, com.sktelecom.ytpoc, 0한동
[2019-07-25 09:52:29,212][DEBUG|rankingParser.py:19] >> 26, com.ss.android.ugc.trill, TikTok 틱톡
[2019-07-25 09:52:29,218][DEBUG|rankingParser.py:19] >> 27, com.facebook.katana, Facebook
[2019-07-25 09:52:29,228][DEBUG|rankingParser.py:19] >> 28, com.google.android.play.games, Google Play 게임
[2019-07-25 09:52:29,241][DEBUG|rankingParser.py:19] >> 29, com.ibk.android.ionebank, (New) i-ONE Bank - IBK기업은행
[2019-07-25 09:52:29,249][DEBUG|rankingParser.py:19] >> 30, com.skt.tmap.ku, T map (티맵,T맵,내비게이션)
[2019-07-25 09:52:29,256][DEBUG|rankingParser.py:19] >> 31, com.mcdonalds.mobileapp, 맥도날드
[2019-07-25 09:52:29,262][DEBUG|rankingParser.py:19] >> 32, me.togather.wave, WAVE - 잘 노는 영상톡, Talk & Play
[2019-07-25 09:52:29,273][DEBUG|rankingParser.py:19] >> 33, kr.co.captv.pooqV2, POOQ (푹)  실시간TV 무료
[2019-07-25 09:52:29,283][DEBUG|rankingParser.py:19] >> 34, net.daum.android.map, 카카오맵 - 대한민국 No.1 지도앱 ( 지도 / 내비게이션 / 대중교통 / 로드뷰 )
[2019-07-25 09:52:29,289][DEBUG|rankingParser.py:19] >> 35, kr.goodchoice.abouthere, 여기어때 - 대한민국 1등 종합숙박앱
[2019-07-25 09:52:29,296][DEBUG|rankingParser.py:19] >> 36, com.shs.songain, 송가인 노래듣기 - 히트곡, 방송 영상, 공연 영상, 7080 트로트 메들리 감상
[2019-07-25 09:52:29,303][DEBUG|rankingParser.py:19] >> 37, kr.co.srail.newapp, SRT - 수서고속철도(NEW)
[2019-07-25 09:52:29,310][DEBUG|rankingParser.py:19] >> 38, com.nhn.android.band, 밴드
[2019-07-25 09:52:29,319][DEBUG|rankingParser.py:19] >> 39, com.facebook.orca, Messenger
[2019-07-25 09:52:29,326][DEBUG|rankingParser.py:19] >> 40, com.gorgeous.liteinternational, Ulike유라이크 - 스타일, 고급 필터, 뷰티 카메라
[2019-07-25 09:52:29,332][DEBUG|rankingParser.py:19] >> 41, com.campmobile.snow, SNOW - 뷰티, 메이크업, 셀피 카메라
[2019-07-25 09:52:29,341][DEBUG|rankingParser.py:19] >> 42, com.korail.talk, 코레일톡
[2019-07-25 09:52:29,348][DEBUG|rankingParser.py:19] >> 43, com.locnall.KimGiSa, 카카오내비
[2019-07-25 09:52:29,355][DEBUG|rankingParser.py:19] >> 44, com.naver.labs.translator, 네이버 파파고 - AI 통번역
[2019-07-25 09:52:29,362][DEBUG|rankingParser.py:19] >> 45, com.google.android.apps.youtube.kids, YouTube Kids
[2019-07-25 09:52:29,371][DEBUG|rankingParser.py:19] >> 46, app.facereading.signs, 페이스리딩에이지 페이스 사인
[2019-07-25 09:52:29,377][DEBUG|rankingParser.py:19] >> 47, nh.smart.banking, NH스마트뱅킹
[2019-07-25 09:52:29,385][DEBUG|rankingParser.py:19] >> 48, net.cj.cjhv.gs.tving, 티빙(TVING) - 실시간TV, 방송VOD, 영화VOD
[2019-07-25 09:52:29,391][DEBUG|rankingParser.py:19] >> 49, fast.phone.clean, 슈퍼 빠른 클리너 - 안티 바이러스 및 부스터 & 클리너
[2019-07-25 09:52:29,401][DEBUG|rankingParser.py:19] >> 50, com.cultsotry.yanolja.nativeapp, 야놀자 - 국내 및 해외 호텔, 모텔, 펜션, 게하, 레저/티켓, 최대 80% 할인
[2019-07-25 09:52:29,423][DEBUG|rankingParser.py:19] >> 51, skplanet.musicmate, FLO  플로
[2019-07-25 09:52:29,429][DEBUG|rankingParser.py:19] >> 52, com.omnitel.android.lottewebview, 롯데홈쇼핑  롯데 ON
[2019-07-25 09:52:29,436][DEBUG|rankingParser.py:19] >> 53, kvp.jjy.MispAndroid320, ISP/페이북
[2019-07-25 09:52:29,453][DEBUG|rankingParser.py:19] >> 54, com.hmusic.listentrot, 트로트 무료듣기 - 트로트 메들리
[2019-07-25 09:52:29,462][DEBUG|rankingParser.py:19] >> 55, com.iloen.melon, 멜론
[2019-07-25 09:52:29,470][DEBUG|rankingParser.py:19] >> 56, com.banhala.android, 에이블리 - 셀럽마켓 모음앱
[2019-07-25 09:52:29,476][DEBUG|rankingParser.py:19] >> 57, com.gmong.songgain, 송가인 노래모음 무료듣기 - 미스트롯 송가인 노래와 영상 모음
[2019-07-25 09:52:29,484][DEBUG|rankingParser.py:19] >> 58, com.tf.thinkdroid.viewer, 한컴오피스 viewer
[2019-07-25 09:52:29,489][DEBUG|rankingParser.py:19] >> 59, com.chbreeze.jikbang4a, 직방 - 2,000만명이 선택한 No.1 부동산 앱(아파트,아파트분양,원룸,오피스텔,빌라)
[2019-07-25 09:52:29,496][DEBUG|rankingParser.py:19] >> 60, com.kscc.scxb.mbl, [공식]고속버스모바일
[2019-07-25 09:52:29,501][DEBUG|rankingParser.py:19] >> 61, com.lge.lgemembership, LG전자 멤버십
[2019-07-25 09:52:29,507][DEBUG|rankingParser.py:19] >> 62, com.kakaopay.app, 카카오페이
[2019-07-25 09:52:29,512][DEBUG|rankingParser.py:19] >> 63, paint.by.number.pixel.art.coloring.drawing.puzzle, 숫자로 색칠하기 - 무료 색칠 공부 및 퍼즐 게임
[2019-07-25 09:52:29,518][DEBUG|rankingParser.py:19] >> 64, kr.backpackr.me.idus, 아이디어스(idus) - 핸드메이드/수공예 장터
[2019-07-25 09:52:29,523][DEBUG|rankingParser.py:19] >> 65, com.clean_antivirus.security.master.booster, Security & Antivirus
[2019-07-25 09:52:29,529][DEBUG|rankingParser.py:19] >> 66, com.titicacacorp.triple, 트리플 - 해외여행 가이드
[2019-07-25 09:52:29,535][DEBUG|rankingParser.py:19] >> 67, faceapp.facemystery.learnmoreaboutyourself, HiddenMe Face App -  노화 카메라, 페이스앱
[2019-07-25 09:52:29,541][DEBUG|rankingParser.py:19] >> 68, com.google.android.apps.translate, Google 번역
[2019-07-25 09:52:29,551][DEBUG|rankingParser.py:19] >> 69, kr.co.samsungcard.mpocket, 삼성앱카드 - 내 폰 안의 삼성카드
[2019-07-25 09:52:29,560][DEBUG|rankingParser.py:19] >> 70, com.cgv.android.movieapp, CGV
[2019-07-25 09:52:29,569][DEBUG|rankingParser.py:19] >> 71, net.daum.android.daum, 다음 - Daum
[2019-07-25 09:52:29,584][DEBUG|rankingParser.py:19] >> 72, com.virusscan.privacy.fast.cleaner.booster, X Security - 바이러스 제거, 기기 청소, 가속
[2019-07-25 09:52:29,591][DEBUG|rankingParser.py:19] >> 73, com.hyundaicard.appcard, 현대카드
[2019-07-25 09:52:29,600][DEBUG|rankingParser.py:19] >> 74, kr.go.kcs.mobile.pubservice, 모바일 관세청
[2019-07-25 09:52:29,610][DEBUG|rankingParser.py:19] >> 75, com.wemakeprice, 위메프 - 특가대표 (특가 / 쇼핑 / 쇼핑앱 / 쿠폰 / 배송)
[2019-07-25 09:52:29,633][DEBUG|rankingParser.py:19] >> 76, com.bestringtonesapps.bestringtonesfree, 최고의 무료 벨소리
[2019-07-25 09:52:29,672][DEBUG|rankingParser.py:19] >> 77, com.nhn.android.webtoon, 네이버 웹툰 - Naver Webtoon
[2019-07-25 09:52:29,918][DEBUG|rankingParser.py:19] >> 78, com.firstscreen.weather, 첫화면 날씨, 미세먼지 - WHO 기준, 기상청 날씨
[2019-07-25 09:52:29,925][DEBUG|rankingParser.py:19] >> 79, com.linecorp.b612.android, B612 - 뷰티 효과, 감성필터, 셀피 카메라
[2019-07-25 09:52:29,931][DEBUG|rankingParser.py:19] >> 80, com.kscc.xzz.mbl, [공식]시외버스모바일
[2019-07-25 09:52:29,938][DEBUG|rankingParser.py:19] >> 81, com.goodplay.a511best, 착한 음악다운 플레이
[2019-07-25 09:52:29,944][DEBUG|rankingParser.py:19] >> 82, video.player.videoplayer, 비디오 플레이어 퍼펙트 - 자막, 코덱, XPlayer
[2019-07-25 09:52:29,951][DEBUG|rankingParser.py:19] >> 83, com.skb.btvmobile, oksusu
[2019-07-25 09:52:29,958][DEBUG|rankingParser.py:19] >> 84, com.samsung.android.voc, Samsung Members
[2019-07-25 09:52:29,965][DEBUG|rankingParser.py:19] >> 85, gov.incheon.incheonercard, 인천e음
[2019-07-25 09:52:29,971][DEBUG|rankingParser.py:19] >> 86, com.TouchEn.mVaccine.webs, 터치엔 엠백신 for Web(기업용)
[2019-07-25 09:52:29,977][DEBUG|rankingParser.py:19] >> 87, kr.co.quicket, 번개장터 - 모바일 최대 중고마켓 앱(중고나라,중고차)
[2019-07-25 09:52:29,982][DEBUG|rankingParser.py:19] >> 88, com.kakao.story, 카카오스토리 KakaoStory
[2019-07-25 09:52:29,988][DEBUG|rankingParser.py:19] >> 89, net.bucketplace, 오늘의집 - 550만이 선택한 No.1 인테리어 필수앱
[2019-07-25 09:52:29,994][DEBUG|rankingParser.py:19] >> 90, faceapp.magikoly.exploreandhavefun, Magikoly  페이스앱, 페이스 에디터, 얼굴 노화, 성별 전환, 인종 분석기
[2019-07-25 09:52:30,000][DEBUG|rankingParser.py:19] >> 91, com.nhn.android.ndrive, 네이버 클라우드 - NAVER Cloud
[2019-07-25 09:52:30,005][DEBUG|rankingParser.py:19] >> 92, tw.mobileapp.qrcode.banner, QR 코드 리더/바코드 스캐너
[2019-07-25 09:52:30,011][DEBUG|rankingParser.py:19] >> 93, com.hnsmall, 홈앤쇼핑 오직 앱에서만.  10%할인 + 10%적립
[2019-07-25 09:52:30,016][DEBUG|rankingParser.py:19] >> 94, com.megabox.mop, 메가박스(MEGABOX)
[2019-07-25 09:52:30,022][DEBUG|rankingParser.py:19] >> 95, com.ktmusic.geniemusic, 지니 뮤직 - genie
[2019-07-25 09:52:30,027][DEBUG|rankingParser.py:19] >> 96, com.shcard.smartpay, 신한페이판
[2019-07-25 09:52:30,033][DEBUG|rankingParser.py:19] >> 97, sg.bigo.live, BIGO LIVE (비고라이브)  라이브 개인방송
[2019-07-25 09:52:30,038][DEBUG|rankingParser.py:19] >> 98, kr.co.alba.webappalba.m, 알바천국- 알바 구인구직 포털서비스
[2019-07-25 09:52:30,046][DEBUG|rankingParser.py:19] >> 99, kr.co.emart.emartmall, 이마트몰  emart mall
[2019-07-25 09:52:30,054][DEBUG|rankingParser.py:19] >> 100, com.snapchat.android, Snapchat
[2019-07-25 09:52:30,060][DEBUG|rankingParser.py:19] >> 101, com.shinhan.sbanking, 신한 쏠(SOL)  신한은행 스마트폰뱅킹
[2019-07-25 09:52:30,066][DEBUG|rankingParser.py:19] >> 102, com.hmallapp, 현대Hmall - 홈쇼핑, 백화점
[2019-07-25 09:52:30,072][DEBUG|rankingParser.py:19] >> 103, com.chsapps.songain, 송가인 노래듣기 - 히트곡, 방송 영상, 최신 공연 영상
[2019-07-25 09:52:30,079][DEBUG|rankingParser.py:19] >> 104, com.lge.mobilemigration, LG 모바일 스위치 (보내기)
[2019-07-25 09:52:30,087][DEBUG|rankingParser.py:19] >> 105, com.albamon.app, 알바몬 - 알바 채용 구인구직 취업정보검색
[2019-07-25 09:52:30,093][DEBUG|rankingParser.py:19] >> 106, com.nhnent.payapp, PAYCO - 페이코, 혜택까지 똑똑한 간편결제
[2019-07-25 09:52:30,099][DEBUG|rankingParser.py:19] >> 107, com.bestringtonesapps.freeringtonesforandroid, 무료 벨소리 Android™ 전용
[2019-07-25 09:52:30,105][DEBUG|rankingParser.py:19] >> 108, socar.Socar, 쏘카 - 1등 카셰어링
[2019-07-25 09:52:30,110][DEBUG|rankingParser.py:19] >> 109, com.future.know, Future: 얼굴, 손금 & 별자리
[2019-07-25 09:52:30,115][DEBUG|rankingParser.py:19] >> 110, com.tmon, 티몬 - 매주 월요일은 티몬데이
[2019-07-25 09:52:30,121][DEBUG|rankingParser.py:19] >> 111, kr.go.nts.android, 국세청 홈택스
[2019-07-25 09:52:30,127][DEBUG|rankingParser.py:19] >> 112, com.kbstar.kbbank, KB국민은행 스타뱅킹
[2019-07-25 09:52:30,132][DEBUG|rankingParser.py:19] >> 113, kr.bitbyte.playkeyboard, 플레이키보드 - 최애돌 테마, 문자티콘, 나만의 테마 제작, 움직이는 키보드
[2019-07-25 09:52:30,140][DEBUG|rankingParser.py:19] >> 114, com.croquis.zigzag, 지그재그 - 여성쇼핑몰 모음, 쇼핑몰순위
[2019-07-25 09:52:30,149][DEBUG|rankingParser.py:19] >> 115, uplus.membership, U+멤버스 - 멤버십 할인,소액결제,포인트,쿠폰
[2019-07-25 09:52:30,158][DEBUG|rankingParser.py:19] >> 116, com.emart.today, 이마트 - 매장에서 즐기는 스마트한 혜택
[2019-07-25 09:52:30,166][DEBUG|rankingParser.py:19] >> 117, io.storychat, 위트 wit
[2019-07-25 09:52:30,175][DEBUG|rankingParser.py:19] >> 118, com.lifeoverflow.app.weather, 날씨날씨 - 날씨, 미세먼지, 기상청, 위젯, 알림
[2019-07-25 09:52:30,184][DEBUG|rankingParser.py:19] >> 119, com.smule.singandroid, Smule - 1등 노래 어플
[2019-07-25 09:52:30,210][DEBUG|rankingParser.py:19] >> 120, com.interpark.shop, 인터파크
[2019-07-25 09:52:30,217][DEBUG|rankingParser.py:19] >> 121, com.ebay.kr.gmarket, 쇼핑을 바꾸는 쇼핑. G마켓
[2019-07-25 09:52:30,225][DEBUG|rankingParser.py:19] >> 122, com.twitter.android, 트위터
[2019-07-25 09:52:30,232][DEBUG|rankingParser.py:19] >> 123, com.hpapp, 해피포인트
[2019-07-25 09:52:30,238][DEBUG|rankingParser.py:19] >> 124, com.ahnlab.v3mobilesecurity.soda, V3 Mobile Security - 무료 백신/부스터/앱잠금
[2019-07-25 09:52:30,253][DEBUG|rankingParser.py:19] >> 125, gsshop.mobile.v2, GS SHOP - 당신의 가장 좋은 선택을 만듭니다
[2019-07-25 09:52:30,259][DEBUG|rankingParser.py:19] >> 126, com.sec.android.app.shealth, Samsung Health(삼성 헬스)
[2019-07-25 09:52:30,267][DEBUG|rankingParser.py:19] >> 127, com.bisoft.live.weather, 날씨 오늘 - 일기 예보 앱 2019
[2019-07-25 09:52:30,276][DEBUG|rankingParser.py:19] >> 128, nh.smart.nhcok, NH콕뱅크
[2019-07-25 09:52:30,305][DEBUG|rankingParser.py:19] >> 129, kr.co.shiftworks.vguardweb, VG 기업용 Web SDK
[2019-07-25 09:52:30,312][DEBUG|rankingParser.py:19] >> 130, com.kbcard.cxh.appcard, KB국민 앱카드
[2019-07-25 09:52:30,318][DEBUG|rankingParser.py:19] >> 131, teamDoppelGanger.SmarterSubway, 지하철 종결자 : Smarter Subway
[2019-07-25 09:52:30,324][DEBUG|rankingParser.py:19] >> 132, jp.naver.line.android, 라인 LINE
[2019-07-25 09:52:30,330][DEBUG|rankingParser.py:19] >> 133, net.daum.android.cafe, 다음 카페 - Daum Cafe
[2019-07-25 09:52:30,338][DEBUG|rankingParser.py:19] >> 134, com.gangwon.han, 동영상다운프로
[2019-07-25 09:52:30,344][DEBUG|rankingParser.py:19] >> 135, com.kbcard.kbkookmincard, KB국민카드
[2019-07-25 09:52:30,353][DEBUG|rankingParser.py:19] >> 136, com.rainist.banksalad2, 뱅크샐러드 - 신경 꺼도 내 돈 관리 (통합 자산관리, 자동 가계부)
[2019-07-25 09:52:30,359][DEBUG|rankingParser.py:19] >> 137, com.cntt.lotteria, 롯데리아
[2019-07-25 09:52:30,366][DEBUG|rankingParser.py:19] >> 138, kr.co.nowcom.mobile.afreeca, 아프리카TV - AfreecaTV
[2019-07-25 09:52:30,373][DEBUG|rankingParser.py:19] >> 139, com.scbank.ma30, SC제일은행 모바일뱅킹
[2019-07-25 09:52:30,381][DEBUG|rankingParser.py:19] >> 140, com.himart.main, 롯데 ON - 롯데하이마트
[2019-07-25 09:52:30,388][DEBUG|rankingParser.py:19] >> 141, co.spoonme, 스푼 라디오 - LIVE방송 BJ소통
[2019-07-25 09:52:30,394][DEBUG|rankingParser.py:19] >> 142, kr.co.cleaninglab.user, 청소연구소 - 가사도우미, 청소, 청소도우미
[2019-07-25 09:52:30,403][DEBUG|rankingParser.py:19] >> 143, kr.co.lottecinema.lcm, 롯데시네마 모바일앱
[2019-07-25 09:52:30,410][DEBUG|rankingParser.py:19] >> 144, ly.appt.oldify, 나이 든 얼굴 - Oldify™ Grow Old
[2019-07-25 09:52:30,422][DEBUG|rankingParser.py:19] >> 145, ctrip.english, 트립닷컴 - 전 세계 항공권, 호텔, 기차표 & 액티비티 특가 예약, 블록버스터급 여행앱
[2019-07-25 09:52:30,448][DEBUG|rankingParser.py:19] >> 146, com.elevenst, 11번가
[2019-07-25 09:52:30,454][DEBUG|rankingParser.py:19] >> 147, com.kakao.page, 카카오페이지 KakaoPage
[2019-07-25 09:52:30,459][DEBUG|rankingParser.py:19] >> 148, com.google.android.apps.youtube.music, YouTube Music
[2019-07-25 09:52:30,465][DEBUG|rankingParser.py:19] >> 149, tv.jamlive, 잼라이브 (JAM LIVE) - 실시간 퀴즈쇼
[2019-07-25 09:52:30,470][DEBUG|rankingParser.py:19] >> 150, com.starbucks.co, 스타벅스
[2019-07-25 09:52:30,476][DEBUG|rankingParser.py:19] >> 151, app.zenly.locator, Zenly - 친한 친구끼리
[2019-07-25 09:52:30,482][DEBUG|rankingParser.py:19] >> 152, weather.forecast.barometer.storm.radar, 날씨 무료
[2019-07-25 09:52:30,490][DEBUG|rankingParser.py:19] >> 153, kr.co.ivlog.mobile.app.cjonecard, CJ ONE
[2019-07-25 09:52:30,495][DEBUG|rankingParser.py:19] >> 154, com.dencreak.dlcalculator, 똑똑계산기 - 무료 다용도 계산기
[2019-07-25 09:52:30,502][DEBUG|rankingParser.py:19] >> 155, com.nhn.android.navercafe, 네이버 카페  - Naver Cafe
[2019-07-25 09:52:30,507][DEBUG|rankingParser.py:19] >> 156, com.uplus.onphone, U+모바일tv-실시간TV,TV다시보기,최신영화
[2019-07-25 09:52:30,514][DEBUG|rankingParser.py:19] >> 157, com.naver.vibe, VIBE (바이브)
[2019-07-25 09:52:30,519][DEBUG|rankingParser.py:19] >> 158, com.discord, Discord - 게이머를 위한 메신저
[2019-07-25 09:52:30,525][DEBUG|rankingParser.py:19] >> 159, com.remote.control.universal.forall.tv, 모든 TV에 대한 원격 제어
[2019-07-25 09:52:30,531][DEBUG|rankingParser.py:19] >> 160, com.aging.palmistry.predict, Predict Master - 손금, 노화
[2019-07-25 09:52:30,537][DEBUG|rankingParser.py:19] >> 161, kr.co.sbs.videoplayer, SBS - 온에어, VOD 7만편 무료
[2019-07-25 09:52:30,543][DEBUG|rankingParser.py:19] >> 162, com.pikia.muzever, 트로트 무료듣기
[2019-07-25 09:52:30,549][DEBUG|rankingParser.py:19] >> 163, com.atpc, 음악무료다운 무료 라이센스 MP3 곡, 라디오, 노래모음 MP3, 유튜브 무료음악듣기
[2019-07-25 09:52:30,554][DEBUG|rankingParser.py:19] >> 164, free.vpn.unblock.proxy.turbovpn, Turbo VPN 무제한 무료 VPN & 빠른 보안 프록시 접속
[2019-07-25 09:52:30,560][DEBUG|rankingParser.py:19] >> 165, kr.co.apptube.hitai2, 하이타이 - 최저가 마사지, 타이마사지, 데이트장소, 무료쿠폰
[2019-07-25 09:52:30,566][DEBUG|rankingParser.py:19] >> 166, kr.co.station3.dabang, 다방-대한민국 부동산 매물 최다보유(원룸 오피스텔 아파트 분양 월세)
[2019-07-25 09:52:30,572][DEBUG|rankingParser.py:19] >> 167, com.buzzni.android.subapp.shoppingmoa, 홈쇼핑모아-TV홈쇼핑 편성표, 생방송 알림, 검색, 홈쇼핑방송
[2019-07-25 09:52:30,577][DEBUG|rankingParser.py:19] >> 168, com.gain.verse, 송가인 노래모음 - 무료 베스트 트로트 인기곡 노래듣기
[2019-07-25 09:52:30,583][DEBUG|rankingParser.py:19] >> 169, org.kftc.fido.lnk.lnk_app, 바이오인증 공동앱
[2019-07-25 09:52:30,589][DEBUG|rankingParser.py:19] >> 170, com.ssg.serviceapp.android.egiftcertificate, SSGPAY - 혜택 위의 혜택
[2019-07-25 09:52:30,597][DEBUG|rankingParser.py:19] >> 171, org.telegram.messenger, 텔레그램 공식 앱 Telegram
[2019-07-25 09:52:30,604][DEBUG|rankingParser.py:19] >> 172, com.skmc.okcashbag.home_google, OK캐쉬백 [즐거움이 포인트다]
[2019-07-25 09:52:30,610][DEBUG|rankingParser.py:19] >> 173, kr.or.giro.android, 모바일지로
[2019-07-25 09:52:30,619][DEBUG|rankingParser.py:19] >> 174, com.lgeha.nuts, LG SmartThinQ
[2019-07-25 09:52:30,626][DEBUG|rankingParser.py:19] >> 175, com.astroframe.seoulbus, 카카오버스
[2019-07-25 09:52:30,632][DEBUG|rankingParser.py:19] >> 176, kr.tripstore.tripstore, 트립스토어 - No.1 해외패키지여행 가격비교 및 예약
[2019-07-25 09:52:30,640][DEBUG|rankingParser.py:19] >> 177, com.cjoshppingphone, CJmall
[2019-07-25 09:52:30,645][DEBUG|rankingParser.py:19] >> 178, com.samsung.android.app.watchmanager, Galaxy Wearable (Samsung Gear)
[2019-07-25 09:52:30,652][DEBUG|rankingParser.py:19] >> 179, facesecret.scanner.camera, 안면 시크릿 스캐너 - 에이징 카메라,만화 그림 이모티콘
[2019-07-25 09:52:30,658][DEBUG|rankingParser.py:19] >> 180, teamdoppelganger.smarterbus, 전국 스마트 버스
[2019-07-25 09:52:30,664][DEBUG|rankingParser.py:19] >> 181, com.agoda.mobile.consumer, 아고다(Agoda) - 여행 계획은 아고다와 함께! 숙박 및 항공권을 초특가로 예약하세요
[2019-07-25 09:52:30,670][DEBUG|rankingParser.py:19] >> 182, com.coupang.mobile.eats, 쿠팡이츠 - 맛있는 음식을 빠르고 편하게
[2019-07-25 09:52:30,677][DEBUG|rankingParser.py:19] >> 183, kr.go.wetax.android, 스마트위택스
[2019-07-25 09:52:30,683][DEBUG|rankingParser.py:19] >> 184, com.hcom.android, 호텔스닷컴: 최저가 객실, 호텔, 펜션 리조트를 최고 평점 숙박 어플로 예약하세요
[2019-07-25 09:52:30,689][DEBUG|rankingParser.py:19] >> 185, com.naver.vapp, 글로벌 스타 라이브 앱 V LIVE
[2019-07-25 09:52:30,695][DEBUG|rankingParser.py:19] >> 186, com.chameleonsong.youtubekoreasong.song7080, 7080 가요모음 - 7080 노래 무료듣기
[2019-07-25 09:52:30,703][DEBUG|rankingParser.py:19] >> 187, com.nhn.android.nbooks, SERIES - 네이버 시리즈
[2019-07-25 09:52:30,709][DEBUG|rankingParser.py:19] >> 188, net.ib.android.smcard, 삼성카드
[2019-07-25 09:52:30,715][DEBUG|rankingParser.py:19] >> 189, com.tencent.mm, WeChat
[2019-07-25 09:52:30,720][DEBUG|rankingParser.py:19] >> 190, com.nexstreaming.app.kinemasterfree, 키네마스터(KineMaster) - 동영상 편집기
[2019-07-25 09:52:30,726][DEBUG|rankingParser.py:19] >> 191, com.expedia.bookings, 익스피디아 - 항공권, 호텔, 여행 계획
[2019-07-25 09:52:30,732][DEBUG|rankingParser.py:19] >> 192, com.digidust.elokence.akinator.freemium, Akinator
[2019-07-25 09:52:30,740][DEBUG|rankingParser.py:19] >> 193, com.picsart.studio, PicsArt Photo Studio: 콜라쥬 메이커 & 사진 에디터
[2019-07-25 09:52:30,746][DEBUG|rankingParser.py:19] >> 194, com.quvideo.xiaoying, VivaVideo - 동영상 편집 & 카메라 필터
[2019-07-25 09:52:30,751][DEBUG|rankingParser.py:19] >> 195, com.dbs.kurly.m2, 마켓컬리-내일의 장보기
[2019-07-25 09:52:30,758][DEBUG|rankingParser.py:19] >> 196, com.nsmobilehub, NS홈쇼핑
[2019-07-25 09:52:30,764][DEBUG|rankingParser.py:19] >> 197, com.cloudmosa.puffinFree, Puffin Web Browser
[2019-07-25 09:52:30,770][DEBUG|rankingParser.py:19] >> 198, com.estmob.android.sendanywhere, Send Anywhere (파일전송)
[2019-07-25 09:52:30,776][DEBUG|rankingParser.py:19] >> 199, com.hy.sfacer, Fantastic Face얼굴 분석 및 노화 예측
[2019-07-25 09:52:30,783][DEBUG|rankingParser.py:19] >> 200, com.gain.trmedley, 송가인 노래모음 완전무료 듣기 - 송가인 트로트 인기곡 모음
[2019-07-25 09:52:49,003][DEBUG|rankingParser.py:19] >> 1, me.sovs.sovs, SOVS - 촬영부탁 필수앱
[2019-07-25 09:52:49,015][DEBUG|rankingParser.py:19] >> 2, eyu.on.pica, @picn2k camera (피크닉 카메라)
[2019-07-25 09:52:49,022][DEBUG|rankingParser.py:19] >> 3, kr.co.lylstudio.unicorn, 유니콘:광고차단 필수 애드블록
[2019-07-25 09:52:49,031][DEBUG|rankingParser.py:19] >> 4, com.godpeople.GPBIBLE, 갓피플성경
[2019-07-25 09:52:49,037][DEBUG|rankingParser.py:19] >> 5, com.newin.nplayer.pro, nPlayer
[2019-07-25 09:52:49,044][DEBUG|rankingParser.py:19] >> 6, com.mxtech.videoplayer.pro, MX 플레이어 Pro
[2019-07-25 09:52:49,051][DEBUG|rankingParser.py:19] >> 7, com.cloudmosa.puffin, Puffin Browser Pro
[2019-07-25 09:52:49,059][DEBUG|rankingParser.py:19] >> 8, org.trecet.nowhere.tweet2gif.plus, Tweet2gif Plus
[2019-07-25 09:52:49,066][DEBUG|rankingParser.py:19] >> 9, com.acadoid.lecturenotes, LectureNotes
[2019-07-25 09:52:49,072][DEBUG|rankingParser.py:19] >> 10, com.fenixx.gameboosterplus, Game Booster  4x Faster (with advance settings)
[2019-07-25 09:52:49,082][DEBUG|rankingParser.py:19] >> 11, com.utorrent.client.pro, Torrent® Pro - Torrent App
[2019-07-25 09:52:49,091][DEBUG|rankingParser.py:19] >> 12, com.choco.silentmode, 무음모드 (순정 무음카메라)
[2019-07-25 09:52:49,098][DEBUG|rankingParser.py:19] >> 13, com.hs.toeic5finish, 토익 PART5 종결자
[2019-07-25 09:52:49,104][DEBUG|rankingParser.py:19] >> 14, com.binibambini.Mini, 어린이를 위한 그리기! 점선 따라 그리기!
[2019-07-25 09:52:49,111][DEBUG|rankingParser.py:19] >> 15, com.printedpropshop.dokkos2, Dokk OS 2
[2019-07-25 09:52:49,118][DEBUG|rankingParser.py:19] >> 16, com.hancom.office.hwp.editor.hwp_apk.gplaystore, 한컴오피스 한글 2014
[2019-07-25 09:52:49,125][DEBUG|rankingParser.py:19] >> 17, kr.pe.designerj.airbudspopup, AirBuds Popup - airpod battery app (1st gen)
[2019-07-25 09:52:49,132][DEBUG|rankingParser.py:19] >> 18, jp.snowlife01.android.mutecamera, 무음모드Pro
[2019-07-25 09:52:49,140][DEBUG|rankingParser.py:19] >> 19, com.extreamsd.usbaudioplayerpro, USB Audio Player PRO
[2019-07-25 09:52:49,146][DEBUG|rankingParser.py:19] >> 20, com.maxmpz.audioplayer.unlock, Poweramp Full Version Unlocker
[2019-07-25 09:52:49,153][DEBUG|rankingParser.py:19] >> 21, com.jpbrothers.android.pictail.sub6, 픽테일 - Limited Edition
[2019-07-25 09:52:49,160][DEBUG|rankingParser.py:19] >> 22, com.etoos.wordmaster.sat20002018, Word master 워드마스터 수능 2000(18개정)
[2019-07-25 09:52:49,166][DEBUG|rankingParser.py:19] >> 23, com.ccswe.appmanagerpro, CCSWE App Manager Pro License
[2019-07-25 09:52:49,171][DEBUG|rankingParser.py:19] >> 24, com.apptrio.hi_fi_status, Hi-Fi Status(LG)
[2019-07-25 09:52:49,178][DEBUG|rankingParser.py:19] >> 25, com.monotype.android.font.aa16yearsold, Aa십육살™ 한국어 Flipfont
[2019-07-25 09:52:49,187][DEBUG|rankingParser.py:19] >> 26, net.saltycrackers.daygram, 데이그램 - 하루 한줄 일기장
[2019-07-25 09:52:49,194][DEBUG|rankingParser.py:19] >> 27, com.tistory.es1015.kakao.theme.check2, 노트 카톡테마 - 심플 카톡테마 8.0.0
[2019-07-25 09:52:49,199][DEBUG|rankingParser.py:19] >> 28, slide.watchFrenzy.premium, Watch Face -WatchMaker Premium for Android Wear OS
[2019-07-25 09:52:49,205][DEBUG|rankingParser.py:19] >> 29, com.simplemobiletools.gallery.pro, 심플 갤러리 Pro
[2019-07-25 09:52:49,213][DEBUG|rankingParser.py:19] >> 30, com.realbyteapps.moneya, 편한가계부 (+음성, PC)
[2019-07-25 09:52:49,219][DEBUG|rankingParser.py:19] >> 31, com.etoos.wordmaster.midhighlevel2016, Word Master 워드마스터 중등 고난도(개정)
[2019-07-25 09:52:49,227][DEBUG|rankingParser.py:19] >> 32, com.intsig.BizCardReader, CamCard (명함스캐너 한글 한자 일어 동시인식)
[2019-07-25 09:52:49,233][DEBUG|rankingParser.py:19] >> 33, com.monotype.android.font.aaracoongulim, Aa너구리굴림™ 한국어 Flipfont
[2019-07-25 09:52:49,240][DEBUG|rankingParser.py:19] >> 34, com.intermedia.hd.camera.pro, HD 카메라 PRO  : 최고의 전문 카메라 응용 프로그램
[2019-07-25 09:52:50,545][DEBUG|rankingParser.py:19] >> 35, com.screwbar.gudakcamera, 구닥
[2019-07-25 09:52:50,551][DEBUG|rankingParser.py:19] >> 36, noad.geulga, 아라-만화뷰어,텍스트뷰어,스캔뷰어,소설뷰어
[2019-07-25 09:52:50,558][DEBUG|rankingParser.py:19] >> 37, com.teslacoilsw.launcher.prime, Nova Launcher Prime
[2019-07-25 09:52:50,564][DEBUG|rankingParser.py:19] >> 38, org.prowl.torque, Torque Pro (OBD2 / 자동차)
[2019-07-25 09:52:50,570][DEBUG|rankingParser.py:19] >> 39, com.intsig.lic.camscanner, CamScanner (License)
[2019-07-25 09:52:50,576][DEBUG|rankingParser.py:19] >> 40, net.dinglisch.android.taskerm, Tasker
[2019-07-25 09:52:50,582][DEBUG|rankingParser.py:19] >> 41, com.kakao.talk.theme.SummerShiba, 휴가중이다 시바 - 카카오톡 테마
[2019-07-25 09:52:50,590][DEBUG|rankingParser.py:19] >> 42, com.skydoves.secretreocder, 비밀녹음 프로 (Secret Recorder Pro) - 녹음기, 강의녹음, 몰래녹음
[2019-07-25 09:52:50,597][DEBUG|rankingParser.py:19] >> 43, com.elsebook.koreanhistory, 큰별쌤 개념 한국사
[2019-07-25 09:52:50,602][DEBUG|rankingParser.py:19] >> 44, com.jake.TouchMacro, 터치매크로-자동터치
[2019-07-25 09:52:50,608][DEBUG|rankingParser.py:19] >> 45, com.kmplayerpro, 동영상 플레이어 KM Pro - HD Player, 4K 비디오 플레이어, 코덱, 자막
[2019-07-25 09:52:50,614][DEBUG|rankingParser.py:19] >> 46, org.androidtown.jckoreanradio, JC 한국 라디오 Premium
[2019-07-25 09:52:50,621][DEBUG|rankingParser.py:19] >> 47, com.orangeorapple.flashcards, Flashcards Deluxe
[2019-07-25 09:52:50,629][DEBUG|rankingParser.py:19] >> 48, com.tistory.es1015.kakao.theme.halgneon, 반네온 카톡테마 - 심플 카톡테마
[2019-07-25 09:52:50,637][DEBUG|rankingParser.py:19] >> 49, bruenor.magicbox, Magic DosBox
[2019-07-25 09:52:50,642][DEBUG|rankingParser.py:19] >> 50, com.realnumworks.focustimerpro, FocusTimer Pro - 공부 습관이 바뀌는 앱
[2019-07-25 09:52:50,648][DEBUG|rankingParser.py:19] >> 51, com.defianttech.diskdiggerpro, DiskDigger Pro file recovery
[2019-07-25 09:52:50,657][DEBUG|rankingParser.py:19] >> 52, psyberia.alpinequest.full, AlpineQuest Off-Road Explorer
[2019-07-25 09:52:50,665][DEBUG|rankingParser.py:19] >> 53, com.orux.oruxmapsDonate, 오룩스맵 도네이트
[2019-07-25 09:52:50,670][DEBUG|rankingParser.py:19] >> 54, com.etoos.wordmaster.midskill2016, Word Master 워드마스터 중등 실력
[2019-07-25 09:52:50,677][DEBUG|rankingParser.py:19] >> 55, com.irmavep.app.libro, 책꽂이+ (독서기록, 도서관리)
[2019-07-25 09:52:50,683][DEBUG|rankingParser.py:19] >> 56, jp.co.unbalance.tesou_ko, 손금 진단
[2019-07-25 09:52:50,689][DEBUG|rankingParser.py:19] >> 57, com.appstar.callrecorderpro, 통화 녹음 Pro
[2019-07-25 09:52:50,694][DEBUG|rankingParser.py:19] >> 58, com.seankimworks.sentencemaster, 센텐스 마스터
[2019-07-25 09:52:50,700][DEBUG|rankingParser.py:19] >> 59, com.quvideo.xiaoying.pro, VivaVideo PRO 비디오 편집 HD
[2019-07-25 09:52:50,706][DEBUG|rankingParser.py:19] >> 60, com.tss21.input.korean, TS 한글 키보드 Pro-천지인2
[2019-07-25 09:52:50,713][DEBUG|rankingParser.py:19] >> 61, com.nhn.android.phrasebookplus, 네이버 15개국 글로벌회화 Plus-언어별 4000문장
[2019-07-25 09:52:50,720][DEBUG|rankingParser.py:19] >> 62, com.hs.sutuksuwan20plus, 20 수특+수완 단어Plus: 빈출 우선 단어 총정리
[2019-07-25 09:52:50,726][DEBUG|rankingParser.py:19] >> 63, com.nicky.jiung.domagic, 우와! - 화면을 깨고 동전이 나오는 마술앱!
[2019-07-25 09:52:50,732][DEBUG|rankingParser.py:19] >> 64, com.jinhak.vocaicon_middle_pro, 그림어원 중학 VOCA Pro + 첫 화면 퀴즈
[2019-07-25 09:52:50,738][DEBUG|rankingParser.py:19] >> 65, kr.review.lifesaju, 현대사주 - 현대인을 위한 사주풀이 백과
[2019-07-25 09:52:50,744][DEBUG|rankingParser.py:19] >> 66, com.doosandonga.app.dictionary.primeengkor, 프라임 영한한영사전
[2019-07-25 09:52:50,750][DEBUG|rankingParser.py:19] >> 67, com.imageline.FLM, FL Studio Mobile
[2019-07-25 09:52:50,757][DEBUG|rankingParser.py:19] >> 68, com.monotype.android.font.enamored365, 365홀딱반했어™ 한국어 Flipfont
[2019-07-25 09:52:50,763][DEBUG|rankingParser.py:19] >> 69, com.monotype.android.font.aaflutter, Aa설렘주의™ 한국어 Flipfont
[2019-07-25 09:52:50,769][DEBUG|rankingParser.py:19] >> 70, handasoft.mobile.divination_pro, 2019 점신PRO : 오늘의 운세, 사주의 완전판
[2019-07-25 09:52:50,778][DEBUG|rankingParser.py:19] >> 71, com.arobasmusic.guitarpro, Guitar Pro
[2019-07-25 09:52:50,785][DEBUG|rankingParser.py:19] >> 72, com.x0.strai.frepkey, FRep Unlock Key
[2019-07-25 09:52:50,793][DEBUG|rankingParser.py:19] >> 73, com.pdp.deviceowner, Package Disabler Pro ( Owner APP) All Android
[2019-07-25 09:52:50,800][DEBUG|rankingParser.py:19] >> 74, com.noctuasoftware.stellarium, Stellarium Mobile 하늘지도
[2019-07-25 09:52:50,806][DEBUG|rankingParser.py:19] >> 75, com.devguru.eltwomonusb, TwomonUSB(투몬USB) - USB모니터
[2019-07-25 09:52:50,812][DEBUG|rankingParser.py:19] >> 76, com.mesoft.meplayer, 영화보며 영어공부 - 배속재생 미플레이어무비프로 어학용 동영상 플레이어
[2019-07-25 09:52:50,818][DEBUG|rankingParser.py:19] >> 77, com.monotype.android.font.aakingoffont, Aa폰트의왕™ 한국어 Flipfont
[2019-07-25 09:52:50,826][DEBUG|rankingParser.py:19] >> 78, com.etoos.wordmaster.highbasic2016, Word Master 워드마스터 고등 BASIC
[2019-07-25 09:52:50,858][DEBUG|rankingParser.py:19] >> 79, com.softchaser.iKnowYouP, 지피지기 (사주,운세,궁합,토정비결,이름,해몽)
[2019-07-25 09:52:50,864][DEBUG|rankingParser.py:19] >> 80, com.minjok.pjdic, 친일인명사전
[2019-07-25 09:52:50,869][DEBUG|rankingParser.py:19] >> 81, com.one.ui.s10.iconpack, ONE UI Icon Pack : S10
[2019-07-25 09:52:50,878][DEBUG|rankingParser.py:19] >> 82, com.jetappfactory.jetaudioplus, 제트오디오 플러스 - 고해상도 음원 재생 뮤직 플레이어
[2019-07-25 09:52:50,889][DEBUG|rankingParser.py:19] >> 83, com.kmshack.mute, 무음모드  (기본 카메라 무음)
[2019-07-25 09:52:50,898][DEBUG|rankingParser.py:19] >> 84, com.etoos.wordmaster.sat20002016, Word master 워드마스터 수능 2000(개정)
[2019-07-25 09:52:50,906][DEBUG|rankingParser.py:19] >> 85, com.tedkim88.fitnesscounter_kr, 운동 개수 세기 - 헬스, 요가 카운트 트레이너
[2019-07-25 09:52:50,914][DEBUG|rankingParser.py:19] >> 86, com.limeberry.dansoomhanja, 단숨 일본어한자 (일본어 상용한자)
[2019-07-25 09:52:50,921][DEBUG|rankingParser.py:19] >> 87, inc.trilokia.gfxtool, Gamers GLTool Pro with Game Turbo & Game Tuner
[2019-07-25 09:52:50,928][DEBUG|rankingParser.py:19] >> 88, com.elsebook.handal, 한글 달인 - 맞춤법 공부
[2019-07-25 09:52:50,940][DEBUG|rankingParser.py:19] >> 89, com.ss.edgegestures, 엣지 제스처
[2019-07-25 09:52:50,952][DEBUG|rankingParser.py:19] >> 90, com.appbank.easybible, 아가페 쉬운성경
[2019-07-25 09:52:50,959][DEBUG|rankingParser.py:19] >> 91, kr.co.trutory.bandalmun.public9, 9급 공무원 기출문제 해설집
[2019-07-25 09:52:50,965][DEBUG|rankingParser.py:19] >> 92, eu.thedarken.sdm.unlocker, SD Maid Pro - 언락커
[2019-07-25 09:52:50,971][DEBUG|rankingParser.py:19] >> 93, com.etoos.wordmaster.midbasic2016, Word Master 워드마스터 중등 기초
[2019-07-25 09:52:50,977][DEBUG|rankingParser.py:19] >> 94, com.flyersoft.moonreaderp, Moon+ Reader Pro
[2019-07-25 09:52:50,983][DEBUG|rankingParser.py:19] >> 95, com.daolsoft.ybmeke, YBM 올인올 영한영 플러스 사전
[2019-07-25 09:52:50,989][DEBUG|rankingParser.py:19] >> 96, com.panda.gamebooster, Panda Game Booster & GFX Tool for Battleground
[2019-07-25 09:52:50,997][DEBUG|rankingParser.py:19] >> 97, com.visiblebody.atlas, Human Anatomy Atlas 2019:Complete 3D Human Body
[2019-07-25 09:52:51,003][DEBUG|rankingParser.py:19] >> 98, com.digipom.easyvoicerecorder.pro, 이지 보이스 레코더 프로
[2019-07-25 09:52:51,010][DEBUG|rankingParser.py:19] >> 99, com.enex2.popdiary, POPdiary+ : 일기, 다이어리
[2019-07-25 09:52:51,017][DEBUG|rankingParser.py:19] >> 100, com.monotype.android.font.badhandwriting365, 365발꾸락글씨™ 한국어 Flipfont
[2019-07-25 09:52:51,023][DEBUG|rankingParser.py:19] >> 101, inc.trilokia.pubgfxtool, PUB Gfx+ Tool:#1 GFX Tool(with advance settings)
[2019-07-25 09:52:51,029][DEBUG|rankingParser.py:19] >> 102, com.ithersta.stardewvalleyplanner, Assistant for Stardew Valley
[2019-07-25 09:52:51,035][DEBUG|rankingParser.py:19] >> 103, com.SimG.SimForklift, 지게차 면허시험 시뮬레이터
[2019-07-25 09:52:51,041][DEBUG|rankingParser.py:19] >> 104, xyz.masmas.film.cloudy, 클라우디 필름 - 흐림 필터 완벽 구현!
[2019-07-25 09:52:51,046][DEBUG|rankingParser.py:19] >> 105, jjong.kim.rotationcontrol_pro, 화면회전 pro
[2019-07-25 09:52:51,052][DEBUG|rankingParser.py:19] >> 106, com.modelmakertools.simplemindpro, SimpleMind Pro - Intuitive Mind Mapping
[2019-07-25 09:52:51,062][DEBUG|rankingParser.py:19] >> 107, com.vitotechnology.StarWalk2, Star Walk 2 - 하늘지도：별자리 찾기, 스타지도, 증강 현실 천문학
[2019-07-25 09:52:51,067][DEBUG|rankingParser.py:19] >> 108, com.nll.acr.license, ACR License
[2019-07-25 09:52:51,073][DEBUG|rankingParser.py:19] >> 109, com.marinetraffic.android, MarineTraffic ship positions
[2019-07-25 09:52:51,078][DEBUG|rankingParser.py:19] >> 110, com.monotype.android.font.aaloafaround, Aa빈둥글씨™ 한국어 Flipfont
[2019-07-25 09:52:51,084][DEBUG|rankingParser.py:19] >> 111, kr.co.topaz7company.blackbox, 블랙박스X 몰래카메라
[2019-07-25 09:52:51,090][DEBUG|rankingParser.py:19] >> 112, com.neutroncode.mp, Neutron Music Player
[2019-07-25 09:52:51,095][DEBUG|rankingParser.py:19] >> 113, com.grill.psjoy, PSJoy: PC Remote Play Spy for PS4
[2019-07-25 09:52:51,103][DEBUG|rankingParser.py:19] >> 114, com.chanel.weather.forecast.accu.pro, 일기 예보 전문가
[2019-07-25 09:52:51,119][DEBUG|rankingParser.py:19] >> 115, kr.co.trutory.bandalmun.public7, 7급 공무원 기출문제 해설집
[2019-07-25 09:52:51,126][DEBUG|rankingParser.py:19] >> 116, vr.audio.voicerecorderpro, 음성 레코더 프로
[2019-07-25 09:52:51,133][DEBUG|rankingParser.py:19] >> 117, com.frozenape.tempo, Metronome: Tempo 메트로놈
[2019-07-25 09:52:51,139][DEBUG|rankingParser.py:19] >> 118, com.tocaboca.tocahairsalon3, Toca Hair Salon 3
[2019-07-25 09:52:51,147][DEBUG|rankingParser.py:19] >> 119, kr.co.trutory.pass2pass.historyhigh, 한국사능력검정시험 고급 해설집
[2019-07-25 09:52:51,154][DEBUG|rankingParser.py:19] >> 120, com.devguru.ntwomon, Twomon SE (투몬 SE) - 휴대용 디스플레이, USB 모니터
[2019-07-25 09:52:51,497][DEBUG|rankingParser.py:19] >> 121, com.global.tarotmasterpro, 타로마스터 Pro-오늘의타로
[2019-07-25 09:52:51,503][DEBUG|rankingParser.py:19] >> 122, com.ss.launcher2.key, 토탈 런처 키
[2019-07-25 09:52:51,508][DEBUG|rankingParser.py:19] >> 123, com.pixelcurves.tlauncher, TL Mods
[2019-07-25 09:52:51,516][DEBUG|rankingParser.py:19] >> 124, co.byeol.hanneung, 한국사 능력
[2019-07-25 09:52:51,522][DEBUG|rankingParser.py:19] >> 125, cz.zdenekhorak.mibandtools, Tools & Mi Band
[2019-07-25 09:52:51,528][DEBUG|rankingParser.py:19] >> 126, com.nynix.knots3d, 매듭 앱 3D  ( Knots 3D )
[2019-07-25 09:52:51,533][DEBUG|rankingParser.py:19] >> 127, new_chalkboard.katalk.crayon, 칠판 카카오톡 테마 VER2
[2019-07-25 09:52:51,538][DEBUG|rankingParser.py:19] >> 128, com.myscript.nebo, MyScript Nebo 네보
[2019-07-25 09:52:51,546][DEBUG|rankingParser.py:19] >> 129, com.kakao.talk.theme.Okcheori_FreshSummer, 옥철이_싱그러운여름 카톡테마
[2019-07-25 09:52:51,552][DEBUG|rankingParser.py:19] >> 130, com.etoos.wordmaster.sat.word_complete.v2015, Word Master 워드마스터 수능어휘완성
[2019-07-25 09:52:51,558][DEBUG|rankingParser.py:19] >> 131, com.inergy.pocketkorea, 포켓한국사
[2019-07-25 09:52:51,565][DEBUG|rankingParser.py:19] >> 132, com.daolsoft.jawonhanja, 자원풀이 한자 1900
[2019-07-25 09:52:51,571][DEBUG|rankingParser.py:19] >> 133, com.jb.babycrying_paid, 아기 울음 알리미 (아기 수면 모니터 & 알람 & 자장가)
[2019-07-25 09:52:51,578][DEBUG|rankingParser.py:19] >> 134, com.monotype.android.font.aabeyours, Aa남친해줄게™ 한국어 Flipfont
[2019-07-25 09:52:51,586][DEBUG|rankingParser.py:19] >> 135, com.wolfram.android.alpha, WolframAlpha
[2019-07-25 09:52:51,593][DEBUG|rankingParser.py:19] >> 136, com.massimobiolcati.irealb, iReal Pro  음악책 & 반주
[2019-07-25 09:52:51,601][DEBUG|rankingParser.py:19] >> 137, com.elsebook.handal.spacing, 띄어쓰기
[2019-07-25 09:52:51,610][DEBUG|rankingParser.py:19] >> 138, com.mani.maniadministration, 마니 행정학
[2019-07-25 09:52:51,618][DEBUG|rankingParser.py:19] >> 139, com.affinityblue.tunable, Tunable: Music Practice Tools
[2019-07-25 09:52:51,623][DEBUG|rankingParser.py:19] >> 140, com.acrosoft.sajupedia, 사주대전-운세,명리,토정비결,귀곡,궁합,택일,성명,꿈
[2019-07-25 09:52:51,629][DEBUG|rankingParser.py:19] >> 141, com.runtastic.android.squats.pro, Runtastic Squats PRO스쿼트 다리살빼기
[2019-07-25 09:52:51,636][DEBUG|rankingParser.py:19] >> 142, com.junapps.BibleLexOriDic, 바이블렉스 성경본문해석사전
[2019-07-25 09:52:51,644][DEBUG|rankingParser.py:19] >> 143, com.entusapps.play2, PL@Y 2 - 프리미엄 티켓북 + 포토캘린더 ( 플레이앱, PL@Y2 )
[2019-07-25 09:52:51,653][DEBUG|rankingParser.py:19] >> 144, com.phigolf.golfnavipro, GOLF NAVI Pro
[2019-07-25 09:52:51,662][DEBUG|rankingParser.py:19] >> 145, net.liveatc.liveatc_app, LiveATC for Android
[2019-07-25 09:52:51,668][DEBUG|rankingParser.py:19] >> 146, com.panda.gamepad, Panda Gamepad Pro (BETA)
[2019-07-25 09:52:51,674][DEBUG|rankingParser.py:19] >> 147, com.go9android.subwaysmarthelper21, 지하철 어디있니
[2019-07-25 09:52:51,680][DEBUG|rankingParser.py:19] >> 148, com.runtastic.android.pushup.pro, Runtastic Push-Ups PRO 팔굽혀펴기
[2019-07-25 09:52:51,685][DEBUG|rankingParser.py:19] >> 149, com.kakao.talk.theme.Okcheori_NightAir, 옥철이_기분좋은 밤공기 카톡테마
[2019-07-25 09:52:51,691][DEBUG|rankingParser.py:19] >> 150, maa.vaporwavewallpaperspro, Vaporwave Wallpapers PRO  (NO ADS)
[2019-07-25 09:52:51,700][DEBUG|rankingParser.py:19] >> 151, com.hiqrecorder.full, Hi-Q MP3 음성 녹음기 (풀버전)
[2019-07-25 09:52:51,707][DEBUG|rankingParser.py:19] >> 152, com.lensesdev.manual.camera.pro, 수동 카메라 : DSLR 카메라 전문
[2019-07-25 09:52:51,714][DEBUG|rankingParser.py:19] >> 153, xsoftstudio.musicplayer.pro, Poweraudio Pro Music Player
[2019-07-25 09:52:51,721][DEBUG|rankingParser.py:19] >> 154, com.hompee.mybible.billiard_new, 당구 3쿠션 시스템 유료
[2019-07-25 09:52:51,727][DEBUG|rankingParser.py:19] >> 155, com.advasoft.touchretouch, TouchRetouch
[2019-07-25 09:52:51,733][DEBUG|rankingParser.py:19] >> 156, com.tbig.playerpro, PlayerPro Music Player
[2019-07-25 09:52:51,741][DEBUG|rankingParser.py:19] >> 157, com.speedsoftware.rootexplorer, Root Explorer
[2019-07-25 09:52:51,747][DEBUG|rankingParser.py:19] >> 158, com.yongcalcompany.JlptVip, 회독JLPT(유료)
[2019-07-25 09:52:51,753][DEBUG|rankingParser.py:19] >> 159, kr.co.bausoft.JpmrM, 강헌의 좌파명리학
[2019-07-25 09:52:51,760][DEBUG|rankingParser.py:19] >> 160, com.acadoid.lecturerecordings, LectureRecordings
[2019-07-25 09:52:51,767][DEBUG|rankingParser.py:19] >> 161, com.wakdev.nfctools.pro, NFC Tools - Pro Edition
[2019-07-25 09:52:51,777][DEBUG|rankingParser.py:19] >> 162, com.dev47apps.droidcamx, DroidCamX Wireless Webcam Pro
[2019-07-25 09:52:51,786][DEBUG|rankingParser.py:19] >> 163, com.softchaser.iDosaPhone, 도사폰 (만세력 역학 도구)
[2019-07-25 09:52:51,794][DEBUG|rankingParser.py:19] >> 164, com.lge.wsdeveloper.ux8.oneui, [UX8] OneUI/Galaxy S10 Theme LG G8 V50 V40 Pie
[2019-07-25 09:52:51,806][DEBUG|rankingParser.py:19] >> 165, com.hackers.app.toeiclistening, 해커스리스닝핵심편 토익 - TOEIC 토익단어 토익공부
[2019-07-25 09:52:51,819][DEBUG|rankingParser.py:19] >> 166, com.apedroid.hwkeyboardhelper, External Keyboard Helper Pro
[2019-07-25 09:52:51,836][DEBUG|rankingParser.py:19] >> 167, pro.gif.videotogif.gifeditor.gifmaker, GIF 메이커, GIF 편집기, 동영상 메이커, Video을 GIF로 Pro
[2019-07-25 09:52:51,861][DEBUG|rankingParser.py:19] >> 168, com.tocaboca.tocahospital, Toca Life: Hospital
[2019-07-25 09:52:51,870][DEBUG|rankingParser.py:19] >> 169, com.plantools.fpactivity, + PLANNER (플러스 플래너)
[2019-07-25 09:52:51,884][DEBUG|rankingParser.py:19] >> 170, udk.android.reader, ezPDF Reader PDF - 페이퍼리스 리더
[2019-07-25 09:52:51,895][DEBUG|rankingParser.py:19] >> 171, com.monotype.android.font.aaspring3, Aa봄봄봄™ 한국어 Flipfont
[2019-07-25 09:52:51,904][DEBUG|rankingParser.py:19] >> 172, net.headnum.kream.ktm.unlocker, 카테만 PRO - 카카오톡 테마 만들기
[2019-07-25 09:52:51,912][DEBUG|rankingParser.py:19] >> 173, com.filmic.filmicpro, FiLMiC Pro: 프로 HD 수동 비디오 카메라 어플
[2019-07-25 09:52:51,918][DEBUG|rankingParser.py:19] >> 174, com.monotype.android.font.aamayfivedays, Aa오월오일™ 한국어 Flipfont
[2019-07-25 09:52:51,926][DEBUG|rankingParser.py:19] >> 175, com.monotype.android.font.aaniceguy, Aa착한남자™ 한국어Flipfont
[2019-07-25 09:52:51,942][DEBUG|rankingParser.py:19] >> 176, com.cateater.stopmotionstudiopro, Stop Motion Studio Pro
[2019-07-25 09:52:51,957][DEBUG|rankingParser.py:19] >> 177, air.com.alenddl.AltongEngFull, 알통여행영어 Full
[2019-07-25 09:52:51,964][DEBUG|rankingParser.py:19] >> 178, com.monotype.android.font.rixtodaytoon, Rix오늘의만화™ 한국어 Flipfont
[2019-07-25 09:52:51,973][DEBUG|rankingParser.py:19] >> 179, example.matharithmetics_pro, 수학 트릭(암산 연습) PRO
[2019-07-25 09:52:51,981][DEBUG|rankingParser.py:19] >> 180, jjong.kim.securitycard_m_1500, 보안카드+ pro
[2019-07-25 09:52:51,989][DEBUG|rankingParser.py:19] >> 181, com.wordnet.dic.synonym, (주)낱말 - 우리말 유의어 사전
[2019-07-25 09:52:51,997][DEBUG|rankingParser.py:19] >> 182, com.ton.tarotofozpay, 오즈의타로+ - 타로, 타로카드, 타로점, 운세
[2019-07-25 09:52:52,003][DEBUG|rankingParser.py:19] >> 183, com.ss.powershortcuts, 파워 쇼컷 (Power Shortcuts) - 강력한 바로가기 생성!
[2019-07-25 09:52:52,011][DEBUG|rankingParser.py:19] >> 184, com.shopmoment.momentprocamera, Moment Pro Camera
[2019-07-25 09:52:52,021][DEBUG|rankingParser.py:19] >> 185, com.sheet.music, 내 음악 점수 - 악보 뷰어, 뮤직 스캐너
[2019-07-25 09:52:52,029][DEBUG|rankingParser.py:19] >> 186, com.cleo.unse.cheonha, 천하운세 (운세, 사주, 궁합)
[2019-07-25 09:52:52,036][DEBUG|rankingParser.py:19] >> 187, com.simplevision.workout.tabataadfree, Tabata Timer타바타 운동 타이머 Ad Free
[2019-07-25 09:52:52,044][DEBUG|rankingParser.py:19] >> 188, com.jpbrothers.android.pictail.sub3, 픽테일 -  BlueHawaii
[2019-07-25 09:52:52,052][DEBUG|rankingParser.py:19] >> 189, net.n.holybible.gnh, 홀리바이블(한영 오디오,사전 성경,새찬송가,NIV)
[2019-07-25 09:52:52,060][DEBUG|rankingParser.py:19] >> 190, xyz.masmas.film.analog, 아날로그 필름 - 옛 향수 가득한 전문가용 사진 필터 앱!
[2019-07-25 09:52:52,068][DEBUG|rankingParser.py:19] >> 191, com.ngocgiap.lgtheme.black.g7, Black theme for LG G8 V50 V40 V35 G7 (V30 Pie)
[2019-07-25 09:52:52,074][DEBUG|rankingParser.py:19] >> 192, yuns27.electriccertificationsecondexam, 전기기사 산업기사 실기 핵심 정리
[2019-07-25 09:52:52,081][DEBUG|rankingParser.py:19] >> 193, com.prehensivefortunepremium, 운세비결 프리미엄  광고 제거 버전
[2019-07-25 09:52:52,088][DEBUG|rankingParser.py:19] >> 194, com.monotype.android.font.handwriting365, 365내가쓴글씨™ 한국어 Flipfont
[2019-07-25 09:52:52,095][DEBUG|rankingParser.py:19] >> 195, com.embibleR, 미가엘 성경 (개역개정)
[2019-07-25 09:52:52,102][DEBUG|rankingParser.py:19] >> 196, com.elsebook.handal.sokdam, 우리 속담
[2019-07-25 09:52:52,113][DEBUG|rankingParser.py:19] >> 197, kr.co.trutory.bandalmun.policeexam, 경찰공무원 해설집
[2019-07-25 09:52:52,120][DEBUG|rankingParser.py:19] >> 198, com.panda.keymapper.bit64, Panda Keymapper 64bit -  Gamepad,mouse,keyboard
[2019-07-25 09:52:52,126][DEBUG|rankingParser.py:19] >> 199, com.simi.screenlockpaid, 화면 잠금(바로 가기 메뉴)(광고 없음)
[2019-07-25 09:52:52,134][DEBUG|rankingParser.py:19] >> 200, com.kapp.ifont.donate, 아이폰트(글꼴 전문가)
[2019-07-25 09:53:11,684][DEBUG|rankingParser.py:19] >> 1, kr.co.lylstudio.unicorn, ユニコン:告ブロック必須アプリ
[2019-07-25 09:53:11,708][DEBUG|rankingParser.py:19] >> 2, jp.snowlife01.android.mutecamera, カメラ無音化Pro（標準カメラやビデオも完全無音化）
[2019-07-25 09:53:11,720][DEBUG|rankingParser.py:19] >> 3, com.sony.tvsideview.dtcpplayer, Video & TV SideViewプレヤプラグイン
[2019-07-25 09:53:11,727][DEBUG|rankingParser.py:19] >> 4, com.maxmpz.audioplayer.unlock, Poweramp Full Version Unlocker
[2019-07-25 09:53:11,734][DEBUG|rankingParser.py:19] >> 5, jp.sisyou.kumikashi.mutedefaultcamera, 標準カメラを無音化　無音モドアプリ（カメラ特化版）　スクショは手動切替で
[2019-07-25 09:53:11,740][DEBUG|rankingParser.py:19] >> 6, com.beliefengine.handyapp, HANDY デッサン用モデルツル
[2019-07-25 09:53:11,748][DEBUG|rankingParser.py:19] >> 7, com.teslacoilsw.launcher.prime, Nova Launcher Prime
[2019-07-25 09:53:11,755][DEBUG|rankingParser.py:19] >> 8, com.simplemobiletools.gallery.pro, シンプル ギャラリ Pro
[2019-07-25 09:53:11,762][DEBUG|rankingParser.py:19] >> 9, jp.sisyou.kumikashi.allmutemode, 無音モド（標準カメラの無音化を現）カメラミュト　スクショは手動無音化で
[2019-07-25 09:53:11,772][DEBUG|rankingParser.py:19] >> 10, com.justsystems.atokmobile.service, ATOK (日本語入力システム)
[2019-07-25 09:53:11,782][DEBUG|rankingParser.py:19] >> 11, com.digipom.easyvoicerecorder.pro, 簡ボイスレコダプロ
[2019-07-25 09:53:11,789][DEBUG|rankingParser.py:19] >> 12, com.ultimate_math.cubecutapp, 究極の立＜切＞
[2019-07-25 09:53:11,796][DEBUG|rankingParser.py:19] >> 13, com.pasoya.orbis, オビスガイド - 移動式オビス ネズミ捕り 問 通過履
[2019-07-25 09:53:11,802][DEBUG|rankingParser.py:19] >> 14, studypro.spi.higengo, SPI非言語 【Study Pro】
[2019-07-25 09:53:11,809][DEBUG|rankingParser.py:19] >> 15, jp.co.gamegate.takagisan.takagi, からかい上手の高木さんアラム
[2019-07-25 09:53:11,816][DEBUG|rankingParser.py:19] >> 16, jp.tanyu.SmartAlarm, スマトアラム （目まし時計）
[2019-07-25 09:53:11,823][DEBUG|rankingParser.py:19] >> 17, com.mxtech.videoplayer.pro, MX Player Pro
[2019-07-25 09:53:11,831][DEBUG|rankingParser.py:19] >> 18, com.onkyo.jp.hfplayer_unlocker, Onkyo HF Player Unlocker
[2019-07-25 09:53:11,842][DEBUG|rankingParser.py:19] >> 19, com.mobisystems.fonts, OfficeSuite Font Pack
[2019-07-25 09:53:11,849][DEBUG|rankingParser.py:19] >> 20, net.dinglisch.android.taskerm, Tasker
[2019-07-25 09:53:11,854][DEBUG|rankingParser.py:19] >> 21, jp.com.snow.contactsxpro, 電話帳X - 電話 & 連絡先アプリ
[2019-07-25 09:53:11,860][DEBUG|rankingParser.py:19] >> 22, com.komado.Odyssey.com.nifty.homepage2, 完全無音ビデオカメラ　4K高質まで　動撮影編集標準カメラ消音このアプリで完結
[2019-07-25 09:53:11,868][DEBUG|rankingParser.py:19] >> 23, com.intsig.lic.camscanner, CamScanner 完全版 (License)
[2019-07-25 09:53:11,876][DEBUG|rankingParser.py:19] >> 24, studypro.spi, SPI言語 【Study Pro】
[2019-07-25 09:53:11,883][DEBUG|rankingParser.py:19] >> 25, com.bilingirl.helpmetravel, 旅行英話 - Help me Travel
[2019-07-25 09:53:11,890][DEBUG|rankingParser.py:19] >> 26, au.com.metro.dwjr.boffos, Dumb Ways JR Boffo's Breakfast
[2019-07-25 09:53:11,898][DEBUG|rankingParser.py:19] >> 27, com.visiblebody.atlas, ヒュマンアナトミアトラス2019： 3Dによる完璧な人
[2019-07-25 09:53:11,904][DEBUG|rankingParser.py:19] >> 28, com.advasoft.touchretouch, TouchRetouch
[2019-07-25 09:53:11,910][DEBUG|rankingParser.py:19] >> 29, com.printedpropshop.dokkos2, Dokk OS 2
[2019-07-25 09:53:11,919][DEBUG|rankingParser.py:19] >> 30, com.teacapps.barcodescanner.pro, QRコド＆バコドリダ（Pro）
[2019-07-25 09:53:11,929][DEBUG|rankingParser.py:19] >> 31, jp.co.mirai_ii.nfc.allinone.now, 全の ICカド これひとつ「なう」
[2019-07-25 09:53:11,941][DEBUG|rankingParser.py:19] >> 32, com.familyapp.anpan.customdialer.charge, 多機能でんわ告無し版（通話タイマや信確認、プレフィックスなど多機能電話アプリ）
[2019-07-25 09:53:11,961][DEBUG|rankingParser.py:19] >> 33, com.x0.strai.frepkey, FRep Unlock Key
[2019-07-25 09:53:11,967][DEBUG|rankingParser.py:19] >> 34, net.techet.netanalyzer.an, Network Analyzer Pro
[2019-07-25 09:53:11,976][DEBUG|rankingParser.py:19] >> 35, com.twitpane.premium, ついっとぺんPlus(Twitterアプリ)
[2019-07-25 09:53:11,989][DEBUG|rankingParser.py:19] >> 36, com.nic_english.gym.NicGym, ニック式英話ジム ベタ版
[2019-07-25 09:53:11,997][DEBUG|rankingParser.py:19] >> 37, com.nll.acr.license, ACRライセンス
[2019-07-25 09:53:12,003][DEBUG|rankingParser.py:19] >> 38, jp.co.alpha.dlna.mlpfordtv, Media Link Player for DTV
[2019-07-25 09:53:12,009][DEBUG|rankingParser.py:19] >> 39, com.hole19golf.wear, Hole19 Golf GPS for Smartwatch
[2019-07-25 09:53:12,017][DEBUG|rankingParser.py:19] >> 40, com.njwuji.study, どんどん話すための瞬間英作文トレニング
[2019-07-25 09:53:12,032][DEBUG|rankingParser.py:19] >> 41, jp.dtechgame.gridmanalarm, グリッドマン アラム -if your smile-
[2019-07-25 09:53:12,039][DEBUG|rankingParser.py:19] >> 42, jp.snowlife01.android.clipboard, クリップボドPro【オバレイ表示の最新クリップボドアプリ】
[2019-07-25 09:53:12,048][DEBUG|rankingParser.py:19] >> 43, com.massimobiolcati.irealb, iReal Pro - 譜とバッキングトラック
[2019-07-25 09:53:12,054][DEBUG|rankingParser.py:19] >> 44, jp.co.gamegate.gochiusa.chino.schedule, ごちうさカレンダチノ編
[2019-07-25 09:53:12,060][DEBUG|rankingParser.py:19] >> 45, com.fenixx.gameboosterplus, Game Booster  4x Faster (with advance settings)
[2019-07-25 09:53:12,075][DEBUG|rankingParser.py:19] >> 46, smartwatchstudios.app.gears3navigation, Navigation Pro: Google Maps Navi on Samsung Watch
[2019-07-25 09:53:12,085][DEBUG|rankingParser.py:19] >> 47, org.twisevictory.jp, メンタルリプのアプリ：ワンダウィク
[2019-07-25 09:53:12,091][DEBUG|rankingParser.py:19] >> 48, com.tocaboca.tocapets, Toca Life: Pets
[2019-07-25 09:53:12,097][DEBUG|rankingParser.py:19] >> 49, com.ss.edgegestures, エッジジェスチャ
[2019-07-25 09:53:12,104][DEBUG|rankingParser.py:19] >> 50, abdelrahman.wifianalyzerpremium, WiFiアナライザプレミアム
[2019-07-25 09:53:12,109][DEBUG|rankingParser.py:19] >> 51, com.pubrof.pubrofboki2, パブロフ簿記２級商業簿記 日商簿記仕策 2019年度版
[2019-07-25 09:53:12,116][DEBUG|rankingParser.py:19] >> 52, com.metamoji.mazec, mazec3（手書きによるカンタン日本語入力）
[2019-07-25 09:53:12,121][DEBUG|rankingParser.py:19] >> 53, com.algoriddim.djay, djay 2
[2019-07-25 09:53:12,127][DEBUG|rankingParser.py:19] >> 54, com.rhmsoft.pulsar.pro, Pulsar 音プレイヤ プロ
[2019-07-25 09:53:12,134][DEBUG|rankingParser.py:19] >> 55, com.marinetraffic.android, MarineTraffic ship positions
[2019-07-25 09:53:12,140][DEBUG|rankingParser.py:19] >> 56, org.prowl.torque, Torque Pro (OBD2/Car)
[2019-07-25 09:53:12,148][DEBUG|rankingParser.py:19] >> 57, com.thegosa.board.theme, ボド| Xperia™テマ+アイコン
[2019-07-25 09:53:12,154][DEBUG|rankingParser.py:19] >> 58, com.media.bestrecorder.audiorecorderpro, ボイスレコダプロ
[2019-07-25 09:53:12,161][DEBUG|rankingParser.py:19] >> 59, com.wiseschematics.eqfy, Eqfy Equalizer
[2019-07-25 09:53:12,168][DEBUG|rankingParser.py:19] >> 60, com.quvideo.xiaoying.pro, VivaVideo PRO: ビデオエディタ＆動編集アプリ
[2019-07-25 09:53:12,174][DEBUG|rankingParser.py:19] >> 61, com.skyjos.apps.fileexplorer, FE File Explorer Pro - ファイルマネジャ
[2019-07-25 09:53:12,180][DEBUG|rankingParser.py:19] >> 62, jp.charactervoice.xea10.asuna, Xperia Ear Duo(アスナ)
[2019-07-25 09:53:12,187][DEBUG|rankingParser.py:19] >> 63, me.plusnow.shield.stable, AdShield - Ad blocker, No more ads & tracking
[2019-07-25 09:53:12,193][DEBUG|rankingParser.py:19] >> 64, org.azasoft.swapper, Swapper for Root (Donate)
[2019-07-25 09:53:12,201][DEBUG|rankingParser.py:19] >> 65, by.avowl.coils.vapetools, Vape Tools Box [for true Geeks]
[2019-07-25 09:53:12,207][DEBUG|rankingParser.py:19] >> 66, com.appglobe.watch.face.ksana,  Watch Face - Ksana Sweep for Android Wear OS
[2019-07-25 09:53:12,214][DEBUG|rankingParser.py:19] >> 67, com.hanamarusha.muteall.pro, カメラ無音化MuteAll（標準カメラもビデオも無音化）　スクショは手動で無音化可能
[2019-07-25 09:53:12,220][DEBUG|rankingParser.py:19] >> 68, net.saltycrackers.daygram, デイグラム
[2019-07-25 09:53:12,227][DEBUG|rankingParser.py:19] >> 69, com.tocaboca.tocahospital, Toca Life: Hospital
[2019-07-25 09:53:12,233][DEBUG|rankingParser.py:19] >> 70, com.owners_age.stken_app_paid, 宅建 過去問集 2019年版「スタケン」
[2019-07-25 09:53:12,242][DEBUG|rankingParser.py:19] >> 71, jp.newsmedia.ecoken.app3, eco定策セミナ(第３部)「持可能な社に向けて」
[2019-07-25 09:53:12,248][DEBUG|rankingParser.py:19] >> 72, jp.chau2chaun2.mannerstimer, オトマナPlus+
[2019-07-25 09:53:12,254][DEBUG|rankingParser.py:19] >> 73, jp.snowlife01.android.rotationcontrolpro, 面の回（向き）を制御【ロテションコントロルPro 】
[2019-07-25 09:53:12,259][DEBUG|rankingParser.py:19] >> 74, com.natewren.lines, ライン - ミニマリストのアイコン
[2019-07-25 09:53:12,268][DEBUG|rankingParser.py:19] >> 75, com.safeincloud, パスワド マネジャ SafeInCloud Pro
[2019-07-25 09:53:12,277][DEBUG|rankingParser.py:19] >> 76, com.softama.twitamaplus, ツイタマ+
[2019-07-25 09:53:12,286][DEBUG|rankingParser.py:19] >> 77, com.miz.clocklike, デジタル時計化計 プロ版 (デジタル時計＆カレンダ＆天＆RSS)
[2019-07-25 09:53:12,292][DEBUG|rankingParser.py:19] >> 78, com.tocaboca.tocaschool, トッカライフスクル Toca Life School
[2019-07-25 09:53:12,300][DEBUG|rankingParser.py:19] >> 79, com.chanel.weather.forecast.accu.pro, 天予報プロ
[2019-07-25 09:53:12,310][DEBUG|rankingParser.py:19] >> 80, com.ss.squarehome.key, スクエアホムのキ - ランチャ
[2019-07-25 09:53:12,320][DEBUG|rankingParser.py:19] >> 81, jp.snowlife01.android.pro_cache_delete, キャッシュ削除Pro
[2019-07-25 09:53:12,329][DEBUG|rankingParser.py:19] >> 82, com.modelmakertools.simplemindpro, SimpleMind Pro - Intuitive Mind Mapping
[2019-07-25 09:53:12,336][DEBUG|rankingParser.py:19] >> 83, info.my_kintore, My 筋トレ: を鍛えましょう
[2019-07-25 09:53:12,341][DEBUG|rankingParser.py:19] >> 84, com.rookiestudio.perfectviewer.donate, Perfect Viewerに寄付
[2019-07-25 09:53:12,350][DEBUG|rankingParser.py:19] >> 85, com.intermedia.hd.camera.pro, HDカメラプロ : Best Professional Camera App
[2019-07-25 09:53:12,357][DEBUG|rankingParser.py:19] >> 86, com.softmedia.receiver, AirReceiver
[2019-07-25 09:53:12,363][DEBUG|rankingParser.py:19] >> 87, com.klinker.android.twitter_l, Talon for Twitter
[2019-07-25 09:53:12,370][DEBUG|rankingParser.py:19] >> 88, jp.ne.biglobe.target1900, 英語タゲット1900公式アプリ |  ビッグロブ英語
[2019-07-25 09:53:12,376][DEBUG|rankingParser.py:19] >> 89, biz.koikoi.stereo, 3D視力回復
[2019-07-25 09:53:12,382][DEBUG|rankingParser.py:19] >> 90, jp.co.fsi.refills, Refills（システム手帳カレンダスケジュラ）
[2019-07-25 09:53:12,390][DEBUG|rankingParser.py:19] >> 91, sk.michalec.DigiClockWidgetPro, DIGI 時計ウィジェット
[2019-07-25 09:53:12,396][DEBUG|rankingParser.py:19] >> 92, com.devguru.eltwomonusb, TwomonUSB - USB モニタ,デュアルモニタ
[2019-07-25 09:53:12,403][DEBUG|rankingParser.py:19] >> 93, com.rhmsoft.edit.pro, QuickEdit テキストエディタプロ
[2019-07-25 09:53:12,414][DEBUG|rankingParser.py:19] >> 94, com.amazing_create.android.andclip, aNdClip クリップボド張
[2019-07-25 09:53:12,422][DEBUG|rankingParser.py:19] >> 95, com.urbandroid.sleep.full.key, Sleep as Android Unlock
[2019-07-25 09:53:12,428][DEBUG|rankingParser.py:19] >> 96, com.daylightmap.moon.pro.android, 月鏡
[2019-07-25 09:53:12,435][DEBUG|rankingParser.py:19] >> 97, jp.snowlife01.android.screenshot, 【無音】スクリンショットPro - 動の連キャプチャに最適なキャプチャアプリ
[2019-07-25 09:53:12,441][DEBUG|rankingParser.py:19] >> 98, com.pubrof.pubrofboki3, パブロフ簿記３級 日商簿記仕策 2019年度版
[2019-07-25 09:53:12,448][DEBUG|rankingParser.py:19] >> 99, com.katekyonet.ecology, 最短合格！エコ定
[2019-07-25 09:53:12,455][DEBUG|rankingParser.py:19] >> 100, jp.ne.kutu.PanecalPlus, 電卓 Panecal Plus
[2019-07-25 09:53:12,464][DEBUG|rankingParser.py:19] >> 101, com.gmail.anolivetree, Image Shrink(像リサイズ)
[2019-07-25 09:53:12,471][DEBUG|rankingParser.py:19] >> 102, air.com.kanarii.okiyome2, ぱっとおめ
[2019-07-25 09:53:12,480][DEBUG|rankingParser.py:19] >> 103, jp.gr.aqua.mozc, AquaMozc
[2019-07-25 09:53:12,490][DEBUG|rankingParser.py:19] >> 104, air.boycraft.insecthunting, 世界の昆採集
[2019-07-25 09:53:12,498][DEBUG|rankingParser.py:19] >> 105, com.runtastic.android.pro2, Runtastic PRO GPS ランニング＆ウォキング距離計測記アプリ
[2019-07-25 09:53:12,504][DEBUG|rankingParser.py:19] >> 106, com.toh.callrecord.pro, コルレコダプロ
[2019-07-25 09:53:12,510][DEBUG|rankingParser.py:19] >> 107, jp.newsmedia.ecoken.app1, eco定策セミナ(第1部)「地球の環境と課題」
[2019-07-25 09:53:12,515][DEBUG|rankingParser.py:19] >> 108, com.ratana.sunsurveyor, サン·サベイヤ (Sun Surveyor)
[2019-07-25 09:53:12,523][DEBUG|rankingParser.py:19] >> 109, jp.ne.biglobe.wisdomdict.gp2, ウィズダム英和和英典公式アプリ |英話TOEICに書
[2019-07-25 09:53:12,533][DEBUG|rankingParser.py:19] >> 110, com.cloudmosa.puffin, Puffin Browser Pro
[2019-07-25 09:53:12,542][DEBUG|rankingParser.py:19] >> 111, jp.newsmedia.ecoken.app2, eco定策セミナ(第2部)「環境問題を知る」
[2019-07-25 09:53:12,552][DEBUG|rankingParser.py:19] >> 112, jp.sblo.pandora.jota.plus.prokey, Jota+★PRO-KEY
[2019-07-25 09:53:12,558][DEBUG|rankingParser.py:19] >> 113, com.playsquare.kikutan_all_toeic, キクタン [All-in-One] TOEIC® Test Score 600+800+990合本版
[2019-07-25 09:53:12,569][DEBUG|rankingParser.py:19] >> 114, com.stmp.minimalface, Watch Face - Minimal & Elegant for Android Wear OS
[2019-07-25 09:53:12,576][DEBUG|rankingParser.py:19] >> 115, cz.acrobits.softphone.aliengroundwire, Groundwire
[2019-07-25 09:53:12,585][DEBUG|rankingParser.py:19] >> 116, asia.uniuni.simplear, SuguSumu : シンプルタスクキラ
[2019-07-25 09:53:12,596][DEBUG|rankingParser.py:19] >> 117, jp.hoheto.HohetoApp, ほへと生年月日占い
[2019-07-25 09:53:12,605][DEBUG|rankingParser.py:19] >> 118, com.app.superfriendly.daily, 聞き流し日常英話ネイティブ1000人と作った英話
[2019-07-25 09:53:12,612][DEBUG|rankingParser.py:19] >> 119, jp.ne.biglobe.zhong_set.gp, 中日日中典 公式アプリ｜ビッグロブ書
[2019-07-25 09:53:12,619][DEBUG|rankingParser.py:19] >> 120, jp.co.asukanet.aftershutter, 動をにするアプリ「AfterShutter 4K」
[2019-07-25 09:53:12,629][DEBUG|rankingParser.py:19] >> 121, com.binibambini.Mini, 子供のための練習”線をなぞりましょう！
[2019-07-25 09:53:12,676][DEBUG|rankingParser.py:19] >> 122, com.digion.dixim.android.play.aquosplayer, AQUOS リモトプレヤ
[2019-07-25 09:53:12,700][DEBUG|rankingParser.py:19] >> 123, eu.thedarken.sdm.unlocker, SDメイド プロ - ライセンスキ
[2019-07-25 09:53:12,708][DEBUG|rankingParser.py:19] >> 124, jp.co.korg.kaossilator.android, KORG Kaossilator for Android
[2019-07-25 09:53:12,723][DEBUG|rankingParser.py:19] >> 125, jp.or.ias.qs_tube_construction1st_fee, 1級管工事施工ケイタイもん_有料版
[2019-07-25 09:53:12,771][DEBUG|rankingParser.py:19] >> 126, com.hiqrecorder.full, Hi-Q MP3ボイスレコダ（フル）
[2019-07-25 09:53:12,778][DEBUG|rankingParser.py:19] >> 127, jp.co.joker.kazuki.hygiene.management1, 第1種衛生管理者試問題集　りすさんシリズ
[2019-07-25 09:53:12,784][DEBUG|rankingParser.py:19] >> 128, com.tocaboca.tocaneighborhood, トッカライフ: ネイバフッド（Toca Life: Neighborhood）
[2019-07-25 09:53:12,790][DEBUG|rankingParser.py:19] >> 129, jp.dstudy.boiler2.ver001, 2級ボイラ技士
[2019-07-25 09:53:12,811][DEBUG|rankingParser.py:19] >> 130, com.extreamsd.usbaudioplayerpro, USB Audio Player PRO
[2019-07-25 09:53:12,817][DEBUG|rankingParser.py:19] >> 131, com.intsig.BizCardReader, CamCard:名刺管理日本語他16言語
[2019-07-25 09:53:12,823][DEBUG|rankingParser.py:19] >> 132, com.ydbs.ggj, 私の外
[2019-07-25 09:53:12,829][DEBUG|rankingParser.py:19] >> 133, com.playsquare.pastan_1, でる順パス 英® 1級 【旺文社】
[2019-07-25 09:53:12,838][DEBUG|rankingParser.py:19] >> 134, jp.co.imagineer.yk.ichi2.w, 山川一問一答世界史
[2019-07-25 09:53:12,849][DEBUG|rankingParser.py:19] >> 135, net.ddroid.aw.watchface.rv05, V05 WatchFace for Android Wear
[2019-07-25 09:53:12,859][DEBUG|rankingParser.py:19] >> 136, com.tkoffice.builder, 「一級建築士」受策
[2019-07-25 09:53:12,867][DEBUG|rankingParser.py:19] >> 137, com.utorrent.client.pro, Torrent® Pro - Torrent App
[2019-07-25 09:53:12,874][DEBUG|rankingParser.py:19] >> 138, jp.main.brits.docotore.fp3, どこトレ FP3級科 過去問題集
[2019-07-25 09:53:12,882][DEBUG|rankingParser.py:19] >> 139, com.wolfram.android.alpha, WolframAlpha
[2019-07-25 09:53:12,890][DEBUG|rankingParser.py:19] >> 140, link.mikan.teppeki, mikan 壁
[2019-07-25 09:53:12,898][DEBUG|rankingParser.py:19] >> 141, jp.co.gakkonet.quizninjakankendx, 漢字定漢漢字トレニングDX
[2019-07-25 09:53:12,908][DEBUG|rankingParser.py:19] >> 142, de.zorillasoft.musicfolderplayer.donate, 音フォルダプレヤ　フルバジョン
[2019-07-25 09:53:12,915][DEBUG|rankingParser.py:19] >> 143, cc.mdi.ShuwaStation, 手話ステション
[2019-07-25 09:53:12,923][DEBUG|rankingParser.py:19] >> 144, com.jndapp.line.x.iconpack, LineX Icon Pack
[2019-07-25 09:53:12,931][DEBUG|rankingParser.py:19] >> 145, jp.co.latika.android.toeic.listening, TOEIC®テストリスニング360問
[2019-07-25 09:53:12,940][DEBUG|rankingParser.py:19] >> 146, air.jp.co.beret.EngSuraSura, スラスラ話すための瞬間英作文シャッフルトレニング
[2019-07-25 09:53:12,947][DEBUG|rankingParser.py:19] >> 147, jp.ne.biglobe.shinmeikai.gp, 新明解語典 公式アプリ｜ビッグロブ書
[2019-07-25 09:53:12,954][DEBUG|rankingParser.py:19] >> 148, com.tocaboca.tocaoffice, トッカライフ：オフィスでは
[2019-07-25 09:53:12,961][DEBUG|rankingParser.py:19] >> 149, vr.audio.voicerecorderpro, ボイスレコダプロ
[2019-07-25 09:53:12,970][DEBUG|rankingParser.py:19] >> 150, com.digidust.elokence.akinator.paid, Akinator VIP
[2019-07-25 09:53:12,976][DEBUG|rankingParser.py:19] >> 151, jp.web5.ussy.mydrillbookmakerkey, 暗記ドリルメカ ライセンスキ
[2019-07-25 09:53:12,982][DEBUG|rankingParser.py:19] >> 152, jp.handsaid.shuhasucho_2019, 周波帳2019
[2019-07-25 09:53:12,988][DEBUG|rankingParser.py:19] >> 153, com.kohei.pcmrecorder.pro, PCM音 Pro
[2019-07-25 09:53:12,996][DEBUG|rankingParser.py:19] >> 154, net.studiofly.android.ringoplus, 電話帳R Plus
[2019-07-25 09:53:13,002][DEBUG|rankingParser.py:19] >> 155, com.fstop.photo.key, F-Stopギャラリプロ
[2019-07-25 09:53:13,012][DEBUG|rankingParser.py:19] >> 156, sk.mildev84.agendareminder.unlockkey, 議題ウィジェット KEY
[2019-07-25 09:53:13,018][DEBUG|rankingParser.py:19] >> 157, com.imageline.FLM, FL Studio Mobile
[2019-07-25 09:53:13,027][DEBUG|rankingParser.py:19] >> 158, jp.co.latika.android.toeic.grammar.all, TOEIC®テスト文法640問1
[2019-07-25 09:53:13,036][DEBUG|rankingParser.py:19] >> 159, com.dynamo.seihoapp, 生保一般課程試一問一答過去問題集
[2019-07-25 09:53:13,046][DEBUG|rankingParser.py:19] >> 160, jp.co.gamegate.rezero.lemm, リゼロアラム　～レム編～
[2019-07-25 09:53:13,055][DEBUG|rankingParser.py:19] >> 161, com.hantor.CozyMagPlus, 大鏡 & 微鏡 Plus (ルペ)
[2019-07-25 09:53:13,062][DEBUG|rankingParser.py:19] >> 162, jp.ne.biglobe.genius5je3.gp, ジニアス英和第5版和英第3版 | ビッグロブ書
[2019-07-25 09:53:13,070][DEBUG|rankingParser.py:19] >> 163, cz.zdenekhorak.mibandtools, Tools & Mi Band
[2019-07-25 09:53:13,083][DEBUG|rankingParser.py:19] >> 164, jp.or.wlpm.bible2017, 聖書 新改2017
[2019-07-25 09:53:13,091][DEBUG|rankingParser.py:19] >> 165, com.filmic.filmicpro, FiLMiC Pro: プロカメラマンも使用するビデオカメラアプリ
[2019-07-25 09:53:13,100][DEBUG|rankingParser.py:19] >> 166, org.kustom.wallpaper.pro, KLWP Live Wallpaper Pro Key
[2019-07-25 09:53:13,108][DEBUG|rankingParser.py:19] >> 167, com.metamoji.noteanytime2, MetaMoJi Note（手書きノトアプリ）
[2019-07-25 09:53:13,118][DEBUG|rankingParser.py:19] >> 168, com.digibites.calendarplus, DigiCal+ 日本カレンダスケジュル
[2019-07-25 09:53:13,125][DEBUG|rankingParser.py:19] >> 169, com.phardera.evasysmon, EVA System Monitor
[2019-07-25 09:53:13,133][DEBUG|rankingParser.py:19] >> 170, com.bushidroid.app.ghostseeker, Ghost Seeker - 心探索機 -
[2019-07-25 09:53:13,141][DEBUG|rankingParser.py:19] >> 171, jp.co.technosquare.android.gappendixp, 手帳の付+
[2019-07-25 09:53:13,149][DEBUG|rankingParser.py:19] >> 172, com.tkoffice.takken, 「宅建士」過去問題《受用》
[2019-07-25 09:53:13,156][DEBUG|rankingParser.py:19] >> 173, com.bytebolt.midiloops, MIDI Voyager Pro
[2019-07-25 09:53:13,164][DEBUG|rankingParser.py:19] >> 174, com.jrtstudio.AnotherMusicPlayer.Unlocker, Rocket Player プレミアムオディオ
[2019-07-25 09:53:13,172][DEBUG|rankingParser.py:19] >> 175, jp.gr.java_conf.recorrect.unkou_kamotsu, 運行管理者試 (貨物)「30日合格プログラム」
[2019-07-25 09:53:13,179][DEBUG|rankingParser.py:19] >> 176, net.stefano.stefanoface2, Ultimate Watch 2 watch face
[2019-07-25 09:53:13,187][DEBUG|rankingParser.py:19] >> 177, jp.ne.sakura.token.gosenfu02, おんぷちゃん
[2019-07-25 09:53:13,194][DEBUG|rankingParser.py:19] >> 178, com.loadlynx_jp.estilynx, Estilynx - 見積書や請求書を素早く作成、きれいに印刷
[2019-07-25 09:53:13,200][DEBUG|rankingParser.py:19] >> 179, com.sikebox.retrorika.material.icons, (SALE) RETRORIKA ICON PACK
[2019-07-25 09:53:13,209][DEBUG|rankingParser.py:19] >> 180, com.orangeorapple.flashcards, Flashcards Deluxe
[2019-07-25 09:53:13,218][DEBUG|rankingParser.py:19] >> 181, jp.main.brits.docotore.fp2, どこトレ FP2級科 過去問題集
[2019-07-25 09:53:13,226][DEBUG|rankingParser.py:19] >> 182, com.ioslauncher.pro, X Launcher Pro: PhoneX Theme, OS12 Control Center
[2019-07-25 09:53:13,234][DEBUG|rankingParser.py:19] >> 183, org.kustom.widget.pro, KWGT Kustom Widget Pro Key
[2019-07-25 09:53:13,241][DEBUG|rankingParser.py:19] >> 184, com.homeysoft.nexususb.importer, USB Media Explorer
[2019-07-25 09:53:13,250][DEBUG|rankingParser.py:19] >> 185, com.jetappfactory.jetaudioplus, ジェットオディオプラス - 高音質の音プレヤ
[2019-07-25 09:53:13,259][DEBUG|rankingParser.py:19] >> 186, pixbit.prime, PixBit - Pixel Icon Pack
[2019-07-25 09:53:13,271][DEBUG|rankingParser.py:19] >> 187, slide.watchFrenzy.premium, Watch Face -WatchMaker Premium for Android Wear OS
[2019-07-25 09:53:13,282][DEBUG|rankingParser.py:19] >> 188, org.nattou.layerpainthd, LayerPaint HD
[2019-07-25 09:53:13,290][DEBUG|rankingParser.py:19] >> 189, link.mikan.toeic_frequent_word_600, mikan TOEIC
[2019-07-25 09:53:13,297][DEBUG|rankingParser.py:19] >> 190, itotsuka.karaoke_memo_pro, カラオケメモ
[2019-07-25 09:53:13,311][DEBUG|rankingParser.py:19] >> 191, jp.mowmow.simpleaf, simpleaf (手書きメモ)
[2019-07-25 09:53:13,319][DEBUG|rankingParser.py:19] >> 192, jp.co.gamegate.oregairu.iroha, 俺ガイルアラム ～いろは編～
[2019-07-25 09:53:13,327][DEBUG|rankingParser.py:19] >> 193, com.n_evolution.SlotCounter, iスロットカウンタ (小役カウント & 設定判別)
[2019-07-25 09:53:13,334][DEBUG|rankingParser.py:19] >> 194, jp.co.fsi.fskaren.dl, FSKAREN(日本語入力システム)
[2019-07-25 09:53:13,344][DEBUG|rankingParser.py:19] >> 195, shoubousetubishi4.app, 消防設備士 ４類 過去問 類問
[2019-07-25 09:53:13,353][DEBUG|rankingParser.py:19] >> 196, jp.gr.java_conf.howlcifer.memocharge, メモ帳 有料版
[2019-07-25 09:53:13,359][DEBUG|rankingParser.py:19] >> 197, org.peakfinder.area.alps, PeakFinder AR
[2019-07-25 09:53:13,367][DEBUG|rankingParser.py:19] >> 198, jp.co.fenrir.android.sleipnir_black, Sleipnir Mobile Black Edition
[2019-07-25 09:53:13,375][DEBUG|rankingParser.py:19] >> 199, org.korosoft.notepadpro.android, ノトパッドプロ
[2019-07-25 09:53:13,381][DEBUG|rankingParser.py:19] >> 200, jp.hanulles.blog_paid_matome_reader_hanull, Hanull Gold - 2ちゃんねるブログまとめリダ - 250サイト以上
[2019-07-25 09:54:20,582][DEBUG|rankingParser.py:100] >> Good Bye Parser! 
 
