[2019-07-23 13:06:43,408][DEBUG|dayStoreAppParse.py:63] >>  Hello Parser! 
[2019-07-23 13:06:53,198][DEBUG|dayStoreAppParse.py:23] >>   -if your smile-, jp.dtechgame.gridmanalarm, 엔터테인먼트, Dtechno Games, 1000.0, 360.0, 4.7, 100, 15, 4, 0, 2, 2019년 5월 29일, https://d-techno.jp/teaser/Characlock/service/gridman/, , 5451761805567024880
[2019-07-23 13:07:02,391][DEBUG|dayStoreAppParse.py:23] >>  , com.nic_english.gym.NicGym, 교육, INSTYLE GROUP, 100.0, 35.0, 0, 0, 0, 0, 0, 0, 2019년 5월 31일, https://nic-english.com, INSTYLE+GROUP, 
[2019-07-23 13:07:16,550][DEBUG|dayStoreAppParse.py:23] >>  - Help me Travel, com.bilingirl.helpmetravel, 여행 및 지역정보, Unicorn Creations, 1000.0, 34.0, 0, 0, 0, 0, 0, 0, 2019년 6월 5일, https://twitter.com/chika_english, Unicorn+Creations, 
[2019-07-23 13:07:26,572][DEBUG|dayStoreAppParse.py:23] >> Media Link Player for DTV, jp.co.alpha.dlna.mlpfordtv, 동영상 플레이어/편집기, ALPHA SYSTEMS INC., 10000.0, 705.0, 0, 0, 0, 0, 0, 0, 2019년 4월 17일, https://www.alpha.co.jp/medialink/, ALPHA+SYSTEMS+INC., 
[2019-07-23 13:07:36,431][DEBUG|dayStoreAppParse.py:23] >> どんどん話すための瞬間英作文トレニング, com.njwuji.study, 교육, Beret Publishing, 10000.0, 93.0, 0, 0, 0, 0, 0, 0, 2018년 7월 20일, http://www.beret.co.jp/inquiry/, Beret+Publishing, 
[2019-07-23 13:07:45,601][DEBUG|dayStoreAppParse.py:23] >> Game Booster  4x Faster (with advance settings), com.fenixx.gameboosterplus, 도구, G19 Mobile, 50000.0, 7107.0, 4.4, 100, 18, 9, 2, 10, 2019년 5월 18일, mailto:fenixx.h19.publish@gmail.com, G19+Mobile, 
[2019-07-23 13:07:55,845][DEBUG|dayStoreAppParse.py:23] >> iReal Pro   & , com.massimobiolcati.irealb, 음악/오디오, Technimo, 100000.0, 5511.0, 4.7, 100, 15, 3, 2, 3, 2019년 6월 25일, http://irealpro.com, Technimo, 
[2019-07-23 13:08:05,123][DEBUG|dayStoreAppParse.py:23] >> Navigation Pro: Google Maps Navi on Samsung Watch, smartwatchstudios.app.gears3navigation, 지도/내비게이션, SmartWatchStudios, 100000.0, 3460.0, 4.2, 100, 19, 7, 3, 17, 2019년 4월 9일, http://www.SmartWatchStudios.com, SmartWatchStudios, 
[2019-07-23 13:08:27,708][DEBUG|dayStoreAppParse.py:23] >> Eqfy Equalizer, com.wiseschematics.eqfy, 음악/오디오, WiseSchematics, 10000.0, 884.0, 0, 0, 0, 0, 0, 0, 2019년 6월 10일, http://shuntcorp.net/wiseschematics, , 6976192343062494733
[2019-07-23 13:08:38,292][DEBUG|dayStoreAppParse.py:23] >> 호갱노노 - 아파트 실거래가 1등 앱, com.hogangnono.hogangnono, 부동산/홈 인테리어, 호갱노노, 1000000.0, 2324.0, 4.5, 100, 16, 4, 2, 8, 2019년 6월 28일, https://hogangnono.com, %ED%98%B8%EA%B0%B1%EB%85%B8%EB%85%B8, 
[2019-07-23 13:08:50,261][DEBUG|dayStoreAppParse.py:23] >> Wish - 쇼핑은 즐겁다, com.contextlogic.wish, 쇼핑, Wish Inc., 100000000.0, 8102123.0, 4.5, 100, 27, 8, 2, 7, 2019년 7월 17일, http://www.wish.com, Wish+Inc., 
[2019-07-23 13:09:03,268][DEBUG|dayStoreAppParse.py:23] >> 카카오톡 KakaoTalk, com.kakao.talk, 커뮤니케이션, Kakao Corporation, 100000000.0, 2791795.0, 4.2, 100, 23, 12, 4, 13, 2019년 7월 16일, http://www.kakao.com/talk, Kakao+Corporation, 
[2019-07-23 13:09:17,682][DEBUG|dayStoreAppParse.py:23] >> 多機能でんわ告無し版（通話タイマや信確認、プレフィックスなど多機能電話アプリ）, com.familyapp.anpan.customdialer.charge, 도구, コシノ アツシ, 50.0, 7.0, 0, 0, 0, 0, 0, 0, 2019년 7월 20일, mailto:anpanfamilys@gmail.com, %E3%82%B3%E3%82%B7%E3%83%8E+%E3%82%A2%E3%83%84%E3%82%B7, 
[2019-07-23 13:09:28,385][DEBUG|dayStoreAppParse.py:23] >> 네이버 - NAVER, com.nhn.android.search, 도서/참고자료, NAVER Corp., 50000000.0, 464516.0, 3.9, 100, 20, 13, 8, 28, 2019년 7월 15일, http://www.navercorp.com, , 6225315284672069550
[2019-07-23 13:10:11,351][DEBUG|dayStoreAppParse.py:23] >> 배달요기요, com.fineapp.yogiyo, 식음료, yogiyo.co.kr, 10000000.0, 105301.0, 4.3, 100, 15, 6, 2, 14, 2019년 7월 22일, http://www.yogiyo.co.kr, yogiyo.co.kr, 
[2019-07-23 13:10:20,024][DEBUG|dayStoreAppParse.py:23] >> Netflix(넷플릭스), com.netflix.mediaclient, 엔터테인먼트, Netflix, Inc., 500000000.0, 6866796.0, 4.5, 100, 16, 6, 3, 8, 2019년 7월 22일, http://www.netflix.com, Netflix,+Inc., 
[2019-07-23 13:10:30,462][DEBUG|dayStoreAppParse.py:23] >> Samsung Smart Switch Mobile, com.sec.android.easyMover, 도구, Samsung Electronics Co.,  Ltd., 100000000.0, 177926.0, 4.3, 100, 19, 8, 4, 11, 2019년 7월 16일, http://www.samsung.com/us/smartswitch, , 5200379633052405703
[2019-07-23 13:10:40,137][DEBUG|dayStoreAppParse.py:23] >> 당근마켓 - 우리 동네 중고 직거래 벼룩장터, com.towneers.www, 쇼핑, 당근마켓, 5000000.0, 26479.0, 4.6, 100, 20, 5, 1, 5, 2019년 7월 14일, https://www.daangn.com/, %EB%8B%B9%EA%B7%BC%EB%A7%88%EC%BC%93, 
[2019-07-23 13:10:50,407][DEBUG|dayStoreAppParse.py:23] >> 토스, viva.republica.toss, 금융, Viva Republica, 10000000.0, 110199.0, 4.6, 100, 12, 4, 2, 7, 2019년 7월 18일, https://toss.im, , 4939974231902229320
[2019-07-23 13:11:00,739][DEBUG|dayStoreAppParse.py:23] >> 배달의민족, com.sampleapp, 식음료, WoowaBrothers, 10000000.0, 169993.0, 4.3, 100, 21, 6, 2, 15, 2019년 7월 8일, http://www.baemin.com, WoowaBrothers, 
[2019-07-23 13:11:10,489][DEBUG|dayStoreAppParse.py:23] >> 쿠팡 (Coupang), com.coupang.mobile, 쇼핑, 쿠팡, 10000000.0, 520349.0, 4.6, 100, 23, 5, 1, 3, 2019년 7월 19일, http://www.coupang.com, %EC%BF%A0%ED%8C%A1, 
[2019-07-23 13:11:19,973][DEBUG|dayStoreAppParse.py:23] >> 카카오뱅크 - 같지만 다른 은행, com.kakaobank.channel, 금융, 카카오뱅크, 10000000.0, 20320.0, 4.0, 100, 18, 8, 4, 27, 2019년 7월 4일, https://kakaobank.com, %EC%B9%B4%EC%B9%B4%EC%98%A4%EB%B1%85%ED%81%AC, 
[2019-07-23 13:11:29,945][DEBUG|dayStoreAppParse.py:23] >> 손금 및 별자리 - 노화 카메라, com.palmistry.scan.horoscope, 엔터테인먼트, Austin Davis Studio, 1000000.0, 9500.0, 2.2, 41, 0, 0, 1, 100, 2019년 6월 17일, mailto:austindavis825@gmail.com, Austin+Davis+Studio, 
[2019-07-23 13:11:38,563][DEBUG|dayStoreAppParse.py:23] >> V3 Mobile Plus 2.0, com.ahnlab.v3mobileplus, 도구, AhnLab Inc., 50000000.0, 95881.0, 3.5, 100, 32, 22, 12, 58, 2019년 3월 12일, http://www.ahnlab.com, AhnLab+Inc., 
[2019-07-23 13:11:50,026][DEBUG|dayStoreAppParse.py:23] >> 실시간 날씨 - 일기 예보 2019, com.jndwork.weather.forecast.channel.dailyforecast.liveradarmaps, 날씨, JonDev., 5000000.0, 67937.0, 4.6, 100, 16, 5, 1, 3, 2019년 6월 4일, http://www.jondevmobile.com, , 6915261801345011098
[2019-07-23 13:12:24,955][DEBUG|dayStoreAppParse.py:23] >> SODA 소다 - Natural Beauty Camera, com.snowcorp.soda.android, 사진, SNOW, Inc., 5000000.0, 28754.0, 4.4, 100, 15, 8, 2, 8, 2019년 7월 16일, http://snow.me, SNOW,+Inc., 
[2019-07-23 13:12:34,134][DEBUG|dayStoreAppParse.py:23] >> 네이버 지도, 내비게이션, com.nhn.android.nmap, 여행 및 지역정보, NAVER Corp., 10000000.0, 155203.0, 3.9, 100, 31, 13, 7, 31, 2019년 6월 5일, http://www.navercorp.com, , 6225315284672069550
[2019-07-23 13:12:42,868][DEBUG|dayStoreAppParse.py:23] >> 카카오 T - 택시, 대리운전, 주차, 내비, 카풀, 바이크, com.kakao.taxi, 지도/내비게이션, Kakao Mobility Corp., 10000000.0, 85905.0, 4.2, 100, 14, 6, 3, 19, 2019년 7월 15일, http://service.kakaomobility.com/kakaot, Kakao+Mobility+Corp., 
[2019-07-23 13:12:52,896][DEBUG|dayStoreAppParse.py:23] >> 4shared, com.forshared.files, 엔터테인먼트, New IT Solutions, 10000000.0, 88148.0, 4.5, 100, 14, 5, 2, 7, 2019년 7월 11일, http://4shared.com, New+IT+Solutions, 
[2019-07-23 13:13:01,709][DEBUG|dayStoreAppParse.py:23] >> WAVE - 잘 노는 영상톡, Talk & Play, me.togather.wave, 소셜, WAVE Corporation, 100000.0, 2412.0, 3.7, 100, 20, 19, 10, 40, 2019년 7월 9일, https://www.wavetogether.com, WAVE+Corporation, 
[2019-07-23 13:13:10,683][DEBUG|dayStoreAppParse.py:23] >> Facebook, com.facebook.katana, 소셜, Facebook, 1000000000.0, 89063406.0, 4.1, 100, 23, 14, 6, 19, 2019년 7월 23일, https://www.facebook.com/facebook, Facebook, 
[2019-07-23 13:13:21,173][DEBUG|dayStoreAppParse.py:23] >> 맥도날드, com.mcdonalds.mobileapp, 식음료, McDonald's Apps, 10000000.0, 93597.0, 3.7, 100, 16, 9, 6, 45, 2019년 7월 17일, mailto:mcdonaldsglobalmobileapp@gmail.com, McDonald%27s+Apps, 
[2019-07-23 13:13:31,748][DEBUG|dayStoreAppParse.py:23] >> POOQ ()  TV , kr.co.captv.pooqV2, 엔터테인먼트, pooq, 5000000.0, 26340.0, 2.9, 78, 27, 26, 20, 100, 2019년 7월 22일, http://www.pooq.co.kr, pooq, 
[2019-07-23 13:13:45,803][DEBUG|dayStoreAppParse.py:23] >> T map (티맵,T맵,내비게이션), com.skt.tmap.ku, 지도/내비게이션, SK telecom Inc., 10000000.0, 28190.0, 4.2, 100, 31, 11, 4, 13, 2019년 7월 16일, http://www.tmap.co.kr/, SK+telecom+Inc., 
[2019-07-23 13:13:56,899][DEBUG|dayStoreAppParse.py:23] >> Google Play 게임, com.google.android.play.games, 엔터테인먼트, Google LLC, 1000000000.0, 9389720.0, 4.3, 100, 15, 9, 3, 13, 2019년 7월 12일, http://play.google.com/store/apps/category/GAME, , 5700313618786177705
[2019-07-23 13:14:06,854][DEBUG|dayStoreAppParse.py:23] >> Samsung Notes, com.samsung.android.app.notes, 생산성, Samsung Electronics Co.,  Ltd., 100000000.0, 51105.0, 4.1, 100, 16, 10, 5, 19, 2019년 2월 15일, mailto:noreply.sec@samsung.com, , 5200379633052405703
[2019-07-23 13:14:40,801][DEBUG|dayStoreAppParse.py:23] >> 0한동, com.sktelecom.ytpoc, 라이프스타일, SKTelecom, 100000.0, 303.0, 3.0, 100, 25, 34, 26, 94, 2019년 6월 17일, http://www.younghandong.com, SKTelecom, 
[2019-07-23 13:14:51,726][DEBUG|dayStoreAppParse.py:23] >> (New) i-ONE Bank - IBK기업은행, com.ibk.android.ionebank, 금융, IBK 기업은행, 1000000.0, 3468.0, 2.8, 71, 15, 14, 10, 100, 2019년 7월 23일, http://www.ibk.co.kr, IBK+%EA%B8%B0%EC%97%85%EC%9D%80%ED%96%89, 
[2019-07-23 13:15:01,799][DEBUG|dayStoreAppParse.py:23] >> 여기어때 - 대한민국 1등 종합숙박앱, kr.goodchoice.abouthere, 여행 및 지역정보, WITH Innovation Corp., 10000000.0, 53978.0, 4.4, 100, 23, 7, 2, 9, 2019년 7월 15일, https://www.goodchoice.kr, , 7620836768154236440
[2019-07-23 13:15:09,817][DEBUG|dayStoreAppParse.py:23] >> Speed Security - Antivirus, Boost, AppLock, com.security.clean.antivirus.master, 도구, sechug.fr, 50000.0, 86.0, 4.6, 100, 13, 8, 2, 2, 2019년 7월 19일, mailto:support@sechug.fr, sechug.fr, 
[2019-07-23 13:15:20,884][DEBUG|dayStoreAppParse.py:23] >> 삼성 음성 녹음, com.sec.android.app.voicenote, 도구, Samsung Electronics Co.,  Ltd., 500000000.0, 66081.0, 4.3, 100, 17, 9, 3, 14, 2019년 5월 28일, mailto:noreply.sec@samsung.com, , 5200379633052405703
[2019-07-23 13:15:31,302][DEBUG|dayStoreAppParse.py:23] >> TikTok 틱톡, com.ss.android.ugc.trill, 동영상 플레이어/편집기, TikTok Pte. Ltd., 100000000.0, 3970141.0, 4.5, 100, 11, 6, 1, 8, 2019년 7월 22일, https://www.bytedance.com/, TikTok+Pte.+Ltd., 
[2019-07-23 13:15:41,643][DEBUG|dayStoreAppParse.py:23] >> 송가인 노래듣기 - 히트곡, 방송 영상, 공연 영상, 7080 트로트 메들리 감상, com.shs.songain, 음악/오디오, HS APPS, 100000.0, 253.0, 4.5, 100, 8, 3, 1, 8, 2019년 7월 20일, mailto:hsseo.developer@gmail.com, HS+APPS, 
[2019-07-23 13:15:53,134][DEBUG|dayStoreAppParse.py:23] >> 밴드, com.nhn.android.band, 소셜, NAVER Corp., 50000000.0, 315475.0, 4.1, 100, 31, 16, 6, 16, 2019년 7월 16일, http://www.band.us, , 6225315284672069550
[2019-07-23 13:16:06,446][DEBUG|dayStoreAppParse.py:23] >> Ulike유라이크 - 스타일, 고급 필터, 뷰티 카메라, com.gorgeous.liteinternational, 사진, Lemon, Inc., 10000000.0, 223859.0, 4.7, 100, 15, 5, 1, 2, 2019년 7월 17일, mailto:beauty_me_2018@163.com, Lemon,+Inc., 
[2019-07-23 13:16:17,078][DEBUG|dayStoreAppParse.py:23] >> SRT - 수서고속철도(NEW), kr.co.srail.newapp, 여행 및 지역정보, ㈜SR - 새로운 고속열차 SRT, 1000000.0, 700.0, 2.6, 56, 14, 9, 7, 100, 2019년 7월 17일, https://www.srail.co.kr, %E3%88%9CSR+-+%EC%83%88%EB%A1%9C%EC%9A%B4+%EA%B3%A0%EC%86%8D%EC%97%B4%EC%B0%A8+SRT, 
[2019-07-23 13:16:28,802][DEBUG|dayStoreAppParse.py:23] >> 카카오맵 - 대한민국 No.1 지도앱 ( 지도 / 내비게이션 / 대중교통 / 로드뷰 ), net.daum.android.map, 여행 및 지역정보, Kakao Corp., 10000000.0, 83700.0, 4.1, 100, 31, 13, 6, 16, 2019년 7월 23일, https://map.kakao.com/info/kakao_map, Kakao+Corp., 
[2019-07-23 13:16:43,612][DEBUG|dayStoreAppParse.py:23] >> Messenger, com.facebook.orca, 커뮤니케이션, Facebook, 1000000000.0, 67683613.0, 4.1, 100, 23, 14, 6, 19, 2019년 7월 18일, https://www.facebook.com/games/fbmessenger_android/, Facebook, 
[2019-07-23 13:17:17,963][DEBUG|dayStoreAppParse.py:23] >> 티빙(TVING) - 실시간TV, 방송VOD, 영화VOD, net.cj.cjhv.gs.tving, 동영상 플레이어/편집기, 씨제이이엔엠(CJ ENM), 5000000.0, 23769.0, 3.3, 100, 29, 26, 16, 74, 2019년 7월 11일, http://www.tving.com, %EC%94%A8%EC%A0%9C%EC%9D%B4%EC%9D%B4%EC%97%94%EC%97%A0%28CJ+ENM%29, 
[2019-07-23 13:17:27,054][DEBUG|dayStoreAppParse.py:23] >> SNOW - 뷰티, 메이크업, 셀피 카메라, com.campmobile.snow, 사진, SNOW, Inc., 100000000.0, 1163396.0, 4.3, 100, 18, 11, 4, 11, 2019년 7월 11일, https://snow.me, SNOW,+Inc., 
[2019-07-23 13:17:35,910][DEBUG|dayStoreAppParse.py:23] >> 코레일톡, com.korail.talk, 여행 및 지역정보, KORAIL, 10000000.0, 24352.0, 3.8, 100, 33, 12, 6, 34, 2019년 7월 9일, http://www.korail.com, KORAIL, 
[2019-07-23 13:17:46,340][DEBUG|dayStoreAppParse.py:23] >>   , app.facereading.signs, 엔터테인먼트, Face Read Lab, 1000000.0, 66737.0, 3.9, 100, 14, 8, 3, 34, 2019년 7월 22일, mailto:facelab2019@gmail.com, Face+Read+Lab, 
[2019-07-23 13:17:57,554][DEBUG|dayStoreAppParse.py:23] >> 카카오내비, com.locnall.KimGiSa, 지도/내비게이션, Kakao Mobility Corp., 10000000.0, 112287.0, 4.2, 100, 31, 10, 4, 15, 2019년 6월 3일, http://www.kakaocorp.com/main, Kakao+Mobility+Corp., 
[2019-07-23 13:18:10,891][DEBUG|dayStoreAppParse.py:27] >> YouTube Kids, com.google.android.apps.youtube.kids, 엔터테인먼트, Google LLC, 100000000.0, 758859.0, 4.4, 100, 17, 7, 2, 9, 2019년 7월 11일, None, , 5700313618786177705
[2019-07-23 13:18:25,237][DEBUG|dayStoreAppParse.py:23] >> 네이버 파파고 - AI 통번역, com.naver.labs.translator, 도구, NAVER Corp., 10000000.0, 31888.0, 4.3, 100, 20, 8, 4, 13, 2019년 6월 17일, http://www.navercorp.com, , 6225315284672069550
[2019-07-23 13:18:39,126][DEBUG|dayStoreAppParse.py:23] >> 야놀자 - 국내 및 해외 호텔, 모텔, 펜션, 게하, 레저/티켓, 최대 80% 할인, com.cultsotry.yanolja.nativeapp, 여행 및 지역정보, (주)야놀자, 10000000.0, 75575.0, 4.6, 100, 20, 5, 1, 5, 2019년 7월 23일, http://yanolja.com/, , 7693687284746960644
[2019-07-23 13:18:54,534][DEBUG|dayStoreAppParse.py:23] >> 에이블리 - 셀럽마켓 모음앱, com.banhala.android, 쇼핑, ably, 1000000.0, 7361.0, 4.3, 100, 16, 8, 3, 15, 2019년 7월 16일, http://a-bly.com, ably, 
[2019-07-23 13:19:06,617][DEBUG|dayStoreAppParse.py:23] >>    ON, com.omnitel.android.lottewebview, 쇼핑, Lotte Homeshopping, 10000000.0, 12299.0, 3.7, 100, 41, 22, 11, 38, 2019년 7월 5일, http://www.lotteimall.com, Lotte+Homeshopping, 
[2019-07-23 13:19:50,821][DEBUG|dayStoreAppParse.py:23] >> NH스마트뱅킹, nh.smart.banking, 금융, 농협BANK, 5000000.0, 4491.0, 3.2, 100, 25, 17, 11, 86, 2019년 7월 16일, http://www.nonghyup.com, %EB%86%8D%ED%98%91BANK, 
[2019-07-23 13:20:02,040][DEBUG|dayStoreAppParse.py:23] >> ISP/페이북, kvp.jjy.MispAndroid320, 금융, VP Inc, 10000000.0, 48760.0, 3.1, 99, 36, 27, 16, 100, 2019년 7월 15일, http://www.vp.co.kr, VP+Inc, 
[2019-07-23 13:20:15,096][DEBUG|dayStoreAppParse.py:23] >> 멜론, com.iloen.melon, 음악/오디오, Kakao  Corporation, 50000000.0, 193368.0, 3.8, 100, 28, 20, 10, 35, 2019년 7월 10일, http://www.melon.com, Kakao++Corporation, 
[2019-07-23 13:20:29,643][DEBUG|dayStoreAppParse.py:23] >> LG전자 멤버십, com.lge.lgemembership, 라이프스타일, LG Electronics, Inc., 1000000.0, 1033.0, 4.3, 100, 21, 10, 3, 12, 2019년 7월 15일, http://www.lge.co.kr, , 6033443741999759446
[2019-07-23 13:20:43,266][DEBUG|dayStoreAppParse.py:23] >> 아이디어스(idus) - 핸드메이드/수공예 장터, kr.backpackr.me.idus, 쇼핑, Backpackr Inc., 1000000.0, 38286.0, 4.7, 100, 16, 2, 0, 2, 2019년 7월 8일, https://www.idus.com, Backpackr+Inc., 
[2019-07-23 13:20:54,374][DEBUG|dayStoreAppParse.py:23] >> [공식]고속버스모바일, com.kscc.scxb.mbl, 지도/내비게이션, (주)티머니, 5000000.0, 14059.0, 3.7, 100, 25, 13, 10, 43, 2019년 7월 8일, http://www.koreasmartcard.co.kr, %28%EC%A3%BC%29%ED%8B%B0%EB%A8%B8%EB%8B%88, 
[2019-07-23 13:21:05,997][DEBUG|dayStoreAppParse.py:23] >> CGV, com.cgv.android.movieapp, 엔터테인먼트, CJ CGV, 10000000.0, 47456.0, 4.0, 100, 33, 16, 7, 24, 2019년 7월 22일, http://www.cgv.co.kr, CJ+CGV, 
[2019-07-23 13:21:17,926][DEBUG|dayStoreAppParse.py:23] >> 카카오페이, com.kakaopay.app, 금융, kakaopay corp., 100000.0, 257.0, 4.1, 100, 16, 11, 6, 17, 2019년 7월 17일, https://www.kakaopay.com, kakaopay+corp., 
[2019-07-23 13:21:29,556][DEBUG|dayStoreAppParse.py:23] >> 직방 - 2,000만명이 선택한 No.1 부동산 앱(아파트,아파트분양,원룸,오피스텔,빌라), com.chbreeze.jikbang4a, 부동산/홈 인테리어, 직방 앱 관리자, 10000000.0, 68347.0, 3.9, 100, 27, 16, 6, 29, 2019년 7월 10일, http://company.zigbang.com, %EC%A7%81%EB%B0%A9+%EC%95%B1+%EA%B4%80%EB%A6%AC%EC%9E%90, 
[2019-07-23 13:21:41,381][DEBUG|dayStoreAppParse.py:23] >> 숫자로 색칠하기 - 무료 색칠 공부 및 퍼즐 게임, paint.by.number.pixel.art.coloring.drawing.puzzle, 엔터테인먼트, Better Life - Color and Draw, 10000000.0, 334364.0, 4.6, 100, 13, 5, 1, 4, 2019년 7월 19일, mailto:paint_support@dailyinnovation.biz, , 8186440931703540103
[2019-07-23 13:21:52,394][DEBUG|dayStoreAppParse.py:23] >> 슈퍼 빠른 클리너 - 안티 바이러스 및 부스터 & 클리너, fast.phone.clean, 도구, Phone Clean Apps, 1000000.0, 22986.0, 4.6, 100, 10, 5, 1, 5, 2019년 7월 17일, mailto:phonecleanteam@gmail.com, Phone+Clean+Apps, 
[2019-07-23 13:22:02,830][DEBUG|dayStoreAppParse.py:23] >> 트로트 무료듣기 - 트로트 메들리, com.hmusic.listentrot, 음악/오디오, H Music, 1000000.0, 5010.0, 4.5, 100, 24, 7, 2, 6, 2019년 4월 4일, mailto:hanamedia1@gmail.com, H+Music, 
[2019-07-23 13:22:44,684][DEBUG|dayStoreAppParse.py:23] >> HiddenMe Face App -  노화 카메라, 페이스앱, faceapp.facemystery.learnmoreaboutyourself, 엔터테인먼트, Colorfulnight, 10000000.0, 125578.0, 3.6, 100, 12, 9, 6, 53, 2019년 7월 6일, mailto:face.mystery.official@gmail.com, Colorfulnight, 
[2019-07-23 13:22:55,296][DEBUG|dayStoreAppParse.py:23] >> 한컴오피스 viewer, com.tf.thinkdroid.viewer, 생산성, Hancom Inc., 5000000.0, 2748.0, 3.8, 100, 31, 20, 8, 31, 2019년 4월 18일, http://www.hancom.com, Hancom+Inc., 
[2019-07-23 13:23:05,821][DEBUG|dayStoreAppParse.py:23] >> 트리플 - 해외여행 가이드, com.titicacacorp.triple, 여행 및 지역정보, Triple Corp., 1000000.0, 7123.0, 4.6, 100, 16, 5, 1, 4, 2019년 7월 4일, https://triple.guide, Triple+Corp., 
[2019-07-23 13:23:17,390][DEBUG|dayStoreAppParse.py:23] >> 송가인 노래모음 무료듣기 - 미스트롯 송가인 노래와 영상 모음, com.gmong.songgain, 음악/오디오, gmong, 100000.0, 52.0, 4.5, 100, 7, 4, 2, 9, 2019년 7월 20일, mailto:gmong7@gmail.com, gmong, 
[2019-07-23 13:23:31,196][DEBUG|dayStoreAppParse.py:23] >> 삼성앱카드 - 내 폰 안의 삼성카드, kr.co.samsungcard.mpocket, 금융, Samsung Card, 5000000.0, 11656.0, 3.6, 100, 31, 18, 10, 47, 2019년 6월 21일, http://www.samsungcard.com/, Samsung+Card, 
[2019-07-23 13:23:42,745][DEBUG|dayStoreAppParse.py:23] >> 다음 - Daum, net.daum.android.daum, 커뮤니케이션, Kakao Corp., 10000000.0, 108440.0, 4.1, 100, 28, 15, 7, 18, 2019년 6월 28일, https://www.kakaocorp.com/#none, Kakao+Corp., 
[2019-07-23 13:23:55,454][DEBUG|dayStoreAppParse.py:23] >> 현대카드, com.hyundaicard.appcard, 금융, Hyundai Card, 5000000.0, 20288.0, 3.1, 100, 33, 23, 15, 97, 2019년 7월 3일, http://www.hyundaicard.com, Hyundai+Card, 
[2019-07-23 13:24:07,220][DEBUG|dayStoreAppParse.py:23] >> 네이버 웹툰 - Naver Webtoon, com.nhn.android.webtoon, 만화, NAVER WEBTOON CORP., 10000000.0, 182735.0, 4.2, 100, 14, 9, 5, 18, 2019년 7월 16일, http://comic.naver.com/index.nhn, NAVER+WEBTOON+CORP., 
[2019-07-23 13:24:20,522][DEBUG|dayStoreAppParse.py:23] >> Security & Antivirus, com.clean_antivirus.security.master.booster, 도구, Phone Protection, 500000.0, 2587.0, 4.4, 100, 16, 7, 3, 9, 2019년 7월 8일, mailto:yehudiwoodrow@outlook.com, Phone+Protection, 
[2019-07-23 13:24:34,828][DEBUG|dayStoreAppParse.py:23] >> Google 번역, com.google.android.apps.translate, 도구, Google LLC, 500000000.0, 6464209.0, 4.4, 100, 22, 9, 4, 7, 2019년 7월 11일, http://support.google.com/translate, , 5700313618786177705
[2019-07-23 13:25:53,104][DEBUG|dayStoreAppParse.py:23] >> oksusu, com.skb.btvmobile, 동영상 플레이어/편집기, SK broadband, 10000000.0, 48984.0, 3.6, 100, 30, 19, 9, 44, 2019년 7월 17일, http://www.skbtv.co.kr/btvmobile, SK+broadband, 
[2019-07-23 13:26:12,593][DEBUG|dayStoreAppParse.py:23] >> [공식]시외버스모바일, com.kscc.xzz.mbl, 지도/내비게이션, (주)티머니, 5000000.0, 10059.0, 2.8, 78, 21, 14, 13, 100, 2019년 7월 11일, http://www.tmoney.co.kr, %28%EC%A3%BC%29%ED%8B%B0%EB%A8%B8%EB%8B%88, 
[2019-07-23 13:26:28,398][DEBUG|dayStoreAppParse.py:23] >> B612 - 뷰티 효과, 감성필터, 셀피 카메라, com.linecorp.b612.android, 사진, SNOW, Inc., 500000000.0, 6087393.0, 4.4, 100, 19, 10, 3, 7, 2019년 7월 11일, http://b612.snow.me/, SNOW,+Inc., 
[2019-07-23 13:26:43,792][DEBUG|dayStoreAppParse.py:23] >> 착한 음악다운 플레이, com.goodplay.a511best, 동영상 플레이어/편집기, FREE+++, 100000.0, 4608.0, 4.7, 100, 8, 2, 1, 4, 2019년 5월 21일, mailto:haho201905@gmail.com, FREE%2B%2B%2B, 
[2019-07-23 13:26:56,261][DEBUG|dayStoreAppParse.py:23] >> 메가박스(MEGABOX), com.megabox.mop, 엔터테인먼트, 메가박스, 5000000.0, 10455.0, 3.3, 100, 36, 24, 15, 68, 2019년 6월 27일, http://www.megabox.co.kr, %EB%A9%94%EA%B0%80%EB%B0%95%EC%8A%A4, 
[2019-07-23 13:27:15,663][DEBUG|dayStoreAppParse.py:23] >> 위메프 - 특가대표 (특가 / 쇼핑 / 쇼핑앱 / 쿠폰 / 배송), com.wemakeprice, 쇼핑, 위메프, 10000000.0, 229058.0, 4.4, 100, 26, 7, 2, 7, 2019년 7월 2일, http://www.wemakeprice.com, %EC%9C%84%EB%A9%94%ED%94%84, 
[2019-07-23 13:27:30,274][DEBUG|dayStoreAppParse.py:23] >> 다이소 멤버십, com.uxlayer.wipoint, 라이프스타일, Asung Daiso, 1000000.0, 5479.0, 3.7, 100, 29, 22, 10, 39, 2019년 7월 10일, http://www.daiso.co.kr/, Asung+Daiso, 
[2019-07-23 13:27:45,945][DEBUG|dayStoreAppParse.py:23] >> X Security - 바이러스 제거, 기기 청소, 가속, com.virusscan.privacy.fast.cleaner.booster, 생산성, Soft365 Ltd., 500000.0, 1953.0, 4.5, 100, 12, 7, 3, 5, 2019년 7월 19일, mailto:support@Soft365.us, Soft365+Ltd., 
[2019-07-23 13:28:00,824][DEBUG|dayStoreAppParse.py:23] >> 인천e음, gov.incheon.incheonercard, 금융, 코나아이(주), 500000.0, 967.0, 4.3, 100, 12, 5, 2, 15, 2019년 7월 19일, http://www.konacard.co.kr/, %EC%BD%94%EB%82%98%EC%95%84%EC%9D%B4%28%EC%A3%BC%29, 
[2019-07-23 13:28:19,733][DEBUG|dayStoreAppParse.py:23] >> 오늘의집 - 550만이 선택한 No.1 인테리어 필수앱, net.bucketplace, 부동산/홈 인테리어, Bucketplace Inc., 1000000.0, 31330.0, 4.7, 100, 20, 3, 0, 1, 2019년 7월 12일, http://www.bucketplace.net, Bucketplace+Inc., 
[2019-07-23 13:28:32,816][DEBUG|dayStoreAppParse.py:23] >> 최고의 무료 벨소리, com.bestringtonesapps.bestringtonesfree, 음악/오디오, BestRingtonesApps, 5000000.0, 32239.0, 4.0, 100, 35, 19, 8, 21, 2019년 7월 19일, https://www.facebook.com/pages/Best-Ringtones-Apps/1018443861508951, , 8950393860599764952
[2019-07-23 13:29:22,469][DEBUG|dayStoreAppParse.py:23] >> 첫화면 날씨, 미세먼지 - WHO 기준, 기상청 날씨, com.firstscreen.weather, 날씨, FirstScreenTeam, 500000.0, 6543.0, 4.4, 100, 28, 12, 3, 8, 2019년 7월 23일, mailto:firstscreenapp@gmail.com, FirstScreenTeam, 
[2019-07-23 13:29:33,440][DEBUG|dayStoreAppParse.py:23] >> 네이버 클라우드 - NAVER Cloud, com.nhn.android.ndrive, 생산성, NAVER Corp., 10000000.0, 89174.0, 3.9, 100, 28, 17, 9, 26, 2019년 4월 3일, http://www.navercorp.com, , 6225315284672069550
[2019-07-23 13:29:44,912][DEBUG|dayStoreAppParse.py:23] >>   .  10% + 10%, com.hnsmall, 쇼핑, 홈앤쇼핑, 10000000.0, 66620.0, 4.4, 100, 27, 8, 3, 10, 2019년 7월 19일, http://m.hnsmall.com, %ED%99%88%EC%95%A4%EC%87%BC%ED%95%91, 
[2019-07-23 13:29:57,043][DEBUG|dayStoreAppParse.py:23] >> 지니 뮤직 - genie, com.ktmusic.geniemusic, 음악/오디오, 지니뮤직, 5000000.0, 37755.0, 3.4, 100, 30, 27, 18, 56, 2019년 7월 12일, http://www.genie.co.kr, %EC%A7%80%EB%8B%88%EB%AE%A4%EC%A7%81, 
[2019-07-23 13:30:13,388][DEBUG|dayStoreAppParse.py:23] >> 현대Hmall - 홈쇼핑, 백화점, com.hmallapp, 쇼핑, (주) 현대홈쇼핑, 10000000.0, 16349.0, 3.6, 100, 43, 21, 12, 52, 2019년 6월 19일, http://m.hyundaihmall.com, %28%EC%A3%BC%29+%ED%98%84%EB%8C%80%ED%99%88%EC%87%BC%ED%95%91, 
[2019-07-23 13:30:29,009][DEBUG|dayStoreAppParse.py:23] >> 번개장터 - 모바일 최대 중고마켓 앱(중고나라,중고차), kr.co.quicket, 쇼핑, 번개장터 주식회사, 5000000.0, 77255.0, 4.2, 100, 17, 9, 4, 18, 2019년 7월 21일, https://www.bunjang.co.kr, %EB%B2%88%EA%B0%9C%EC%9E%A5%ED%84%B0+%EC%A3%BC%EC%8B%9D%ED%9A%8C%EC%82%AC, 
[2019-07-23 13:30:42,050][DEBUG|dayStoreAppParse.py:23] >> QR 코드 리더/바코드 스캐너, tw.mobileapp.qrcode.banner, 도구, TWMobile, 50000000.0, 506363.0, 4.5, 100, 25, 7, 1, 7, 2019년 4월 2일, http://www.mobile.tw, TWMobile, 
[2019-07-23 13:30:56,146][DEBUG|dayStoreAppParse.py:23] >> Magikoly  ,  ,  ,  ,  , faceapp.magikoly.exploreandhavefun, 사진, Chichong Studio, 1000000.0, 20672.0, 3.3, 100, 8, 5, 5, 74, 2019년 7월 18일, mailto:magikoly.official@gmail.com, Chichong+Studio, 
[2019-07-23 13:31:10,044][DEBUG|dayStoreAppParse.py:23] >> 터치엔 엠백신 for Web(기업용), com.TouchEn.mVaccine.webs, 금융, 라온시큐어(주), 10000000.0, 14999.0, 2.6, 53, 23, 23, 15, 100, 2019년 7월 9일, http://www.raonsecure.com, %EB%9D%BC%EC%98%A8%EC%8B%9C%ED%81%90%EC%96%B4%28%EC%A3%BC%29, 
[2019-07-23 13:31:23,741][DEBUG|dayStoreAppParse.py:23] >> 이마트 - 매장에서 즐기는 스마트한 혜택, com.emart.today, 라이프스타일, EMART, 5000000.0, 6716.0, 3.4, 100, 42, 32, 18, 57, 2019년 7월 22일, http://store.emart.com, EMART, 
[2019-07-23 13:31:38,448][DEBUG|dayStoreAppParse.py:23] >> Snapchat, com.snapchat.android, 소셜, Snap Inc, 1000000000.0, 19882051.0, 4.1, 100, 18, 12, 6, 20, 2019년 7월 11일, http://www.snap.com, Snap+Inc, 
[2019-07-23 13:32:22,933][DEBUG|dayStoreAppParse.py:23] >> LG 모바일 스위치 (보내기), com.lge.mobilemigration, 도구, LG Electronics, Inc., 5000000.0, 6993.0, 3.6, 100, 22, 13, 8, 45, 2019년 5월 22일, http://www.lge.com, , 6033443741999759446
[2019-07-23 13:32:35,303][DEBUG|dayStoreAppParse.py:23] >> Future: 얼굴, 손금 & 별자리, com.future.know, 엔터테인먼트, Vancy Zhao, 5000000.0, 33804.0, 2.2, 42, 1, 1, 1, 100, 2019년 6월 14일, mailto:getfutureknow@gmail.com, Vancy+Zhao, 
[2019-07-23 13:32:48,691][DEBUG|dayStoreAppParse.py:23] >> PAYCO - 페이코, 혜택까지 똑똑한 간편결제, com.nhnent.payapp, 라이프스타일, NHN Corp., 5000000.0, 17204.0, 4.3, 100, 11, 7, 4, 15, 2019년 7월 18일, http://www.payco.com/, , 9081645972946213311
[2019-07-23 13:33:02,459][DEBUG|dayStoreAppParse.py:23] >> 신한페이판, com.shcard.smartpay, 금융, SHINHANCARD, 10000000.0, 45600.0, 3.9, 100, 21, 12, 6, 33, 2019년 6월 25일, http://www.shinhancard.com, SHINHANCARD, 
[2019-07-23 13:33:17,101][DEBUG|dayStoreAppParse.py:23] >> 비디오 플레이어 퍼펙트 - 자막, 코덱, XPlayer, video.player.videoplayer, 동영상 플레이어/편집기, InShot Inc., 10000000.0, 440268.0, 4.8, 100, 8, 2, 0, 1, 2019년 7월 9일, mailto:cameras.ideas@gmail.com, InShot+Inc., 
[2019-07-23 13:33:32,953][DEBUG|dayStoreAppParse.py:23] >>   emart mall, kr.co.emart.emartmall, 쇼핑, SSG.COM, 5000000.0, 7430.0, 3.6, 100, 41, 26, 15, 44, 2019년 7월 11일, http://m.emart.ssg.com/, SSG.COM, 
[2019-07-23 13:33:46,184][DEBUG|dayStoreAppParse.py:23] >> 알바천국- 알바 구인구직 포털서비스, kr.co.alba.webappalba.m, 비즈니스, (주)미디어윌 네트웍스, 5000000.0, 8975.0, 3.8, 100, 17, 15, 9, 31, 2019년 7월 19일, http://www.alba.co.kr, %28%EC%A3%BC%29%EB%AF%B8%EB%94%94%EC%96%B4%EC%9C%8C+%EB%84%A4%ED%8A%B8%EC%9B%8D%EC%8A%A4, 
[2019-07-23 13:33:58,843][DEBUG|dayStoreAppParse.py:23] >> 알바몬 - 알바 채용 구인구직 취업정보검색, com.albamon.app, 비즈니스, 잡코리아, 5000000.0, 12222.0, 4.0, 100, 26, 15, 8, 20, 2019년 6월 27일, http://www.jobkorea.co.kr, %EC%9E%A1%EC%BD%94%EB%A6%AC%EC%95%84, 
[2019-07-23 13:34:14,677][DEBUG|dayStoreAppParse.py:23] >> 위트 wit, io.storychat, 도서/참고자료, Playlist Corporation, 1000000.0, 20592.0, 4.5, 100, 13, 6, 2, 7, 2019년 7월 18일, http://storychat.io, Playlist+Corporation, 
[2019-07-23 13:34:33,492][DEBUG|dayStoreAppParse.py:23] >> 플레이키보드 - 최애돌 테마, 문자티콘, 나만의 테마 제작, 움직이는 키보드, kr.bitbyte.playkeyboard, 도구, Bitbyte Corp., 500000.0, 12246.0, 4.6, 100, 14, 5, 1, 4, 2019년 7월 22일, https://plkey.app, , 4732611072825288999
[2019-07-23 13:35:20,937][DEBUG|dayStoreAppParse.py:23] >> 티몬 - 매주 월요일은 티몬데이, com.tmon, 쇼핑, 티몬, 10000000.0, 66066.0, 3.9, 100, 21, 14, 8, 29, 2019년 7월 16일, http://www.tmon.co.kr, , 6892544915913568054
[2019-07-23 13:35:34,067][DEBUG|dayStoreAppParse.py:23] >> 카카오스토리 KakaoStory, com.kakao.story, 소셜, Kakao Corporation, 50000000.0, 534265.0, 3.7, 100, 28, 22, 11, 39, 2019년 7월 17일, http://www.kakao.com/story, Kakao+Corporation, 
[2019-07-23 13:35:46,321][DEBUG|dayStoreAppParse.py:23] >> 지그재그 - 여성쇼핑몰 모음, 쇼핑몰순위, com.croquis.zigzag, 쇼핑, croquis.com, 5000000.0, 56258.0, 4.7, 100, 23, 4, 1, 1, 2019년 7월 5일, http://zigzag.kr, croquis.com, 
[2019-07-23 13:36:04,579][DEBUG|dayStoreAppParse.py:23] >> 쏘카 - 1등 카셰어링, socar.Socar, 지도/내비게이션, SOCAR, 1000000.0, 12939.0, 3.9, 100, 27, 12, 5, 29, 2019년 7월 17일, http://www.socar.kr, SOCAR, 
[2019-07-23 13:36:18,233][DEBUG|dayStoreAppParse.py:23] >>  (SOL)   , com.shinhan.sbanking, 금융, Shinhan Bank, 10000000.0, 38023.0, 3.4, 100, 29, 18, 12, 66, 2019년 7월 5일, http://m.shinhan.com, Shinhan+Bank, 
[2019-07-23 13:36:34,231][DEBUG|dayStoreAppParse.py:23] >> U+멤버스 - 멤버십 할인,소액결제,포인트,쿠폰, uplus.membership, 라이프스타일, LG유플러스(LG Uplus Corporation), 5000000.0, 17448.0, 3.7, 100, 30, 18, 9, 43, 2019년 5월 22일, mailto:uplusmembers@lguplus.co.kr, LG%EC%9C%A0%ED%94%8C%EB%9F%AC%EC%8A%A4%28LG+Uplus+Corporation%29, 
[2019-07-23 13:36:48,752][DEBUG|dayStoreAppParse.py:23] >> Smule - 1등 노래 어플, com.smule.singandroid, 음악/오디오, Smule, 100000000.0, 3683782.0, 4.2, 100, 22, 15, 5, 14, 2019년 7월 18일, http://www.smule.com, Smule, 
[2019-07-23 13:37:03,056][DEBUG|dayStoreAppParse.py:23] >> 해피포인트, com.hpapp, 라이프스타일, HAPPYPOINT, 10000000.0, 36297.0, 3.7, 100, 30, 14, 9, 41, 2019년 7월 17일, http://www.happypointcard.com/, HAPPYPOINT, 
[2019-07-23 13:37:17,745][DEBUG|dayStoreAppParse.py:23] >> 롯데시네마 모바일앱, kr.co.lottecinema.lcm, 엔터테인먼트, LOTTE CINEMA, 10000000.0, 19690.0, 3.2, 100, 31, 21, 16, 78, 2019년 7월 8일, http://www.lottecinema.co.kr, LOTTE+CINEMA, 
[2019-07-23 13:37:33,628][DEBUG|dayStoreAppParse.py:23] >> 트위터, com.twitter.android, 뉴스/잡지, Twitter, Inc., 500000000.0, 13494706.0, 4.3, 100, 26, 10, 4, 10, 2019년 7월 22일, https://support.twitter.com/articles/20169915, Twitter,+Inc., 
[2019-07-23 13:37:52,898][DEBUG|dayStoreAppParse.py:23] >> KB국민은행 스타뱅킹, com.kbstar.kbbank, 금융, KB국민은행, 10000000.0, 44843.0, 3.2, 100, 26, 17, 13, 81, 2019년 7월 11일, http://m.kbstar.com, KB%EA%B5%AD%EB%AF%BC%EC%9D%80%ED%96%89, 
[2019-07-23 13:38:51,296][DEBUG|dayStoreAppParse.py:23] >> 인터파크, com.interpark.shop, 쇼핑, INTERPARK, 5000000.0, 8577.0, 3.2, 100, 27, 21, 14, 81, 2019년 7월 18일, http://m.shop.interpark.com, , 8687180128356426324
[2019-07-23 13:39:08,335][DEBUG|dayStoreAppParse.py:23] >> 무료 벨소리 Android™ 전용, com.bestringtonesapps.freeringtonesforandroid, 음악/오디오, BestRingtonesApps, 10000000.0, 168244.0, 4.2, 100, 23, 11, 4, 14, 2019년 6월 22일, https://www.facebook.com/pages/Best-Ringtones-Apps/1018443861508951, , 8950393860599764952
[2019-07-23 13:39:27,134][DEBUG|dayStoreAppParse.py:23] >> Samsung Members, com.samsung.android.voc, 도구, Samsung Electronics Co.,  Ltd., 100000000.0, 478546.0, 4.6, 100, 20, 5, 1, 3, 2019년 7월 7일, mailto:noreply.sec@samsung.com, , 5200379633052405703
[2019-07-23 13:39:44,128][DEBUG|dayStoreAppParse.py:23] >> 국세청 홈택스, kr.go.nts.android, 도구, National Tax Service, Korea, 5000000.0, 13166.0, 3.4, 100, 27, 15, 8, 68, 2019년 6월 27일, http://nts.go.kr, National+Tax+Service,+Korea, 
[2019-07-23 13:40:01,991][DEBUG|dayStoreAppParse.py:23] >> GS SHOP - 당신의 가장 좋은 선택을 만듭니다, gsshop.mobile.v2, 쇼핑, GS SHOP, 10000000.0, 54343.0, 3.9, 100, 29, 14, 7, 27, 2019년 7월 17일, http://m.gsshop.com, GS+SHOP, 
[2019-07-23 13:40:18,807][DEBUG|dayStoreAppParse.py:23] >> 쇼핑을 바꾸는 쇼핑. G마켓, com.ebay.kr.gmarket, 쇼핑, G마켓, 10000000.0, 72283.0, 3.8, 100, 24, 16, 9, 36, 2019년 6월 11일, http://www.gmarket.co.kr, G%EB%A7%88%EC%BC%93, 
[2019-07-23 13:40:36,214][DEBUG|dayStoreAppParse.py:23] >> 동영상다운프로, com.gangwon.han, 동영상 플레이어/편집기, Kathypredi, 100000.0, 957.0, 2.9, 86, 28, 23, 18, 100, 2019년 6월 18일, mailto:kathypredi@gmail.com, Kathypredi, 
[2019-07-23 13:40:51,172][DEBUG|dayStoreAppParse.py:23] >> 날씨날씨 - 날씨, 미세먼지, 기상청, 위젯, 알림, com.lifeoverflow.app.weather, 날씨, 날씨날씨, 100000.0, 2137.0, 4.6, 100, 18, 5, 1, 4, 2019년 7월 19일, mailto:admin@weatherforecast.io, %EB%82%A0%EC%94%A8%EB%82%A0%EC%94%A8, 
[2019-07-23 13:41:12,856][DEBUG|dayStoreAppParse.py:23] >> KB국민 앱카드, com.kbcard.cxh.appcard, 금융, KB국민카드, 5000000.0, 15566.0, 3.4, 100, 47, 24, 10, 66, 2019년 7월 23일, http://www.kbcard.com, KB%EA%B5%AD%EB%AF%BC%EC%B9%B4%EB%93%9C, 
[2019-07-23 13:41:32,947][DEBUG|dayStoreAppParse.py:23] >> V3 Mobile Security - 무료 백신/부스터/앱잠금, com.ahnlab.v3mobilesecurity.soda, 도구, AhnLab Inc., 5000000.0, 69503.0, 4.5, 100, 29, 7, 1, 4, 2019년 5월 14일, http://www.ahnlab.co.kr, AhnLab+Inc., 
[2019-07-23 13:41:46,555][DEBUG|dayStoreAppParse.py:23] >> 나이 든 얼굴 - Oldify™ Grow Old, ly.appt.oldify, 엔터테인먼트, Apptly LLC, 5000000.0, 32392.0, 3.8, 100, 30, 20, 9, 31, 2017년 5월 26일, http://www.oldify.net, , 9160370153281633718
[2019-07-23 13:42:36,238][DEBUG|dayStoreAppParse.py:23] >> 잼라이브 (JAM LIVE) - 실시간 퀴즈쇼, tv.jamlive, 엔터테인먼트, SNOW Corporation, 1000000.0, 15040.0, 4.2, 100, 16, 8, 4, 19, 2019년 7월 5일, https://jamlive.tv/faq, SNOW+Corporation, 
[2019-07-23 13:42:47,375][DEBUG|dayStoreAppParse.py:23] >> VG 기업용 Web SDK, kr.co.shiftworks.vguardweb, 도구, Infraware Technology, Inc, 10000000.0, 17055.0, 3.2, 100, 49, 42, 19, 90, 2019년 7월 15일, http://www.vguard.co.kr, Infraware+Technology,+Inc, 
[2019-07-23 13:42:59,409][DEBUG|dayStoreAppParse.py:23] >> 아프리카TV - AfreecaTV, kr.co.nowcom.mobile.afreeca, 동영상 플레이어/편집기, AfreecaTV, 10000000.0, 392112.0, 3.3, 100, 15, 14, 8, 72, 2019년 7월 11일, http://www.afreecatv.com, AfreecaTV, 
[2019-07-23 13:43:14,732][DEBUG|dayStoreAppParse.py:23] >> BIGO LIVE ()   , sg.bigo.live, 소셜, BIGO TECHNOLOGY PTE. LTD., 100000000.0, 3180228.0, 4.5, 100, 13, 9, 3, 7, 2019년 7월 22일, http://www.bigo.tv, BIGO+TECHNOLOGY+PTE.+LTD., 
[2019-07-23 13:43:26,369][DEBUG|dayStoreAppParse.py:23] >> CJ ONE, kr.co.ivlog.mobile.app.cjonecard, 라이프스타일, CJ OliveNetworks Co.ltd, 5000000.0, 23639.0, 4.3, 100, 30, 10, 4, 11, 2019년 6월 18일, http://www.cjone.com, CJ+OliveNetworks+Co.ltd, 
[2019-07-23 13:43:38,071][DEBUG|dayStoreAppParse.py:23] >> 라인 LINE, jp.naver.line.android, 커뮤니케이션, LINE Corporation, 500000000.0, 11606461.0, 4.2, 100, 27, 14, 6, 14, 2019년 7월 22일, http://line.me, , 4919265583026901892
[2019-07-23 13:43:50,497][DEBUG|dayStoreAppParse.py:23] >> 스타벅스, com.starbucks.co, 식음료, (주)스타벅스커피 코리아, 5000000.0, 16208.0, 3.6, 100, 31, 17, 13, 50, 2019년 7월 9일, http://www.istarbucks.co.kr, %28%EC%A3%BC%29%EC%8A%A4%ED%83%80%EB%B2%85%EC%8A%A4%EC%BB%A4%ED%94%BC+%EC%BD%94%EB%A6%AC%EC%95%84, 
[2019-07-23 13:44:07,959][DEBUG|dayStoreAppParse.py:23] >> SC제일은행 모바일뱅킹, com.scbank.ma30, 금융, SC제일은행, 100000.0, 353.0, 3.7, 100, 16, 16, 9, 42, 2019년 7월 1일, http://www.standardchartered.co.kr, SC%EC%A0%9C%EC%9D%BC%EC%9D%80%ED%96%89, 
[2019-07-23 13:44:24,759][DEBUG|dayStoreAppParse.py:23] >> 롯데 ON - 롯데하이마트, com.himart.main, 쇼핑, Lotte Himart Co.,Ltd, 5000000.0, 10624.0, 3.7, 100, 42, 27, 8, 41, 2019년 7월 22일, http://www.e-himart.co.kr, Lotte+Himart+Co.,Ltd, 
[2019-07-23 13:44:36,973][DEBUG|dayStoreAppParse.py:23] >> 스푼 라디오 - LIVE방송 BJ소통, co.spoonme, 음악/오디오, Spoon Radio_Mykoon, 5000000.0, 82993.0, 4.4, 100, 20, 9, 3, 9, 2019년 7월 22일, http://www.spooncast.net/, Spoon+Radio_Mykoon, 
[2019-07-23 13:44:50,116][DEBUG|dayStoreAppParse.py:23] >> VIBE (바이브), com.naver.vibe, 음악/오디오, NAVER Corp., 1000000.0, 7618.0, 3.3, 100, 43, 32, 22, 70, 2019년 7월 15일, http://www.navercorp.com, , 6225315284672069550
[2019-07-23 13:45:42,819][DEBUG|dayStoreAppParse.py:23] >> 다음 카페 - Daum Cafe, net.daum.android.cafe, 소셜, Kakao Corp., 10000000.0, 67279.0, 3.9, 100, 35, 19, 9, 25, 2019년 7월 15일, http://www.daum.net, Kakao+Corp., 
[2019-07-23 13:45:52,780][DEBUG|dayStoreAppParse.py:23] >> 11번가, com.elevenst, 쇼핑, 11번가(주), 10000000.0, 52541.0, 3.8, 100, 35, 20, 8, 32, 2019년 7월 18일, http://www.11st.co.kr, 11%EB%B2%88%EA%B0%80%28%EC%A3%BC%29, 
[2019-07-23 13:46:03,639][DEBUG|dayStoreAppParse.py:23] >> 지하철 종결자 : Smarter Subway, teamDoppelGanger.SmarterSubway, 지도/내비게이션, TeamDoppelGanger, 10000000.0, 78816.0, 4.3, 100, 18, 8, 4, 11, 2019년 7월 8일, https://www.smartersubway.co.kr/, TeamDoppelGanger, 
[2019-07-23 13:46:12,933][DEBUG|dayStoreAppParse.py:23] >> YouTube Music, com.google.android.apps.youtube.music, 음악/오디오, Google LLC, 100000000.0, 636743.0, 4.0, 100, 19, 10, 6, 23, 2019년 7월 22일, https://music.youtube.com, , 5700313618786177705
[2019-07-23 13:46:22,691][DEBUG|dayStoreAppParse.py:23] >> Zenly - 친한 친구끼리, app.zenly.locator, 소셜, ZENLY, 10000000.0, 49911.0, 4.1, 100, 21, 14, 6, 20, 2019년 7월 18일, http://www.zen.ly, ZENLY, 
[2019-07-23 13:46:34,152][DEBUG|dayStoreAppParse.py:23] >> Discord - 게이머를 위한 메신저, com.discord, 커뮤니케이션, Discord Inc., 50000000.0, 638136.0, 4.5, 100, 13, 5, 2, 7, 2019년 6월 9일, https://discordapp.com, Discord+Inc., 
[2019-07-23 13:46:43,343][DEBUG|dayStoreAppParse.py:23] >> KB국민카드, com.kbcard.kbkookmincard, 금융, KB국민카드, 5000000.0, 43177.0, 3.7, 100, 59, 20, 6, 43, 2019년 7월 15일, http://www.kbcard.com, KB%EA%B5%AD%EB%AF%BC%EC%B9%B4%EB%93%9C, 
[2019-07-23 13:46:53,572][DEBUG|dayStoreAppParse.py:23] >> SBS - 온에어, VOD 7만편 무료, kr.co.sbs.videoplayer, 동영상 플레이어/편집기, SBS I&M Co., Ltd., 5000000.0, 10628.0, 3.7, 100, 25, 18, 8, 40, 2019년 6월 25일, http://www.sbs.co.kr, SBS+I%26M+Co.,+Ltd., 
[2019-07-23 13:47:10,305][DEBUG|dayStoreAppParse.py:23] >> 트립닷컴 - 전 세계 항공권, 호텔, 기차표 & 액티비티 특가 예약, 블록버스터급 여행앱, ctrip.english, 여행 및 지역정보, Trip.com, 5000000.0, 17742.0, 4.1, 100, 27, 10, 3, 20, 2019년 7월 15일, https://www.trip.com/, Trip.com, 
[2019-07-23 13:47:21,739][DEBUG|dayStoreAppParse.py:23] >> 네이버 카페  - Naver Cafe, com.nhn.android.navercafe, 소셜, NAVER Corp., 10000000.0, 97620.0, 3.6, 100, 27, 21, 12, 43, 2019년 7월 19일, http://www.navercorp.com, , 6225315284672069550
[2019-07-23 13:48:57,213][DEBUG|dayStoreAppParse.py:23] >> 뱅크샐러드 - 신경 꺼도 내 돈 관리 (통합 자산관리, 자동 가계부), com.rainist.banksalad2, 금융, Rainist Co., Ltd., 1000000.0, 10638.0, 4.2, 100, 32, 13, 5, 13, 2019년 7월 19일, https://app.banksalad.com, , 6752853482312915779
[2019-07-23 13:49:16,048][DEBUG|dayStoreAppParse.py:23] >> 송가인 노래듣기 - 히트곡, 방송 영상, 최신 공연 영상, com.chsapps.songain, 음악/오디오, JFACTOR, 10000.0, 43.0, 4.6, 100, 0, 5, 0, 7, 2019년 7월 8일, mailto:chsapps32@gmail.com, JFACTOR, 
[2019-07-23 13:49:48,778][DEBUG|dayStoreAppParse.py:23] >> OK캐쉬백 [즐거움이 포인트다], com.skmc.okcashbag.home_google, 라이프스타일, SK Planet (SK플래닛), 10000000.0, 35604.0, 3.7, 100, 38, 24, 12, 40, 2019년 6월 24일, http://www.okcashbag.com, SK+Planet+%28SK%ED%94%8C%EB%9E%98%EB%8B%9B%29, 
[2019-07-23 13:50:07,100][DEBUG|dayStoreAppParse.py:23] >> 하이타이 - 최저가 마사지, 타이마사지, 데이트장소, 무료쿠폰, kr.co.apptube.hitai2, 건강/운동, 앱튜브(Apptube), 500000.0, 26517.0, 5.0, 100, 0, 0, 0, 0, 2019년 6월 28일, http://www.hitai.co.kr, %EC%95%B1%ED%8A%9C%EB%B8%8C%28Apptube%29, 
[2019-07-23 13:50:28,924][DEBUG|dayStoreAppParse.py:23] >> CJmall, com.cjoshppingphone, 쇼핑, CJ ENM, 10000000.0, 22692.0, 3.8, 100, 41, 21, 10, 36, 2019년 7월 18일, http://www.cjmall.com, CJ+ENM, 
[2019-07-23 13:51:06,451][DEBUG|dayStoreAppParse.py:23] >> U+모바일tv-실시간TV,TV다시보기,최신영화, com.uplus.onphone, 동영상 플레이어/편집기, LG유플러스(LG Uplus Corporation), 10000000.0, 71984.0, 3.8, 100, 32, 17, 7, 33, 2019년 6월 20일, http://uplus.co.kr, LG%EC%9C%A0%ED%94%8C%EB%9F%AC%EC%8A%A4%28LG+Uplus+Corporation%29, 
[2019-07-23 13:51:24,889][DEBUG|dayStoreAppParse.py:23] >> SSGPAY - 혜택 위의 혜택, com.ssg.serviceapp.android.egiftcertificate, 금융, SHINSEGAE I&C Inc., 5000000.0, 6880.0, 3.0, 94, 28, 25, 13, 100, 2019년 7월 9일, https://www.ssgpay.com, SHINSEGAE+I%26C+Inc., 
[2019-07-23 13:51:40,377][DEBUG|dayStoreAppParse.py:23] >> 롯데리아, com.cntt.lotteria, 라이프스타일, Lotte Data Communication Company, 1000000.0, 8635.0, 2.5, 51, 11, 12, 9, 100, 2019년 4월 10일, http://www.ldcc.co.kr, Lotte+Data+Communication+Company, 
[2019-07-23 13:51:56,829][DEBUG|dayStoreAppParse.py:23] >> 모든 TV에 대한 원격 제어, com.remote.control.universal.forall.tv, 도구, Background Changer, Eraser & Booth Photo Editor, 10000000.0, 42932.0, 3.2, 100, 14, 11, 5, 83, 2019년 6월 10일, mailto:davidrpetroski@gmail.com, Background+Changer,+Eraser+%26+Booth+Photo+Editor, 
[2019-07-23 13:52:19,222][DEBUG|dayStoreAppParse.py:23] >> 청소연구소 - 가사도우미, 청소, 청소도우미, kr.co.cleaninglab.user, 라이프스타일, CleaningLab, 100000.0, 660.0, 4.2, 100, 10, 5, 3, 19, 2019년 7월 16일, http://www.cleaninglab.co.kr, CleaningLab, 
[2019-07-23 13:52:38,497][DEBUG|dayStoreAppParse.py:23] >> 트립스토어 - No.1 해외패키지여행 가격비교 및 예약, kr.tripstore.tripstore, 여행 및 지역정보, 트립스토어, 1000000.0, 1614.0, 4.3, 100, 36, 11, 3, 12, 2019년 7월 22일, https://m.tripstore.kr, %ED%8A%B8%EB%A6%BD%EC%8A%A4%ED%86%A0%EC%96%B4, 
[2019-07-23 13:52:54,625][DEBUG|dayStoreAppParse.py:23] >> LG SmartThinQ, com.lgeha.nuts, 도구, LG Electronics, Inc., 1000000.0, 38810.0, 3.8, 100, 19, 9, 6, 38, 2019년 6월 11일, http://www.smartthinq.com, , 6033443741999759446
[2019-07-23 13:53:41,017][DEBUG|dayStoreAppParse.py:23] >> 홈쇼핑모아-TV홈쇼핑 편성표, 생방송 알림, 검색, 홈쇼핑방송, com.buzzni.android.subapp.shoppingmoa, 쇼핑, 버즈니(buzzni)-홈쇼핑모아, 5000000.0, 20990.0, 4.3, 100, 37, 11, 3, 8, 2019년 7월 17일, http://www.buzzni.com, %EB%B2%84%EC%A6%88%EB%8B%88%28buzzni%29-%ED%99%88%EC%87%BC%ED%95%91%EB%AA%A8%EC%95%84, 
[2019-07-23 13:53:54,651][DEBUG|dayStoreAppParse.py:23] >> SERIES - 네이버 시리즈, com.nhn.android.nbooks, 도서/참고자료, NAVER WEBTOON CORP., 5000000.0, 29578.0, 3.3, 100, 33, 27, 15, 70, 2019년 7월 22일, https://webtoonscorp.com/, NAVER+WEBTOON+CORP., 
[2019-07-23 13:54:09,188][DEBUG|dayStoreAppParse.py:23] >> 다방-대한민국 부동산 매물 최다보유(원룸 오피스텔 아파트 분양 월세), kr.co.station3.dabang, 부동산/홈 인테리어, Station3, 10000000.0, 24969.0, 4.3, 100, 9, 5, 2, 14, 2019년 7월 9일, http://www.dabangapp.com, Station3, 
[2019-07-23 13:54:31,211][DEBUG|dayStoreAppParse.py:23] >> 아고다(Agoda) - 여행 계획은 아고다와 함께! 숙박 및 항공권을 초특가로 예약하세요, com.agoda.mobile.consumer, 여행 및 지역정보, agoda.com, 10000000.0, 336103.0, 4.6, 100, 33, 5, 1, 4, 2019년 7월 23일, http://www.agoda.com, , 6238151696356560844
[2019-07-23 13:54:48,496][DEBUG|dayStoreAppParse.py:23] >> 홈플러스 더 클럽, kr.co.homeplus.club, 쇼핑, Home plus, 50000.0, 32.0, 4.2, 100, 0, 4, 0, 24, 2019년 7월 22일, mailto:homeplusishift@gmail.com, Home+plus, 
[2019-07-23 13:55:03,989][DEBUG|dayStoreAppParse.py:23] >> 익스피디아 - 항공권, 호텔, 여행 계획, com.expedia.bookings, 여행 및 지역정보, Expedia, 10000000.0, 195483.0, 4.3, 100, 27, 9, 5, 12, 2019년 7월 22일, http://www.mobiata.com/support/expedia/android, , 9168645875493882147
[2019-07-23 13:55:20,220][DEBUG|dayStoreAppParse.py:23] >> PicsArt Color Paint, com.picsart.draw, 엔터테인먼트, PicsArt, 10000000.0, 47967.0, 4.1, 100, 17, 13, 5, 20, 2018년 10월 19일, https://picsart.com, , 5408830062919995155
[2019-07-23 13:55:46,179][DEBUG|dayStoreAppParse.py:23] >> NH콕뱅크, nh.smart.nhcok, 금융, 농협BANK, 5000000.0, 19270.0, 4.3, 100, 25, 8, 4, 14, 2019년 6월 21일, http://www.nonghyup.com, %EB%86%8D%ED%98%91BANK, 
[2019-07-23 13:56:03,864][DEBUG|dayStoreAppParse.py:23] >> 카카오버스, com.astroframe.seoulbus, 지도/내비게이션, Kakao Corporation, 10000000.0, 47754.0, 3.9, 100, 28, 14, 8, 30, 2019년 7월 9일, https://map.kakao.com/info/kakao_bus%20, Kakao+Corporation, 
[2019-07-23 13:56:21,681][DEBUG|dayStoreAppParse.py:23] >> NS홈쇼핑, com.nsmobilehub, 쇼핑, NSMall, 5000000.0, 10495.0, 3.3, 100, 37, 25, 12, 72, 2019년 7월 18일, http://www.nsmall.com, NSMall, 
[2019-07-23 13:56:41,286][DEBUG|dayStoreAppParse.py:23] >> Turbo VPN   VPN &    , free.vpn.unblock.proxy.turbovpn, 도구, Innovative Connecting, 100000000.0, 2911864.0, 4.6, 100, 11, 4, 1, 4, 2019년 7월 19일, http://www.turbovpn.co, Innovative+Connecting, 
[2019-07-23 13:57:49,601][DEBUG|dayStoreAppParse.py:23] >> 호텔스닷컴: 최저가 객실, 호텔, 펜션 리조트를 최고 평점 숙박 어플로 예약하세요, com.hcom.android, 여행 및 지역정보, Hotels.com LP, 10000000.0, 296867.0, 4.5, 100, 41, 6, 1, 4, 2019년 7월 17일, http://www.hotels.com, , 5320296801126709706
[2019-07-23 13:58:08,063][DEBUG|dayStoreAppParse.py:23] >> 날씨 오늘 - 일기 예보 앱 2019, com.bisoft.live.weather, 날씨, Grafibuy, 1000000.0, 9739.0, 4.5, 100, 18, 7, 2, 5, 2019년 7월 10일, http://Grafibuy.com, Grafibuy, 
[2019-07-23 13:58:25,675][DEBUG|dayStoreAppParse.py:23] >> 전국 스마트 버스, teamdoppelganger.smarterbus, 지도/내비게이션, TeamDoppelGanger, 5000000.0, 29693.0, 4.0, 100, 23, 10, 6, 23, 2019년 7월 16일, https://www.smartersubway.co.kr/, TeamDoppelGanger, 
[2019-07-23 13:58:48,222][DEBUG|dayStoreAppParse.py:23] >> WeChat, com.tencent.mm, 커뮤니케이션, WeChat, 100000000.0, 5663542.0, 4.2, 100, 25, 13, 5, 14, 2019년 7월 19일, http://www.wechat.com, WeChat, 
[2019-07-23 13:59:11,769][DEBUG|dayStoreAppParse.py:23] >> 텔레그램 공식 앱 Telegram, org.telegram.messenger, 커뮤니케이션, Telegram FZ-LLC, 100000000.0, 3849788.0, 4.4, 100, 20, 9, 4, 8, 2019년 7월 7일, https://telegram.org, Telegram+FZ-LLC, 
[2019-07-23 13:59:25,679][DEBUG|dayStoreAppParse.py:23] >> 바이오인증 공동앱, org.kftc.fido.lnk.lnk_app, 금융, 금융결제원(KFTC), 1000000.0, 5980.0, 3.7, 100, 48, 35, 11, 36, 2019년 7월 12일, http://www.kftc.or.kr, %EA%B8%88%EC%9C%B5%EA%B2%B0%EC%A0%9C%EC%9B%90%28KFTC%29, 
[2019-07-23 13:59:44,037][DEBUG|dayStoreAppParse.py:23] >> Simply Piano by JoyTunes, com.joytunes.simplypiano, 음악/오디오, JoyTunes, 10000000.0, 171226.0, 4.5, 100, 13, 5, 2, 8, 2019년 7월 18일, https://www.joytunes.com, , 9173704920238080377
[2019-07-23 14:00:01,295][DEBUG|dayStoreAppParse.py:23] >> SK스토아 (SK가 만든 TV쇼핑, SK stoa), sk.com.shopping, 쇼핑, SK스토아, 1000000.0, 831.0, 3.7, 100, 37, 20, 8, 42, 2019년 6월 27일, http://www.skstoa.com, SK%EC%8A%A4%ED%86%A0%EC%95%84, 
[2019-07-23 14:00:23,826][DEBUG|dayStoreAppParse.py:23] >> 마켓컬리-내일의 장보기, com.dbs.kurly.m2, 식음료, (주)컬리, 1000000.0, 1415.0, 3.7, 100, 25, 15, 10, 39, 2019년 7월 10일, http://market.kurly.com/, %28%EC%A3%BC%29%EC%BB%AC%EB%A6%AC, 
[2019-07-23 14:00:39,362][DEBUG|dayStoreAppParse.py:23] >> 날씨 무료, weather.forecast.barometer.storm.radar, 날씨, Dreams Room, 1000000.0, 15138.0, 4.4, 100, 37, 10, 2, 5, 2019년 7월 23일, mailto:panjiaqiong@gmail.com, Dreams+Room, 
[2019-07-23 14:00:53,847][DEBUG|dayStoreAppParse.py:23] >> Akinator, com.digidust.elokence.akinator.freemium, 엔터테인먼트, Elokence, 100000000.0, 2173582.0, 4.3, 100, 17, 9, 3, 12, 2019년 7월 9일, http://www.elokence.com, , 9041369024808341661
[2019-07-23 14:01:11,488][DEBUG|dayStoreAppParse.py:23] >> 모바일지로, kr.or.giro.android, 금융, 금융결제원(KFTC), 1000000.0, 3084.0, 3.0, 90, 31, 19, 14, 100, 2019년 7월 1일, http://www.kftc.or.kr, %EA%B8%88%EC%9C%B5%EA%B2%B0%EC%A0%9C%EC%9B%90%28KFTC%29, 
[2019-07-23 14:02:08,776][DEBUG|dayStoreAppParse.py:23] >> Puffin Web Browser, com.cloudmosa.puffinFree, 커뮤니케이션, CloudMosa, Inc., 50000000.0, 665926.0, 4.2, 100, 17, 10, 4, 15, 2019년 6월 24일, https://www.puffin.com/android/, CloudMosa,+Inc., 
[2019-07-23 14:02:24,328][DEBUG|dayStoreAppParse.py:23] >> Fantastic Face    , com.hy.sfacer, 라이프스타일, VIPTOP DATA LIMITED, 5000000.0, 37439.0, 2.7, 70, 3, 3, 4, 100, 2019년 7월 18일, mailto:facemenow2018@gmail.com, VIPTOP+DATA+LIMITED, 
[2019-07-23 14:02:45,807][DEBUG|dayStoreAppParse.py:23] >> 똑똑계산기 - 무료 다용도 계산기, com.dencreak.dlcalculator, 생산성, Cleveni Inc., 10000000.0, 251279.0, 4.6, 100, 27, 5, 0, 2, 2019년 5월 27일, https://www.facebook.com/CleveniApp/, Cleveni+Inc., 
[2019-07-23 14:03:04,522][DEBUG|dayStoreAppParse.py:23] >> 위피 - 동네 친구가 필요할 때, net.nrise.wippy, 소셜, NRISE,Inc., 500000.0, 7740.0, 3.9, 100, 25, 20, 6, 25, 2019년 7월 17일, https://www.facebook.com/likewippy, NRISE,Inc., 
[2019-07-23 14:03:20,131][DEBUG|dayStoreAppParse.py:23] >> 삼성카드, net.ib.android.smcard, 금융, Samsung Card, 5000000.0, 17031.0, 3.4, 100, 31, 19, 11, 60, 2019년 7월 22일, https://www.samsungcard.com, Samsung+Card, 
[2019-07-23 14:03:38,450][DEBUG|dayStoreAppParse.py:23] >> 스마트위택스, kr.go.wetax.android, 금융, 대한민국 행정안전부, 1000000.0, 1926.0, 3.2, 100, 31, 17, 12, 85, 2019년 6월 25일, http://www.wetax.go.kr, %EB%8C%80%ED%95%9C%EB%AF%BC%EA%B5%AD+%ED%96%89%EC%A0%95%EC%95%88%EC%A0%84%EB%B6%80, 
[2019-07-23 14:03:59,498][DEBUG|dayStoreAppParse.py:23] >> Send Anywhere (파일전송), com.estmob.android.sendanywhere, 생산성, Estmob Inc., 10000000.0, 189049.0, 4.7, 100, 9, 2, 1, 4, 2019년 7월 18일, https://send-anywhere.com, , 8562762884556568779
[2019-07-23 14:04:13,134][DEBUG|dayStoreAppParse.py:23] >> 키네마스터(KineMaster) - 동영상 편집기, com.nexstreaming.app.kinemasterfree, 동영상 플레이어/편집기, KineMaster Corporation, 100000000.0, 1743204.0, 4.5, 100, 15, 7, 2, 7, 2019년 7월 12일, http://www.kinemaster.com, KineMaster+Corporation, 
[2019-07-23 14:04:33,054][DEBUG|dayStoreAppParse.py:23] >> 음악무료다운 무료 라이센스 MP3 곡, 라디오, 노래모음 MP3, 유튜브 무료음악듣기, com.atpc, 음악/오디오, Best Free Music Player Apps, 50000000.0, 259992.0, 4.3, 100, 15, 7, 2, 15, 2019년 7월 16일, http://atplayer.com, , 6577981237362163650
[2019-07-23 14:04:55,472][DEBUG|dayStoreAppParse.py:23] >> PicsArt Photo Studio: 콜라쥬 메이커 & 사진 에디터, com.picsart.studio, 사진, PicsArt, 500000000.0, 8492249.0, 4.5, 100, 20, 8, 3, 6, 2019년 7월 18일, https://picsart.com, , 5408830062919995155
[2019-07-23 14:06:04,346][DEBUG|dayStoreAppParse.py:23] >> Grab - Transport, Food Delivery, Payments, com.grabtaxi.passenger, 지도/내비게이션, Grab Holdings, 100000000.0, 3954919.0, 4.5, 100, 15, 6, 2, 7, 2019년 7월 19일, https://grab.com, Grab+Holdings, 
[2019-07-23 14:06:22,780][DEBUG|dayStoreAppParse.py:23] >> Test Master - Grown Up, 미래모습, 얼굴 노화, 종려 스캔, com.tq.master, 라이프스타일, Test Master Studios, 100000.0, 989.0, 2.6, 64, 7, 5, 2, 100, 2019년 7월 18일, mailto:tqmaster2019@gmail.com, Test+Master+Studios, 
[2019-07-23 14:06:41,436][DEBUG|dayStoreAppParse.py:23] >> 스카이스캐너-항공권,호텔,렌터카 최저가 비교 예약, net.skyscanner.android.main, 여행 및 지역정보, Skyscanner Ltd, 10000000.0, 616744.0, 4.6, 100, 32, 4, 1, 3, 2019년 7월 16일, https://www.skyscanner.net, , 6030117397513680821
[2019-07-23 14:06:58,077][DEBUG|dayStoreAppParse.py:23] >> 뱃살 빼기 - 30일만에 체중 감량, 남성을 위한 체중 감량, menloseweight.loseweightappformen.weightlossformen, 건강/운동, Leap Fitness Group, 5000000.0, 35533.0, 4.8, 100, 7, 2, 0, 2, 2019년 7월 12일, mailto:northpark.android@gmail.com, Leap+Fitness+Group, 
[2019-07-23 14:07:12,801][DEBUG|dayStoreAppParse.py:23] >> 롯데백화점, com.innov.lottecoupon, 쇼핑, 롯데쇼핑, 1000000.0, 5368.0, 3.8, 100, 29, 17, 9, 31, 2019년 6월 27일, http://store.lotteshopping.com, %EB%A1%AF%EB%8D%B0%EC%87%BC%ED%95%91, 
[2019-07-23 14:07:30,381][DEBUG|dayStoreAppParse.py:23] >> 캐치잇 잉글리시 : 게임보다 쉬운 영어 학습, com.nxc.catchitenglishbasic.google, 교육, CatchItPlay, 500000.0, 38078.0, 4.6, 100, 36, 7, 1, 1, 2019년 7월 22일, http://catchitplay.com, CatchItPlay, 
[2019-07-23 14:07:46,278][DEBUG|dayStoreAppParse.py:23] >> @picn2k camera (피크닉 카메라), eyu.on.pica, 사진, 2U, 1000.0, 227.0, 4.6, 100, 17, 6, 1, 4, 2019년 7월 6일, https://www.instagram.com/picn2k, 2U, 
[2019-07-23 14:08:04,029][DEBUG|dayStoreAppParse.py:23] >> 유니콘:광고차단 필수 애드블록, kr.co.lylstudio.unicorn, 생산성, LYL Studio, 100000.0, 7311.0, 4.4, 100, 12, 7, 4, 10, 2019년 4월 23일, http://www.unicorn-adblock.com, LYL+Studio, 
[2019-07-23 14:08:18,513][DEBUG|dayStoreAppParse.py:23] >> 갓피플성경, com.godpeople.GPBIBLE, 도서/참고자료, GODpeople, LTD, 100000.0, 3958.0, 4.5, 100, 22, 8, 2, 4, 2019년 7월 19일, http://www.godpeople.com, GODpeople,+LTD, 
[2019-07-23 14:08:34,647][DEBUG|dayStoreAppParse.py:23] >> SOVS - 촬영부탁 필수앱, me.sovs.sovs, 사진, SOVS Co., Ltd., 10000.0, 154.0, 3.5, 100, 38, 35, 22, 51, 2019년 6월 17일, http://www.facebook.com/sovsofficial, SOVS+Co.,+Ltd., 
[2019-07-23 14:08:56,982][DEBUG|dayStoreAppParse.py:23] >> nPlayer, com.newin.nplayer.pro, 동영상 플레이어/편집기, Newin Inc., 10000.0, 1676.0, 4.0, 100, 34, 19, 9, 21, 2019년 6월 28일, http://www.nplayer.com/, Newin+Inc., 
[2019-07-23 14:10:27,672][DEBUG|dayStoreAppParse.py:23] >> MX 플레이어 Pro, com.mxtech.videoplayer.pro, 동영상 플레이어/편집기, J2 Interactive, 1000000.0, 111694.0, 4.7, 100, 10, 2, 1, 3, 2019년 6월 27일, https://sites.google.com/site/mxvpen/, J2+Interactive, 
[2019-07-23 14:11:00,505][DEBUG|dayStoreAppParse.py:23] >> Tweet2gif Plus, org.trecet.nowhere.tweet2gif.plus, 도구, Naevtamarkus, 5000.0, 503.0, 4.2, 100, 31, 8, 6, 17, 2019년 7월 22일, mailto:naevtamarkus@gmail.com, Naevtamarkus, 
[2019-07-23 14:11:25,177][DEBUG|dayStoreAppParse.py:23] >> Puffin Browser Pro, com.cloudmosa.puffin, 커뮤니케이션, CloudMosa, Inc., 100000.0, 19835.0, 4.0, 100, 25, 13, 8, 20, 2019년 5월 10일, http://www.puffinbrowser.com/, CloudMosa,+Inc., 
[2019-07-23 14:11:46,989][DEBUG|dayStoreAppParse.py:23] >> LectureNotes, com.acadoid.lecturenotes, 생산성, Acadoid Developer, 100000.0, 8298.0, 4.7, 100, 19, 3, 1, 1, 2019년 6월 29일, https://www.acadoid.com/, , 5446342743455293164
[2019-07-23 14:12:45,039][DEBUG|dayStoreAppParse.py:27] >> 어린이를 위한 그리기! 점선 따라 그리기!, com.binibambini.Mini, 교육, Bini Bambini Academy, 100000.0, 6934.0, 4.7, 100, 17, 4, 1, 3, 2018년 8월 23일, None, , 5493827619333849158
[2019-07-23 14:13:04,044][DEBUG|dayStoreAppParse.py:23] >> Torrent Pro - Torrent App, com.utorrent.client.pro, 동영상 플레이어/편집기, BitTorrent, Inc., 100000.0, 27643.0, 4.6, 100, 15, 3, 2, 6, 2019년 6월 28일, http://www.utorrent.com/, BitTorrent,+Inc., 
[2019-07-23 14:13:25,433][DEBUG|dayStoreAppParse.py:23] >> 토익 PART5 종결자, com.hs.toeic5finish, 교육, HS soft, 1000.0, 104.0, 4.8, 100, 6, 4, 1, 1, 2019년 7월 21일, mailto:jinglish21@daum.net, , 8935304812954518879
[2019-07-23 14:13:50,656][DEBUG|dayStoreAppParse.py:23] >> 무음모드 (순정 무음카메라), com.choco.silentmode, 도구, GazamiSoftware, 100000.0, 1206.0, 4.7, 100, 11, 4, 1, 3, 2019년 1월 6일, https://goo.gl/bzKi1T, GazamiSoftware, 
[2019-07-23 14:14:18,836][DEBUG|dayStoreAppParse.py:23] >> Dokk OS 2, com.printedpropshop.dokkos2, 엔터테인먼트, beadybiddle, 10000.0, 845.0, 4.3, 100, 23, 12, 4, 9, 2019년 6월 23일, http://www.printedpropshop.com, beadybiddle, 
[2019-07-23 14:14:38,684][DEBUG|dayStoreAppParse.py:23] >> Hi-Fi Status(LG), com.apptrio.hi_fi_status, 음악/오디오, App Trio, 10000.0, 968.0, 4.8, 100, 6, 2, 1, 2, 2018년 5월 31일, mailto:apptriohelp@gmail.com, , 7980043509581610980
[2019-07-23 14:15:02,657][DEBUG|dayStoreAppParse.py:23] >> 한컴오피스 한글 2014, com.hancom.office.hwp.editor.hwp_apk.gplaystore, 비즈니스, Hancom Inc., 10000.0, 685.0, 2.6, 49, 30, 49, 40, 100, 2018년 11월 6일, http://www.hancom.com, Hancom+Inc., 
[2019-07-23 14:16:47,332][DEBUG|dayStoreAppParse.py:23] >> Game Booster  4x Faster (with advance settings), com.fenixx.gameboosterplus, 도구, G19 Mobile, 50000.0, 7111.0, 4.4, 100, 18, 9, 2, 10, 2019년 5월 18일, mailto:fenixx.h19.publish@gmail.com, G19+Mobile, 
[2019-07-23 14:17:13,367][DEBUG|dayStoreAppParse.py:23] >> 데이그램 - 하루 한줄 일기장, net.saltycrackers.daygram, 라이프스타일, SaltyCrackers Co., Ltd., 100000.0, 4075.0, 4.4, 100, 29, 10, 3, 8, 2018년 3월 1일, https://www.daygram.today, SaltyCrackers+Co.,+Ltd., 
[2019-07-23 14:17:32,895][DEBUG|dayStoreAppParse.py:23] >> Nova Launcher Prime, com.teslacoilsw.launcher.prime, 맞춤 설정, TeslaCoil Software, 1000000.0, 320282.0, 4.8, 100, 10, 2, 0, 1, 2019년 1월 18일, http://novalauncher.com, TeslaCoil+Software, 
[2019-07-23 14:17:51,486][DEBUG|dayStoreAppParse.py:23] >> 심플 갤러리 Pro, com.simplemobiletools.gallery.pro, 사진, Simple Mobile Tools, 100000.0, 14781.0, 4.6, 100, 15, 4, 1, 3, 2019년 7월 15일, https://simplemobiletools.com, , 9070296388022589266
[2019-07-23 14:18:15,488][DEBUG|dayStoreAppParse.py:23] >> 구닥, com.screwbar.gudakcamera, 사진, Screw Bar Inc., 10000.0, 926.0, 3.0, 100, 30, 47, 45, 95, 2019년 3월 3일, http://www.screw-bar.com, Screw+Bar+Inc., 
[2019-07-23 14:18:40,172][DEBUG|dayStoreAppParse.py:23] >> CCSWE App Manager Pro License, com.ccswe.appmanagerpro, 도구, Cory Charlton, 1000.0, 36.0, 4.6, 100, 6, 6, 0, 6, 2019년 6월 25일, http://www.ccswe.com, , 8651193632568356628
[2019-07-23 14:19:14,119][DEBUG|dayStoreAppParse.py:23] >> AirBuds Popup - airpod battery app (1st gen), kr.pe.designerj.airbudspopup, 음악/오디오, Designer J, 10000.0, 533.0, 3.9, 100, 27, 12, 10, 28, 2019년 4월 23일, mailto:designerj.pe.kr@gmail.com, , 6847519359581661131
[2019-07-23 14:19:38,526][DEBUG|dayStoreAppParse.py:23] >> Word master 워드마스터 수능 2000(18개정), com.etoos.wordmaster.sat20002018, 교육, 이투스북, 1000.0, 50.0, 4.1, 100, 28, 35, 3, 10, 2019년 1월 30일, http://www.etoosbook.com/, %EC%9D%B4%ED%88%AC%EC%8A%A4%EB%B6%81, 
[2019-07-23 14:19:58,369][DEBUG|dayStoreAppParse.py:23] >> Word Master 워드마스터 중등 고난도(개정), com.etoos.wordmaster.midhighlevel2016, 교육, 이투스북, 1000.0, 50.0, 3.9, 100, 5, 5, 0, 35, 2019년 7월 18일, http://www.etoosbook.com/, %EC%9D%B4%ED%88%AC%EC%8A%A4%EB%B6%81, 
[2019-07-23 14:20:24,852][DEBUG|dayStoreAppParse.py:23] >> Tasker, net.dinglisch.android.taskerm, 도구, joaomgcd, 1000000.0, 44965.0, 4.6, 100, 17, 5, 2, 5, 2019년 5월 13일, https://tasker.joaoapps.com/dl, , 8102570190170276456
[2019-07-23 14:20:53,572][DEBUG|dayStoreAppParse.py:23] >> USB Audio Player PRO, com.extreamsd.usbaudioplayerpro, 음악/오디오, eXtream Software Development, 50000.0, 5018.0, 4.4, 100, 24, 9, 4, 7, 2019년 7월 14일, https://www.extreamsd.com, eXtream+Software+Development, 
[2019-07-23 14:23:07,149][DEBUG|dayStoreAppParse.py:23] >> 터치매크로-자동터치, com.jake.TouchMacro, 도구, Kim and Yang, 10000.0, 732.0, 3.1, 100, 30, 41, 20, 86, 2018년 11월 20일, mailto:touchmacroteam@gmail.com, Kim+and+Yang, 
[2019-07-23 14:23:29,449][DEBUG|dayStoreAppParse.py:23] >> 픽테일 - Limited Edition, com.jpbrothers.android.pictail.sub6, 사진, JP Brothers, Inc., 500000.0, 4740.0, 4.7, 100, 13, 5, 1, 3, 2019년 6월 27일, http://www.jp-brothers.com, , 7489105120650111643
[2019-07-23 14:24:02,932][DEBUG|dayStoreAppParse.py:23] >> Aa십육살™ 한국어 Flipfont, com.monotype.android.font.aa16yearsold, 맞춤 설정, Monotype Imaging Inc., 5000.0, 381.0, 3.7, 100, 12, 10, 7, 43, 2015년 3월 11일, http://www.flipfont.mobi, , 4728843905962363624
[2019-07-23 14:24:26,093][DEBUG|dayStoreAppParse.py:23] >> 아라-만화뷰어,텍스트뷰어,스캔뷰어,소설뷰어, noad.geulga, 만화, 마루치아라치, 5000.0, 738.0, 4.8, 100, 11, 2, 1, 1, 2019년 7월 6일, http://blog.naver.com/marooarar, , 6369330086410190615
[2019-07-23 14:25:03,437][DEBUG|dayStoreAppParse.py:23] >> 책꽂이+ (독서기록, 도서관리), com.irmavep.app.libro, 도서/참고자료, irmavepdev, 10000.0, 843.0, 4.7, 100, 22, 3, 1, 2, 2019년 6월 22일, http://irmavepdev.blogspot.kr/search/label/%EC%B1%85%EA%BD%82%EC%9D%B4, irmavepdev, 
[2019-07-23 14:25:42,836][DEBUG|dayStoreAppParse.py:23] >> Torque Pro (OBD2 / 자동차), org.prowl.torque, 커뮤니케이션, Ian Hawkins, 1000000.0, 58052.0, 4.4, 100, 21, 6, 3, 8, 2018년 10월 31일, http://torque-bhp.com/, Ian+Hawkins, 
[2019-07-23 14:26:30,426][DEBUG|dayStoreAppParse.py:23] >> Poweramp Full Version Unlocker, com.maxmpz.audioplayer.unlock, 음악/오디오, Max MP, 1000000.0, 254600.0, 4.5, 100, 12, 4, 3, 7, 2018년 12월 6일, http://powerampapp.com, Max+MP, 
[2019-07-23 14:26:59,551][DEBUG|dayStoreAppParse.py:23] >> 무음모드Pro, jp.snowlife01.android.mutecamera, 사진, HDM Dev Team, 10000.0, 388.0, 4.7, 100, 11, 2, 2, 4, 2019년 7월 8일, mailto:ifeeqp2002@gmail.com, , 8144560920157160997
[2019-07-23 14:27:24,034][DEBUG|dayStoreAppParse.py:23] >> 휴가중이다 시바 - 카카오톡 테마, com.kakao.talk.theme.SummerShiba, 커뮤니케이션, AB Studio Inc., 100.0, 6.0, 5.0, 100, 0, 0, 0, 0, 2019년 5월 11일, http://abstudio.kr, AB+Studio+Inc., 
[2019-07-23 14:27:52,079][DEBUG|dayStoreAppParse.py:23] >> Aa너구리굴림™ 한국어 Flipfont, com.monotype.android.font.aaracoongulim, 맞춤 설정, Monotype Imaging Inc., 10000.0, 654.0, 3.9, 100, 7, 11, 3, 33, 2015년 2월 10일, http://www.monotypeimaging.com/productsservices/Flipfont.aspx, , 4728843905962363624
[2019-07-23 14:30:07,019][DEBUG|dayStoreAppParse.py:23] >> 노트 카톡테마 - 심플 카톡테마 8.0.0, com.tistory.es1015.kakao.theme.check2, 엔터테인먼트, 은수우우, 1000.0, 15.0, 4.7, 100, 8, 16, 0, 0, 2018년 10월 12일, http://blog.naver.com/0062dmstn, %EC%9D%80%EC%88%98%EC%9A%B0%EC%9A%B0, 
[2019-07-23 14:30:39,170][DEBUG|dayStoreAppParse.py:23] >> 비밀녹음 프로 (Secret Recorder Pro) - 녹음기, 강의녹음, 몰래녹음, com.skydoves.secretreocder, 도구, skydoves, 1000.0, 59.0, 3.8, 100, 60, 32, 8, 36, 2019년 7월 9일, mailto:skydoves@naver.com, skydoves, 
[2019-07-23 14:31:12,480][DEBUG|dayStoreAppParse.py:23] >> CamScanner (License), com.intsig.lic.camscanner, 생산성, INTSIG, 500000.0, 28388.0, 4.4, 100, 24, 6, 3, 10, 2014년 1월 17일, http://www.camscanner.net, INTSIG, 
[2019-07-23 14:31:45,240][DEBUG|dayStoreAppParse.py:23] >> 큰별쌤 개념 한국사, com.elsebook.koreanhistory, 교육, 별책, 10000.0, 579.0, 4.8, 100, 12, 1, 0, 1, 2018년 4월 12일, http://byeol.co, , 6914151766505404284
[2019-07-23 14:32:09,425][DEBUG|dayStoreAppParse.py:23] >> Magic DosBox, bruenor.magicbox, 도구, bruenor, 10000.0, 686.0, 4.8, 100, 9, 2, 0, 1, 2019년 4월 5일, http://imejl.sk, bruenor, 
[2019-07-23 14:32:44,432][DEBUG|dayStoreAppParse.py:23] >> 네이버 15개국 글로벌회화 Plus-언어별 4000문장, com.nhn.android.phrasebookplus, 교육, NAVER Corp., 10000.0, 1132.0, 4.3, 100, 47, 11, 3, 7, 2019년 1월 23일, http://www.navercorp.com, , 6225315284672069550
[2019-07-23 14:33:07,625][DEBUG|dayStoreAppParse.py:23] >> 지피지기 (사주,운세,궁합,토정비결,이름,해몽), com.softchaser.iKnowYouP, 라이프스타일, sajulink, 10000.0, 343.0, 3.9, 100, 36, 23, 6, 27, 2019년 3월 24일, http://sajulink.com, sajulink, 
[2019-07-23 14:33:27,133][DEBUG|dayStoreAppParse.py:23] >> 오룩스맵 도네이트, com.orux.oruxmapsDonate, 여행 및 지역정보, jose vazquez, 100000.0, 4042.0, 4.7, 100, 10, 2, 1, 4, 2019년 5월 29일, http://oruxmaps.com, , 5331330045184676855
[2019-07-23 14:33:46,937][DEBUG|dayStoreAppParse.py:23] >> VivaVideo PRO 비디오 편집 HD, com.quvideo.xiaoying.pro, 동영상 플레이어/편집기, QuVideo Inc. Best Video Editor & Video Maker App, 500000.0, 100462.0, 4.6, 100, 17, 5, 2, 5, 2019년 7월 19일, http://www.vivavideo.tv, , 8999952960853938956
[2019-07-23 14:34:06,482][DEBUG|dayStoreAppParse.py:23] >> HD 카메라 PRO  : 최고의 전문 카메라 응용 프로그램, com.intermedia.hd.camera.pro, 사진, Intermedia Inc., 100000.0, 5166.0, 4.4, 100, 20, 6, 3, 8, 2019년 3월 13일, mailto:intermedia.inc@gmx.com, , 5910680070765708570
[2019-07-23 14:34:29,724][DEBUG|dayStoreAppParse.py:23] >> Flashcards Deluxe, com.orangeorapple.flashcards, 교육, OrangeOrApple.com, 50000.0, 1770.0, 4.6, 100, 15, 4, 2, 5, 2019년 7월 20일, http://orangeorapple.com, OrangeOrApple.com, 
[2019-07-23 14:35:36,152][DEBUG|dayStoreAppParse.py:23] >> Word Master 워드마스터 중등 실력, com.etoos.wordmaster.midskill2016, 교육, 이투스북, 1000.0, 66.0, 3.9, 100, 32, 10, 5, 29, 2019년 7월 22일, http://www.etoosbook.com/, %EC%9D%B4%ED%88%AC%EC%8A%A4%EB%B6%81, 
[2019-07-23 14:35:51,852][DEBUG|dayStoreAppParse.py:23] >> 영화보며 영어공부 - 배속재생 미플레이어무비프로 어학용 동영상 플레이어, com.mesoft.meplayer, 교육, MEsoft, 10000.0, 535.0, 4.3, 100, 30, 15, 7, 7, 2019년 7월 14일, mailto:mesoft.kjh@gmail.com, MEsoft, 
[2019-07-23 14:36:07,791][DEBUG|dayStoreAppParse.py:23] >> Watch Face -WatchMaker Premium for Android Wear OS, slide.watchFrenzy.premium, 맞춤 설정, androidslide, 100000.0, 25358.0, 4.4, 100, 30, 6, 3, 8, 2017년 6월 14일, https://getwatchmaker.com/, , 8210063275497266236
[2019-07-23 14:36:27,127][DEBUG|dayStoreAppParse.py:23] >> 반네온 카톡테마 - 심플 카톡테마, com.tistory.es1015.kakao.theme.halgneon, 엔터테인먼트, 은수우우, 500.0, 6.0, 5.0, 100, 0, 0, 0, 0, 2018년 10월 18일, http://blog.naver.com/0062dmstn, %EC%9D%80%EC%88%98%EC%9A%B0%EC%9A%B0, 
[2019-07-23 14:36:46,817][DEBUG|dayStoreAppParse.py:23] >> AlpineQuest Off-Road Explorer, psyberia.alpinequest.full, 여행 및 지역정보, Psyberia, 50000.0, 4557.0, 4.7, 100, 19, 3, 1, 2, 2019년 7월 5일, https://www.alpinequest.net/, Psyberia, 
[2019-07-23 14:37:17,880][DEBUG|dayStoreAppParse.py:23] >> DiskDigger Pro file recovery, com.defianttech.diskdiggerpro, 도구, Defiant Technologies, LLC, 100000.0, 2539.0, 2.8, 79, 18, 15, 12, 100, 2019년 7월 9일, http://diskdigger.org/android, Defiant+Technologies,+LLC, 
[2019-07-23 14:37:41,763][DEBUG|dayStoreAppParse.py:23] >> JC 한국 라디오 Premium, org.androidtown.jckoreanradio, 음악/오디오, JC Music, 100.0, 49.0, 4.9, 100, 6, 0, 0, 0, 2019년 7월 21일, mailto:jcmusicservicecenter@gmail.com, JC+Music, 
[2019-07-23 14:38:04,836][DEBUG|dayStoreAppParse.py:23] >> FocusTimer Pro - 공부 습관이 바뀌는 앱, com.realnumworks.focustimerpro, 생산성, Real Number Works, 50000.0, 1512.0, 4.4, 100, 30, 8, 3, 5, 2019년 5월 3일, http://www.realnumworks.com, Real+Number+Works, 
[2019-07-23 14:38:25,583][DEBUG|dayStoreAppParse.py:23] >> 365홀딱반했어™ 한국어 Flipfont, com.monotype.android.font.enamored365, 맞춤 설정, Monotype Imaging Inc., 5000.0, 215.0, 3.9, 100, 13, 9, 6, 28, 2015년 5월 7일, http://www.flipfont.mobi, , 4728843905962363624
[2019-07-23 14:38:48,165][DEBUG|dayStoreAppParse.py:23] >> YBM 올인올 영한영 플러스 사전, com.daolsoft.ybmeke, 도서/참고자료, DaolSoft, Co., Ltd., 10000.0, 472.0, 4.0, 100, 47, 23, 14, 17, 2018년 9월 4일, http://daolsoft.com/bbsDir/board.php?bo_table=iphone_zone&wr_id=88&sfl=wr_8&stx=android, , 5123724825720990510
[2019-07-23 14:39:05,347][DEBUG|dayStoreAppParse.py:23] >> 편한가계부 (+음성, PC), com.realbyteapps.moneya, 금융, Realbyte Inc., 50000.0, 10031.0, 4.7, 100, 21, 3, 1, 2, 2019년 6월 26일, http://realbyteapps.com, Realbyte+Inc., 
[2019-07-23 14:40:56,640][DEBUG|dayStoreAppParse.py:23] >> 동영상 플레이어 KM Pro - HD Player, 4K 비디오 플레이어, 코덱, 자막, com.kmplayerpro, 동영상 플레이어/편집기, PANDORA.TV, 100000.0, 7847.0, 4.3, 100, 27, 11, 4, 10, 2019년 6월 19일, http://www.kmplayer.com, , 7605759772428498531
[2019-07-23 14:41:23,350][DEBUG|dayStoreAppParse.py:23] >> Word master 워드마스터 수능 2000(개정), com.etoos.wordmaster.sat20002016, 교육, 이투스북, 5000.0, 378.0, 4.5, 100, 29, 8, 3, 3, 2019년 7월 22일, http://www.etoosbook.com/, %EC%9D%B4%ED%88%AC%EC%8A%A4%EB%B6%81, 
[2019-07-23 14:41:54,801][DEBUG|dayStoreAppParse.py:23] >> 프라임 영한한영사전, com.doosandonga.app.dictionary.primeengkor, 도서/참고자료, Dong-A publishing co., ltd, 10000.0, 901.0, 3.8, 100, 37, 19, 8, 32, 2017년 7월 3일, http://www.dongapublishing.com, Dong-A+publishing+co.,+ltd, 
[2019-07-23 14:42:20,339][DEBUG|dayStoreAppParse.py:23] >> CamCard (명함스캐너 한글 한자 일어 동시인식), com.intsig.BizCardReader, 비즈니스, INTSIG, 100000.0, 11847.0, 4.3, 100, 37, 11, 4, 9, 2019년 5월 11일, http://www.camcard.com, INTSIG, 
[2019-07-23 14:42:41,769][DEBUG|dayStoreAppParse.py:23] >>   (  ), com.kmshack.mute, 사진, MIN Studio, 50000.0, 729.0, 4.2, 100, 19, 10, 5, 15, 2019년 3월 6일, mailto:kmshack@naver.com, , 7856146117568341459
[2019-07-23 14:42:59,086][DEBUG|dayStoreAppParse.py:23] >> 아기 울음 알리미 (아기 수면 모니터 & 알람 & 자장가), com.jb.babycrying_paid, 출산/육아, YuRimpapa, 1000.0, 27.0, 4.1, 100, 23, 11, 5, 17, 2019년 7월 1일, http://blog.naver.com/hicracks, YuRimpapa, 
[2019-07-23 14:43:28,060][DEBUG|dayStoreAppParse.py:23] >> Guitar Pro, com.arobasmusic.guitarpro, 음악/오디오, Arobas Music, 100000.0, 9525.0, 4.3, 100, 40, 12, 6, 10, 2019년 6월 27일, https://www.guitar-pro.com, Arobas+Music, 
[2019-07-23 14:43:55,304][DEBUG|dayStoreAppParse.py:23] >> 카테만 PRO - 카카오톡 테마 만들기, net.headnum.kream.ktm.unlocker, 맞춤 설정, mave, 50000.0, 7175.0, 4.4, 100, 25, 11, 2, 7, 2014년 12월 9일, mailto:kakaothememaker@gmail.com, mave, 
[2019-07-23 14:44:29,907][DEBUG|dayStoreAppParse.py:23] >> Panda Game Booster & GFX Tool for Battleground, com.panda.gamebooster, 도구, Panda Gaming Studio, 100000.0, 6201.0, 4.7, 100, 7, 3, 0, 3, 2019년 6월 24일, mailto:feedback@octopusgame.com, Panda+Gaming+Studio, 
[2019-07-23 14:45:04,452][DEBUG|dayStoreAppParse.py:23] >> Word Master 워드마스터 고등 BASIC, com.etoos.wordmaster.highbasic2016, 교육, 이투스북, 1000.0, 42.0, 4.5, 100, 35, 10, 0, 3, 2019년 7월 22일, http://www.etoosbook.com/, %EC%9D%B4%ED%88%AC%EC%8A%A4%EB%B6%81, 
[2019-07-23 14:47:14,207][DEBUG|dayStoreAppParse.py:23] >> 단숨 일본어한자 (일본어 상용한자), com.limeberry.dansoomhanja, 교육, LimeBerry, 100.0, 20.0, 5.0, 100, 0, 0, 0, 0, 2019년 5월 9일, http://dansoomhanja.tistory.com/, LimeBerry, 
[2019-07-23 14:47:40,562][DEBUG|dayStoreAppParse.py:23] >> PUB Gfx+ Tool:#1 GFX Tool(with advance settings), inc.trilokia.pubgfxtool, 도구, Trilokia Inc., 50000.0, 14024.0, 4.5, 100, 14, 6, 2, 6, 2019년 7월 16일, http://trilokiainc.com/, , 4898227705286580329
[2019-07-23 14:47:59,365][DEBUG|dayStoreAppParse.py:23] >> 손금 진단, jp.co.unbalance.tesou_ko, 엔터테인먼트, UNBALANCE Corporation, 1000.0, 43.0, 2.0, 26, 7, 11, 19, 100, 2017년 2월 20일, http://www.unbalance.co.jp/korean/, , 5973402057352547106
[2019-07-23 14:48:22,310][DEBUG|dayStoreAppParse.py:23] >> 현대사주 - 현대인을 위한 사주풀이 백과, kr.review.lifesaju, 라이프스타일, 행복리뷰, 1000.0, 17.0, 3.5, 100, 42, 42, 0, 57, 2018년 10월 16일, http://review.kr, %ED%96%89%EB%B3%B5%EB%A6%AC%EB%B7%B0, 
[2019-07-23 14:48:38,716][DEBUG|dayStoreAppParse.py:23] >> SD Maid Pro - 언락커, eu.thedarken.sdm.unlocker, 도구, darken, 500000.0, 27249.0, 4.7, 100, 14, 3, 1, 3, 2019년 7월 19일, http://darken.eu, darken, 
[2019-07-23 14:49:36,503][DEBUG|dayStoreAppParse.py:23] >> 제트오디오 플러스 - 고해상도 음원 재생 뮤직 플레이어, com.jetappfactory.jetaudioplus, 음악/오디오, Team Jet, 100000.0, 16885.0, 4.4, 100, 23, 10, 5, 9, 2019년 7월 2일, https://www.facebook.com/jetappfactory, Team+Jet, 
[2019-07-23 14:50:02,444][DEBUG|dayStoreAppParse.py:23] >> 한글 달인 - 맞춤법 공부, com.elsebook.handal, 교육, 별책, 10000.0, 1251.0, 4.9, 100, 9, 0, 0, 1, 2019년 6월 8일, http://byeol.co, , 6914151766505404284
[2019-07-23 14:50:36,374][DEBUG|dayStoreAppParse.py:23] >> FRep Unlock Key, com.x0.strai.frepkey, 생산성, strAI, 10000.0, 641.0, 3.6, 100, 19, 14, 6, 51, 2018년 7월 9일, http://strai.x0.com, strAI, 
[2019-07-23 14:51:07,530][DEBUG|dayStoreAppParse.py:23] >> Aa설렘주의™ 한국어 Flipfont, com.monotype.android.font.aaflutter, 맞춤 설정, Monotype Imaging Inc., 10000.0, 356.0, 3.6, 100, 23, 16, 10, 48, 2016년 4월 14일, http://www.flipfont.mobi, , 4728843905962363624
[2019-07-23 14:51:40,783][DEBUG|dayStoreAppParse.py:23] >> 화면회전 pro, jjong.kim.rotationcontrol_pro, 도구, Evan Soft, 1000.0, 37.0, 4.4, 100, 15, 19, 0, 7, 2019년 6월 7일, mailto:sjkim002@gmail.com, Evan+Soft, 
[2019-07-23 14:52:06,912][DEBUG|dayStoreAppParse.py:23] >> 2019 점신PRO : 오늘의 운세, 사주의 완전판, handasoft.mobile.divination_pro, 라이프스타일, HANDASOFT Corp., 10000.0, 3080.0, 4.4, 100, 31, 10, 3, 7, 2019년 6월 24일, http://www.jeomsin.co.kr, , 8137088031924480292
[2019-07-23 14:53:53,382][DEBUG|dayStoreAppParse.py:27] >> Stellarium Mobile 하늘지도, com.noctuasoftware.stellarium, 교육, Noctua Software, 100000.0, 9816.0, 4.5, 100, 19, 5, 2, 6, 2019년 3월 21일, None, , 4632858392244702223
[2019-07-23 14:54:15,770][DEBUG|dayStoreAppParse.py:23] >> Word Master 워드마스터 중등 기초, com.etoos.wordmaster.midbasic2016, 교육, 이투스북, 1000.0, 35.0, 4.2, 100, 22, 22, 0, 13, 2019년 7월 18일, http://www.etoosbook.com/, %EC%9D%B4%ED%88%AC%EC%8A%A4%EB%B6%81, 
[2019-07-23 14:55:03,004][DEBUG|dayStoreAppParse.py:23] >> POPdiary+ : 일기, 다이어리, com.enex2.popdiary, 생산성, enex, 1000.0, 185.0, 4.6, 100, 32, 3, 0, 3, 2019년 7월 18일, mailto:enex.popdiary@gmail.com, enex, 
[2019-07-23 14:55:28,194][DEBUG|dayStoreAppParse.py:23] >> 우와! - 화면을 깨고 동전이 나오는 마술앱!, com.nicky.jiung.domagic, 엔터테인먼트, Nickymagicstudio, 10000.0, 1127.0, 4.5, 100, 4, 3, 2, 11, 2018년 10월 15일, https://www.youtube.com/channel/UC2qjHK7wWxzb8mF9lgf7uXQ, Nickymagicstudio, 
[2019-07-23 14:55:52,264][DEBUG|dayStoreAppParse.py:23] >> Moon+ Reader Pro, com.flyersoft.moonreaderp, 도서/참고자료, Moon+, 500000.0, 94158.0, 4.6, 100, 21, 4, 1, 2, 2019년 6월 2일, http://moondownload.com, Moon%2B, 
[2019-07-23 14:56:24,677][DEBUG|dayStoreAppParse.py:23] >> iReal Pro   & , com.massimobiolcati.irealb, 음악/오디오, Technimo, 100000.0, 5511.0, 4.7, 100, 15, 3, 2, 3, 2019년 6월 25일, http://irealpro.com, Technimo, 
[2019-07-23 14:56:55,598][DEBUG|dayStoreAppParse.py:23] >> TL Mods, com.pixelcurves.tlauncher, 도구, PixelCurves, 50000.0, 6043.0, 4.5, 100, 13, 5, 2, 8, 2019년 7월 21일, mailto:terrlauncher@gmail.com, PixelCurves, 
[2019-07-23 14:57:32,413][DEBUG|dayStoreAppParse.py:23] >> Human Anatomy Atlas 2019:Complete 3D Human Body, com.visiblebody.atlas, 의료, Visible Body, 100000.0, 4735.0, 4.5, 100, 17, 4, 2, 7, 2019년 3월 22일, http://www.visiblebody.com, , 5922919954166686783
[2019-07-23 14:58:22,781][DEBUG|dayStoreAppParse.py:23] >> 매듭 앱 3D  ( Knots 3D ), com.nynix.knots3d, 도서/참고자료, Nynix LLC, 500000.0, 11358.0, 4.8, 100, 13, 2, 0, 0, 2019년 7월 5일, http://knots3d.com, Nynix+LLC, 
[2019-07-23 14:59:02,607][DEBUG|dayStoreAppParse.py:23] >> Hi-Q MP3 음성 녹음기 (풀버전), com.hiqrecorder.full, 음악/오디오, Audiophile, 100000.0, 5340.0, 4.7, 100, 14, 2, 1, 2, 2019년 5월 16일, http://www.hiqrecorder.com, Audiophile, 
[2019-07-23 14:59:30,198][DEBUG|dayStoreAppParse.py:23] >> 20 수특+수완 단어Plus: 빈출 우선 단어 총정리, com.hs.sutuksuwan20plus, 교육, HS soft, 100.0, 26.0, 4.9, 100, 13, 0, 0, 0, 2019년 7월 18일, mailto:jinglish21@daum.net, , 8935304812954518879
[2019-07-23 14:59:55,654][DEBUG|dayStoreAppParse.py:23] >> 아이폰트(글꼴 전문가), com.kapp.ifont.donate, 맞춤 설정, diyun, 100000.0, 5244.0, 3.4, 100, 23, 15, 10, 61, 2019년 3월 13일, http://hi.baidu.com/ifont, diyun, 
[2019-07-23 15:01:54,806][DEBUG|dayStoreAppParse.py:23] >> 9급 공무원 기출문제 해설집, kr.co.trutory.bandalmun.public9, 교육, Trutory, 5000.0, 276.0, 3.9, 100, 52, 33, 12, 24, 2019년 7월 23일, http://cafe.naver.com/withtreekr, Trutory, 
[2019-07-23 15:02:19,222][DEBUG|dayStoreAppParse.py:23] >> Metronome: Tempo 메트로놈, com.frozenape.tempo, 음악/오디오, Frozen Ape, 50000.0, 1387.0, 4.0, 100, 36, 22, 14, 16, 2019년 7월 6일, http://www.frozenape.com, Frozen+Ape, 
[2019-07-23 15:02:54,488][DEBUG|dayStoreAppParse.py:27] >> Toca Hair Salon 3, com.tocaboca.tocahairsalon3, 교육, Toca Boca, 100000.0, 4833.0, 4.6, 100, 10, 4, 1, 7, 2019년 3월 6일, None, , 8567646723268777320
[2019-07-23 15:03:19,072][DEBUG|dayStoreAppParse.py:23] >> 블랙박스X 몰래카메라, kr.co.topaz7company.blackbox, 사진, Topaz7Company, 1000.0, 85.0, 3.4, 100, 64, 53, 17, 67, 2017년 2월 23일, mailto:topaz7company@gmail.com, Topaz7Company, 
[2019-07-23 15:03:50,088][DEBUG|dayStoreAppParse.py:23] >> Assistant for Stardew Valley, com.ithersta.stardewvalleyplanner, 도구, itreeka, 5000.0, 833.0, 4.7, 100, 25, 3, 0, 1, 2019년 5월 23일, mailto:schilyaev.vlad@gmail.com, itreeka, 
[2019-07-23 15:04:16,890][DEBUG|dayStoreAppParse.py:23] >> 통화 녹음 Pro, com.appstar.callrecorderpro, 도구, Appliqato, 100000.0, 46846.0, 3.7, 100, 23, 11, 9, 45, 2019년 7월 18일, https://www.callrecorder.appliqato.com, Appliqato, 
[2019-07-23 15:04:43,421][DEBUG|dayStoreAppParse.py:23] >> Aa폰트의왕™ 한국어 Flipfont, com.monotype.android.font.aakingoffont, 맞춤 설정, Monotype Imaging Inc., 10000.0, 410.0, 3.2, 100, 11, 19, 17, 77, 2014년 12월 16일, http://www.monotypeimaging.com/productsservices/Flipfont.aspx, , 4728843905962363624
[2019-07-23 15:05:17,836][DEBUG|dayStoreAppParse.py:23] >> FL Studio Mobile, com.imageline.FLM, 음악/오디오, Image-Line, 100000.0, 18662.0, 4.2, 100, 23, 12, 6, 13, 2019년 7월 10일, http://www.flstudiomobile.com, , 8228703397536036345
[2019-07-23 15:05:50,463][DEBUG|dayStoreAppParse.py:23] >> Aa오월오일™ 한국어 Flipfont, com.monotype.android.font.aamayfivedays, 맞춤 설정, Monotype Imaging Inc., 5000.0, 178.0, 3.7, 100, 15, 14, 8, 43, 2015년 5월 7일, http://www.flipfont.mobi, , 4728843905962363624
[2019-07-23 15:06:18,312][DEBUG|dayStoreAppParse.py:23] >> 바이블렉스 성경본문해석사전, com.junapps.BibleLexOriDic, 도서/참고자료, 브니엘성경연구소, 5000.0, 201.0, 3.7, 100, 84, 41, 15, 34, 2014년 10월 10일, http://bniel.net, %EB%B8%8C%EB%8B%88%EC%97%98%EC%84%B1%EA%B2%BD%EC%97%B0%EA%B5%AC%EC%86%8C, 
[2019-07-23 15:08:10,709][DEBUG|dayStoreAppParse.py:23] >> Vaporwave Wallpapers PRO  (NO ADS), maa.vaporwavewallpaperspro, 맞춤 설정, M.A.A For Apps PRIME, 1000.0, 615.0, 4.9, 100, 3, 0, 0, 0, 2019년 7월 2일, mailto:hasnaalayaal@gmail.com, , 8480785146242893448
[2019-07-23 15:08:41,987][DEBUG|dayStoreAppParse.py:23] >> 친일인명사전, com.minjok.pjdic, 도서/참고자료, banghakjin, 10000.0, 1007.0, 4.9, 100, 2, 0, 0, 1, 2014년 12월 1일, http://www.minjok.or.kr, banghakjin, 
[2019-07-23 15:09:17,162][DEBUG|dayStoreAppParse.py:23] >> MyScript Nebo 네보, com.myscript.nebo, 생산성, MyScript, 10000.0, 559.0, 3.9, 100, 59, 25, 18, 22, 2019년 7월 16일, https://www.myscript.com/nebo/, , 6917812355675763032
[2019-07-23 15:09:55,042][DEBUG|dayStoreAppParse.py:23] >> MarineTraffic ship positions, com.marinetraffic.android, 지도/내비게이션, MarineTraffic, 500000.0, 33519.0, 4.5, 100, 37, 6, 2, 5, 2019년 6월 12일, http://www.marinetraffic.com, MarineTraffic, 
[2019-07-23 15:10:31,874][DEBUG|dayStoreAppParse.py:23] >> Gamers GLTool Pro with Game Turbo & Game Tuner, inc.trilokia.gfxtool, 도구, Trilokia Inc., 5000.0, 426.0, 4.0, 100, 17, 16, 9, 19, 2019년 7월 1일, https://trilokiainc.com/, , 4898227705286580329
[2019-07-23 15:11:08,157][DEBUG|dayStoreAppParse.py:23] >> WolframAlpha, com.wolfram.android.alpha, 도서/참고자료, Wolfram Group, 1000000.0, 36774.0, 4.6, 100, 17, 5, 2, 4, 2019년 7월 16일, http://www.wolframalpha.com, Wolfram+Group, 
[2019-07-23 15:11:35,865][DEBUG|dayStoreAppParse.py:23] >> Aa빈둥글씨™ 한국어 Flipfont, com.monotype.android.font.aaloafaround, 엔터테인먼트, Monotype Imaging Inc., 5000.0, 158.0, 3.7, 100, 17, 12, 17, 32, 2014년 5월 16일, http://www.monotypeimaging.com/productsservices/Flipfont.aspx, , 4728843905962363624
[2019-07-23 15:11:55,605][DEBUG|dayStoreAppParse.py:23] >> Package Disabler Pro ( Owner APP) All Android, com.pdp.deviceowner, 비즈니스, policedeveloper, 1000.0, 123.0, 1.8, 21, 5, 2, 7, 100, 2018년 11월 9일, http://www.packagedisabler.com, policedeveloper, 
[2019-07-23 15:12:21,834][DEBUG|dayStoreAppParse.py:23] >> 지게차 면허시험 시뮬레이터, com.SimG.SimForklift, 교육, SimG., 500.0, 22.0, 3.6, 100, 36, 9, 0, 54, 2018년 9월 17일, http://www.simglab.com/, SimG., 
