[2019-07-24 16:05:06,272][DEBUG|rankingParser.py:19] >> 1, io.faceapp, FaceApp
[2019-07-24 16:05:06,313][DEBUG|rankingParser.py:19] >> 2, com.instagram.android, Instagram
[2019-07-24 16:05:06,340][DEBUG|rankingParser.py:19] >> 3, com.hogangnono.hogangnono, 호갱노노 - 아파트 실거래가 1등 앱
[2019-07-24 16:05:06,347][DEBUG|rankingParser.py:19] >> 4, com.contextlogic.wish, Wish - 쇼핑은 즐겁다
[2019-07-24 16:05:06,355][DEBUG|rankingParser.py:19] >> 5, com.nhn.android.search, 네이버 - NAVER
[2019-07-24 16:05:06,371][DEBUG|rankingParser.py:19] >> 6, viva.republica.toss, 토스
[2019-07-24 16:05:06,387][DEBUG|rankingParser.py:19] >> 7, com.kakao.talk, 카카오톡 KakaoTalk
[2019-07-24 16:05:06,394][DEBUG|rankingParser.py:19] >> 8, com.fineapp.yogiyo, 배달요기요
[2019-07-24 16:05:06,402][DEBUG|rankingParser.py:19] >> 9, com.sec.android.easyMover, Samsung Smart Switch Mobile
[2019-07-24 16:05:06,408][DEBUG|rankingParser.py:19] >> 10, com.netflix.mediaclient, Netflix(넷플릭스)
[2019-07-24 16:05:06,417][DEBUG|rankingParser.py:19] >> 11, com.coupang.mobile, 쿠팡 (Coupang)
[2019-07-24 16:05:06,424][DEBUG|rankingParser.py:19] >> 12, com.towneers.www, 당근마켓 - 우리 동네 중고 직거래 벼룩장터
[2019-07-24 16:05:06,433][DEBUG|rankingParser.py:19] >> 13, com.sampleapp, 배달의민족
[2019-07-24 16:05:06,446][DEBUG|rankingParser.py:19] >> 14, com.kakaobank.channel, 카카오뱅크 - 같지만 다른 은행
[2019-07-24 16:05:06,453][DEBUG|rankingParser.py:19] >> 15, com.jndwork.weather.forecast.channel.dailyforecast.liveradarmaps, 실시간 날씨 - 일기 예보 2019
[2019-07-24 16:05:06,460][DEBUG|rankingParser.py:19] >> 16, com.palmistry.scan.horoscope, 손금 및 별자리 - 노화 카메라
[2019-07-24 16:05:06,467][DEBUG|rankingParser.py:19] >> 17, com.ahnlab.v3mobileplus, V3 Mobile Plus 2.0
[2019-07-24 16:05:06,476][DEBUG|rankingParser.py:19] >> 18, com.nhn.android.nmap, 네이버 지도, 내비게이션
[2019-07-24 16:05:06,489][DEBUG|rankingParser.py:19] >> 19, com.security.clean.antivirus.master, Speed Security - Antivirus, Boost, AppLock
[2019-07-24 16:05:06,501][DEBUG|rankingParser.py:19] >> 20, com.snowcorp.soda.android, SODA 소다 - Natural Beauty Camera
[2019-07-24 16:05:06,511][DEBUG|rankingParser.py:19] >> 21, com.sec.android.app.voicenote, 삼성 음성 녹음
[2019-07-24 16:05:06,532][DEBUG|rankingParser.py:19] >> 22, com.forshared.files, 4shared
[2019-07-24 16:05:06,545][DEBUG|rankingParser.py:19] >> 23, com.kakao.taxi, 카카오 T - 택시, 대리운전, 주차, 내비, 카풀, 바이크
[2019-07-24 16:05:06,574][DEBUG|rankingParser.py:19] >> 24, com.samsung.android.app.notes, Samsung Notes
[2019-07-24 16:05:06,584][DEBUG|rankingParser.py:19] >> 25, com.sktelecom.ytpoc, 0한동
[2019-07-24 16:05:06,591][DEBUG|rankingParser.py:19] >> 26, com.facebook.katana, Facebook
[2019-07-24 16:05:06,598][DEBUG|rankingParser.py:19] >> 27, com.ss.android.ugc.trill, TikTok 틱톡
[2019-07-24 16:05:06,607][DEBUG|rankingParser.py:19] >> 28, com.google.android.play.games, Google Play 게임
[2019-07-24 16:05:06,613][DEBUG|rankingParser.py:19] >> 29, me.togather.wave, WAVE - 잘 노는 영상톡, Talk & Play
[2019-07-24 16:05:06,623][DEBUG|rankingParser.py:19] >> 30, com.skt.tmap.ku, T map (티맵,T맵,내비게이션)
[2019-07-24 16:05:06,630][DEBUG|rankingParser.py:19] >> 31, com.ibk.android.ionebank, (New) i-ONE Bank - IBK기업은행
[2019-07-24 16:05:06,636][DEBUG|rankingParser.py:19] >> 32, kr.co.captv.pooqV2, POOQ (푹)  실시간TV 무료
[2019-07-24 16:05:06,642][DEBUG|rankingParser.py:19] >> 33, com.mcdonalds.mobileapp, 맥도날드
[2019-07-24 16:05:06,647][DEBUG|rankingParser.py:19] >> 34, kr.goodchoice.abouthere, 여기어때 - 대한민국 1등 종합숙박앱
[2019-07-24 16:05:06,652][DEBUG|rankingParser.py:19] >> 35, net.daum.android.map, 카카오맵 - 대한민국 No.1 지도앱 ( 지도 / 내비게이션 / 대중교통 / 로드뷰 )
[2019-07-24 16:05:06,658][DEBUG|rankingParser.py:19] >> 36, com.shs.songain, 송가인 노래듣기 - 히트곡, 방송 영상, 공연 영상, 7080 트로트 메들리 감상
[2019-07-24 16:05:06,664][DEBUG|rankingParser.py:19] >> 37, com.nhn.android.band, 밴드
[2019-07-24 16:05:06,669][DEBUG|rankingParser.py:19] >> 38, kr.co.srail.newapp, SRT - 수서고속철도(NEW)
[2019-07-24 16:05:06,676][DEBUG|rankingParser.py:19] >> 39, com.facebook.orca, Messenger
[2019-07-24 16:05:06,682][DEBUG|rankingParser.py:19] >> 40, com.gorgeous.liteinternational, Ulike유라이크 - 스타일, 고급 필터, 뷰티 카메라
[2019-07-24 16:05:06,688][DEBUG|rankingParser.py:19] >> 41, com.campmobile.snow, SNOW - 뷰티, 메이크업, 셀피 카메라
[2019-07-24 16:05:06,694][DEBUG|rankingParser.py:19] >> 42, com.korail.talk, 코레일톡
[2019-07-24 16:05:06,699][DEBUG|rankingParser.py:19] >> 43, com.locnall.KimGiSa, 카카오내비
[2019-07-24 16:05:06,704][DEBUG|rankingParser.py:19] >> 44, com.naver.labs.translator, 네이버 파파고 - AI 통번역
[2019-07-24 16:05:06,710][DEBUG|rankingParser.py:19] >> 45, com.google.android.apps.youtube.kids, YouTube Kids
[2019-07-24 16:05:06,715][DEBUG|rankingParser.py:19] >> 46, app.facereading.signs, 페이스리딩에이지 페이스 사인
[2019-07-24 16:05:06,721][DEBUG|rankingParser.py:19] >> 47, net.cj.cjhv.gs.tving, 티빙(TVING) - 실시간TV, 방송VOD, 영화VOD
[2019-07-24 16:05:06,727][DEBUG|rankingParser.py:19] >> 48, com.cultsotry.yanolja.nativeapp, 야놀자 - 국내 및 해외 호텔, 모텔, 펜션, 게하, 레저/티켓, 최대 80% 할인
[2019-07-24 16:05:06,734][DEBUG|rankingParser.py:19] >> 49, nh.smart.banking, NH스마트뱅킹
[2019-07-24 16:05:06,740][DEBUG|rankingParser.py:19] >> 50, skplanet.musicmate, FLO  플로
[2019-07-24 16:05:06,747][DEBUG|rankingParser.py:19] >> 51, fast.phone.clean, 슈퍼 빠른 클리너 - 안티 바이러스 및 부스터 & 클리너
[2019-07-24 16:05:06,753][DEBUG|rankingParser.py:19] >> 52, com.omnitel.android.lottewebview, 롯데홈쇼핑  롯데 ON
[2019-07-24 16:05:06,760][DEBUG|rankingParser.py:19] >> 53, kvp.jjy.MispAndroid320, ISP/페이북
[2019-07-24 16:05:06,767][DEBUG|rankingParser.py:19] >> 54, com.iloen.melon, 멜론
[2019-07-24 16:05:06,775][DEBUG|rankingParser.py:19] >> 55, com.banhala.android, 에이블리 - 셀럽마켓 모음앱
[2019-07-24 16:05:06,783][DEBUG|rankingParser.py:19] >> 56, com.hmusic.listentrot, 트로트 무료듣기 - 트로트 메들리
[2019-07-24 16:05:06,790][DEBUG|rankingParser.py:19] >> 57, com.chbreeze.jikbang4a, 직방 - 2,000만명이 선택한 No.1 부동산 앱(아파트,아파트분양,원룸,오피스텔,빌라)
[2019-07-24 16:05:06,798][DEBUG|rankingParser.py:19] >> 58, com.lge.lgemembership, LG전자 멤버십
[2019-07-24 16:05:06,804][DEBUG|rankingParser.py:19] >> 59, com.kscc.scxb.mbl, [공식]고속버스모바일
[2019-07-24 16:05:06,810][DEBUG|rankingParser.py:19] >> 60, com.tf.thinkdroid.viewer, 한컴오피스 viewer
[2019-07-24 16:05:06,817][DEBUG|rankingParser.py:19] >> 61, kr.backpackr.me.idus, 아이디어스(idus) - 핸드메이드/수공예 장터
[2019-07-24 16:05:06,823][DEBUG|rankingParser.py:19] >> 62, paint.by.number.pixel.art.coloring.drawing.puzzle, 숫자로 색칠하기 - 무료 색칠 공부 및 퍼즐 게임
[2019-07-24 16:05:06,830][DEBUG|rankingParser.py:19] >> 63, com.kakaopay.app, 카카오페이
[2019-07-24 16:05:06,836][DEBUG|rankingParser.py:19] >> 64, com.gmong.songgain, 송가인 노래모음 무료듣기 - 미스트롯 송가인 노래와 영상 모음
[2019-07-24 16:05:06,842][DEBUG|rankingParser.py:19] >> 65, com.titicacacorp.triple, 트리플 - 해외여행 가이드
[2019-07-24 16:05:06,848][DEBUG|rankingParser.py:19] >> 66, faceapp.facemystery.learnmoreaboutyourself, HiddenMe Face App -  노화 카메라, 페이스앱
[2019-07-24 16:05:06,853][DEBUG|rankingParser.py:19] >> 67, com.cgv.android.movieapp, CGV
[2019-07-24 16:05:06,859][DEBUG|rankingParser.py:19] >> 68, com.google.android.apps.translate, Google 번역
[2019-07-24 16:05:06,866][DEBUG|rankingParser.py:19] >> 69, kr.co.samsungcard.mpocket, 삼성앱카드 - 내 폰 안의 삼성카드
[2019-07-24 16:05:06,873][DEBUG|rankingParser.py:19] >> 70, net.daum.android.daum, 다음 - Daum
[2019-07-24 16:05:06,878][DEBUG|rankingParser.py:19] >> 71, com.bestringtonesapps.bestringtonesfree, 최고의 무료 벨소리
[2019-07-24 16:05:06,884][DEBUG|rankingParser.py:19] >> 72, com.hyundaicard.appcard, 현대카드
[2019-07-24 16:05:06,893][DEBUG|rankingParser.py:19] >> 73, kr.go.kcs.mobile.pubservice, 모바일 관세청
[2019-07-24 16:05:06,898][DEBUG|rankingParser.py:19] >> 74, com.virusscan.privacy.fast.cleaner.booster, X Security - 바이러스 제거, 기기 청소, 가속
[2019-07-24 16:05:06,904][DEBUG|rankingParser.py:19] >> 75, com.nhn.android.webtoon, 네이버 웹툰 - Naver Webtoon
[2019-07-24 16:05:06,913][DEBUG|rankingParser.py:19] >> 76, com.clean_antivirus.security.master.booster, Security & Antivirus
[2019-07-24 16:05:06,919][DEBUG|rankingParser.py:19] >> 77, com.linecorp.b612.android, B612 - 뷰티 효과, 감성필터, 셀피 카메라
[2019-07-24 16:05:06,926][DEBUG|rankingParser.py:19] >> 78, com.wemakeprice, 위메프 - 특가대표 (특가 / 쇼핑 / 쇼핑앱 / 쿠폰 / 배송)
[2019-07-24 16:05:06,933][DEBUG|rankingParser.py:19] >> 79, com.kscc.xzz.mbl, [공식]시외버스모바일
[2019-07-24 16:05:06,938][DEBUG|rankingParser.py:19] >> 80, com.firstscreen.weather, 첫화면 날씨, 미세먼지 - WHO 기준, 기상청 날씨
[2019-07-24 16:05:06,944][DEBUG|rankingParser.py:19] >> 81, com.goodplay.a511best, 착한 음악다운 플레이
[2019-07-24 16:05:06,951][DEBUG|rankingParser.py:19] >> 82, com.skb.btvmobile, oksusu
[2019-07-24 16:05:06,956][DEBUG|rankingParser.py:19] >> 83, com.uxlayer.wipoint, 다이소 멤버십
[2019-07-24 16:05:06,963][DEBUG|rankingParser.py:19] >> 84, gov.incheon.incheonercard, 인천e음
[2019-07-24 16:05:06,971][DEBUG|rankingParser.py:19] >> 85, video.player.videoplayer, 비디오 플레이어 퍼펙트 - 자막, 코덱, XPlayer
[2019-07-24 16:05:07,002][DEBUG|rankingParser.py:19] >> 86, net.bucketplace, 오늘의집 - 550만이 선택한 No.1 인테리어 필수앱
[2019-07-24 16:05:07,008][DEBUG|rankingParser.py:19] >> 87, com.TouchEn.mVaccine.webs, 터치엔 엠백신 for Web(기업용)
[2019-07-24 16:05:07,016][DEBUG|rankingParser.py:19] >> 88, kr.co.quicket, 번개장터 - 모바일 최대 중고마켓 앱(중고나라,중고차)
[2019-07-24 16:05:07,025][DEBUG|rankingParser.py:19] >> 89, com.kakao.story, 카카오스토리 KakaoStory
[2019-07-24 16:05:07,032][DEBUG|rankingParser.py:19] >> 90, faceapp.magikoly.exploreandhavefun, Magikoly  페이스앱, 페이스 에디터, 얼굴 노화, 성별 전환, 인종 분석기
[2019-07-24 16:05:07,040][DEBUG|rankingParser.py:19] >> 91, com.samsung.android.voc, Samsung Members
[2019-07-24 16:05:07,046][DEBUG|rankingParser.py:19] >> 92, com.megabox.mop, 메가박스(MEGABOX)
[2019-07-24 16:05:07,051][DEBUG|rankingParser.py:19] >> 93, tw.mobileapp.qrcode.banner, QR 코드 리더/바코드 스캐너
[2019-07-24 16:05:07,057][DEBUG|rankingParser.py:19] >> 94, com.nhn.android.ndrive, 네이버 클라우드 - NAVER Cloud
[2019-07-24 16:05:07,062][DEBUG|rankingParser.py:19] >> 95, com.hnsmall, 홈앤쇼핑 오직 앱에서만.  10%할인 + 10%적립
[2019-07-24 16:05:07,070][DEBUG|rankingParser.py:19] >> 96, com.ktmusic.geniemusic, 지니 뮤직 - genie
[2019-07-24 16:05:07,076][DEBUG|rankingParser.py:19] >> 97, com.shcard.smartpay, 신한페이판
[2019-07-24 16:05:07,081][DEBUG|rankingParser.py:19] >> 98, com.snapchat.android, Snapchat
[2019-07-24 16:05:07,086][DEBUG|rankingParser.py:19] >> 99, kr.co.alba.webappalba.m, 알바천국- 알바 구인구직 포털서비스
[2019-07-24 16:05:07,092][DEBUG|rankingParser.py:19] >> 100, kr.co.emart.emartmall, 이마트몰  emart mall
[2019-07-24 16:05:07,099][DEBUG|rankingParser.py:19] >> 101, com.hmallapp, 현대Hmall - 홈쇼핑, 백화점
[2019-07-24 16:05:07,105][DEBUG|rankingParser.py:19] >> 102, com.lge.mobilemigration, LG 모바일 스위치 (보내기)
[2019-07-24 16:05:07,111][DEBUG|rankingParser.py:19] >> 103, com.nhnent.payapp, PAYCO - 페이코, 혜택까지 똑똑한 간편결제
[2019-07-24 16:05:07,117][DEBUG|rankingParser.py:19] >> 104, sg.bigo.live, BIGO LIVE (비고라이브)  라이브 개인방송
[2019-07-24 16:05:07,122][DEBUG|rankingParser.py:19] >> 105, com.future.know, Future: 얼굴, 손금 & 별자리
[2019-07-24 16:05:07,132][DEBUG|rankingParser.py:19] >> 106, socar.Socar, 쏘카 - 1등 카셰어링
[2019-07-24 16:05:07,140][DEBUG|rankingParser.py:19] >> 107, com.shinhan.sbanking, 신한 쏠(SOL)  신한은행 스마트폰뱅킹
[2019-07-24 16:05:07,146][DEBUG|rankingParser.py:19] >> 108, com.albamon.app, 알바몬 - 알바 채용 구인구직 취업정보검색
[2019-07-24 16:05:07,152][DEBUG|rankingParser.py:19] >> 109, com.tmon, 티몬 - 매주 월요일은 티몬데이
[2019-07-24 16:05:07,161][DEBUG|rankingParser.py:19] >> 110, com.bestringtonesapps.freeringtonesforandroid, 무료 벨소리 Android™ 전용
[2019-07-24 16:05:07,166][DEBUG|rankingParser.py:19] >> 111, kr.bitbyte.playkeyboard, 플레이키보드 - 최애돌 테마, 문자티콘, 나만의 테마 제작, 움직이는 키보드
[2019-07-24 16:05:07,172][DEBUG|rankingParser.py:19] >> 112, kr.go.nts.android, 국세청 홈택스
[2019-07-24 16:05:07,179][DEBUG|rankingParser.py:19] >> 113, com.croquis.zigzag, 지그재그 - 여성쇼핑몰 모음, 쇼핑몰순위
[2019-07-24 16:05:07,185][DEBUG|rankingParser.py:19] >> 114, com.emart.today, 이마트 - 매장에서 즐기는 스마트한 혜택
[2019-07-24 16:05:07,190][DEBUG|rankingParser.py:19] >> 115, uplus.membership, U+멤버스 - 멤버십 할인,소액결제,포인트,쿠폰
[2019-07-24 16:05:07,198][DEBUG|rankingParser.py:19] >> 116, com.smule.singandroid, Smule - 1등 노래 어플
[2019-07-24 16:05:07,204][DEBUG|rankingParser.py:19] >> 117, com.kbstar.kbbank, KB국민은행 스타뱅킹
[2019-07-24 16:05:07,210][DEBUG|rankingParser.py:19] >> 118, io.storychat, 위트 wit
[2019-07-24 16:05:07,215][DEBUG|rankingParser.py:19] >> 119, com.interpark.shop, 인터파크
[2019-07-24 16:05:07,221][DEBUG|rankingParser.py:19] >> 120, com.twitter.android, 트위터
[2019-07-24 16:05:07,226][DEBUG|rankingParser.py:19] >> 121, com.ebay.kr.gmarket, 쇼핑을 바꾸는 쇼핑. G마켓
[2019-07-24 16:05:07,232][DEBUG|rankingParser.py:19] >> 122, com.hpapp, 해피포인트
[2019-07-24 16:05:07,239][DEBUG|rankingParser.py:19] >> 123, gsshop.mobile.v2, GS SHOP - 당신의 가장 좋은 선택을 만듭니다
[2019-07-24 16:05:07,245][DEBUG|rankingParser.py:19] >> 124, com.lifeoverflow.app.weather, 날씨날씨 - 날씨, 미세먼지, 기상청, 위젯, 알림
[2019-07-24 16:05:07,251][DEBUG|rankingParser.py:19] >> 125, com.chsapps.songain, 송가인 노래듣기 - 히트곡, 방송 영상, 최신 공연 영상
[2019-07-24 16:05:07,258][DEBUG|rankingParser.py:19] >> 126, com.ahnlab.v3mobilesecurity.soda, V3 Mobile Security - 무료 백신/부스터/앱잠금
[2019-07-24 16:05:07,263][DEBUG|rankingParser.py:19] >> 127, kr.co.shiftworks.vguardweb, VG 기업용 Web SDK
[2019-07-24 16:05:07,269][DEBUG|rankingParser.py:19] >> 128, com.gangwon.han, 동영상다운프로
[2019-07-24 16:05:07,275][DEBUG|rankingParser.py:19] >> 129, jp.naver.line.android, 라인 LINE
[2019-07-24 16:05:07,280][DEBUG|rankingParser.py:19] >> 130, kr.co.nowcom.mobile.afreeca, 아프리카TV - AfreecaTV
[2019-07-24 16:05:07,286][DEBUG|rankingParser.py:19] >> 131, com.kbcard.cxh.appcard, KB국민 앱카드
[2019-07-24 16:05:07,291][DEBUG|rankingParser.py:19] >> 132, net.daum.android.cafe, 다음 카페 - Daum Cafe
[2019-07-24 16:05:07,300][DEBUG|rankingParser.py:19] >> 133, teamDoppelGanger.SmarterSubway, 지하철 종결자 : Smarter Subway
[2019-07-24 16:05:07,312][DEBUG|rankingParser.py:19] >> 134, com.rainist.banksalad2, 뱅크샐러드 - 신경 꺼도 내 돈 관리 (통합 자산관리, 자동 가계부)
[2019-07-24 16:05:07,321][DEBUG|rankingParser.py:19] >> 135, com.cntt.lotteria, 롯데리아
[2019-07-24 16:05:07,327][DEBUG|rankingParser.py:19] >> 136, kr.co.lottecinema.lcm, 롯데시네마 모바일앱
[2019-07-24 16:05:07,332][DEBUG|rankingParser.py:19] >> 137, com.himart.main, 롯데 ON - 롯데하이마트
[2019-07-24 16:05:07,338][DEBUG|rankingParser.py:19] >> 138, co.spoonme, 스푼 라디오 - LIVE방송 BJ소통
[2019-07-24 16:05:07,344][DEBUG|rankingParser.py:19] >> 139, com.sec.android.app.shealth, Samsung Health(삼성 헬스)
[2019-07-24 16:05:07,350][DEBUG|rankingParser.py:19] >> 140, ly.appt.oldify, 나이 든 얼굴 - Oldify™ Grow Old
[2019-07-24 16:05:07,356][DEBUG|rankingParser.py:19] >> 141, com.scbank.ma30, SC제일은행 모바일뱅킹
[2019-07-24 16:05:07,364][DEBUG|rankingParser.py:19] >> 142, com.kbcard.kbkookmincard, KB국민카드
[2019-07-24 16:05:07,369][DEBUG|rankingParser.py:19] >> 143, tv.jamlive, 잼라이브 (JAM LIVE) - 실시간 퀴즈쇼
[2019-07-24 16:05:07,376][DEBUG|rankingParser.py:19] >> 144, ctrip.english, 트립닷컴 - 전 세계 항공권, 호텔, 기차표 & 액티비티 특가 예약, 블록버스터급 여행앱
[2019-07-24 16:05:07,385][DEBUG|rankingParser.py:19] >> 145, com.bisoft.live.weather, 날씨 오늘 - 일기 예보 앱 2019
[2019-07-24 16:05:07,390][DEBUG|rankingParser.py:19] >> 146, app.zenly.locator, Zenly - 친한 친구끼리
[2019-07-24 16:05:07,397][DEBUG|rankingParser.py:19] >> 147, com.starbucks.co, 스타벅스
[2019-07-24 16:05:07,404][DEBUG|rankingParser.py:19] >> 148, kr.co.ivlog.mobile.app.cjonecard, CJ ONE
[2019-07-24 16:05:07,410][DEBUG|rankingParser.py:19] >> 149, com.google.android.apps.youtube.music, YouTube Music
[2019-07-24 16:05:07,416][DEBUG|rankingParser.py:19] >> 150, com.elevenst, 11번가
[2019-07-24 16:05:07,422][DEBUG|rankingParser.py:19] >> 151, nh.smart.nhcok, NH콕뱅크
[2019-07-24 16:05:07,427][DEBUG|rankingParser.py:19] >> 152, com.nhn.android.navercafe, 네이버 카페  - Naver Cafe
[2019-07-24 16:05:07,434][DEBUG|rankingParser.py:19] >> 153, kr.co.cleaninglab.user, 청소연구소 - 가사도우미, 청소, 청소도우미
[2019-07-24 16:05:07,440][DEBUG|rankingParser.py:19] >> 154, com.discord, Discord - 게이머를 위한 메신저
[2019-07-24 16:05:07,446][DEBUG|rankingParser.py:19] >> 155, com.naver.vibe, VIBE (바이브)
[2019-07-24 16:05:07,451][DEBUG|rankingParser.py:19] >> 156, com.aging.palmistry.predict, Predict Master - 손금, 노화
[2019-07-24 16:05:07,457][DEBUG|rankingParser.py:19] >> 157, com.uplus.onphone, U+모바일tv-실시간TV,TV다시보기,최신영화
[2019-07-24 16:05:07,463][DEBUG|rankingParser.py:19] >> 158, kr.co.sbs.videoplayer, SBS - 온에어, VOD 7만편 무료
[2019-07-24 16:05:07,468][DEBUG|rankingParser.py:19] >> 159, com.remote.control.universal.forall.tv, 모든 TV에 대한 원격 제어
[2019-07-24 16:05:07,474][DEBUG|rankingParser.py:19] >> 160, kr.co.apptube.hitai2, 하이타이 - 최저가 마사지, 타이마사지, 데이트장소, 무료쿠폰
[2019-07-24 16:05:07,480][DEBUG|rankingParser.py:19] >> 161, com.dencreak.dlcalculator, 똑똑계산기 - 무료 다용도 계산기
[2019-07-24 16:05:07,486][DEBUG|rankingParser.py:19] >> 162, kr.co.station3.dabang, 다방-대한민국 부동산 매물 최다보유(원룸 오피스텔 아파트 분양 월세)
[2019-07-24 16:05:07,491][DEBUG|rankingParser.py:19] >> 163, weather.forecast.barometer.storm.radar, 날씨 무료
[2019-07-24 16:05:07,497][DEBUG|rankingParser.py:19] >> 164, com.ssg.serviceapp.android.egiftcertificate, SSGPAY - 혜택 위의 혜택
[2019-07-24 16:05:07,503][DEBUG|rankingParser.py:19] >> 165, com.skmc.okcashbag.home_google, OK캐쉬백 [즐거움이 포인트다]
[2019-07-24 16:05:07,509][DEBUG|rankingParser.py:19] >> 166, com.buzzni.android.subapp.shoppingmoa, 홈쇼핑모아-TV홈쇼핑 편성표, 생방송 알림, 검색, 홈쇼핑방송
[2019-07-24 16:05:07,516][DEBUG|rankingParser.py:19] >> 167, free.vpn.unblock.proxy.turbovpn, Turbo VPN 무제한 무료 VPN & 빠른 보안 프록시 접속
[2019-07-24 16:05:07,521][DEBUG|rankingParser.py:19] >> 168, com.lgeha.nuts, LG SmartThinQ
[2019-07-24 16:05:07,527][DEBUG|rankingParser.py:19] >> 169, com.cjoshppingphone, CJmall
[2019-07-24 16:05:07,535][DEBUG|rankingParser.py:19] >> 170, kr.tripstore.tripstore, 트립스토어 - No.1 해외패키지여행 가격비교 및 예약
[2019-07-24 16:05:07,541][DEBUG|rankingParser.py:19] >> 171, com.atpc, 음악무료다운 무료 라이센스 MP3 곡, 라디오, 노래모음 MP3, 유튜브 무료음악듣기
[2019-07-24 16:05:07,549][DEBUG|rankingParser.py:19] >> 172, com.pikia.muzever, 트로트 무료듣기
[2019-07-24 16:05:07,555][DEBUG|rankingParser.py:19] >> 173, org.telegram.messenger, 텔레그램 공식 앱 Telegram
[2019-07-24 16:05:07,562][DEBUG|rankingParser.py:19] >> 174, com.agoda.mobile.consumer, 아고다(Agoda) - 여행 계획은 아고다와 함께! 숙박 및 항공권을 초특가로 예약하세요
[2019-07-24 16:05:07,568][DEBUG|rankingParser.py:19] >> 175, com.gain.verse, 송가인 노래모음 - 무료 베스트 트로트 인기곡 노래듣기
[2019-07-24 16:05:07,576][DEBUG|rankingParser.py:19] >> 176, com.astroframe.seoulbus, 카카오버스
[2019-07-24 16:05:07,582][DEBUG|rankingParser.py:19] >> 177, org.kftc.fido.lnk.lnk_app, 바이오인증 공동앱
[2019-07-24 16:05:07,590][DEBUG|rankingParser.py:19] >> 178, com.nhn.android.nbooks, SERIES - 네이버 시리즈
[2019-07-24 16:05:07,596][DEBUG|rankingParser.py:19] >> 179, facesecret.scanner.camera, 안면 시크릿 스캐너 - 에이징 카메라,만화 그림 이모티콘
[2019-07-24 16:05:07,603][DEBUG|rankingParser.py:19] >> 180, kr.or.giro.android, 모바일지로
[2019-07-24 16:05:07,609][DEBUG|rankingParser.py:19] >> 181, teamdoppelganger.smarterbus, 전국 스마트 버스
[2019-07-24 16:05:07,616][DEBUG|rankingParser.py:19] >> 182, com.naver.vapp, 글로벌 스타 라이브 앱 V LIVE
[2019-07-24 16:05:07,621][DEBUG|rankingParser.py:19] >> 183, com.hcom.android, 호텔스닷컴: 최저가 객실, 호텔, 펜션 리조트를 최고 평점 숙박 어플로 예약하세요
[2019-07-24 16:05:07,627][DEBUG|rankingParser.py:19] >> 184, com.tencent.mm, WeChat
[2019-07-24 16:05:07,632][DEBUG|rankingParser.py:19] >> 185, com.digidust.elokence.akinator.freemium, Akinator
[2019-07-24 16:05:07,638][DEBUG|rankingParser.py:19] >> 186, com.expedia.bookings, 익스피디아 - 항공권, 호텔, 여행 계획
[2019-07-24 16:05:07,645][DEBUG|rankingParser.py:19] >> 187, com.samsung.android.app.watchmanager, Galaxy Wearable (Samsung Gear)
[2019-07-24 16:05:07,651][DEBUG|rankingParser.py:19] >> 188, com.chameleonsong.youtubekoreasong.song7080, 7080 가요모음 - 7080 노래 무료듣기
[2019-07-24 16:05:07,658][DEBUG|rankingParser.py:19] >> 189, kr.go.wetax.android, 스마트위택스
[2019-07-24 16:05:07,664][DEBUG|rankingParser.py:19] >> 190, net.ib.android.smcard, 삼성카드
[2019-07-24 16:05:07,669][DEBUG|rankingParser.py:19] >> 191, com.nexstreaming.app.kinemasterfree, 키네마스터(KineMaster) - 동영상 편집기
[2019-07-24 16:05:07,675][DEBUG|rankingParser.py:19] >> 192, com.picsart.studio, PicsArt Photo Studio: 콜라쥬 메이커 & 사진 에디터
[2019-07-24 16:05:07,681][DEBUG|rankingParser.py:19] >> 193, com.nsmobilehub, NS홈쇼핑
[2019-07-24 16:05:07,686][DEBUG|rankingParser.py:19] >> 194, com.dbs.kurly.m2, 마켓컬리-내일의 장보기
[2019-07-24 16:05:07,692][DEBUG|rankingParser.py:19] >> 195, com.cloudmosa.puffinFree, Puffin Web Browser
[2019-07-24 16:05:07,697][DEBUG|rankingParser.py:19] >> 196, com.quvideo.xiaoying, VivaVideo - 동영상 편집 & 카메라 필터
[2019-07-24 16:05:07,703][DEBUG|rankingParser.py:19] >> 197, com.estmob.android.sendanywhere, Send Anywhere (파일전송)
[2019-07-24 16:05:07,709][DEBUG|rankingParser.py:19] >> 198, com.picsart.draw, PicsArt Color Paint
[2019-07-24 16:05:07,716][DEBUG|rankingParser.py:19] >> 199, com.grabtaxi.passenger, Grab - Transport, Food Delivery, Payments
[2019-07-24 16:05:07,723][DEBUG|rankingParser.py:19] >> 200, com.hy.sfacer, Fantastic Face얼굴 분석 및 노화 예측
[2019-07-24 16:05:26,745][DEBUG|rankingParser.py:19] >> 1, me.sovs.sovs, SOVS - 촬영부탁 필수앱
[2019-07-24 16:05:26,772][DEBUG|rankingParser.py:19] >> 2, eyu.on.pica, @picn2k camera (피크닉 카메라)
[2019-07-24 16:05:26,788][DEBUG|rankingParser.py:19] >> 3, kr.co.lylstudio.unicorn, 유니콘:광고차단 필수 애드블록
[2019-07-24 16:05:26,800][DEBUG|rankingParser.py:19] >> 4, com.godpeople.GPBIBLE, 갓피플성경
[2019-07-24 16:05:26,805][DEBUG|rankingParser.py:19] >> 5, com.newin.nplayer.pro, nPlayer
[2019-07-24 16:05:26,816][DEBUG|rankingParser.py:19] >> 6, com.mxtech.videoplayer.pro, MX 플레이어 Pro
[2019-07-24 16:05:26,822][DEBUG|rankingParser.py:19] >> 7, com.cloudmosa.puffin, Puffin Browser Pro
[2019-07-24 16:05:26,827][DEBUG|rankingParser.py:19] >> 8, com.acadoid.lecturenotes, LectureNotes
[2019-07-24 16:05:26,833][DEBUG|rankingParser.py:19] >> 9, org.trecet.nowhere.tweet2gif.plus, Tweet2gif Plus
[2019-07-24 16:05:26,844][DEBUG|rankingParser.py:19] >> 10, com.utorrent.client.pro, Torrent® Pro - Torrent App
[2019-07-24 16:05:26,856][DEBUG|rankingParser.py:19] >> 11, com.fenixx.gameboosterplus, Game Booster  4x Faster (with advance settings)
[2019-07-24 16:05:26,861][DEBUG|rankingParser.py:19] >> 12, com.choco.silentmode, 무음모드 (순정 무음카메라)
[2019-07-24 16:05:26,867][DEBUG|rankingParser.py:19] >> 13, com.hs.toeic5finish, 토익 PART5 종결자
[2019-07-24 16:05:26,874][DEBUG|rankingParser.py:19] >> 14, com.printedpropshop.dokkos2, Dokk OS 2
[2019-07-24 16:05:26,880][DEBUG|rankingParser.py:19] >> 15, com.binibambini.Mini, 어린이를 위한 그리기! 점선 따라 그리기!
[2019-07-24 16:05:26,886][DEBUG|rankingParser.py:19] >> 16, jp.snowlife01.android.mutecamera, 무음모드Pro
[2019-07-24 16:05:26,892][DEBUG|rankingParser.py:19] >> 17, com.hancom.office.hwp.editor.hwp_apk.gplaystore, 한컴오피스 한글 2014
[2019-07-24 16:05:26,897][DEBUG|rankingParser.py:19] >> 18, kr.pe.designerj.airbudspopup, AirBuds Popup - airpod battery app (1st gen)
[2019-07-24 16:05:26,902][DEBUG|rankingParser.py:19] >> 19, com.ccswe.appmanagerpro, CCSWE App Manager Pro License
[2019-07-24 16:05:26,908][DEBUG|rankingParser.py:19] >> 20, com.maxmpz.audioplayer.unlock, Poweramp Full Version Unlocker
[2019-07-24 16:05:26,914][DEBUG|rankingParser.py:19] >> 21, com.extreamsd.usbaudioplayerpro, USB Audio Player PRO
[2019-07-24 16:05:26,921][DEBUG|rankingParser.py:19] >> 22, com.apptrio.hi_fi_status, Hi-Fi Status(LG)
[2019-07-24 16:05:26,926][DEBUG|rankingParser.py:19] >> 23, com.etoos.wordmaster.sat20002018, Word master 워드마스터 수능 2000(18개정)
[2019-07-24 16:05:26,933][DEBUG|rankingParser.py:19] >> 24, net.saltycrackers.daygram, 데이그램 - 하루 한줄 일기장
[2019-07-24 16:05:26,940][DEBUG|rankingParser.py:19] >> 25, com.monotype.android.font.aa16yearsold, Aa십육살™ 한국어 Flipfont
[2019-07-24 16:05:26,946][DEBUG|rankingParser.py:19] >> 26, com.monotype.android.font.aaracoongulim, Aa너구리굴림™ 한국어 Flipfont
[2019-07-24 16:05:26,951][DEBUG|rankingParser.py:19] >> 27, com.teslacoilsw.launcher.prime, Nova Launcher Prime
[2019-07-24 16:05:26,957][DEBUG|rankingParser.py:19] >> 28, com.etoos.wordmaster.midhighlevel2016, Word Master 워드마스터 중등 고난도(개정)
[2019-07-24 16:05:26,965][DEBUG|rankingParser.py:19] >> 29, noad.geulga, 아라-만화뷰어,텍스트뷰어,스캔뷰어,소설뷰어
[2019-07-24 16:05:26,971][DEBUG|rankingParser.py:19] >> 30, com.jpbrothers.android.pictail.sub6, 픽테일 - Limited Edition
[2019-07-24 16:05:26,977][DEBUG|rankingParser.py:19] >> 31, com.simplemobiletools.gallery.pro, 심플 갤러리 Pro
[2019-07-24 16:05:26,984][DEBUG|rankingParser.py:19] >> 32, com.tistory.es1015.kakao.theme.check2, 노트 카톡테마 - 심플 카톡테마 8.0.0
[2019-07-24 16:05:26,990][DEBUG|rankingParser.py:19] >> 33, com.kakao.talk.theme.SummerShiba, 휴가중이다 시바 - 카카오톡 테마
[2019-07-24 16:05:26,997][DEBUG|rankingParser.py:19] >> 34, com.intermedia.hd.camera.pro, HD 카메라 PRO  : 최고의 전문 카메라 응용 프로그램
[2019-07-24 16:05:27,003][DEBUG|rankingParser.py:19] >> 35, com.screwbar.gudakcamera, 구닥
[2019-07-24 16:05:27,008][DEBUG|rankingParser.py:19] >> 36, com.realbyteapps.moneya, 편한가계부 (+음성, PC)
[2019-07-24 16:05:27,014][DEBUG|rankingParser.py:19] >> 37, com.intsig.lic.camscanner, CamScanner (License)
[2019-07-24 16:05:27,019][DEBUG|rankingParser.py:19] >> 38, slide.watchFrenzy.premium, Watch Face -WatchMaker Premium for Android Wear OS
[2019-07-24 16:05:27,025][DEBUG|rankingParser.py:19] >> 39, org.prowl.torque, Torque Pro (OBD2 / 자동차)
[2019-07-24 16:05:27,030][DEBUG|rankingParser.py:19] >> 40, com.intsig.BizCardReader, CamCard (명함스캐너 한글 한자 일어 동시인식)
[2019-07-24 16:05:27,038][DEBUG|rankingParser.py:19] >> 41, com.elsebook.koreanhistory, 큰별쌤 개념 한국사
[2019-07-24 16:05:27,044][DEBUG|rankingParser.py:19] >> 42, net.dinglisch.android.taskerm, Tasker
[2019-07-24 16:05:27,052][DEBUG|rankingParser.py:19] >> 43, com.skydoves.secretreocder, 비밀녹음 프로 (Secret Recorder Pro) - 녹음기, 강의녹음, 몰래녹음
[2019-07-24 16:05:27,062][DEBUG|rankingParser.py:19] >> 44, com.orux.oruxmapsDonate, 오룩스맵 도네이트
[2019-07-24 16:05:27,068][DEBUG|rankingParser.py:19] >> 45, com.jake.TouchMacro, 터치매크로-자동터치
[2019-07-24 16:05:27,074][DEBUG|rankingParser.py:19] >> 46, com.etoos.wordmaster.midskill2016, Word Master 워드마스터 중등 실력
[2019-07-24 16:05:27,084][DEBUG|rankingParser.py:19] >> 47, com.irmavep.app.libro, 책꽂이+ (독서기록, 도서관리)
[2019-07-24 16:05:27,099][DEBUG|rankingParser.py:19] >> 48, psyberia.alpinequest.full, AlpineQuest Off-Road Explorer
[2019-07-24 16:05:27,109][DEBUG|rankingParser.py:19] >> 49, com.realnumworks.focustimerpro, FocusTimer Pro - 공부 습관이 바뀌는 앱
[2019-07-24 16:05:27,117][DEBUG|rankingParser.py:19] >> 50, com.kmplayerpro, 동영상 플레이어 KM Pro - HD Player, 4K 비디오 플레이어, 코덱, 자막
[2019-07-24 16:05:27,125][DEBUG|rankingParser.py:19] >> 51, com.orangeorapple.flashcards, Flashcards Deluxe
[2019-07-24 16:05:27,132][DEBUG|rankingParser.py:19] >> 52, com.tistory.es1015.kakao.theme.halgneon, 반네온 카톡테마 - 심플 카톡테마
[2019-07-24 16:05:27,138][DEBUG|rankingParser.py:19] >> 53, com.nhn.android.phrasebookplus, 네이버 15개국 글로벌회화 Plus-언어별 4000문장
[2019-07-24 16:05:27,145][DEBUG|rankingParser.py:19] >> 54, com.quvideo.xiaoying.pro, VivaVideo PRO 비디오 편집 HD
[2019-07-24 16:05:27,151][DEBUG|rankingParser.py:19] >> 55, com.defianttech.diskdiggerpro, DiskDigger Pro file recovery
[2019-07-24 16:05:27,157][DEBUG|rankingParser.py:19] >> 56, org.androidtown.jckoreanradio, JC 한국 라디오 Premium
[2019-07-24 16:05:27,163][DEBUG|rankingParser.py:19] >> 57, com.monotype.android.font.enamored365, 365홀딱반했어™ 한국어 Flipfont
[2019-07-24 16:05:27,170][DEBUG|rankingParser.py:19] >> 58, kr.review.lifesaju, 현대사주 - 현대인을 위한 사주풀이 백과
[2019-07-24 16:05:27,177][DEBUG|rankingParser.py:19] >> 59, bruenor.magicbox, Magic DosBox
[2019-07-24 16:05:27,183][DEBUG|rankingParser.py:19] >> 60, com.softchaser.iKnowYouP, 지피지기 (사주,운세,궁합,토정비결,이름,해몽)
[2019-07-24 16:05:27,192][DEBUG|rankingParser.py:19] >> 61, com.etoos.wordmaster.midbasic2016, Word Master 워드마스터 중등 기초
[2019-07-24 16:05:27,198][DEBUG|rankingParser.py:19] >> 62, com.arobasmusic.guitarpro, Guitar Pro
[2019-07-24 16:05:27,204][DEBUG|rankingParser.py:19] >> 63, jp.co.unbalance.tesou_ko, 손금 진단
[2019-07-24 16:05:27,210][DEBUG|rankingParser.py:19] >> 64, com.appstar.callrecorderpro, 통화 녹음 Pro
[2019-07-24 16:05:27,216][DEBUG|rankingParser.py:19] >> 65, com.seankimworks.sentencemaster, 센텐스 마스터
[2019-07-24 16:05:27,222][DEBUG|rankingParser.py:19] >> 66, com.hs.sutuksuwan20plus, 20 수특+수완 단어Plus: 빈출 우선 단어 총정리
[2019-07-24 16:05:27,228][DEBUG|rankingParser.py:19] >> 67, com.nicky.jiung.domagic, 우와! - 화면을 깨고 동전이 나오는 마술앱!
[2019-07-24 16:05:27,234][DEBUG|rankingParser.py:19] >> 68, com.tss21.input.korean, TS 한글 키보드 Pro-천지인2
[2019-07-24 16:05:27,240][DEBUG|rankingParser.py:19] >> 69, com.mesoft.meplayer, 영화보며 영어공부 - 배속재생 미플레이어무비프로 어학용 동영상 플레이어
[2019-07-24 16:05:27,247][DEBUG|rankingParser.py:19] >> 70, com.jetappfactory.jetaudioplus, 제트오디오 플러스 - 고해상도 음원 재생 뮤직 플레이어
[2019-07-24 16:05:27,253][DEBUG|rankingParser.py:19] >> 71, com.kmshack.mute, 무음모드  (기본 카메라 무음)
[2019-07-24 16:05:27,259][DEBUG|rankingParser.py:19] >> 72, com.doosandonga.app.dictionary.primeengkor, 프라임 영한한영사전
[2019-07-24 16:05:27,265][DEBUG|rankingParser.py:19] >> 73, com.monotype.android.font.aaflutter, Aa설렘주의™ 한국어 Flipfont
[2019-07-24 16:05:27,271][DEBUG|rankingParser.py:19] >> 74, com.etoos.wordmaster.highbasic2016, Word Master 워드마스터 고등 BASIC
[2019-07-24 16:05:27,277][DEBUG|rankingParser.py:19] >> 75, handasoft.mobile.divination_pro, 2019 점신PRO : 오늘의 운세, 사주의 완전판
[2019-07-24 16:05:27,284][DEBUG|rankingParser.py:19] >> 76, com.x0.strai.frepkey, FRep Unlock Key
[2019-07-24 16:05:27,291][DEBUG|rankingParser.py:19] >> 77, com.pdp.deviceowner, Package Disabler Pro ( Owner APP) All Android
[2019-07-24 16:05:27,301][DEBUG|rankingParser.py:19] >> 78, com.daolsoft.ybmeke, YBM 올인올 영한영 플러스 사전
[2019-07-24 16:05:27,308][DEBUG|rankingParser.py:19] >> 79, com.etoos.wordmaster.sat20002016, Word master 워드마스터 수능 2000(개정)
[2019-07-24 16:05:27,314][DEBUG|rankingParser.py:19] >> 80, com.monotype.android.font.badhandwriting365, 365발꾸락글씨™ 한국어 Flipfont
[2019-07-24 16:05:27,323][DEBUG|rankingParser.py:19] >> 81, xyz.masmas.film.cloudy, 클라우디 필름 - 흐림 필터 완벽 구현!
[2019-07-24 16:05:27,329][DEBUG|rankingParser.py:19] >> 82, com.jinhak.vocaicon_middle_pro, 그림어원 중학 VOCA Pro + 첫 화면 퀴즈
[2019-07-24 16:05:27,335][DEBUG|rankingParser.py:19] >> 83, com.one.ui.s10.iconpack, ONE UI Icon Pack : S10
[2019-07-24 16:05:27,341][DEBUG|rankingParser.py:19] >> 84, com.chanel.weather.forecast.accu.pro, 일기 예보 전문가
[2019-07-24 16:05:27,347][DEBUG|rankingParser.py:19] >> 85, com.noctuasoftware.stellarium, Stellarium Mobile 하늘지도
[2019-07-24 16:05:27,353][DEBUG|rankingParser.py:19] >> 86, com.imageline.FLM, FL Studio Mobile
[2019-07-24 16:05:27,358][DEBUG|rankingParser.py:19] >> 87, com.devguru.eltwomonusb, TwomonUSB(투몬USB) - USB모니터
[2019-07-24 16:05:27,384][DEBUG|rankingParser.py:19] >> 88, com.limeberry.dansoomhanja, 단숨 일본어한자 (일본어 상용한자)
[2019-07-24 16:05:27,390][DEBUG|rankingParser.py:19] >> 89, inc.trilokia.pubgfxtool, PUB Gfx+ Tool:#1 GFX Tool(with advance settings)
[2019-07-24 16:05:27,396][DEBUG|rankingParser.py:19] >> 90, com.elsebook.handal, 한글 달인 - 맞춤법 공부
[2019-07-24 16:05:27,405][DEBUG|rankingParser.py:19] >> 91, com.monotype.android.font.aakingoffont, Aa폰트의왕™ 한국어 Flipfont
[2019-07-24 16:05:27,414][DEBUG|rankingParser.py:19] >> 92, jjong.kim.rotationcontrol_pro, 화면회전 pro
[2019-07-24 16:05:27,422][DEBUG|rankingParser.py:19] >> 93, com.myscript.nebo, MyScript Nebo 네보
[2019-07-24 16:05:27,428][DEBUG|rankingParser.py:19] >> 94, kr.co.trutory.bandalmun.public9, 9급 공무원 기출문제 해설집
[2019-07-24 16:05:27,434][DEBUG|rankingParser.py:19] >> 95, com.minjok.pjdic, 친일인명사전
[2019-07-24 16:05:27,440][DEBUG|rankingParser.py:19] >> 96, com.monotype.android.font.aaloafaround, Aa빈둥글씨™ 한국어 Flipfont
[2019-07-24 16:05:27,446][DEBUG|rankingParser.py:19] >> 97, com.wolfram.android.alpha, WolframAlpha
[2019-07-24 16:05:27,452][DEBUG|rankingParser.py:19] >> 98, com.flyersoft.moonreaderp, Moon+ Reader Pro
[2019-07-24 16:05:27,459][DEBUG|rankingParser.py:19] >> 99, com.panda.gamebooster, Panda Game Booster & GFX Tool for Battleground
[2019-07-24 16:05:27,465][DEBUG|rankingParser.py:19] >> 100, com.tedkim88.fitnesscounter_kr, 운동 개수 세기 - 헬스, 요가 카운트 트레이너
[2019-07-24 16:05:27,471][DEBUG|rankingParser.py:19] >> 101, inc.trilokia.gfxtool, Gamers GLTool Pro with Game Turbo & Game Tuner
[2019-07-24 16:05:27,478][DEBUG|rankingParser.py:19] >> 102, com.enex2.popdiary, POPdiary+ : 일기, 다이어리
[2019-07-24 16:05:27,484][DEBUG|rankingParser.py:19] >> 103, com.tocaboca.tocahairsalon3, Toca Hair Salon 3
[2019-07-24 16:05:27,492][DEBUG|rankingParser.py:19] >> 104, kr.co.trutory.pass2pass.historyhigh, 한국사능력검정시험 고급 해설집
[2019-07-24 16:05:27,498][DEBUG|rankingParser.py:19] >> 105, com.ithersta.stardewvalleyplanner, Assistant for Stardew Valley
[2019-07-24 16:05:27,505][DEBUG|rankingParser.py:19] >> 106, com.devguru.ntwomon, Twomon SE (투몬 SE) - 휴대용 디스플레이, USB 모니터
[2019-07-24 16:05:27,511][DEBUG|rankingParser.py:19] >> 107, com.ss.edgegestures, 엣지 제스처
[2019-07-24 16:05:27,517][DEBUG|rankingParser.py:19] >> 108, cz.zdenekhorak.mibandtools, Tools & Mi Band
[2019-07-24 16:05:27,523][DEBUG|rankingParser.py:19] >> 109, com.monotype.android.font.aamayfivedays, Aa오월오일™ 한국어 Flipfont
[2019-07-24 16:05:27,530][DEBUG|rankingParser.py:19] >> 110, new_chalkboard.katalk.crayon, 칠판 카카오톡 테마 VER2
[2019-07-24 16:05:27,536][DEBUG|rankingParser.py:19] >> 111, com.appbank.easybible, 아가페 쉬운성경
[2019-07-24 16:05:27,542][DEBUG|rankingParser.py:19] >> 112, eu.thedarken.sdm.unlocker, SD Maid Pro - 언락커
[2019-07-24 16:05:27,550][DEBUG|rankingParser.py:19] >> 113, com.kakao.talk.theme.Okcheori_FreshSummer, 옥철이_싱그러운여름 카톡테마
[2019-07-24 16:05:27,557][DEBUG|rankingParser.py:19] >> 114, com.marinetraffic.android, MarineTraffic ship positions
[2019-07-24 16:05:27,563][DEBUG|rankingParser.py:19] >> 115, com.jb.babycrying_paid, 아기 울음 알리미 (아기 수면 모니터 & 알람 & 자장가)
[2019-07-24 16:05:27,569][DEBUG|rankingParser.py:19] >> 116, com.visiblebody.atlas, Human Anatomy Atlas 2019:Complete 3D Human Body
[2019-07-24 16:05:27,575][DEBUG|rankingParser.py:19] >> 117, com.digipom.easyvoicerecorder.pro, 이지 보이스 레코더 프로
[2019-07-24 16:05:27,581][DEBUG|rankingParser.py:19] >> 118, com.frozenape.tempo, Metronome: Tempo 메트로놈
[2019-07-24 16:05:27,587][DEBUG|rankingParser.py:19] >> 119, com.global.tarotmasterpro, 타로마스터 Pro-오늘의타로
[2019-07-24 16:05:27,593][DEBUG|rankingParser.py:19] >> 120, com.SimG.SimForklift, 지게차 면허시험 시뮬레이터
[2019-07-24 16:05:27,599][DEBUG|rankingParser.py:19] >> 121, com.pixelcurves.tlauncher, TL Mods
[2019-07-24 16:05:27,608][DEBUG|rankingParser.py:19] >> 122, net.headnum.kream.ktm.unlocker, 카테만 PRO - 카카오톡 테마 만들기
[2019-07-24 16:05:27,614][DEBUG|rankingParser.py:19] >> 123, com.nynix.knots3d, 매듭 앱 3D  ( Knots 3D )
[2019-07-24 16:05:27,623][DEBUG|rankingParser.py:19] >> 124, com.hiqrecorder.full, Hi-Q MP3 음성 녹음기 (풀버전)
[2019-07-24 16:05:27,637][DEBUG|rankingParser.py:19] >> 125, com.vitotechnology.StarWalk2, Star Walk 2 - 하늘지도：별자리 찾기, 스타지도, 증강 현실 천문학
[2019-07-24 16:05:27,643][DEBUG|rankingParser.py:19] >> 126, com.nll.acr.license, ACR License
[2019-07-24 16:05:27,649][DEBUG|rankingParser.py:19] >> 127, com.etoos.wordmaster.sat.word_complete.v2015, Word Master 워드마스터 수능어휘완성
[2019-07-24 16:05:27,655][DEBUG|rankingParser.py:19] >> 128, com.inergy.pocketkorea, 포켓한국사
[2019-07-24 16:05:27,660][DEBUG|rankingParser.py:19] >> 129, kr.co.topaz7company.blackbox, 블랙박스X 몰래카메라
[2019-07-24 16:05:27,666][DEBUG|rankingParser.py:19] >> 130, com.monotype.android.font.aabeyours, Aa남친해줄게™ 한국어 Flipfont
[2019-07-24 16:05:27,674][DEBUG|rankingParser.py:19] >> 131, com.massimobiolcati.irealb, iReal Pro  음악책 & 반주
[2019-07-24 16:05:27,679][DEBUG|rankingParser.py:19] >> 132, com.neutroncode.mp, Neutron Music Player
[2019-07-24 16:05:27,686][DEBUG|rankingParser.py:19] >> 133, com.grill.psjoy, PSJoy: PC Remote Play Spy for PS4
[2019-07-24 16:05:27,695][DEBUG|rankingParser.py:19] >> 134, com.acrosoft.sajupedia, 사주대전-운세,명리,토정비결,귀곡,궁합,택일,성명,꿈
[2019-07-24 16:05:27,702][DEBUG|rankingParser.py:19] >> 135, kr.co.trutory.bandalmun.public7, 7급 공무원 기출문제 해설집
[2019-07-24 16:05:27,707][DEBUG|rankingParser.py:19] >> 136, vr.audio.voicerecorderpro, 음성 레코더 프로
[2019-07-24 16:05:27,713][DEBUG|rankingParser.py:19] >> 137, com.panda.gamepad, Panda Gamepad Pro (BETA)
[2019-07-24 16:05:27,719][DEBUG|rankingParser.py:19] >> 138, com.go9android.subwaysmarthelper21, 지하철 어디있니
[2019-07-24 16:05:27,730][DEBUG|rankingParser.py:19] >> 139, com.ss.launcher2.key, 토탈 런처 키
[2019-07-24 16:05:27,735][DEBUG|rankingParser.py:19] >> 140, com.runtastic.android.pushup.pro, Runtastic Push-Ups PRO 팔굽혀펴기
[2019-07-24 16:05:27,742][DEBUG|rankingParser.py:19] >> 141, co.byeol.hanneung, 한국사 능력
[2019-07-24 16:05:27,750][DEBUG|rankingParser.py:19] >> 142, com.kakao.talk.theme.Okcheori_NightAir, 옥철이_기분좋은 밤공기 카톡테마
[2019-07-24 16:05:27,756][DEBUG|rankingParser.py:19] >> 143, com.modelmakertools.simplemindpro, SimpleMind Pro - Intuitive Mind Mapping
[2019-07-24 16:05:27,761][DEBUG|rankingParser.py:19] >> 144, maa.vaporwavewallpaperspro, Vaporwave Wallpapers PRO  (NO ADS)
[2019-07-24 16:05:27,766][DEBUG|rankingParser.py:19] >> 145, com.ton.tarotofozpay, 오즈의타로+ - 타로, 타로카드, 타로점, 운세
[2019-07-24 16:05:27,772][DEBUG|rankingParser.py:19] >> 146, com.daolsoft.jawonhanja, 자원풀이 한자 1900
[2019-07-24 16:05:27,777][DEBUG|rankingParser.py:19] >> 147, com.yongcalcompany.JlptVip, 회독JLPT(유료)
[2019-07-24 16:05:27,783][DEBUG|rankingParser.py:19] >> 148, com.elsebook.handal.spacing, 띄어쓰기
[2019-07-24 16:05:27,789][DEBUG|rankingParser.py:19] >> 149, com.acadoid.lecturerecordings, LectureRecordings
[2019-07-24 16:05:27,795][DEBUG|rankingParser.py:19] >> 150, com.mani.maniadministration, 마니 행정학
[2019-07-24 16:05:27,807][DEBUG|rankingParser.py:19] >> 151, com.affinityblue.tunable, Tunable: Music Practice Tools
[2019-07-24 16:05:27,819][DEBUG|rankingParser.py:19] >> 152, com.softchaser.iDosaPhone, 도사폰 (만세력 역학 도구)
[2019-07-24 16:05:27,825][DEBUG|rankingParser.py:19] >> 153, com.runtastic.android.squats.pro, Runtastic Squats PRO스쿼트 다리살빼기
[2019-07-24 16:05:27,831][DEBUG|rankingParser.py:19] >> 154, com.junapps.BibleLexOriDic, 바이블렉스 성경본문해석사전
[2019-07-24 16:05:27,836][DEBUG|rankingParser.py:19] >> 155, com.hk.coleg.PhotoScape2, Photo Scape Base
[2019-07-24 16:05:27,842][DEBUG|rankingParser.py:19] >> 156, com.kapp.ifont.donate, 아이폰트(글꼴 전문가)
[2019-07-24 16:05:27,847][DEBUG|rankingParser.py:19] >> 157, com.entusapps.play2, PL@Y 2 - 프리미엄 티켓북 + 포토캘린더 ( 플레이앱, PL@Y2 )
[2019-07-24 16:05:27,853][DEBUG|rankingParser.py:19] >> 158, com.phigolf.golfnavipro, GOLF NAVI Pro
[2019-07-24 16:05:27,858][DEBUG|rankingParser.py:19] >> 159, com.apedroid.hwkeyboardhelper, External Keyboard Helper Pro
[2019-07-24 16:05:27,864][DEBUG|rankingParser.py:19] >> 160, net.liveatc.liveatc_app, LiveATC for Android
[2019-07-24 16:05:27,870][DEBUG|rankingParser.py:19] >> 161, udk.android.reader, ezPDF Reader PDF - 페이퍼리스 리더
[2019-07-24 16:05:27,875][DEBUG|rankingParser.py:19] >> 162, com.monotype.android.font.aaspring3, Aa봄봄봄™ 한국어 Flipfont
[2019-07-24 16:05:27,881][DEBUG|rankingParser.py:19] >> 163, com.lensesdev.manual.camera.pro, 수동 카메라 : DSLR 카메라 전문
[2019-07-24 16:05:27,887][DEBUG|rankingParser.py:19] >> 164, com.gryffindor.pinkeye, 필름 로지 - Feelm Rosy
[2019-07-24 16:05:27,892][DEBUG|rankingParser.py:19] >> 165, air.com.alenddl.AltongEngFull, 알통여행영어 Full
[2019-07-24 16:05:27,901][DEBUG|rankingParser.py:19] >> 166, example.matharithmetics_pro, 수학 트릭(암산 연습) PRO
[2019-07-24 16:05:27,908][DEBUG|rankingParser.py:19] >> 167, com.hompee.mybible.billiard_new, 당구 3쿠션 시스템 유료
[2019-07-24 16:05:27,913][DEBUG|rankingParser.py:19] >> 168, com.advasoft.touchretouch, TouchRetouch
[2019-07-24 16:05:27,920][DEBUG|rankingParser.py:19] >> 169, com.tbig.playerpro, PlayerPro Music Player
[2019-07-24 16:05:27,927][DEBUG|rankingParser.py:19] >> 170, com.speedsoftware.rootexplorer, Root Explorer
[2019-07-24 16:05:27,947][DEBUG|rankingParser.py:19] >> 171, com.simplevision.workout.tabataadfree, Tabata Timer타바타 운동 타이머 Ad Free
[2019-07-24 16:05:27,968][DEBUG|rankingParser.py:19] >> 172, xyz.masmas.film.analog, 아날로그 필름 - 옛 향수 가득한 전문가용 사진 필터 앱!
[2019-07-24 16:05:27,976][DEBUG|rankingParser.py:19] >> 173, kr.co.bausoft.JpmrM, 강헌의 좌파명리학
[2019-07-24 16:05:27,983][DEBUG|rankingParser.py:19] >> 174, yuns27.electriccertificationsecondexam, 전기기사 산업기사 실기 핵심 정리
[2019-07-24 16:05:27,989][DEBUG|rankingParser.py:19] >> 175, com.wakdev.nfctools.pro, NFC Tools - Pro Edition
[2019-07-24 16:05:27,994][DEBUG|rankingParser.py:19] >> 176, com.dev47apps.droidcamx, DroidCamX Wireless Webcam Pro
[2019-07-24 16:05:27,999][DEBUG|rankingParser.py:19] >> 177, com.elimmedia.hymn.ph, 미가엘 찬양 반주기 ( 새찬송가/통일찬송가 )
[2019-07-24 16:05:28,004][DEBUG|rankingParser.py:19] >> 178, com.lge.wsdeveloper.ux8.oneui, [UX8] OneUI/Galaxy S10 Theme LG G8 V50 V40 Pie
[2019-07-24 16:05:28,010][DEBUG|rankingParser.py:19] >> 179, com.hackers.app.toeiclistening, 해커스리스닝핵심편 토익 - TOEIC 토익단어 토익공부
[2019-07-24 16:05:28,016][DEBUG|rankingParser.py:19] >> 180, pro.gif.videotogif.gifeditor.gifmaker, GIF 메이커, GIF 편집기, 동영상 메이커, Video을 GIF로 Pro
[2019-07-24 16:05:28,070][DEBUG|rankingParser.py:19] >> 181, com.tocaboca.tocahospital, Toca Life: Hospital
[2019-07-24 16:05:28,078][DEBUG|rankingParser.py:19] >> 182, com.plantools.fpactivity, + PLANNER (플러스 플래너)
[2019-07-24 16:05:28,084][DEBUG|rankingParser.py:19] >> 183, com.gmail.ecogeo.mymembershipcard, 내 멤버십 카드
[2019-07-24 16:05:28,089][DEBUG|rankingParser.py:19] >> 184, com.etoos.wordmaster.hyper20002016, Word Master 워드마스터 하이퍼 2000(개정)
[2019-07-24 16:05:28,094][DEBUG|rankingParser.py:19] >> 185, com.filmic.filmicpro, FiLMiC Pro: 프로 HD 수동 비디오 카메라 어플
[2019-07-24 16:05:28,100][DEBUG|rankingParser.py:19] >> 186, com.monotype.android.font.typotopstudent, TYPO전교일등™ 한국어 Flipfont
[2019-07-24 16:05:28,119][DEBUG|rankingParser.py:19] >> 187, com.jpbrothers.android.pictail.sub1, 픽테일 -  PinkLady
[2019-07-24 16:05:28,141][DEBUG|rankingParser.py:19] >> 188, com.monotype.android.font.aaniceguy, Aa착한남자™ 한국어Flipfont
[2019-07-24 16:05:28,157][DEBUG|rankingParser.py:19] >> 189, xsoftstudio.musicplayer.pro, Poweraudio Pro Music Player
[2019-07-24 16:05:28,175][DEBUG|rankingParser.py:19] >> 190, com.cateater.stopmotionstudiopro, Stop Motion Studio Pro
[2019-07-24 16:05:28,204][DEBUG|rankingParser.py:19] >> 191, com.monotype.android.font.rixtodaytoon, Rix오늘의만화™ 한국어 Flipfont
[2019-07-24 16:05:28,218][DEBUG|rankingParser.py:19] >> 192, jjong.kim.securitycard_m_1500, 보안카드+ pro
[2019-07-24 16:05:28,229][DEBUG|rankingParser.py:19] >> 193, com.wordnet.dic.synonym, (주)낱말 - 우리말 유의어 사전
[2019-07-24 16:05:28,238][DEBUG|rankingParser.py:19] >> 194, com.michael.gospel.full, 미가엘 복음성가 (1000곡)
[2019-07-24 16:05:28,247][DEBUG|rankingParser.py:19] >> 195, net.zhuoweizhang.mcpelauncher.pro, BlockLauncher Pro
[2019-07-24 16:05:28,253][DEBUG|rankingParser.py:19] >> 196, com.ss.powershortcuts, 파워 쇼컷 (Power Shortcuts) - 강력한 바로가기 생성!
[2019-07-24 16:05:28,259][DEBUG|rankingParser.py:19] >> 197, com.sheet.music, 내 음악 점수 - 악보 뷰어, 뮤직 스캐너
[2019-07-24 16:05:28,265][DEBUG|rankingParser.py:19] >> 198, com.cleo.unse.cheonha, 천하운세 (운세, 사주, 궁합)
[2019-07-24 16:05:28,272][DEBUG|rankingParser.py:19] >> 199, xyz.masmas.film.paris, 파리 필름 - 평범한 사진에 파리 감성을 듬뿍
[2019-07-24 16:05:28,278][DEBUG|rankingParser.py:19] >> 200, com.jpbrothers.android.pictail.sub3, 픽테일 -  BlueHawaii
[2019-07-24 16:05:46,137][DEBUG|rankingParser.py:19] >> 1, kr.co.lylstudio.unicorn, ユニコン:告ブロック必須アプリ
[2019-07-24 16:05:46,144][DEBUG|rankingParser.py:19] >> 2, jp.snowlife01.android.mutecamera, カメラ無音化Pro（標準カメラやビデオも完全無音化）
[2019-07-24 16:05:46,149][DEBUG|rankingParser.py:19] >> 3, com.sony.tvsideview.dtcpplayer, Video & TV SideViewプレヤプラグイン
[2019-07-24 16:05:46,155][DEBUG|rankingParser.py:19] >> 4, com.maxmpz.audioplayer.unlock, Poweramp Full Version Unlocker
[2019-07-24 16:05:46,161][DEBUG|rankingParser.py:19] >> 5, com.beliefengine.handyapp, HANDY デッサン用モデルツル
[2019-07-24 16:05:46,167][DEBUG|rankingParser.py:19] >> 6, com.teslacoilsw.launcher.prime, Nova Launcher Prime
[2019-07-24 16:05:46,174][DEBUG|rankingParser.py:19] >> 7, jp.sisyou.kumikashi.mutedefaultcamera, 標準カメラを無音化　無音モドアプリ（カメラ特化版）　スクショは手動切替で
[2019-07-24 16:05:46,180][DEBUG|rankingParser.py:19] >> 8, com.simplemobiletools.gallery.pro, シンプル ギャラリ Pro
[2019-07-24 16:05:46,186][DEBUG|rankingParser.py:19] >> 9, com.justsystems.atokmobile.service, ATOK (日本語入力システム)
[2019-07-24 16:05:46,192][DEBUG|rankingParser.py:19] >> 10, jp.sisyou.kumikashi.allmutemode, 無音モド（標準カメラの無音化を現）カメラミュト　スクショは手動無音化で
[2019-07-24 16:05:46,198][DEBUG|rankingParser.py:19] >> 11, com.digipom.easyvoicerecorder.pro, 簡ボイスレコダプロ
[2019-07-24 16:05:46,204][DEBUG|rankingParser.py:19] >> 12, com.ultimate_math.cubecutapp, 究極の立＜切＞
[2019-07-24 16:05:46,209][DEBUG|rankingParser.py:19] >> 13, com.pasoya.orbis, オビスガイド - 移動式オビス ネズミ捕り 問 通過履
[2019-07-24 16:05:46,215][DEBUG|rankingParser.py:19] >> 14, studypro.spi.higengo, SPI非言語 【Study Pro】
[2019-07-24 16:05:46,221][DEBUG|rankingParser.py:19] >> 15, jp.co.gamegate.takagisan.takagi, からかい上手の高木さんアラム
[2019-07-24 16:05:46,226][DEBUG|rankingParser.py:19] >> 16, jp.tanyu.SmartAlarm, スマトアラム （目まし時計）
[2019-07-24 16:05:46,232][DEBUG|rankingParser.py:19] >> 17, com.mxtech.videoplayer.pro, MX Player Pro
[2019-07-24 16:05:46,238][DEBUG|rankingParser.py:19] >> 18, com.onkyo.jp.hfplayer_unlocker, Onkyo HF Player Unlocker
[2019-07-24 16:05:46,243][DEBUG|rankingParser.py:19] >> 19, net.dinglisch.android.taskerm, Tasker
[2019-07-24 16:05:46,248][DEBUG|rankingParser.py:19] >> 20, com.mobisystems.fonts, OfficeSuite Font Pack
[2019-07-24 16:05:46,254][DEBUG|rankingParser.py:19] >> 21, com.printedpropshop.dokkos2, Dokk OS 2
[2019-07-24 16:05:46,260][DEBUG|rankingParser.py:19] >> 22, studypro.spi, SPI言語 【Study Pro】
[2019-07-24 16:05:46,265][DEBUG|rankingParser.py:19] >> 23, jp.com.snow.contactsxpro, 電話帳X - 電話 & 連絡先アプリ
[2019-07-24 16:05:46,271][DEBUG|rankingParser.py:19] >> 24, com.komado.Odyssey.com.nifty.homepage2, 完全無音ビデオカメラ　4K高質まで　動撮影編集標準カメラ消音このアプリで完結
[2019-07-24 16:05:46,277][DEBUG|rankingParser.py:19] >> 25, com.bilingirl.helpmetravel, 旅行英話 - Help me Travel
[2019-07-24 16:05:46,283][DEBUG|rankingParser.py:19] >> 26, com.familyapp.anpan.customdialer.charge, 多機能でんわ告無し版（通話タイマや信確認、プレフィックスなど多機能電話アプリ）
[2019-07-24 16:05:46,290][DEBUG|rankingParser.py:19] >> 27, com.intsig.lic.camscanner, CamScanner 完全版 (License)
[2019-07-24 16:05:46,296][DEBUG|rankingParser.py:19] >> 28, com.visiblebody.atlas, ヒュマンアナトミアトラス2019： 3Dによる完璧な人
[2019-07-24 16:05:46,302][DEBUG|rankingParser.py:19] >> 29, au.com.metro.dwjr.boffos, Dumb Ways JR Boffo's Breakfast
[2019-07-24 16:05:46,308][DEBUG|rankingParser.py:19] >> 30, com.nic_english.gym.NicGym, ニック式英話ジム ベタ版
[2019-07-24 16:05:46,313][DEBUG|rankingParser.py:19] >> 31, com.advasoft.touchretouch, TouchRetouch
[2019-07-24 16:05:46,319][DEBUG|rankingParser.py:19] >> 32, com.teacapps.barcodescanner.pro, QRコド＆バコドリダ（Pro）
[2019-07-24 16:05:46,324][DEBUG|rankingParser.py:19] >> 33, net.techet.netanalyzer.an, Network Analyzer Pro
[2019-07-24 16:05:46,330][DEBUG|rankingParser.py:19] >> 34, jp.co.mirai_ii.nfc.allinone.now, 全の ICカド これひとつ「なう」
[2019-07-24 16:05:46,337][DEBUG|rankingParser.py:19] >> 35, jp.co.alpha.dlna.mlpfordtv, Media Link Player for DTV
[2019-07-24 16:05:46,342][DEBUG|rankingParser.py:19] >> 36, com.twitpane.premium, ついっとぺんPlus(Twitterアプリ)
[2019-07-24 16:05:46,348][DEBUG|rankingParser.py:19] >> 37, com.nll.acr.license, ACRライセンス
[2019-07-24 16:05:46,353][DEBUG|rankingParser.py:19] >> 38, com.x0.strai.frepkey, FRep Unlock Key
[2019-07-24 16:05:46,360][DEBUG|rankingParser.py:19] >> 39, jp.snowlife01.android.clipboard, クリップボドPro【オバレイ表示の最新クリップボドアプリ】
[2019-07-24 16:05:46,366][DEBUG|rankingParser.py:19] >> 40, com.njwuji.study, どんどん話すための瞬間英作文トレニング
[2019-07-24 16:05:46,374][DEBUG|rankingParser.py:19] >> 41, jp.dtechgame.gridmanalarm, グリッドマン アラム -if your smile-
[2019-07-24 16:05:46,381][DEBUG|rankingParser.py:19] >> 42, com.skyjos.apps.fileexplorer, FE File Explorer Pro - ファイルマネジャ
[2019-07-24 16:05:46,388][DEBUG|rankingParser.py:19] >> 43, com.hole19golf.wear, Hole19 Golf GPS for Smartwatch
[2019-07-24 16:05:46,400][DEBUG|rankingParser.py:19] >> 44, com.massimobiolcati.irealb, iReal Pro - 譜とバッキングトラック
[2019-07-24 16:05:46,406][DEBUG|rankingParser.py:19] >> 45, smartwatchstudios.app.gears3navigation, Navigation Pro: Google Maps Navi on Samsung Watch
[2019-07-24 16:05:46,413][DEBUG|rankingParser.py:19] >> 46, com.algoriddim.djay, djay 2
[2019-07-24 16:05:46,419][DEBUG|rankingParser.py:19] >> 47, by.avowl.coils.vapetools, Vape Tools Box [for true Geeks]
[2019-07-24 16:05:46,425][DEBUG|rankingParser.py:19] >> 48, com.tocaboca.tocapets, Toca Life: Pets
[2019-07-24 16:05:46,431][DEBUG|rankingParser.py:19] >> 49, com.marinetraffic.android, MarineTraffic ship positions
[2019-07-24 16:05:46,437][DEBUG|rankingParser.py:19] >> 50, com.wiseschematics.eqfy, Eqfy Equalizer
[2019-07-24 16:05:46,443][DEBUG|rankingParser.py:19] >> 51, org.prowl.torque, Torque Pro (OBD2/Car)
[2019-07-24 16:05:46,450][DEBUG|rankingParser.py:19] >> 52, com.fenixx.gameboosterplus, Game Booster  4x Faster (with advance settings)
[2019-07-24 16:05:46,456][DEBUG|rankingParser.py:19] >> 53, com.metamoji.mazec, mazec3（手書きによるカンタン日本語入力）
[2019-07-24 16:05:46,463][DEBUG|rankingParser.py:19] >> 54, org.twisevictory.jp, メンタルリプのアプリ：ワンダウィク
[2019-07-24 16:05:46,469][DEBUG|rankingParser.py:19] >> 55, com.ss.edgegestures, エッジジェスチャ
[2019-07-24 16:05:46,476][DEBUG|rankingParser.py:19] >> 56, abdelrahman.wifianalyzerpremium, WiFiアナライザプレミアム
[2019-07-24 16:05:46,482][DEBUG|rankingParser.py:19] >> 57, com.thegosa.board.theme, ボド| Xperia™テマ+アイコン
[2019-07-24 16:05:46,488][DEBUG|rankingParser.py:19] >> 58, com.natewren.lines, ライン - ミニマリストのアイコン
[2019-07-24 16:05:46,495][DEBUG|rankingParser.py:19] >> 59, com.quvideo.xiaoying.pro, VivaVideo PRO: ビデオエディタ＆動編集アプリ
[2019-07-24 16:05:46,501][DEBUG|rankingParser.py:19] >> 60, com.pubrof.pubrofboki2, パブロフ簿記２級商業簿記 日商簿記仕策 2019年度版
[2019-07-24 16:05:46,506][DEBUG|rankingParser.py:19] >> 61, com.media.bestrecorder.audiorecorderpro, ボイスレコダプロ
[2019-07-24 16:05:46,512][DEBUG|rankingParser.py:19] >> 62, jp.co.gamegate.gochiusa.chino.schedule, ごちうさカレンダチノ編
[2019-07-24 16:05:46,518][DEBUG|rankingParser.py:19] >> 63, com.modelmakertools.simplemindpro, SimpleMind Pro - Intuitive Mind Mapping
[2019-07-24 16:05:46,523][DEBUG|rankingParser.py:19] >> 64, com.hanamarusha.muteall.pro, カメラ無音化MuteAll（標準カメラもビデオも無音化）　スクショは手動で無音化可能
[2019-07-24 16:05:46,529][DEBUG|rankingParser.py:19] >> 65, jp.charactervoice.xea10.asuna, Xperia Ear Duo(アスナ)
[2019-07-24 16:05:46,535][DEBUG|rankingParser.py:19] >> 66, jp.ne.biglobe.target1900, 英語タゲット1900公式アプリ |  ビッグロブ英語
[2019-07-24 16:05:46,540][DEBUG|rankingParser.py:19] >> 67, org.azasoft.swapper, Swapper for Root (Donate)
[2019-07-24 16:05:46,546][DEBUG|rankingParser.py:19] >> 68, com.rhmsoft.pulsar.pro, Pulsar 音プレイヤ プロ
[2019-07-24 16:05:46,551][DEBUG|rankingParser.py:19] >> 69, jp.newsmedia.ecoken.app3, eco定策セミナ(第３部)「持可能な社に向けて」
[2019-07-24 16:05:46,562][DEBUG|rankingParser.py:19] >> 70, net.saltycrackers.daygram, デイグラム
[2019-07-24 16:05:46,569][DEBUG|rankingParser.py:19] >> 71, jp.snowlife01.android.rotationcontrolpro, 面の回（向き）を制御【ロテションコントロルPro 】
[2019-07-24 16:05:46,575][DEBUG|rankingParser.py:19] >> 72, com.appglobe.watch.face.ksana,  Watch Face - Ksana Sweep for Android Wear OS
[2019-07-24 16:05:46,581][DEBUG|rankingParser.py:19] >> 73, com.safeincloud, パスワド マネジャ SafeInCloud Pro
[2019-07-24 16:05:46,588][DEBUG|rankingParser.py:19] >> 74, com.owners_age.stken_app_paid, 宅建 過去問集 2019年版「スタケン」
[2019-07-24 16:05:46,594][DEBUG|rankingParser.py:19] >> 75, com.softama.twitamaplus, ツイタマ+
[2019-07-24 16:05:46,600][DEBUG|rankingParser.py:19] >> 76, me.plusnow.shield.stable, AdShield - Ad blocker, No more ads & tracking
[2019-07-24 16:05:46,607][DEBUG|rankingParser.py:19] >> 77, com.tocaboca.tocaschool, トッカライフスクル Toca Life School
[2019-07-24 16:05:46,614][DEBUG|rankingParser.py:19] >> 78, com.chanel.weather.forecast.accu.pro, 天予報プロ
[2019-07-24 16:05:46,627][DEBUG|rankingParser.py:19] >> 79, com.klinker.android.twitter_l, Talon for Twitter
[2019-07-24 16:05:46,645][DEBUG|rankingParser.py:19] >> 80, jp.chau2chaun2.mannerstimer, オトマナPlus+
[2019-07-24 16:05:46,669][DEBUG|rankingParser.py:19] >> 81, jp.snowlife01.android.pro_cache_delete, キャッシュ削除Pro
[2019-07-24 16:05:46,706][DEBUG|rankingParser.py:19] >> 82, com.tocaboca.tocahospital, Toca Life: Hospital
[2019-07-24 16:05:46,740][DEBUG|rankingParser.py:19] >> 83, com.rookiestudio.perfectviewer.donate, Perfect Viewerに寄付
[2019-07-24 16:05:46,756][DEBUG|rankingParser.py:19] >> 84, com.softmedia.receiver, AirReceiver
[2019-07-24 16:05:46,765][DEBUG|rankingParser.py:19] >> 85, com.miz.clocklike, デジタル時計化計 プロ版 (デジタル時計＆カレンダ＆天＆RSS)
[2019-07-24 16:05:46,770][DEBUG|rankingParser.py:19] >> 86, com.ss.squarehome.key, スクエアホムのキ - ランチャ
[2019-07-24 16:05:46,778][DEBUG|rankingParser.py:19] >> 87, jp.co.fsi.refills, Refills（システム手帳カレンダスケジュラ）
[2019-07-24 16:05:46,783][DEBUG|rankingParser.py:19] >> 88, sk.michalec.DigiClockWidgetPro, DIGI 時計ウィジェット
[2019-07-24 16:05:46,789][DEBUG|rankingParser.py:19] >> 89, com.rhmsoft.edit.pro, QuickEdit テキストエディタプロ
[2019-07-24 16:05:46,795][DEBUG|rankingParser.py:19] >> 90, com.runtastic.android.pro2, Runtastic PRO GPS ランニング＆ウォキング距離計測記アプリ
[2019-07-24 16:05:46,802][DEBUG|rankingParser.py:19] >> 91, com.intermedia.hd.camera.pro, HDカメラプロ : Best Professional Camera App
[2019-07-24 16:05:46,810][DEBUG|rankingParser.py:19] >> 92, com.amazing_create.android.andclip, aNdClip クリップボド張
[2019-07-24 16:05:46,819][DEBUG|rankingParser.py:19] >> 93, jp.co.asukanet.aftershutter, 動をにするアプリ「AfterShutter 4K」
[2019-07-24 16:05:46,831][DEBUG|rankingParser.py:19] >> 94, com.urbandroid.sleep.full.key, Sleep as Android Unlock
[2019-07-24 16:05:46,837][DEBUG|rankingParser.py:19] >> 95, jp.snowlife01.android.screenshot, 【無音】スクリンショットPro - 動の連キャプチャに最適なキャプチャアプリ
[2019-07-24 16:05:46,842][DEBUG|rankingParser.py:19] >> 96, com.katekyonet.ecology, 最短合格！エコ定
[2019-07-24 16:05:46,849][DEBUG|rankingParser.py:19] >> 97, jp.ne.kutu.PanecalPlus, 電卓 Panecal Plus
[2019-07-24 16:05:46,857][DEBUG|rankingParser.py:19] >> 98, com.gmail.anolivetree, Image Shrink(像リサイズ)
[2019-07-24 16:05:46,862][DEBUG|rankingParser.py:19] >> 99, com.cloudmosa.puffin, Puffin Browser Pro
[2019-07-24 16:05:46,869][DEBUG|rankingParser.py:19] >> 100, cz.acrobits.softphone.aliengroundwire, Groundwire
[2019-07-24 16:05:46,878][DEBUG|rankingParser.py:19] >> 101, com.devguru.eltwomonusb, TwomonUSB - USB モニタ,デュアルモニタ
[2019-07-24 16:05:46,885][DEBUG|rankingParser.py:19] >> 102, info.my_kintore, My 筋トレ: を鍛えましょう
[2019-07-24 16:05:46,892][DEBUG|rankingParser.py:19] >> 103, com.toh.callrecord.pro, コルレコダプロ
[2019-07-24 16:05:46,902][DEBUG|rankingParser.py:19] >> 104, com.digion.dixim.android.play.aquosplayer, AQUOS リモトプレヤ
[2019-07-24 16:05:46,916][DEBUG|rankingParser.py:19] >> 105, com.daylightmap.moon.pro.android, 月鏡
[2019-07-24 16:05:46,922][DEBUG|rankingParser.py:19] >> 106, jp.newsmedia.ecoken.app1, eco定策セミナ(第1部)「地球の環境と課題」
[2019-07-24 16:05:46,928][DEBUG|rankingParser.py:19] >> 107, com.pubrof.pubrofboki3, パブロフ簿記３級 日商簿記仕策 2019年度版
[2019-07-24 16:05:46,933][DEBUG|rankingParser.py:19] >> 108, biz.koikoi.stereo, 3D視力回復
[2019-07-24 16:05:46,941][DEBUG|rankingParser.py:19] >> 109, jp.ne.biglobe.shinmeikai.gp, 新明解語典 公式アプリ｜ビッグロブ書
[2019-07-24 16:05:46,946][DEBUG|rankingParser.py:19] >> 110, jp.newsmedia.ecoken.app2, eco定策セミナ(第2部)「環境問題を知る」
[2019-07-24 16:05:46,952][DEBUG|rankingParser.py:19] >> 111, com.extreamsd.usbaudioplayerpro, USB Audio Player PRO
[2019-07-24 16:05:46,957][DEBUG|rankingParser.py:19] >> 112, jp.sblo.pandora.jota.plus.prokey, Jota+★PRO-KEY
[2019-07-24 16:05:46,963][DEBUG|rankingParser.py:19] >> 113, jp.gr.aqua.mozc, AquaMozc
[2019-07-24 16:05:46,969][DEBUG|rankingParser.py:19] >> 114, jp.hoheto.HohetoApp, ほへと生年月日占い
[2019-07-24 16:05:46,974][DEBUG|rankingParser.py:19] >> 115, air.boycraft.insecthunting, 世界の昆採集
[2019-07-24 16:05:46,980][DEBUG|rankingParser.py:19] >> 116, jp.ne.biglobe.zhong_set.gp, 中日日中典 公式アプリ｜ビッグロブ書
[2019-07-24 16:05:46,986][DEBUG|rankingParser.py:19] >> 117, link.mikan.teppeki, mikan 壁
[2019-07-24 16:05:46,995][DEBUG|rankingParser.py:19] >> 118, com.binibambini.Mini, 子供のための練習”線をなぞりましょう！
[2019-07-24 16:05:47,000][DEBUG|rankingParser.py:19] >> 119, jp.or.ias.qs_tube_construction1st_fee, 1級管工事施工ケイタイもん_有料版
[2019-07-24 16:05:47,007][DEBUG|rankingParser.py:19] >> 120, com.hiqrecorder.full, Hi-Q MP3ボイスレコダ（フル）
[2019-07-24 16:05:47,013][DEBUG|rankingParser.py:19] >> 121, jp.co.joker.kazuki.hygiene.management1, 第1種衛生管理者試問題集　りすさんシリズ
[2019-07-24 16:05:47,018][DEBUG|rankingParser.py:19] >> 122, jp.ne.biglobe.wisdomdict.gp2, ウィズダム英和和英典公式アプリ |英話TOEICに書
[2019-07-24 16:05:47,024][DEBUG|rankingParser.py:19] >> 123, com.tocaboca.tocaneighborhood, トッカライフ: ネイバフッド（Toca Life: Neighborhood）
[2019-07-24 16:05:47,030][DEBUG|rankingParser.py:19] >> 124, com.jrtstudio.AnotherMusicPlayer.Unlocker, Rocket Player プレミアムオディオ
[2019-07-24 16:05:47,037][DEBUG|rankingParser.py:19] >> 125, jp.dstudy.boiler2.ver001, 2級ボイラ技士
[2019-07-24 16:05:47,044][DEBUG|rankingParser.py:19] >> 126, com.intsig.BizCardReader, CamCard:名刺管理日本語他16言語
[2019-07-24 16:05:47,050][DEBUG|rankingParser.py:19] >> 127, com.playsquare.kikutan_all_toeic, キクタン [All-in-One] TOEIC® Test Score 600+800+990合本版
[2019-07-24 16:05:47,056][DEBUG|rankingParser.py:19] >> 128, com.playsquare.pastan_1, でる順パス 英® 1級 【旺文社】
[2019-07-24 16:05:47,063][DEBUG|rankingParser.py:19] >> 129, com.fstop.photo.key, F-Stopギャラリプロ
[2019-07-24 16:05:47,069][DEBUG|rankingParser.py:19] >> 130, asia.uniuni.simplear, SuguSumu : シンプルタスクキラ
[2019-07-24 16:05:47,074][DEBUG|rankingParser.py:19] >> 131, jp.co.imagineer.yk.ichi2.w, 山川一問一答世界史
[2019-07-24 16:05:47,080][DEBUG|rankingParser.py:19] >> 132, net.ddroid.aw.watchface.rv05, V05 WatchFace for Android Wear
[2019-07-24 16:05:47,085][DEBUG|rankingParser.py:19] >> 133, com.app.superfriendly.daily, 聞き流し日常英話ネイティブ1000人と作った英話
[2019-07-24 16:05:47,090][DEBUG|rankingParser.py:19] >> 134, com.tkoffice.builder, 「一級建築士」受策
[2019-07-24 16:05:47,096][DEBUG|rankingParser.py:19] >> 135, com.utorrent.client.pro, Torrent® Pro - Torrent App
[2019-07-24 16:05:47,101][DEBUG|rankingParser.py:19] >> 136, jp.main.brits.docotore.fp3, どこトレ FP3級科 過去問題集
[2019-07-24 16:05:47,107][DEBUG|rankingParser.py:19] >> 137, com.wolfram.android.alpha, WolframAlpha
[2019-07-24 16:05:47,113][DEBUG|rankingParser.py:19] >> 138, com.ratana.sunsurveyor, サン·サベイヤ (Sun Surveyor)
[2019-07-24 16:05:47,118][DEBUG|rankingParser.py:19] >> 139, jp.co.korg.kaossilator.android, KORG Kaossilator for Android
[2019-07-24 16:05:47,124][DEBUG|rankingParser.py:19] >> 140, jp.co.gakkonet.quizninjakankendx, 漢字定漢漢字トレニングDX
[2019-07-24 16:05:47,129][DEBUG|rankingParser.py:19] >> 141, org.kustom.wallpaper.pro, KLWP Live Wallpaper Pro Key
[2019-07-24 16:05:47,137][DEBUG|rankingParser.py:19] >> 142, com.digibites.calendarplus, DigiCal+ 日本カレンダスケジュル
[2019-07-24 16:05:47,146][DEBUG|rankingParser.py:19] >> 143, de.zorillasoft.musicfolderplayer.donate, 音フォルダプレヤ　フルバジョン
[2019-07-24 16:05:47,152][DEBUG|rankingParser.py:19] >> 144, jp.co.latika.android.toeic.listening, TOEIC®テストリスニング360問
[2019-07-24 16:05:47,158][DEBUG|rankingParser.py:19] >> 145, air.jp.co.beret.EngSuraSura, スラスラ話すための瞬間英作文シャッフルトレニング
[2019-07-24 16:05:47,163][DEBUG|rankingParser.py:19] >> 146, com.tocaboca.tocaoffice, トッカライフ：オフィスでは
[2019-07-24 16:05:47,169][DEBUG|rankingParser.py:19] >> 147, vr.audio.voicerecorderpro, ボイスレコダプロ
[2019-07-24 16:05:47,175][DEBUG|rankingParser.py:19] >> 148, com.sikebox.retrorika.material.icons, (SALE) RETRORIKA ICON PACK
[2019-07-24 16:05:47,180][DEBUG|rankingParser.py:19] >> 149, com.orangeorapple.flashcards, Flashcards Deluxe
[2019-07-24 16:05:47,186][DEBUG|rankingParser.py:19] >> 150, air.com.kanarii.okiyome2, ぱっとおめ
[2019-07-24 16:05:47,195][DEBUG|rankingParser.py:19] >> 151, jp.web5.ussy.mydrillbookmakerkey, 暗記ドリルメカ ライセンスキ
[2019-07-24 16:05:47,201][DEBUG|rankingParser.py:19] >> 152, jp.handsaid.shuhasucho_2019, 周波帳2019
[2019-07-24 16:05:47,208][DEBUG|rankingParser.py:19] >> 153, com.stmp.minimalface, Watch Face - Minimal & Elegant for Android Wear OS
[2019-07-24 16:05:47,215][DEBUG|rankingParser.py:19] >> 154, com.jetappfactory.jetaudioplus, ジェットオディオプラス - 高音質の音プレヤ
[2019-07-24 16:05:47,221][DEBUG|rankingParser.py:19] >> 155, net.studiofly.android.ringoplus, 電話帳R Plus
[2019-07-24 16:05:47,228][DEBUG|rankingParser.py:19] >> 156, com.imageline.FLM, FL Studio Mobile
[2019-07-24 16:05:47,234][DEBUG|rankingParser.py:19] >> 157, jp.co.fsi.fskaren.dl, FSKAREN(日本語入力システム)
[2019-07-24 16:05:47,241][DEBUG|rankingParser.py:19] >> 158, jp.co.latika.android.toeic.grammar.all, TOEIC®テスト文法640問1
[2019-07-24 16:05:47,246][DEBUG|rankingParser.py:19] >> 159, com.dynamo.seihoapp, 生保一般課程試一問一答過去問題集
[2019-07-24 16:05:47,252][DEBUG|rankingParser.py:19] >> 160, jp.gr.java_conf.howlcifer.memocharge, メモ帳 有料版
[2019-07-24 16:05:47,259][DEBUG|rankingParser.py:19] >> 161, com.hantor.CozyMagPlus, 大鏡 & 微鏡 Plus (ルペ)
[2019-07-24 16:05:47,265][DEBUG|rankingParser.py:19] >> 162, jp.co.fenrir.android.sleipnir_black, Sleipnir Mobile Black Edition
[2019-07-24 16:05:47,271][DEBUG|rankingParser.py:19] >> 163, jp.ne.biglobe.genius5je3.gp, ジニアス英和第5版和英第3版 | ビッグロブ書
[2019-07-24 16:05:47,276][DEBUG|rankingParser.py:19] >> 164, eu.thedarken.sdm.unlocker, SDメイド プロ - ライセンスキ
[2019-07-24 16:05:47,284][DEBUG|rankingParser.py:19] >> 165, com.sonosaurus.tonalenergytuner, TonalEnergy  チュナとメトロノム
[2019-07-24 16:05:47,290][DEBUG|rankingParser.py:19] >> 166, jp.or.wlpm.bible2017, 聖書 新改2017
[2019-07-24 16:05:47,296][DEBUG|rankingParser.py:19] >> 167, com.filmic.filmicpro, FiLMiC Pro: プロカメラマンも使用するビデオカメラアプリ
[2019-07-24 16:05:47,302][DEBUG|rankingParser.py:19] >> 168, com.metamoji.noteanytime2, MetaMoJi Note（手書きノトアプリ）
[2019-07-24 16:05:47,309][DEBUG|rankingParser.py:19] >> 169, com.bushidroid.app.ghostseeker, Ghost Seeker - 心探索機 -
[2019-07-24 16:05:47,314][DEBUG|rankingParser.py:19] >> 170, cc.mdi.ShuwaStation, 手話ステション
[2019-07-24 16:05:47,320][DEBUG|rankingParser.py:19] >> 171, com.jndapp.line.x.iconpack, LineX Icon Pack
[2019-07-24 16:05:47,325][DEBUG|rankingParser.py:19] >> 172, com.tkoffice.takken, 「宅建士」過去問題《受用》
[2019-07-24 16:05:47,331][DEBUG|rankingParser.py:19] >> 173, com.bytebolt.midiloops, MIDI Voyager Pro
[2019-07-24 16:05:47,337][DEBUG|rankingParser.py:19] >> 174, com.loadlynx_jp.estilynx, Estilynx - 見積書や請求書を素早く作成、きれいに印刷
[2019-07-24 16:05:47,343][DEBUG|rankingParser.py:19] >> 175, jp.main.brits.docotore.fp2, どこトレ FP2級科 過去問題集
[2019-07-24 16:05:47,350][DEBUG|rankingParser.py:19] >> 176, com.digidust.elokence.akinator.paid, Akinator VIP
[2019-07-24 16:05:47,356][DEBUG|rankingParser.py:19] >> 177, com.ydbs.ggj, 私の外
[2019-07-24 16:05:47,363][DEBUG|rankingParser.py:19] >> 178, com.ioslauncher.pro, X Launcher Pro: PhoneX Theme, OS12 Control Center
[2019-07-24 16:05:47,369][DEBUG|rankingParser.py:19] >> 179, org.kustom.widget.pro, KWGT Kustom Widget Pro Key
[2019-07-24 16:05:47,376][DEBUG|rankingParser.py:19] >> 180, com.homeysoft.nexususb.importer, USB Media Explorer
[2019-07-24 16:05:47,383][DEBUG|rankingParser.py:19] >> 181, com.kohei.pcmrecorder.pro, PCM音 Pro
[2019-07-24 16:05:47,390][DEBUG|rankingParser.py:19] >> 182, pixbit.prime, PixBit - Pixel Icon Pack
[2019-07-24 16:05:47,396][DEBUG|rankingParser.py:19] >> 183, slide.watchFrenzy.premium, Watch Face -WatchMaker Premium for Android Wear OS
[2019-07-24 16:05:47,402][DEBUG|rankingParser.py:19] >> 184, sk.mildev84.agendareminder.unlockkey, 議題ウィジェット KEY
[2019-07-24 16:05:47,410][DEBUG|rankingParser.py:19] >> 185, jp.co.gamegate.oregairu.iroha, 俺ガイルアラム ～いろは編～
[2019-07-24 16:05:47,416][DEBUG|rankingParser.py:19] >> 186, com.tocaboca.tocahairsalon3, Toca Hair Salon 3
[2019-07-24 16:05:47,422][DEBUG|rankingParser.py:19] >> 187, com.saboten_ni_mizu.simplehome, 簡ホム Simple Home
[2019-07-24 16:05:47,429][DEBUG|rankingParser.py:19] >> 188, com.n_evolution.SlotCounter, iスロットカウンタ (小役カウント & 設定判別)
[2019-07-24 16:05:47,435][DEBUG|rankingParser.py:19] >> 189, shoubousetubishi4.app, 消防設備士 ４類 過去問 類問
[2019-07-24 16:05:47,443][DEBUG|rankingParser.py:19] >> 190, jp.co.gamegate.rezero.lemm, リゼロアラム　～レム編～
[2019-07-24 16:05:47,449][DEBUG|rankingParser.py:19] >> 191, org.peakfinder.area.alps, PeakFinder AR
[2019-07-24 16:05:47,454][DEBUG|rankingParser.py:19] >> 192, com.digitalchemy.calculator.decimal, 計算機プラス
[2019-07-24 16:05:47,463][DEBUG|rankingParser.py:19] >> 193, org.korosoft.notepadpro.android, ノトパッドプロ
[2019-07-24 16:05:47,468][DEBUG|rankingParser.py:19] >> 194, jp.hanulles.blog_paid_matome_reader_hanull, Hanull Gold - 2ちゃんねるブログまとめリダ - 250サイト以上
[2019-07-24 16:05:47,475][DEBUG|rankingParser.py:19] >> 195, com.dq.fotometroNa, LightMeter
[2019-07-24 16:05:47,480][DEBUG|rankingParser.py:19] >> 196, com.phardera.evasysmon, EVA System Monitor
[2019-07-24 16:05:47,486][DEBUG|rankingParser.py:19] >> 197, jp.co.technosquare.android.gappendixp, 手帳の付+
[2019-07-24 16:05:47,492][DEBUG|rankingParser.py:19] >> 198, com.kamoland.ytlog_g, 山旅ロガGOLD
[2019-07-24 16:05:47,498][DEBUG|rankingParser.py:19] >> 199, fishnoodle.koipond, 鯉ライブ壁紙
[2019-07-24 16:05:47,503][DEBUG|rankingParser.py:19] >> 200, jp.gr.java_conf.recorrect.unkou_kamotsu, 運行管理者試 (貨物)「30日合格プログラム」
[2019-07-24 16:07:36,534][DEBUG|rankingParser.py:100] >> Good Bye Parser! 
 
