[2019-07-24 16:08:38,859][DEBUG|dayStoreAppParse.py:61] >>  Hello Parser! 
[2019-07-24 16:08:55,739][DEBUG|dayStoreAppParse.py:23] >> 책꽂이+ (독서기록, 도서관리), com.irmavep.app.libro, 도서/참고자료, irmavepdev, 10000.0, 844.0, 4.7, 100, 22, 3, 1, 2, 2019년 6월 22일, http://irmavepdev.blogspot.kr/search/label/%EC%B1%85%EA%BD%82%EC%9D%B4, irmavepdev, 
[2019-07-24 16:09:27,240][DEBUG|dayStoreAppParse.py:23] >> AlpineQuest Off-Road Explorer, psyberia.alpinequest.full, 여행 및 지역정보, Psyberia, 50000.0, 4558.0, 4.7, 100, 19, 3, 1, 2, 2019년 7월 5일, https://www.alpinequest.net/, Psyberia, 
[2019-07-24 16:09:53,493][DEBUG|dayStoreAppParse.py:23] >> FocusTimer Pro - 공부 습관이 바뀌는 앱, com.realnumworks.focustimerpro, 생산성, Real Number Works, 50000.0, 1512.0, 4.4, 100, 30, 8, 3, 5, 2019년 5월 3일, http://www.realnumworks.com, Real+Number+Works, 
[2019-07-24 16:10:06,799][DEBUG|dayStoreAppParse.py:23] >> 동영상 플레이어 KM Pro - HD Player, 4K 비디오 플레이어, 코덱, 자막, com.kmplayerpro, 동영상 플레이어/편집기, PANDORA.TV, 100000.0, 7860.0, 4.3, 100, 27, 11, 4, 10, 2019년 6월 19일, http://www.kmplayer.com, , 7605759772428498531
[2019-07-24 16:10:21,544][DEBUG|dayStoreAppParse.py:23] >> Flashcards Deluxe, com.orangeorapple.flashcards, 교육, OrangeOrApple.com, 50000.0, 1769.0, 4.6, 100, 15, 4, 2, 5, 2019년 7월 20일, http://orangeorapple.com, OrangeOrApple.com, 
[2019-07-24 16:10:37,586][DEBUG|dayStoreAppParse.py:23] >> 반네온 카톡테마 - 심플 카톡테마, com.tistory.es1015.kakao.theme.halgneon, 엔터테인먼트, 은수우우, 500.0, 6.0, 5.0, 100, 0, 0, 0, 0, 2018년 10월 18일, http://blog.naver.com/0062dmstn, %EC%9D%80%EC%88%98%EC%9A%B0%EC%9A%B0, 
[2019-07-24 16:10:59,858][DEBUG|dayStoreAppParse.py:23] >> 네이버 15개국 글로벌회화 Plus-언어별 4000문장, com.nhn.android.phrasebookplus, 교육, NAVER Corp., 10000.0, 1132.0, 4.3, 100, 47, 11, 3, 7, 2019년 1월 23일, http://www.navercorp.com, , 6225315284672069550
[2019-07-24 16:11:17,842][DEBUG|dayStoreAppParse.py:23] >> VivaVideo PRO 비디오 편집 HD, com.quvideo.xiaoying.pro, 동영상 플레이어/편집기, QuVideo Inc. Best Video Editor & Video Maker App, 500000.0, 100491.0, 4.6, 100, 17, 5, 2, 5, 2019년 7월 19일, http://www.vivavideo.tv, , 8999952960853938956
[2019-07-24 16:12:07,697][DEBUG|dayStoreAppParse.py:23] >> DiskDigger Pro file recovery, com.defianttech.diskdiggerpro, 도구, Defiant Technologies, LLC, 100000.0, 2541.0, 2.8, 79, 18, 15, 12, 100, 2019년 7월 9일, http://diskdigger.org/android, Defiant+Technologies,+LLC, 
[2019-07-24 16:12:24,061][DEBUG|dayStoreAppParse.py:23] >> JC 한국 라디오 Premium, org.androidtown.jckoreanradio, 음악/오디오, JC Music, 100.0, 49.0, 4.9, 100, 8, 0, 0, 0, 2019년 7월 21일, mailto:jcmusicservicecenter@gmail.com, JC+Music, 
[2019-07-24 16:12:41,933][DEBUG|dayStoreAppParse.py:23] >> 365홀딱반했어™ 한국어 Flipfont, com.monotype.android.font.enamored365, 맞춤 설정, Monotype Imaging Inc., 5000.0, 216.0, 3.9, 100, 13, 9, 6, 28, 2015년 5월 7일, http://www.flipfont.mobi, , 4728843905962363624
[2019-07-24 16:13:07,649][DEBUG|dayStoreAppParse.py:23] >> 현대사주 - 현대인을 위한 사주풀이 백과, kr.review.lifesaju, 라이프스타일, 행복리뷰, 1000.0, 17.0, 3.5, 100, 42, 42, 0, 57, 2018년 10월 16일, http://review.kr, %ED%96%89%EB%B3%B5%EB%A6%AC%EB%B7%B0, 
[2019-07-24 16:13:43,039][DEBUG|dayStoreAppParse.py:23] >> Magic DosBox, bruenor.magicbox, 도구, bruenor, 10000.0, 686.0, 4.8, 100, 9, 2, 0, 1, 2019년 4월 5일, http://imejl.sk, bruenor, 
[2019-07-24 16:14:43,192][DEBUG|dayStoreAppParse.py:23] >> 지피지기 (사주,운세,궁합,토정비결,이름,해몽), com.softchaser.iKnowYouP, 라이프스타일, sajulink, 10000.0, 343.0, 3.9, 100, 36, 23, 6, 27, 2019년 3월 24일, http://sajulink.com, sajulink, 
[2019-07-24 16:14:56,154][DEBUG|dayStoreAppParse.py:23] >> Word Master 워드마스터 중등 기초, com.etoos.wordmaster.midbasic2016, 교육, 이투스북, 1000.0, 35.0, 4.2, 100, 22, 22, 0, 13, 2019년 7월 18일, http://www.etoosbook.com/, %EC%9D%B4%ED%88%AC%EC%8A%A4%EB%B6%81, 
[2019-07-24 16:15:08,247][DEBUG|dayStoreAppParse.py:23] >> Guitar Pro, com.arobasmusic.guitarpro, 음악/오디오, Arobas Music, 100000.0, 9528.0, 4.3, 100, 40, 12, 6, 10, 2019년 7월 24일, https://www.guitar-pro.com, Arobas+Music, 
[2019-07-24 16:15:23,149][DEBUG|dayStoreAppParse.py:23] >> 손금 진단, jp.co.unbalance.tesou_ko, 엔터테인먼트, UNBALANCE Corporation, 1000.0, 43.0, 2.0, 26, 7, 11, 19, 100, 2017년 2월 20일, http://www.unbalance.co.jp/korean/, , 5973402057352547106
[2019-07-24 16:15:37,715][DEBUG|dayStoreAppParse.py:23] >> 통화 녹음 Pro, com.appstar.callrecorderpro, 도구, Appliqato, 100000.0, 46895.0, 3.6, 100, 23, 11, 9, 45, 2019년 7월 18일, https://www.callrecorder.appliqato.com, Appliqato, 
[2019-07-24 16:15:51,947][DEBUG|dayStoreAppParse.py:27] >> 센텐스 마스터, com.seankimworks.sentencemaster, 교육, Tantan Games, 10.0, 3.0, 5.0, 100, 0, 0, 0, 0, 2019년 7월 9일, None, Tantan+Games, 
[2019-07-24 16:16:10,568][DEBUG|dayStoreAppParse.py:23] >> 20 수특+수완 단어Plus: 빈출 우선 단어 총정리, com.hs.sutuksuwan20plus, 교육, HS soft, 100.0, 26.0, 4.9, 100, 13, 0, 0, 0, 2019년 7월 18일, mailto:jinglish21@daum.net, , 8935304812954518879
[2019-07-24 16:16:27,397][DEBUG|dayStoreAppParse.py:23] >> 우와! - 화면을 깨고 동전이 나오는 마술앱!, com.nicky.jiung.domagic, 엔터테인먼트, Nickymagicstudio, 10000.0, 1127.0, 4.5, 100, 4, 3, 2, 11, 2018년 10월 15일, https://www.youtube.com/channel/UC2qjHK7wWxzb8mF9lgf7uXQ, Nickymagicstudio, 
[2019-07-24 16:16:42,361][DEBUG|dayStoreAppParse.py:23] >> TS 한글 키보드 Pro-천지인2, com.tss21.input.korean, 도구, TIME SPACE SYSTEM Co., Ltd., 50000.0, 3360.0, 4.1, 100, 35, 20, 7, 16, 2019년 3월 25일, http://m.tss21.com, TIME+SPACE+SYSTEM+Co.,+Ltd., 
[2019-07-24 16:17:05,219][DEBUG|dayStoreAppParse.py:23] >> 영화보며 영어공부 - 배속재생 미플레이어무비프로 어학용 동영상 플레이어, com.mesoft.meplayer, 교육, MEsoft, 10000.0, 536.0, 4.3, 100, 30, 14, 7, 7, 2019년 7월 14일, mailto:mesoft.kjh@gmail.com, MEsoft, 
[2019-07-24 16:17:24,147][DEBUG|dayStoreAppParse.py:23] >> 제트오디오 플러스 - 고해상도 음원 재생 뮤직 플레이어, com.jetappfactory.jetaudioplus, 음악/오디오, Team Jet, 100000.0, 16886.0, 4.4, 100, 23, 10, 5, 9, 2019년 7월 2일, https://www.facebook.com/jetappfactory, Team+Jet, 
[2019-07-24 16:18:37,269][DEBUG|dayStoreAppParse.py:23] >>   (  ), com.kmshack.mute, 사진, MIN Studio, 50000.0, 730.0, 4.2, 100, 19, 10, 5, 15, 2019년 3월 6일, mailto:kmshack@naver.com, , 7856146117568341459
[2019-07-24 16:18:51,873][DEBUG|dayStoreAppParse.py:23] >> 프라임 영한한영사전, com.doosandonga.app.dictionary.primeengkor, 도서/참고자료, Dong-A publishing co., ltd, 10000.0, 901.0, 3.8, 100, 37, 19, 8, 32, 2017년 7월 3일, http://www.dongapublishing.com, Dong-A+publishing+co.,+ltd, 
[2019-07-24 16:19:05,979][DEBUG|dayStoreAppParse.py:23] >> Aa설렘주의™ 한국어 Flipfont, com.monotype.android.font.aaflutter, 맞춤 설정, Monotype Imaging Inc., 10000.0, 355.0, 3.6, 100, 23, 16, 10, 47, 2016년 4월 14일, http://www.flipfont.mobi, , 4728843905962363624
[2019-07-24 16:19:18,700][DEBUG|dayStoreAppParse.py:23] >> Word Master 워드마스터 고등 BASIC, com.etoos.wordmaster.highbasic2016, 교육, 이투스북, 1000.0, 42.0, 4.5, 100, 35, 10, 0, 3, 2019년 7월 22일, http://www.etoosbook.com/, %EC%9D%B4%ED%88%AC%EC%8A%A4%EB%B6%81, 
[2019-07-24 16:19:36,057][DEBUG|dayStoreAppParse.py:23] >> 2019 점신PRO : 오늘의 운세, 사주의 완전판, handasoft.mobile.divination_pro, 라이프스타일, HANDASOFT Corp., 10000.0, 3080.0, 4.4, 100, 31, 10, 3, 7, 2019년 6월 24일, http://www.jeomsin.co.kr, , 8137088031924480292
[2019-07-24 16:19:49,215][DEBUG|dayStoreAppParse.py:23] >> FRep Unlock Key, com.x0.strai.frepkey, 생산성, strAI, 10000.0, 642.0, 3.6, 100, 20, 14, 6, 51, 2018년 7월 9일, http://strai.x0.com, strAI, 
[2019-07-24 16:20:07,249][DEBUG|dayStoreAppParse.py:23] >> Package Disabler Pro ( Owner APP) All Android, com.pdp.deviceowner, 비즈니스, policedeveloper, 1000.0, 129.0, 1.8, 19, 5, 2, 7, 100, 2018년 11월 9일, http://www.packagedisabler.com, policedeveloper, 
[2019-07-24 16:20:21,985][DEBUG|dayStoreAppParse.py:23] >> YBM 올인올 영한영 플러스 사전, com.daolsoft.ybmeke, 도서/참고자료, DaolSoft, Co., Ltd., 10000.0, 472.0, 4.0, 100, 47, 23, 14, 17, 2018년 9월 4일, http://daolsoft.com/bbsDir/board.php?bo_table=iphone_zone&wr_id=88&sfl=wr_8&stx=android, , 5123724825720990510
[2019-07-24 16:20:36,554][DEBUG|dayStoreAppParse.py:23] >> Word master 워드마스터 수능 2000(개정), com.etoos.wordmaster.sat20002016, 교육, 이투스북, 5000.0, 378.0, 4.5, 100, 29, 8, 3, 3, 2019년 7월 22일, http://www.etoosbook.com/, %EC%9D%B4%ED%88%AC%EC%8A%A4%EB%B6%81, 
[2019-07-24 16:20:58,455][DEBUG|dayStoreAppParse.py:23] >> 365발꾸락글씨™ 한국어 Flipfont, com.monotype.android.font.badhandwriting365, 엔터테인먼트, Monotype Imaging Inc., 1000.0, 125.0, 2.8, 81, 10, 13, 6, 100, 2013년 8월 2일, http://www.monotypeimaging.com/productsservices/Flipfont.aspx, , 4728843905962363624
[2019-07-24 16:21:48,211][DEBUG|dayStoreAppParse.py:23] >> 클라우디 필름 - 흐림 필터 완벽 구현!, xyz.masmas.film.cloudy, 사진, MASMAS Studio, 10000.0, 314.0, 4.1, 100, 23, 20, 7, 14, 2019년 3월 7일, mailto:moogung.mobile+masmas@gmail.com, MASMAS+Studio, 
[2019-07-24 16:22:00,759][DEBUG|dayStoreAppParse.py:23] >> 그림어원 중학 VOCA Pro + 첫 화면 퀴즈, com.jinhak.vocaicon_middle_pro, 교육, Jinhak Co., 500.0, 24.0, 4.2, 100, 26, 20, 0, 13, 2017년 6월 29일, http://www.jinhak.com, Jinhak+Co., 
[2019-07-24 16:22:13,009][DEBUG|dayStoreAppParse.py:23] >> ONE UI Icon Pack : S10, com.one.ui.s10.iconpack, 맞춤 설정, JustNewDesigns, 10000.0, 977.0, 4.6, 100, 9, 3, 2, 7, 2019년 7월 17일, mailto:samiramaknojiya@gmail.com, , 6871333323804023406
[2019-07-24 16:22:27,205][DEBUG|dayStoreAppParse.py:23] >> 일기 예보 전문가, com.chanel.weather.forecast.accu.pro, 날씨, Green Apple Studio, 50000.0, 17686.0, 4.8, 100, 13, 2, 1, 1, 2019년 1월 31일, http://bachasoft.com/, Green+Apple+Studio, 
[2019-07-24 16:22:39,752][DEBUG|dayStoreAppParse.py:27] >> Stellarium Mobile 하늘지도, com.noctuasoftware.stellarium, 교육, Noctua Software, 100000.0, 9821.0, 4.5, 100, 19, 5, 2, 6, 2019년 3월 21일, None, , 4632858392244702223
[2019-07-24 16:22:53,923][DEBUG|dayStoreAppParse.py:23] >> FL Studio Mobile, com.imageline.FLM, 음악/오디오, Image-Line, 100000.0, 18667.0, 4.2, 100, 23, 12, 6, 13, 2019년 7월 24일, http://www.flstudiomobile.com, , 8228703397536036345
[2019-07-24 16:23:08,543][DEBUG|dayStoreAppParse.py:23] >> TwomonUSB(투몬USB) - USB모니터, com.devguru.eltwomonusb, 생산성, easynlight, 10000.0, 1122.0, 3.2, 100, 53, 36, 22, 92, 2018년 11월 12일, http://www.easynlight.com, easynlight, 
[2019-07-24 16:23:55,037][DEBUG|dayStoreAppParse.py:23] >> 단숨 일본어한자 (일본어 상용한자), com.limeberry.dansoomhanja, 교육, LimeBerry, 100.0, 20.0, 5.0, 100, 0, 0, 0, 0, 2019년 5월 9일, http://dansoomhanja.tistory.com/, LimeBerry, 
[2019-07-24 16:24:18,091][DEBUG|dayStoreAppParse.py:23] >> PUB Gfx+ Tool:#1 GFX Tool(with advance settings), inc.trilokia.pubgfxtool, 도구, Trilokia Inc., 50000.0, 14058.0, 4.5, 100, 14, 6, 2, 6, 2019년 7월 16일, http://trilokiainc.com/, , 4898227705286580329
[2019-07-24 16:24:34,284][DEBUG|dayStoreAppParse.py:23] >> 한글 달인 - 맞춤법 공부, com.elsebook.handal, 교육, 별책, 10000.0, 1251.0, 4.9, 100, 9, 0, 0, 1, 2019년 6월 8일, http://byeol.co, , 6914151766505404284
[2019-07-24 16:24:51,466][DEBUG|dayStoreAppParse.py:23] >> Aa폰트의왕™ 한국어 Flipfont, com.monotype.android.font.aakingoffont, 맞춤 설정, Monotype Imaging Inc., 10000.0, 410.0, 3.2, 100, 11, 19, 17, 77, 2014년 12월 16일, http://www.monotypeimaging.com/productsservices/Flipfont.aspx, , 4728843905962363624
[2019-07-24 16:26:21,217][DEBUG|dayStoreAppParse.py:23] >> 화면회전 pro, jjong.kim.rotationcontrol_pro, 도구, Evan Soft, 1000.0, 38.0, 4.4, 100, 19, 19, 0, 7, 2019년 6월 7일, mailto:sjkim002@gmail.com, Evan+Soft, 
[2019-07-24 16:26:37,598][DEBUG|dayStoreAppParse.py:23] >> MyScript Nebo 네보, com.myscript.nebo, 생산성, MyScript, 10000.0, 560.0, 3.9, 100, 59, 24, 18, 22, 2019년 7월 16일, https://www.myscript.com/nebo/, , 6917812355675763032
[2019-07-24 16:26:54,743][DEBUG|dayStoreAppParse.py:23] >> 9급 공무원 기출문제 해설집, kr.co.trutory.bandalmun.public9, 교육, Trutory, 5000.0, 276.0, 3.9, 100, 52, 33, 12, 24, 2019년 7월 23일, http://cafe.naver.com/withtreekr, Trutory, 
[2019-07-24 16:27:09,414][DEBUG|dayStoreAppParse.py:23] >> 친일인명사전, com.minjok.pjdic, 도서/참고자료, banghakjin, 10000.0, 1007.0, 4.9, 100, 2, 0, 0, 1, 2014년 12월 1일, http://www.minjok.or.kr, banghakjin, 
[2019-07-24 16:27:26,340][DEBUG|dayStoreAppParse.py:23] >> Aa빈둥글씨™ 한국어 Flipfont, com.monotype.android.font.aaloafaround, 엔터테인먼트, Monotype Imaging Inc., 5000.0, 158.0, 3.7, 100, 17, 12, 17, 32, 2014년 5월 16일, http://www.monotypeimaging.com/productsservices/Flipfont.aspx, , 4728843905962363624
[2019-07-24 16:27:40,220][DEBUG|dayStoreAppParse.py:23] >> WolframAlpha, com.wolfram.android.alpha, 도서/참고자료, Wolfram Group, 1000000.0, 36777.0, 4.6, 100, 17, 5, 2, 4, 2019년 7월 16일, http://www.wolframalpha.com, Wolfram+Group, 
[2019-07-24 16:27:54,746][DEBUG|dayStoreAppParse.py:23] >> Moon+ Reader Pro, com.flyersoft.moonreaderp, 도서/참고자료, Moon+, 500000.0, 94168.0, 4.6, 100, 21, 4, 1, 2, 2019년 6월 2일, http://moondownload.com, Moon%2B, 
[2019-07-24 16:28:08,040][DEBUG|dayStoreAppParse.py:23] >> Panda Game Booster & GFX Tool for Battleground, com.panda.gamebooster, 도구, Panda Gaming Studio, 100000.0, 6278.0, 4.7, 100, 7, 3, 0, 3, 2019년 6월 24일, mailto:feedback@octopusgame.com, Panda+Gaming+Studio, 
[2019-07-24 16:28:23,877][DEBUG|dayStoreAppParse.py:23] >> 운동 개수 세기 - 헬스, 요가 카운트 트레이너, com.tedkim88.fitnesscounter_kr, 건강/운동, Ted Kim, 1000.0, 71.0, 4.5, 100, 27, 19, 2, 2, 2017년 6월 29일, mailto:tedkim88@gmail.com, Ted+Kim, 
[2019-07-24 16:28:36,152][DEBUG|dayStoreAppParse.py:23] >> Gamers GLTool Pro with Game Turbo & Game Tuner, inc.trilokia.gfxtool, 도구, Trilokia Inc., 5000.0, 439.0, 4.0, 100, 18, 17, 8, 19, 2019년 7월 1일, https://trilokiainc.com/, , 4898227705286580329
[2019-07-24 16:29:18,741][DEBUG|dayStoreAppParse.py:23] >> POPdiary+ : 일기, 다이어리, com.enex2.popdiary, 생산성, enex, 1000.0, 186.0, 4.6, 100, 33, 3, 0, 3, 2019년 7월 18일, mailto:enex.popdiary@gmail.com, enex, 
[2019-07-24 16:29:32,265][DEBUG|dayStoreAppParse.py:27] >> Toca Hair Salon 3, com.tocaboca.tocahairsalon3, 교육, Toca Boca, 100000.0, 4840.0, 4.6, 100, 10, 4, 1, 7, 2019년 3월 6일, None, , 8567646723268777320
[2019-07-24 16:29:49,000][DEBUG|dayStoreAppParse.py:23] >> 한국사능력검정시험 고급 해설집, kr.co.trutory.pass2pass.historyhigh, 교육, Trutory, 1000.0, 81.0, 4.0, 100, 40, 21, 16, 14, 2019년 5월 12일, http://cafe.naver.com/withtreekr, Trutory, 
[2019-07-24 16:30:05,227][DEBUG|dayStoreAppParse.py:23] >> Assistant for Stardew Valley, com.ithersta.stardewvalleyplanner, 도구, itreeka, 5000.0, 843.0, 4.7, 100, 26, 3, 0, 1, 2019년 5월 23일, mailto:schilyaev.vlad@gmail.com, itreeka, 
[2019-07-24 16:30:21,800][DEBUG|dayStoreAppParse.py:23] >> Twomon SE (투몬 SE) - 휴대용 디스플레이, USB 모니터, com.devguru.ntwomon, 생산성, easynlight, 1000.0, 58.0, 3.5, 100, 17, 28, 10, 50, 2018년 7월 23일, http://www.easynlight.com/contacttwomon, easynlight, 
[2019-07-24 16:30:43,412][DEBUG|dayStoreAppParse.py:23] >> 엣지 제스처, com.ss.edgegestures, 도구, ChYK the dev., 10000.0, 2127.0, 4.6, 100, 18, 6, 1, 2, 2019년 6월 23일, mailto:geek21c@gmail.com, ChYK+the+dev., 
[2019-07-24 16:30:58,445][DEBUG|dayStoreAppParse.py:23] >> Tools & Mi Band, cz.zdenekhorak.mibandtools, 건강/운동, Tools & Wearables Ltd., 100000.0, 17758.0, 0, 0, 0, 0, 0, 0, 2019년 7월 19일, http://help.mibandtools.com, Tools+%26+Wearables+Ltd., 
[2019-07-24 16:31:21,361][DEBUG|dayStoreAppParse.py:23] >> Aa오월오일™ 한국어 Flipfont, com.monotype.android.font.aamayfivedays, 맞춤 설정, Monotype Imaging Inc., 5000.0, 178.0, 3.7, 100, 15, 14, 8, 43, 2015년 5월 7일, http://www.flipfont.mobi, , 4728843905962363624
[2019-07-24 16:31:45,232][DEBUG|dayStoreAppParse.py:23] >> 칠판 카카오톡 테마 VER2, new_chalkboard.katalk.crayon, 도구, crayon.dev, 1000.0, 41.0, 4.6, 100, 16, 9, 3, 3, 2019년 4월 11일, mailto:will105050@gmail.com, , 8807776165917405571
[2019-07-24 16:32:08,700][DEBUG|dayStoreAppParse.py:23] >> 아가페 쉬운성경, com.appbank.easybible, 도서/참고자료, (주)아가페출판사, 10000.0, 148.0, 3.9, 100, 46, 37, 13, 17, 2018년 8월 17일, http://www.iagape.co.kr, %28%EC%A3%BC%29%EC%95%84%EA%B0%80%ED%8E%98%EC%B6%9C%ED%8C%90%EC%82%AC, 
[2019-07-24 16:32:24,470][DEBUG|dayStoreAppParse.py:23] >> SD Maid Pro - 언락커, eu.thedarken.sdm.unlocker, 도구, darken, 500000.0, 27309.0, 4.7, 100, 14, 3, 1, 3, 2019년 7월 23일, http://darken.eu, darken, 
[2019-07-24 16:32:41,863][DEBUG|dayStoreAppParse.py:23] >> 옥철이_싱그러운여름 카톡테마, com.kakao.talk.theme.Okcheori_FreshSummer, 엔터테인먼트, 옥철이, 100.0, 0, 0, 0, 0, 0, 0, 0, 2018년 10월 7일, https://blog.naver.com/4199570, %EC%98%A5%EC%B2%A0%EC%9D%B4, 
[2019-07-24 16:33:43,531][DEBUG|dayStoreAppParse.py:23] >> MarineTraffic ship positions, com.marinetraffic.android, 지도/내비게이션, MarineTraffic, 500000.0, 33535.0, 4.5, 100, 37, 6, 2, 5, 2019년 6월 12일, http://www.marinetraffic.com, MarineTraffic, 
[2019-07-24 16:33:56,823][DEBUG|dayStoreAppParse.py:23] >> 아기 울음 알리미 (아기 수면 모니터 & 알람 & 자장가), com.jb.babycrying_paid, 출산/육아, YuRimpapa, 1000.0, 27.0, 4.1, 100, 23, 11, 5, 17, 2019년 7월 1일, http://blog.naver.com/hicracks, YuRimpapa, 
[2019-07-24 16:34:11,353][DEBUG|dayStoreAppParse.py:23] >> Human Anatomy Atlas 2019:Complete 3D Human Body, com.visiblebody.atlas, 의료, Visible Body, 100000.0, 4736.0, 4.5, 100, 16, 4, 2, 7, 2019년 3월 22일, http://www.visiblebody.com, , 5922919954166686783
[2019-07-24 16:34:25,730][DEBUG|dayStoreAppParse.py:23] >> 이지 보이스 레코더 프로, com.digipom.easyvoicerecorder.pro, 생산성, Digipom, 100000.0, 18508.0, 4.7, 100, 16, 3, 1, 1, 2019년 5월 28일, http://www.digipom.com/, , 8524844809417490477
[2019-07-24 16:34:40,034][DEBUG|dayStoreAppParse.py:23] >> Metronome: Tempo 메트로놈, com.frozenape.tempo, 음악/오디오, Frozen Ape, 50000.0, 1387.0, 4.0, 100, 36, 22, 14, 16, 2019년 7월 24일, http://www.frozenape.com, Frozen+Ape, 
[2019-07-24 16:34:54,082][DEBUG|dayStoreAppParse.py:23] >> 타로마스터 Pro-오늘의타로, com.global.tarotmasterpro, 라이프스타일, JMSoft(제이엠소프트), 1000.0, 41.0, 4.4, 100, 34, 19, 0, 3, 2019년 7월 8일, mailto:joyfulmovesoft@gmail.com, JMSoft%28%EC%A0%9C%EC%9D%B4%EC%97%A0%EC%86%8C%ED%94%84%ED%8A%B8%29, 
[2019-07-24 16:35:15,611][DEBUG|dayStoreAppParse.py:23] >> 지게차 면허시험 시뮬레이터, com.SimG.SimForklift, 교육, SimG., 500.0, 22.0, 3.6, 100, 36, 9, 0, 54, 2018년 9월 17일, http://www.simglab.com/, SimG., 
[2019-07-24 16:35:30,389][DEBUG|dayStoreAppParse.py:23] >> TL Mods, com.pixelcurves.tlauncher, 도구, PixelCurves, 50000.0, 6057.0, 4.5, 100, 13, 5, 2, 8, 2019년 7월 21일, mailto:terrlauncher@gmail.com, PixelCurves, 
[2019-07-24 16:35:51,282][DEBUG|dayStoreAppParse.py:23] >> 카테만 PRO - 카카오톡 테마 만들기, net.headnum.kream.ktm.unlocker, 맞춤 설정, mave, 50000.0, 7175.0, 4.4, 100, 25, 11, 2, 7, 2014년 12월 9일, mailto:kakaothememaker@gmail.com, mave, 
[2019-07-24 16:36:14,211][DEBUG|dayStoreAppParse.py:23] >> 매듭 앱 3D  ( Knots 3D ), com.nynix.knots3d, 도서/참고자료, Nynix LLC, 500000.0, 11370.0, 4.8, 100, 13, 2, 0, 0, 2019년 7월 5일, http://knots3d.com, Nynix+LLC, 
[2019-07-24 16:36:29,377][DEBUG|dayStoreAppParse.py:23] >> Hi-Q MP3 음성 녹음기 (풀버전), com.hiqrecorder.full, 음악/오디오, Audiophile, 100000.0, 5341.0, 4.7, 100, 14, 2, 1, 2, 2019년 5월 16일, http://www.hiqrecorder.com, Audiophile, 
[2019-07-24 16:37:28,102][DEBUG|dayStoreAppParse.py:23] >> Star Walk 2 - 하늘지도：별자리 찾기, 스타지도, 증강 현실 천문학, com.vitotechnology.StarWalk2, 교육, Vito Technology, 100000.0, 13534.0, 4.5, 100, 16, 5, 3, 7, 2019년 7월 17일, http://www.vitotechnology.com, , 8260185806738829255
[2019-07-24 16:37:42,279][DEBUG|dayStoreAppParse.py:23] >> ACR License, com.nll.acr.license, 생산성, NLL, 500000.0, 29433.0, 3.9, 100, 19, 9, 7, 31, 2018년 1월 30일, http://nllapps.com/apps/acr, , 8530342249973296088
[2019-07-24 16:38:12,037][DEBUG|dayStoreAppParse.py:23] >> Word Master 워드마스터 수능어휘완성, com.etoos.wordmaster.sat.word_complete.v2015, 교육, 이투스북, 500.0, 22.0, 4.7, 100, 16, 0, 0, 5, 2017년 9월 4일, http://www.etoos.com/book, %EC%9D%B4%ED%88%AC%EC%8A%A4%EB%B6%81, 
[2019-07-24 16:38:38,945][DEBUG|dayStoreAppParse.py:23] >> 포켓한국사, com.inergy.pocketkorea, 교육, Jinhak Co., 10000.0, 740.0, 4.1, 100, 30, 20, 11, 14, 2018년 10월 23일, http://www.jinhak.com, Jinhak+Co., 
[2019-07-24 16:39:00,235][DEBUG|dayStoreAppParse.py:23] >> 블랙박스X 몰래카메라, kr.co.topaz7company.blackbox, 사진, Topaz7Company, 1000.0, 85.0, 3.4, 100, 64, 53, 17, 67, 2017년 2월 23일, mailto:topaz7company@gmail.com, Topaz7Company, 
[2019-07-24 16:39:20,412][DEBUG|dayStoreAppParse.py:23] >> Aa남친해줄게™ 한국어 Flipfont, com.monotype.android.font.aabeyours, 엔터테인먼트, Monotype Imaging Inc., 1000.0, 66.0, 3.4, 100, 39, 10, 28, 57, 2014년 9월 11일, http://www.monotypeimaging.com/productsservices/Flipfont.aspx, , 4728843905962363624
[2019-07-24 16:39:38,164][DEBUG|dayStoreAppParse.py:23] >> iReal Pro   & , com.massimobiolcati.irealb, 음악/오디오, Technimo, 100000.0, 5513.0, 4.7, 100, 15, 3, 2, 3, 2019년 6월 25일, http://irealpro.com, Technimo, 
[2019-07-24 16:40:00,698][DEBUG|dayStoreAppParse.py:23] >> Neutron Music Player, com.neutroncode.mp, 음악/오디오, Neutron Code Limited, 100000.0, 15442.0, 4.5, 100, 16, 5, 3, 5, 2019년 7월 22일, http://neutronmp.com, , 6472385040152963370
[2019-07-24 16:40:15,426][DEBUG|dayStoreAppParse.py:23] >> PSJoy: PC Remote Play Spy for PS4, com.grill.psjoy, 도구, Florian Grill, 10000.0, 73.0, 4.0, 100, 4, 6, 8, 28, 2019년 4월 22일, http://grill2010.github.io/psJoy.html, Florian+Grill, 
[2019-07-24 16:40:30,459][DEBUG|dayStoreAppParse.py:23] >> 사주대전-운세,명리,토정비결,귀곡,궁합,택일,성명,꿈, com.acrosoft.sajupedia, 라이프스타일, 아크로소프트, 1000.0, 59.0, 4.3, 100, 11, 6, 6, 11, 2018년 5월 19일, http://www.acrosoft.kr/saju/, %EC%95%84%ED%81%AC%EB%A1%9C%EC%86%8C%ED%94%84%ED%8A%B8, 
[2019-07-24 16:41:33,679][DEBUG|dayStoreAppParse.py:23] >> 7급 공무원 기출문제 해설집, kr.co.trutory.bandalmun.public7, 교육, Trutory, 1000.0, 102.0, 3.8, 100, 53, 35, 13, 24, 2019년 6월 9일, http://cafe.naver.com/withtreekr, Trutory, 
[2019-07-24 16:41:46,028][DEBUG|dayStoreAppParse.py:23] >> 음성 레코더 프로, vr.audio.voicerecorderpro, 음악/오디오, recorder & smart apps, 100000.0, 16210.0, 4.8, 100, 13, 2, 0, 1, 2019년 7월 19일, mailto:olympic.game.studio@gmail.com, , 5961211893873529920
[2019-07-24 16:41:59,970][DEBUG|dayStoreAppParse.py:23] >> Panda Gamepad Pro (BETA), com.panda.gamepad, 도구, Panda Gaming Studio, 50000.0, 5427.0, 2.9, 87, 12, 12, 9, 100, 2019년 7월 10일, mailto:feedback@octopusgame.com, Panda+Gaming+Studio, 
[2019-07-24 16:42:13,687][DEBUG|dayStoreAppParse.py:23] >> 지하철 어디있니, com.go9android.subwaysmarthelper21, 지도/내비게이션, GoyoungjinMobile Inc, 1000.0, 213.0, 4.3, 100, 30, 9, 5, 11, 2019년 7월 23일, http://www.gyjmobile.com/, GoyoungjinMobile+Inc, 
[2019-07-24 16:42:26,374][DEBUG|dayStoreAppParse.py:23] >> 토탈 런처 키, com.ss.launcher2.key, 맞춤 설정, ChYK the dev., 10000.0, 669.0, 4.6, 100, 10, 4, 2, 4, 2017년 8월 16일, http://total-launcher.blogspot.kr/, ChYK+the+dev., 
[2019-07-24 16:42:43,783][DEBUG|dayStoreAppParse.py:23] >> Runtastic Push-Ups PRO 팔굽혀펴기, com.runtastic.android.pushup.pro, 건강/운동, Runtastic, 100000.0, 26104.0, 4.6, 100, 24, 5, 2, 3, 2018년 7월 24일, http://runtastic.com, , 8438666261259599516
[2019-07-24 16:43:00,821][DEBUG|dayStoreAppParse.py:23] >> 한국사 능력, co.byeol.hanneung, 교육, 별책, 10.0, 2.0, 4.5, 100, 100, 0, 0, 0, 2019년 7월 16일, http://byeol.co, , 6914151766505404284
[2019-07-24 16:43:15,751][DEBUG|dayStoreAppParse.py:23] >> 옥철이_기분좋은 밤공기 카톡테마, com.kakao.talk.theme.Okcheori_NightAir, 엔터테인먼트, 옥철이, 100.0, 3.0, 3.7, 100, 0, 0, 0, 50, 2019년 5월 12일, https://blog.naver.com/4199570, %EC%98%A5%EC%B2%A0%EC%9D%B4, 
[2019-07-24 16:43:27,580][DEBUG|dayStoreAppParse.py:23] >> SimpleMind Pro - Intuitive Mind Mapping, com.modelmakertools.simplemindpro, 생산성, ModelMaker Tools, 100000.0, 16568.0, 4.7, 100, 25, 2, 0, 1, 2019년 4월 15일, https://simplemind.eu, ModelMaker+Tools, 
[2019-07-24 16:43:41,269][DEBUG|dayStoreAppParse.py:23] >> Vaporwave Wallpapers PRO  (NO ADS), maa.vaporwavewallpaperspro, 맞춤 설정, M.A.A For Apps PRIME, 1000.0, 617.0, 4.9, 100, 3, 0, 0, 0, 2019년 7월 2일, mailto:hasnaalayaal@gmail.com, , 8480785146242893448
[2019-07-24 16:43:56,462][DEBUG|dayStoreAppParse.py:23] >> 오즈의타로+ - 타로, 타로카드, 타로점, 운세, com.ton.tarotofozpay, 라이프스타일, T-ON MEDIA, 1000.0, 329.0, 4.6, 100, 19, 3, 2, 5, 2019년 3월 19일, http://www.tarotofoz.com/, T-ON+MEDIA, 
[2019-07-24 16:44:53,399][DEBUG|dayStoreAppParse.py:23] >> 자원풀이 한자 1900, com.daolsoft.jawonhanja, 교육, DaolSoft, Co., Ltd., 1000.0, 21.0, 4.5, 100, 26, 6, 0, 6, 2019년 5월 20일, http://www.daolsoft.com, , 5123724825720990510
[2019-07-24 16:45:05,779][DEBUG|dayStoreAppParse.py:23] >> 회독JLPT(유료), com.yongcalcompany.JlptVip, 교육, Yongcal Company, 100.0, 51.0, 4.9, 100, 0, 0, 0, 2, 2019년 7월 14일, mailto:jjanggole@hanmail.net, Yongcal+Company, 
[2019-07-24 16:45:17,246][DEBUG|dayStoreAppParse.py:23] >> 띄어쓰기, com.elsebook.handal.spacing, 교육, 별책, 10000.0, 492.0, 4.8, 100, 11, 1, 0, 1, 2019년 6월 8일, http://www.elsebook.com, , 6914151766505404284
[2019-07-24 16:45:29,977][DEBUG|dayStoreAppParse.py:23] >> LectureRecordings, com.acadoid.lecturerecordings, 생산성, Acadoid Developer, 10000.0, 439.0, 4.4, 100, 29, 7, 4, 8, 2019년 6월 29일, https://www.acadoid.com/, , 5446342743455293164
[2019-07-24 16:45:40,848][DEBUG|dayStoreAppParse.py:23] >> 마니 행정학, com.mani.maniadministration, 교육, 김만희, 50.0, 2.0, 5.0, 100, 0, 0, 0, 0, 2019년 6월 29일, mailto:appmanipa@gmail.com, %EA%B9%80%EB%A7%8C%ED%9D%AC, 
[2019-07-24 16:45:55,043][DEBUG|dayStoreAppParse.py:23] >> Tunable: Music Practice Tools, com.affinityblue.tunable, 음악/오디오, AffinityBlue, 10000.0, 999.0, 4.6, 100, 17, 6, 2, 5, 2019년 3월 27일, http://www.tunableapp.com, AffinityBlue, 
[2019-07-24 16:46:07,718][DEBUG|dayStoreAppParse.py:23] >> 도사폰 (만세력 역학 도구), com.softchaser.iDosaPhone, 생산성, sajulink, 10000.0, 222.0, 4.3, 100, 28, 9, 3, 14, 2019년 7월 18일, http://sajulink.com, sajulink, 
[2019-07-24 16:46:21,076][DEBUG|dayStoreAppParse.py:23] >> Runtastic Squats PRO스쿼트 다리살빼기, com.runtastic.android.squats.pro, 건강/운동, Runtastic, 100000.0, 9200.0, 4.6, 100, 23, 4, 1, 3, 2018년 7월 24일, http://runtastic.com, , 8438666261259599516
[2019-07-24 16:46:35,179][DEBUG|dayStoreAppParse.py:23] >> 바이블렉스 성경본문해석사전, com.junapps.BibleLexOriDic, 도서/참고자료, 브니엘성경연구소, 5000.0, 201.0, 3.7, 100, 84, 41, 15, 34, 2014년 10월 10일, http://bniel.net, %EB%B8%8C%EB%8B%88%EC%97%98%EC%84%B1%EA%B2%BD%EC%97%B0%EA%B5%AC%EC%86%8C, 
[2019-07-24 16:46:50,582][DEBUG|dayStoreAppParse.py:23] >> Photo Scape Base, com.hk.coleg.PhotoScape2, 교육, GTK Group, 500.0, 32.0, 1.5, 14, 0, 0, 3, 100, 2019년 7월 2일, mailto:syaazas@gmail.com, GTK+Group, 
[2019-07-24 16:47:06,244][DEBUG|dayStoreAppParse.py:23] >> 아이폰트(글꼴 전문가), com.kapp.ifont.donate, 맞춤 설정, diyun, 100000.0, 5244.0, 3.4, 100, 23, 15, 10, 61, 2019년 3월 13일, http://hi.baidu.com/ifont, diyun, 
[2019-07-24 16:47:51,308][DEBUG|dayStoreAppParse.py:23] >> PL@Y 2 - 프리미엄 티켓북 + 포토캘린더 ( 플레이앱, PL@Y2 ), com.entusapps.play2, 라이프스타일, EntusApps, 1000.0, 97.0, 4.4, 100, 49, 12, 1, 7, 2017년 9월 6일, http://www.entusapps.com, EntusApps, 
[2019-07-24 16:48:03,378][DEBUG|dayStoreAppParse.py:23] >> GOLF NAVI Pro, com.phigolf.golfnavipro, 건강/운동, phigolf, 1000.0, 70.0, 2.4, 35, 20, 17, 2, 100, 2017년 2월 21일, http://www.phigolf.com, phigolf, 
[2019-07-24 16:48:16,427][DEBUG|dayStoreAppParse.py:23] >> External Keyboard Helper Pro, com.apedroid.hwkeyboardhelper, 맞춤 설정, Apedroid, 50000.0, 2993.0, 4.6, 100, 13, 4, 2, 7, 2016년 1월 7일, http://www.apedroid.com/, Apedroid, 
[2019-07-24 16:48:30,386][DEBUG|dayStoreAppParse.py:23] >> LiveATC for Android, net.liveatc.liveatc_app, 여행 및 지역정보, LiveATC, 100000.0, 3962.0, 4.2, 100, 27, 12, 6, 14, 2018년 7월 4일, http://www.liveatc.net, LiveATC, 
[2019-07-24 16:48:41,865][DEBUG|dayStoreAppParse.py:23] >> ezPDF Reader PDF - 페이퍼리스 리더, udk.android.reader, 생산성, Unidocs Inc., 500000.0, 25049.0, 4.3, 100, 29, 10, 5, 9, 2019년 5월 17일, http://www.unidocs.com, , 5390714630102483222
[2019-07-24 16:48:54,894][DEBUG|dayStoreAppParse.py:23] >> Aa봄봄봄™ 한국어 Flipfont, com.monotype.android.font.aaspring3, 맞춤 설정, Monotype Imaging Inc., 1000.0, 50.0, 4.4, 100, 17, 14, 0, 11, 2015년 4월 5일, http://www.flipfont.mobi, , 4728843905962363624
[2019-07-24 16:49:08,699][DEBUG|dayStoreAppParse.py:23] >> 수동 카메라 : DSLR 카메라 전문, com.lensesdev.manual.camera.pro, 사진, Lenses Inc., 100000.0, 5098.0, 4.5, 100, 18, 5, 3, 8, 2019년 1월 6일, mailto:lenses-inc@gmx.com, , 6859713867874290897
[2019-07-24 16:49:24,359][DEBUG|dayStoreAppParse.py:23] >> 필름 로지 - Feelm Rosy, com.gryffindor.pinkeye, 사진, StudioFlat, 100000.0, 774.0, 2.9, 86, 22, 18, 21, 100, 2018년 8월 11일, mailto:bonjourlab@gmail.com, StudioFlat, 
[2019-07-24 16:49:36,834][DEBUG|dayStoreAppParse.py:23] >> 알통여행영어 Full, air.com.alenddl.AltongEngFull, 교육, 에듀시스, 1000.0, 16.0, 4.6, 100, 27, 18, 0, 0, 2016년 12월 22일, mailto:altjs011@korea.com, %EC%97%90%EB%93%80%EC%8B%9C%EC%8A%A4, 
[2019-07-24 16:49:48,864][DEBUG|dayStoreAppParse.py:23] >> 수학 트릭(암산 연습) PRO, example.matharithmetics_pro, 교육, Antoni Ion, 10000.0, 562.0, 4.8, 100, 7, 2, 0, 1, 2018년 2월 8일, https://www.facebook.com/antoni.ion.1, Antoni+Ion, 
[2019-07-24 16:50:02,007][DEBUG|dayStoreAppParse.py:23] >> 당구 3쿠션 시스템 유료, com.hompee.mybible.billiard_new, 스포츠, Kim-dongwon, 1000.0, 8.0, 4.2, 100, 0, 60, 0, 0, 2017년 8월 19일, http://mybible.hompee.com, Kim-dongwon, 
[2019-07-24 16:50:46,720][DEBUG|dayStoreAppParse.py:23] >> TouchRetouch, com.advasoft.touchretouch, 사진, ADVA Soft, 500000.0, 13920.0, 4.6, 100, 16, 4, 2, 6, 2019년 7월 18일, http://adva-soft.com/products/touch-retouch/, ADVA+Soft, 
[2019-07-24 16:50:58,102][DEBUG|dayStoreAppParse.py:23] >> PlayerPro Music Player, com.tbig.playerpro, 음악/오디오, BlastOn SA, 500000.0, 58926.0, 4.5, 100, 20, 7, 4, 6, 2019년 6월 20일, http://www.aplayerpro.com, BlastOn+SA, 
[2019-07-24 16:51:11,222][DEBUG|dayStoreAppParse.py:23] >> Root Explorer, com.speedsoftware.rootexplorer, 생산성, Speed Software, 500000.0, 31955.0, 4.7, 100, 11, 3, 1, 4, 2019년 7월 8일, mailto:support@speedsoftware.co.uk, Speed+Software, 
[2019-07-24 16:51:23,449][DEBUG|dayStoreAppParse.py:23] >> Tabata Timer타바타 운동 타이머 Ad Free, com.simplevision.workout.tabataadfree, 건강/운동, Simple Vision, 5000.0, 801.0, 4.7, 100, 20, 2, 1, 1, 2019년 7월 12일, mailto:mozygle@gmail.com, Simple+Vision, 
[2019-07-24 16:51:37,901][DEBUG|dayStoreAppParse.py:23] >> 아날로그 필름 - 옛 향수 가득한 전문가용 사진 필터 앱!, xyz.masmas.film.analog, 사진, MASMAS Studio, 10000.0, 202.0, 4.1, 100, 28, 16, 9, 14, 2019년 3월 7일, mailto:moogung.mobile+masmas@gmail.com, MASMAS+Studio, 
[2019-07-24 16:51:49,491][DEBUG|dayStoreAppParse.py:23] >> 강헌의 좌파명리학, kr.co.bausoft.JpmrM, 라이프스타일, 바우소프트, 5000.0, 122.0, 3.8, 100, 42, 33, 19, 21, 2017년 7월 24일, http://cafe.daum.net/leftmr/Zl8P/14, %EB%B0%94%EC%9A%B0%EC%86%8C%ED%94%84%ED%8A%B8, 
[2019-07-24 16:52:01,251][DEBUG|dayStoreAppParse.py:23] >> 전기기사 산업기사 실기 핵심 정리, yuns27.electriccertificationsecondexam, 교육, HAIYUN KIM, 1000.0, 77.0, 4.7, 100, 16, 4, 3, 0, 2018년 7월 1일, mailto:yuns27@naver.com, HAIYUN+KIM, 
[2019-07-24 16:52:14,157][DEBUG|dayStoreAppParse.py:23] >> NFC Tools - Pro Edition, com.wakdev.nfctools.pro, 도구, wakdev, 100000.0, 2183.0, 4.4, 100, 29, 9, 3, 5, 2019년 4월 24일, http://www.wakdev.com, , 6943435756825055171
[2019-07-24 16:52:25,488][DEBUG|dayStoreAppParse.py:23] >> DroidCamX Wireless Webcam Pro, com.dev47apps.droidcamx, 도구, Dev47Apps, 50000.0, 1711.0, 3.8, 100, 33, 18, 10, 29, 2019년 5월 6일, http://www.dev47apps.com/, Dev47Apps, 
[2019-07-24 16:52:39,159][DEBUG|dayStoreAppParse.py:23] >> 미가엘 찬양 반주기 ( 새찬송가/통일찬송가 ), com.elimmedia.hymn.ph, 음악/오디오, ELIM MEDIA Ltd., 10000.0, 283.0, 4.1, 100, 42, 22, 6, 18, 2018년 7월 4일, http://www.elimmedia.com, ELIM+MEDIA+Ltd., 
[2019-07-24 16:53:25,750][DEBUG|dayStoreAppParse.py:23] >> [UX8] OneUI/Galaxy S10 Theme LG G8 V50 V40 Pie, com.lge.wsdeveloper.ux8.oneui, 맞춤 설정, WSTeams, 50.0, 2.0, 0, 0, 0, 0, 0, 0, 2019년 5월 31일, http://lgthemes.net, , 8423266189370125302
[2019-07-24 16:53:39,263][DEBUG|dayStoreAppParse.py:23] >> 해커스리스닝핵심편 토익 - TOEIC 토익단어 토익공부, com.hackers.app.toeiclistening, 교육, (주) 해커스, 10000.0, 142.0, 3.4, 100, 50, 49, 19, 58, 2019년 5월 23일, http://www.hackers.co.kr, %28%EC%A3%BC%29+%ED%95%B4%EC%BB%A4%EC%8A%A4, 
[2019-07-24 16:53:57,204][DEBUG|dayStoreAppParse.py:23] >> GIF 메이커, GIF 편집기, 동영상 메이커, Video을 GIF로 Pro, pro.gif.videotogif.gifeditor.gifmaker, 사진, GIF Maker & GIF Editor & Video Maker, 10000.0, 281.0, 4.1, 100, 28, 12, 9, 15, 2019년 6월 28일, mailto:zatashimalab@gmail.com, GIF+Maker+%26+GIF+Editor+%26+Video+Maker, 
[2019-07-24 16:54:11,276][DEBUG|dayStoreAppParse.py:27] >> Toca Life: Hospital, com.tocaboca.tocahospital, 교육, Toca Boca, 100000.0, 4429.0, 4.6, 100, 9, 4, 1, 6, 2018년 6월 12일, None, , 8567646723268777320
[2019-07-24 16:54:28,684][DEBUG|dayStoreAppParse.py:23] >> + PLANNER (플러스 플래너), com.plantools.fpactivity, 생산성, choi kyudoc, 10000.0, 1047.0, 3.5, 100, 76, 51, 18, 50, 2019년 2월 14일, http://www.plantools.co.kr, choi+kyudoc, 
[2019-07-24 16:54:45,778][DEBUG|dayStoreAppParse.py:23] >> 내 멤버십 카드, com.gmail.ecogeo.mymembershipcard, 라이프스타일, 에코지오, 500.0, 17.0, 4.8, 100, 21, 0, 0, 0, 2019년 5월 29일, https://sites.google.com/view/mymembershipcard/, %EC%97%90%EC%BD%94%EC%A7%80%EC%98%A4, 
[2019-07-24 16:55:04,678][DEBUG|dayStoreAppParse.py:23] >> Word Master 워드마스터 하이퍼 2000(개정), com.etoos.wordmaster.hyper20002016, 교육, 이투스북, 1000.0, 68.0, 4.5, 100, 33, 11, 2, 4, 2019년 7월 22일, http://www.etoosbook.com/, %EC%9D%B4%ED%88%AC%EC%8A%A4%EB%B6%81, 
[2019-07-24 16:55:22,897][DEBUG|dayStoreAppParse.py:23] >> FiLMiC Pro: 프로 HD 수동 비디오 카메라 어플, com.filmic.filmicpro, 사진, FiLMiC Inc., 50000.0, 3781.0, 3.2, 100, 63, 63, 45, 69, 2019년 7월 16일, http://www.filmicpro.com, FiLMiC+Inc., 
[2019-07-24 16:55:40,244][DEBUG|dayStoreAppParse.py:23] >> TYPO전교일등™ 한국어 Flipfont, com.monotype.android.font.typotopstudent, 맞춤 설정, Monotype Imaging Inc., 1000.0, 90.0, 3.7, 100, 13, 7, 9, 39, 2015년 1월 11일, http://www.flipfont.mobi, , 4728843905962363624
[2019-07-24 16:56:05,688][DEBUG|dayStoreAppParse.py:23] >> 픽테일 -  PinkLady, com.jpbrothers.android.pictail.sub1, 사진, JP Brothers, Inc., 50000.0, 417.0, 4.4, 100, 13, 7, 3, 9, 2019년 6월 27일, http://www.jp-brothers.com, , 7489105120650111643
[2019-07-24 16:56:32,688][DEBUG|dayStoreAppParse.py:23] >> Aa착한남자™ 한국어Flipfont, com.monotype.android.font.aaniceguy, 엔터테인먼트, Monotype Imaging Inc., 5000.0, 178.0, 0, 0, 0, 0, 0, 0, 2013년 8월 1일, http://www.monotypeimaging.com/productsservices/Flipfont.aspx, , 4728843905962363624
[2019-07-24 16:57:53,587][DEBUG|dayStoreAppParse.py:23] >> Poweraudio Pro Music Player, xsoftstudio.musicplayer.pro, 음악/오디오, PowerAudio Team, 1000000.0, 23088.0, 4.3, 100, 22, 9, 4, 11, 2019년 7월 13일, http://xsoftstudio.wordpress.com, PowerAudio+Team, 
[2019-07-24 16:58:04,995][DEBUG|dayStoreAppParse.py:23] >> Stop Motion Studio Pro, com.cateater.stopmotionstudiopro, 사진, Cateater, 10000.0, 1956.0, 4.2, 100, 22, 11, 5, 14, 2019년 7월 9일, http://www.cateater.com, , 7791776099225258043
[2019-07-24 16:58:17,106][DEBUG|dayStoreAppParse.py:23] >> Rix오늘의만화™ 한국어 Flipfont, com.monotype.android.font.rixtodaytoon, 엔터테인먼트, Monotype Imaging Inc., 1000.0, 56.0, 3.8, 100, 18, 6, 3, 42, 2013년 12월 2일, http://www.flipfont.mobi, , 4728843905962363624
[2019-07-24 16:58:29,062][DEBUG|dayStoreAppParse.py:23] >> 보안카드+ pro, jjong.kim.securitycard_m_1500, 금융, Evan Soft, 500.0, 28.0, 4.0, 100, 25, 12, 25, 12, 2019년 7월 7일, mailto:sjkim002@gmail.com, Evan+Soft, 
[2019-07-24 16:58:45,952][DEBUG|dayStoreAppParse.py:23] >> (주)낱말 - 우리말 유의어 사전, com.wordnet.dic.synonym, 도서/참고자료, NATMAL CORPORATION, 1000.0, 78.0, 4.1, 100, 26, 23, 4, 15, 2014년 8월 13일, http://www.wordnet.co.kr, NATMAL+CORPORATION, 
[2019-07-24 16:59:00,365][DEBUG|dayStoreAppParse.py:23] >> 미가엘 복음성가 (1000곡), com.michael.gospel.full, 음악/오디오, ELIM MEDIA Ltd., 1000.0, 88.0, 3.2, 75, 100, 100, 12, 79, 2019년 1월 3일, mailto:elimmedia.an@gmail.com, ELIM+MEDIA+Ltd., 
[2019-07-24 16:59:28,635][DEBUG|dayStoreAppParse.py:23] >> 파워 쇼컷 (Power Shortcuts) - 강력한 바로가기 생성!, com.ss.powershortcuts, 도구, ChYK the dev., 1000.0, 36.0, 4.3, 100, 7, 15, 3, 11, 2019년 4월 12일, mailto:geek21c@gmail.com, ChYK+the+dev., 
[2019-07-24 16:59:43,863][DEBUG|dayStoreAppParse.py:23] >> 내 음악 점수 - 악보 뷰어, 뮤직 스캐너, com.sheet.music, 음악/오디오, Cosmic Pie Design, 10000.0, 253.0, 4.0, 100, 29, 13, 11, 20, 2019년 4월 19일, mailto:stei2348@gmail.com, , 4953443365699999896
[2019-07-24 17:00:00,646][DEBUG|dayStoreAppParse.py:23] >> 천하운세 (운세, 사주, 궁합), com.cleo.unse.cheonha, 라이프스타일, 天下運勢, 5000.0, 212.0, 4.2, 100, 4, 7, 4, 20, 2017년 6월 14일, mailto:cleohelpdesk@gmail.com, %E5%A4%A9%E4%B8%8B%E9%81%8B%E5%8B%A2, 
[2019-07-24 17:00:15,475][DEBUG|dayStoreAppParse.py:23] >> 파리 필름 - 평범한 사진에 파리 감성을 듬뿍, xyz.masmas.film.paris, 사진, MASMAS Studio, 10000.0, 156.0, 3.6, 100, 40, 54, 24, 32, 2019년 3월 7일, https://www.instagram.com/masmas_studio/, MASMAS+Studio, 
[2019-07-24 17:01:02,596][DEBUG|dayStoreAppParse.py:23] >> FaceApp, io.faceapp, 사진, FaceApp Inc, 100000000.0, 1973055.0, 4.5, 100, 9, 3, 1, 11, 2019년 7월 23일, http://www.faceapp.com, FaceApp+Inc, 
[2019-07-24 17:01:14,910][DEBUG|dayStoreAppParse.py:23] >> Instagram, com.instagram.android, 소셜, Instagram, 1000000000.0, 85338623.0, 4.5, 100, 20, 7, 2, 5, 2019년 7월 23일, http://help.instagram.com/, Instagram, 
[2019-07-24 17:01:29,232][DEBUG|dayStoreAppParse.py:23] >> 호갱노노 - 아파트 실거래가 1등 앱, com.hogangnono.hogangnono, 부동산/홈 인테리어, 호갱노노, 1000000.0, 2331.0, 4.5, 100, 17, 4, 2, 8, 2019년 6월 28일, https://hogangnono.com, %ED%98%B8%EA%B0%B1%EB%85%B8%EB%85%B8, 
[2019-07-24 17:02:19,714][DEBUG|dayStoreAppParse.py:23] >> Wish - 쇼핑은 즐겁다, com.contextlogic.wish, 쇼핑, Wish Inc., 100000000.0, 8109807.0, 4.5, 100, 27, 8, 2, 7, 2019년 7월 17일, http://www.wish.com, Wish+Inc., 
[2019-07-24 17:02:36,425][DEBUG|dayStoreAppParse.py:23] >> 네이버 - NAVER, com.nhn.android.search, 도서/참고자료, NAVER Corp., 50000000.0, 464610.0, 3.9, 100, 20, 13, 8, 28, 2019년 7월 15일, http://www.navercorp.com, , 6225315284672069550
[2019-07-24 17:02:49,050][DEBUG|dayStoreAppParse.py:23] >> 토스, viva.republica.toss, 금융, Viva Republica, 10000000.0, 110395.0, 4.6, 100, 12, 4, 2, 7, 2019년 7월 18일, https://toss.im, , 4939974231902229320
[2019-07-24 17:03:03,725][DEBUG|dayStoreAppParse.py:23] >> 카카오톡 KakaoTalk, com.kakao.talk, 커뮤니케이션, Kakao Corporation, 100000000.0, 2792342.0, 4.2, 100, 23, 12, 4, 13, 2019년 7월 16일, http://www.kakao.com/talk, Kakao+Corporation, 
[2019-07-24 17:03:18,913][DEBUG|dayStoreAppParse.py:23] >> 배달요기요, com.fineapp.yogiyo, 식음료, yogiyo.co.kr, 10000000.0, 105368.0, 4.3, 100, 15, 6, 2, 14, 2019년 7월 22일, http://www.yogiyo.co.kr, yogiyo.co.kr, 
[2019-07-24 17:03:34,206][DEBUG|dayStoreAppParse.py:23] >> Samsung Smart Switch Mobile, com.sec.android.easyMover, 도구, Samsung Electronics Co.,  Ltd., 100000000.0, 178100.0, 4.3, 100, 19, 8, 4, 11, 2019년 7월 16일, http://www.samsung.com/us/smartswitch, , 5200379633052405703
[2019-07-24 17:03:48,852][DEBUG|dayStoreAppParse.py:23] >> Netflix(넷플릭스), com.netflix.mediaclient, 엔터테인먼트, Netflix, Inc., 500000000.0, 6874212.0, 4.5, 100, 16, 6, 3, 8, 2019년 7월 22일, http://www.netflix.com, Netflix,+Inc., 
[2019-07-24 17:04:05,391][DEBUG|dayStoreAppParse.py:23] >> 쿠팡 (Coupang), com.coupang.mobile, 쇼핑, 쿠팡, 10000000.0, 520851.0, 4.6, 100, 22, 5, 1, 3, 2019년 7월 19일, http://www.coupang.com, %EC%BF%A0%ED%8C%A1, 
[2019-07-24 17:05:40,954][DEBUG|dayStoreAppParse.py:23] >> 당근마켓 - 우리 동네 중고 직거래 벼룩장터, com.towneers.www, 쇼핑, 당근마켓, 5000000.0, 26568.0, 4.6, 100, 20, 5, 1, 5, 2019년 7월 14일, https://www.daangn.com/, %EB%8B%B9%EA%B7%BC%EB%A7%88%EC%BC%93, 
[2019-07-24 17:06:00,951][DEBUG|dayStoreAppParse.py:23] >> 배달의민족, com.sampleapp, 식음료, WoowaBrothers, 10000000.0, 170151.0, 4.3, 100, 21, 6, 2, 15, 2019년 7월 24일, http://www.baemin.com, WoowaBrothers, 
[2019-07-24 17:06:22,506][DEBUG|dayStoreAppParse.py:23] >> 카카오뱅크 - 같지만 다른 은행, com.kakaobank.channel, 금융, 카카오뱅크, 10000000.0, 20439.0, 4.0, 100, 18, 8, 4, 27, 2019년 7월 23일, https://kakaobank.com, %EC%B9%B4%EC%B9%B4%EC%98%A4%EB%B1%85%ED%81%AC, 
[2019-07-24 17:06:40,846][DEBUG|dayStoreAppParse.py:23] >> 실시간 날씨 - 일기 예보 2019, com.jndwork.weather.forecast.channel.dailyforecast.liveradarmaps, 날씨, JonDev., 5000000.0, 68285.0, 4.6, 100, 16, 5, 1, 3, 2019년 6월 4일, http://www.jondevmobile.com, , 6915261801345011098
[2019-07-24 17:06:56,486][DEBUG|dayStoreAppParse.py:23] >> 손금 및 별자리 - 노화 카메라, com.palmistry.scan.horoscope, 엔터테인먼트, Austin Davis Studio, 1000000.0, 9592.0, 2.2, 41, 0, 0, 1, 100, 2019년 6월 17일, mailto:austindavis825@gmail.com, Austin+Davis+Studio, 
[2019-07-24 17:07:09,005][DEBUG|dayStoreAppParse.py:23] >> V3 Mobile Plus 2.0, com.ahnlab.v3mobileplus, 도구, AhnLab Inc., 50000000.0, 95900.0, 3.5, 100, 32, 22, 12, 58, 2019년 3월 12일, http://www.ahnlab.com, AhnLab+Inc., 
[2019-07-24 17:07:26,938][DEBUG|dayStoreAppParse.py:23] >> 네이버 지도, 내비게이션, com.nhn.android.nmap, 여행 및 지역정보, NAVER Corp., 10000000.0, 155229.0, 3.9, 100, 31, 13, 7, 31, 2019년 6월 5일, http://www.navercorp.com, , 6225315284672069550
[2019-07-24 17:07:42,710][DEBUG|dayStoreAppParse.py:23] >> Speed Security - Antivirus, Boost, AppLock, com.security.clean.antivirus.master, 도구, sechug.fr, 100000.0, 123.0, 4.6, 100, 15, 8, 2, 3, 2019년 7월 23일, mailto:support@sechug.fr, sechug.fr, 
[2019-07-24 17:08:01,206][DEBUG|dayStoreAppParse.py:23] >> SODA 소다 - Natural Beauty Camera, com.snowcorp.soda.android, 사진, SNOW, Inc., 5000000.0, 28935.0, 4.4, 100, 16, 7, 2, 8, 2019년 7월 16일, http://snow.me, SNOW,+Inc., 
[2019-07-24 17:08:25,483][DEBUG|dayStoreAppParse.py:23] >> 삼성 음성 녹음, com.sec.android.app.voicenote, 도구, Samsung Electronics Co.,  Ltd., 500000000.0, 66194.0, 4.3, 100, 17, 9, 3, 14, 2019년 5월 28일, mailto:noreply.sec@samsung.com, , 5200379633052405703
[2019-07-24 17:08:46,777][DEBUG|dayStoreAppParse.py:23] >> 4shared, com.forshared.files, 엔터테인먼트, New IT Solutions, 10000000.0, 89369.0, 4.5, 100, 14, 5, 2, 7, 2019년 7월 11일, http://4shared.com, New+IT+Solutions, 
[2019-07-24 17:09:07,495][DEBUG|dayStoreAppParse.py:23] >> 카카오 T - 택시, 대리운전, 주차, 내비, 카풀, 바이크, com.kakao.taxi, 지도/내비게이션, Kakao Mobility Corp., 10000000.0, 85989.0, 4.2, 100, 14, 6, 3, 19, 2019년 7월 15일, http://service.kakaomobility.com/kakaot, Kakao+Mobility+Corp., 
[2019-07-24 17:10:59,213][DEBUG|dayStoreAppParse.py:23] >> Samsung Notes, com.samsung.android.app.notes, 생산성, Samsung Electronics Co.,  Ltd., 100000000.0, 51384.0, 4.1, 100, 16, 10, 5, 19, 2019년 2월 15일, mailto:noreply.sec@samsung.com, , 5200379633052405703
[2019-07-24 17:11:12,604][DEBUG|dayStoreAppParse.py:23] >> 0한동, com.sktelecom.ytpoc, 라이프스타일, SKTelecom, 100000.0, 303.0, 3.0, 100, 25, 34, 26, 94, 2019년 6월 17일, http://www.younghandong.com, SKTelecom, 
[2019-07-24 17:11:26,692][DEBUG|dayStoreAppParse.py:23] >> Facebook, com.facebook.katana, 소셜, Facebook, 1000000000.0, 89095970.0, 4.1, 100, 23, 14, 6, 19, 2019년 7월 23일, https://www.facebook.com/facebook, Facebook, 
[2019-07-24 17:11:40,613][DEBUG|dayStoreAppParse.py:23] >> TikTok 틱톡, com.ss.android.ugc.trill, 동영상 플레이어/편집기, TikTok Pte. Ltd., 100000000.0, 3976707.0, 4.5, 100, 11, 6, 1, 8, 2019년 7월 22일, https://www.bytedance.com/, TikTok+Pte.+Ltd., 
[2019-07-24 17:12:01,782][DEBUG|dayStoreAppParse.py:23] >> Google Play 게임, com.google.android.play.games, 엔터테인먼트, Google LLC, 1000000000.0, 9394408.0, 4.3, 100, 15, 9, 3, 13, 2019년 7월 12일, http://play.google.com/store/apps/category/GAME, , 5700313618786177705
[2019-07-24 17:12:15,554][DEBUG|dayStoreAppParse.py:23] >> WAVE - 잘 노는 영상톡, Talk & Play, me.togather.wave, 소셜, WAVE Corporation, 100000.0, 2457.0, 3.7, 100, 21, 19, 10, 39, 2019년 7월 23일, https://www.wavetogether.com, WAVE+Corporation, 
[2019-07-24 17:12:28,172][DEBUG|dayStoreAppParse.py:23] >> T map (티맵,T맵,내비게이션), com.skt.tmap.ku, 지도/내비게이션, SK telecom Inc., 10000000.0, 28216.0, 4.2, 100, 31, 11, 4, 13, 2019년 7월 16일, http://www.tmap.co.kr/, SK+telecom+Inc., 
[2019-07-24 17:12:41,485][DEBUG|dayStoreAppParse.py:23] >> (New) i-ONE Bank - IBK기업은행, com.ibk.android.ionebank, 금융, IBK 기업은행, 1000000.0, 3522.0, 2.8, 71, 16, 14, 10, 100, 2019년 7월 23일, http://www.ibk.co.kr, IBK+%EA%B8%B0%EC%97%85%EC%9D%80%ED%96%89, 
[2019-07-24 17:12:54,182][DEBUG|dayStoreAppParse.py:23] >> POOQ ()  TV , kr.co.captv.pooqV2, 엔터테인먼트, pooq, 5000000.0, 26356.0, 2.9, 78, 27, 26, 20, 100, 2019년 7월 22일, http://www.pooq.co.kr, pooq, 
[2019-07-24 17:13:09,953][DEBUG|dayStoreAppParse.py:23] >> 맥도날드, com.mcdonalds.mobileapp, 식음료, McDonald's Apps, 10000000.0, 93808.0, 3.7, 100, 16, 9, 6, 44, 2019년 7월 17일, mailto:mcdonaldsglobalmobileapp@gmail.com, McDonald%27s+Apps, 
[2019-07-24 17:13:51,215][DEBUG|dayStoreAppParse.py:23] >> 여기어때 - 대한민국 1등 종합숙박앱, kr.goodchoice.abouthere, 여행 및 지역정보, WITH Innovation Corp., 10000000.0, 54031.0, 4.4, 100, 23, 7, 2, 9, 2019년 7월 15일, https://www.goodchoice.kr, , 7620836768154236440
[2019-07-24 17:14:02,490][DEBUG|dayStoreAppParse.py:23] >> 카카오맵 - 대한민국 No.1 지도앱 ( 지도 / 내비게이션 / 대중교통 / 로드뷰 ), net.daum.android.map, 여행 및 지역정보, Kakao Corp., 10000000.0, 83729.0, 4.1, 100, 31, 13, 6, 16, 2019년 7월 23일, https://map.kakao.com/info/kakao_map, Kakao+Corp., 
[2019-07-24 17:14:23,506][DEBUG|dayStoreAppParse.py:23] >> 송가인 노래듣기 - 히트곡, 방송 영상, 공연 영상, 7080 트로트 메들리 감상, com.shs.songain, 음악/오디오, HS APPS, 100000.0, 254.0, 4.5, 100, 8, 3, 1, 9, 2019년 7월 20일, mailto:hsseo.developer@gmail.com, HS+APPS, 
[2019-07-24 17:14:41,604][DEBUG|dayStoreAppParse.py:23] >> 밴드, com.nhn.android.band, 소셜, NAVER Corp., 50000000.0, 315578.0, 4.1, 100, 31, 16, 6, 16, 2019년 7월 16일, http://www.band.us, , 6225315284672069550
[2019-07-24 17:15:02,455][DEBUG|dayStoreAppParse.py:23] >> SRT - 수서고속철도(NEW), kr.co.srail.newapp, 여행 및 지역정보, ㈜SR - 새로운 고속열차 SRT, 1000000.0, 709.0, 2.6, 58, 14, 9, 7, 100, 2019년 7월 17일, https://www.srail.co.kr, %E3%88%9CSR+-+%EC%83%88%EB%A1%9C%EC%9A%B4+%EA%B3%A0%EC%86%8D%EC%97%B4%EC%B0%A8+SRT, 
[2019-07-24 17:15:21,965][DEBUG|dayStoreAppParse.py:23] >> Messenger, com.facebook.orca, 커뮤니케이션, Facebook, 1000000000.0, 67705427.0, 4.1, 100, 23, 14, 6, 19, 2019년 7월 18일, https://www.facebook.com/games/fbmessenger_android/, Facebook, 
[2019-07-24 17:15:39,351][DEBUG|dayStoreAppParse.py:23] >> Ulike유라이크 - 스타일, 고급 필터, 뷰티 카메라, com.gorgeous.liteinternational, 사진, Lemon, Inc., 10000000.0, 224472.0, 4.7, 100, 15, 5, 1, 2, 2019년 7월 17일, mailto:beauty_me_2018@163.com, Lemon,+Inc., 
[2019-07-24 17:16:05,051][DEBUG|dayStoreAppParse.py:23] >> SNOW - 뷰티, 메이크업, 셀피 카메라, com.campmobile.snow, 사진, SNOW, Inc., 100000000.0, 1163714.0, 4.3, 100, 18, 11, 4, 11, 2019년 7월 23일, https://snow.me, SNOW,+Inc., 
[2019-07-24 17:16:23,114][DEBUG|dayStoreAppParse.py:23] >> 코레일톡, com.korail.talk, 여행 및 지역정보, KORAIL, 10000000.0, 24364.0, 3.8, 100, 33, 12, 6, 34, 2019년 7월 9일, http://www.korail.com, KORAIL, 
[2019-07-24 17:16:40,581][DEBUG|dayStoreAppParse.py:23] >> 카카오내비, com.locnall.KimGiSa, 지도/내비게이션, Kakao Mobility Corp., 10000000.0, 112301.0, 4.2, 100, 31, 10, 4, 15, 2019년 6월 3일, http://www.kakaocorp.com/main, Kakao+Mobility+Corp., 
[2019-07-24 17:16:56,280][DEBUG|dayStoreAppParse.py:23] >> 네이버 파파고 - AI 통번역, com.naver.labs.translator, 도구, NAVER Corp., 10000000.0, 31899.0, 4.3, 100, 20, 8, 4, 13, 2019년 6월 17일, http://www.navercorp.com, , 6225315284672069550
[2019-07-24 17:17:56,885][DEBUG|dayStoreAppParse.py:27] >> YouTube Kids, com.google.android.apps.youtube.kids, 엔터테인먼트, Google LLC, 100000000.0, 759664.0, 4.4, 100, 17, 7, 2, 9, 2019년 7월 11일, None, , 5700313618786177705
[2019-07-24 17:18:09,809][DEBUG|dayStoreAppParse.py:23] >>   , app.facereading.signs, 엔터테인먼트, Face Read Lab, 1000000.0, 67602.0, 3.9, 100, 14, 8, 3, 34, 2019년 7월 22일, mailto:facelab2019@gmail.com, Face+Read+Lab, 
[2019-07-24 17:18:22,686][DEBUG|dayStoreAppParse.py:23] >> 티빙(TVING) - 실시간TV, 방송VOD, 영화VOD, net.cj.cjhv.gs.tving, 동영상 플레이어/편집기, 씨제이이엔엠(CJ ENM), 5000000.0, 23776.0, 3.3, 100, 29, 26, 16, 74, 2019년 7월 11일, http://www.tving.com, %EC%94%A8%EC%A0%9C%EC%9D%B4%EC%9D%B4%EC%97%94%EC%97%A0%28CJ+ENM%29, 
[2019-07-24 17:18:35,352][DEBUG|dayStoreAppParse.py:23] >> 야놀자 - 국내 및 해외 호텔, 모텔, 펜션, 게하, 레저/티켓, 최대 80% 할인, com.cultsotry.yanolja.nativeapp, 여행 및 지역정보, (주)야놀자, 10000000.0, 75680.0, 4.6, 100, 20, 5, 1, 5, 2019년 7월 23일, http://yanolja.com/, , 7693687284746960644
[2019-07-24 17:18:49,895][DEBUG|dayStoreAppParse.py:23] >> NH스마트뱅킹, nh.smart.banking, 금융, 농협BANK, 5000000.0, 4507.0, 3.2, 100, 25, 17, 11, 86, 2019년 7월 16일, http://www.nonghyup.com, %EB%86%8D%ED%98%91BANK, 
[2019-07-24 17:19:04,637][DEBUG|dayStoreAppParse.py:23] >> FLO  , skplanet.musicmate, 음악/오디오, Dreamus Company, 1000000.0, 8669.0, 3.3, 100, 44, 42, 25, 68, 2019년 7월 15일, https://www.music-flo.com, Dreamus+Company, 
[2019-07-24 17:19:18,088][DEBUG|dayStoreAppParse.py:23] >> 슈퍼 빠른 클리너 - 안티 바이러스 및 부스터 & 클리너, fast.phone.clean, 도구, Phone Clean Apps, 1000000.0, 23123.0, 4.6, 100, 10, 5, 1, 5, 2019년 7월 24일, mailto:phonecleanteam@gmail.com, Phone+Clean+Apps, 
[2019-07-24 17:19:31,777][DEBUG|dayStoreAppParse.py:23] >>    ON, com.omnitel.android.lottewebview, 쇼핑, Lotte Homeshopping, 10000000.0, 12305.0, 3.7, 100, 41, 22, 11, 38, 2019년 7월 5일, http://www.lotteimall.com, Lotte+Homeshopping, 
[2019-07-24 17:19:44,605][DEBUG|dayStoreAppParse.py:23] >> ISP/페이북, kvp.jjy.MispAndroid320, 금융, VP Inc, 10000000.0, 48780.0, 3.1, 99, 36, 27, 16, 100, 2019년 7월 15일, http://www.vp.co.kr, VP+Inc, 
[2019-07-24 17:19:58,480][DEBUG|dayStoreAppParse.py:23] >> 멜론, com.iloen.melon, 음악/오디오, Kakao  Corporation, 50000000.0, 193405.0, 3.8, 100, 28, 20, 10, 35, 2019년 7월 10일, http://www.melon.com, Kakao++Corporation, 
[2019-07-24 17:20:18,209][DEBUG|dayStoreAppParse.py:23] >> 에이블리 - 셀럽마켓 모음앱, com.banhala.android, 쇼핑, ably, 1000000.0, 7384.0, 4.3, 100, 16, 8, 3, 15, 2019년 7월 16일, http://a-bly.com, ably, 
[2019-07-24 17:21:17,057][DEBUG|dayStoreAppParse.py:23] >> 트로트 무료듣기 - 트로트 메들리, com.hmusic.listentrot, 음악/오디오, H Music, 1000000.0, 5029.0, 4.5, 100, 24, 7, 2, 6, 2019년 4월 4일, mailto:hanamedia1@gmail.com, H+Music, 
[2019-07-24 17:21:38,809][DEBUG|dayStoreAppParse.py:23] >> 직방 - 2,000만명이 선택한 No.1 부동산 앱(아파트,아파트분양,원룸,오피스텔,빌라), com.chbreeze.jikbang4a, 부동산/홈 인테리어, 직방 앱 관리자, 10000000.0, 68370.0, 3.9, 100, 27, 16, 6, 29, 2019년 7월 10일, http://company.zigbang.com, %EC%A7%81%EB%B0%A9+%EC%95%B1+%EA%B4%80%EB%A6%AC%EC%9E%90, 
[2019-07-24 17:21:51,170][DEBUG|dayStoreAppParse.py:23] >> LG전자 멤버십, com.lge.lgemembership, 라이프스타일, LG Electronics, Inc., 1000000.0, 1035.0, 4.3, 100, 21, 10, 3, 12, 2019년 7월 15일, http://www.lge.co.kr, , 6033443741999759446
[2019-07-24 17:22:04,105][DEBUG|dayStoreAppParse.py:23] >> [공식]고속버스모바일, com.kscc.scxb.mbl, 지도/내비게이션, (주)티머니, 5000000.0, 14070.0, 3.7, 100, 25, 13, 10, 43, 2019년 7월 8일, http://www.koreasmartcard.co.kr, %28%EC%A3%BC%29%ED%8B%B0%EB%A8%B8%EB%8B%88, 
[2019-07-24 17:22:22,126][DEBUG|dayStoreAppParse.py:23] >> 한컴오피스 viewer, com.tf.thinkdroid.viewer, 생산성, Hancom Inc., 5000000.0, 2757.0, 3.8, 100, 31, 20, 8, 31, 2019년 4월 18일, http://www.hancom.com, Hancom+Inc., 
[2019-07-24 17:22:39,460][DEBUG|dayStoreAppParse.py:23] >> 아이디어스(idus) - 핸드메이드/수공예 장터, kr.backpackr.me.idus, 쇼핑, Backpackr Inc., 1000000.0, 38371.0, 4.7, 100, 16, 2, 0, 2, 2019년 7월 8일, https://www.idus.com, Backpackr+Inc., 
[2019-07-24 17:22:53,246][DEBUG|dayStoreAppParse.py:23] >> 숫자로 색칠하기 - 무료 색칠 공부 및 퍼즐 게임, paint.by.number.pixel.art.coloring.drawing.puzzle, 엔터테인먼트, Better Life - Color and Draw, 10000000.0, 337439.0, 4.6, 100, 13, 5, 1, 4, 2019년 7월 19일, mailto:paint_support@dailyinnovation.biz, , 8186440931703540103
[2019-07-24 17:23:05,076][DEBUG|dayStoreAppParse.py:23] >> 카카오페이, com.kakaopay.app, 금융, kakaopay corp., 100000.0, 262.0, 4.1, 100, 16, 11, 6, 18, 2019년 7월 17일, https://www.kakaopay.com, kakaopay+corp., 
[2019-07-24 17:23:17,377][DEBUG|dayStoreAppParse.py:23] >> 송가인 노래모음 무료듣기 - 미스트롯 송가인 노래와 영상 모음, com.gmong.songgain, 음악/오디오, gmong, 100000.0, 53.0, 4.5, 100, 6, 4, 2, 9, 2019년 7월 20일, mailto:gmong7@gmail.com, gmong, 
[2019-07-24 17:23:30,827][DEBUG|dayStoreAppParse.py:23] >> 트리플 - 해외여행 가이드, com.titicacacorp.triple, 여행 및 지역정보, Triple Corp., 1000000.0, 7149.0, 4.6, 100, 16, 5, 1, 4, 2019년 7월 4일, https://triple.guide, Triple+Corp., 
[2019-07-24 17:23:44,609][DEBUG|dayStoreAppParse.py:23] >> HiddenMe Face App -  노화 카메라, 페이스앱, faceapp.facemystery.learnmoreaboutyourself, 엔터테인먼트, Colorfulnight, 10000000.0, 127432.0, 3.6, 100, 12, 9, 6, 53, 2019년 7월 6일, mailto:face.mystery.official@gmail.com, Colorfulnight, 
[2019-07-24 17:24:24,296][DEBUG|dayStoreAppParse.py:23] >> CGV, com.cgv.android.movieapp, 엔터테인먼트, CJ CGV, 10000000.0, 47461.0, 4.0, 100, 33, 16, 7, 24, 2019년 7월 22일, http://www.cgv.co.kr, CJ+CGV, 
[2019-07-24 17:24:37,808][DEBUG|dayStoreAppParse.py:23] >> Google 번역, com.google.android.apps.translate, 도구, Google LLC, 500000000.0, 6467085.0, 4.4, 100, 22, 9, 4, 7, 2019년 7월 11일, http://support.google.com/translate, , 5700313618786177705
[2019-07-24 17:24:51,317][DEBUG|dayStoreAppParse.py:23] >> 삼성앱카드 - 내 폰 안의 삼성카드, kr.co.samsungcard.mpocket, 금융, Samsung Card, 5000000.0, 11671.0, 3.6, 100, 31, 18, 10, 47, 2019년 7월 23일, http://www.samsungcard.com/, Samsung+Card, 
[2019-07-24 17:25:07,333][DEBUG|dayStoreAppParse.py:23] >> 다음 - Daum, net.daum.android.daum, 커뮤니케이션, Kakao Corp., 10000000.0, 108456.0, 4.1, 100, 28, 15, 7, 18, 2019년 6월 28일, https://www.kakaocorp.com/#none, Kakao+Corp., 
[2019-07-24 17:25:21,057][DEBUG|dayStoreAppParse.py:23] >> 최고의 무료 벨소리, com.bestringtonesapps.bestringtonesfree, 음악/오디오, BestRingtonesApps, 5000000.0, 32289.0, 4.0, 100, 35, 19, 8, 21, 2019년 7월 19일, https://www.facebook.com/pages/Best-Ringtones-Apps/1018443861508951, , 8950393860599764952
[2019-07-24 17:25:39,263][DEBUG|dayStoreAppParse.py:23] >> 현대카드, com.hyundaicard.appcard, 금융, Hyundai Card, 5000000.0, 20299.0, 3.1, 100, 33, 23, 15, 97, 2019년 7월 3일, http://www.hyundaicard.com, Hyundai+Card, 
[2019-07-24 17:26:14,704][DEBUG|dayStoreAppParse.py:23] >> X Security - 바이러스 제거, 기기 청소, 가속, com.virusscan.privacy.fast.cleaner.booster, 생산성, Soft365 Ltd., 500000.0, 1991.0, 4.5, 100, 12, 7, 3, 5, 2019년 7월 19일, mailto:support@Soft365.us, Soft365+Ltd., 
[2019-07-24 17:26:33,046][DEBUG|dayStoreAppParse.py:23] >> 네이버 웹툰 - Naver Webtoon, com.nhn.android.webtoon, 만화, NAVER WEBTOON CORP., 10000000.0, 182774.0, 4.2, 100, 14, 9, 5, 18, 2019년 7월 16일, http://comic.naver.com/index.nhn, NAVER+WEBTOON+CORP., 
[2019-07-24 17:26:47,185][DEBUG|dayStoreAppParse.py:23] >> Security & Antivirus, com.clean_antivirus.security.master.booster, 도구, Phone Protection, 500000.0, 2612.0, 4.4, 100, 16, 7, 3, 9, 2019년 7월 8일, mailto:yehudiwoodrow@outlook.com, Phone+Protection, 
[2019-07-24 17:27:04,780][DEBUG|dayStoreAppParse.py:23] >> B612 - 뷰티 효과, 감성필터, 셀피 카메라, com.linecorp.b612.android, 사진, SNOW, Inc., 500000000.0, 6089062.0, 4.4, 100, 19, 10, 3, 7, 2019년 7월 24일, http://b612.snow.me/, SNOW,+Inc., 
[2019-07-24 17:27:59,942][DEBUG|dayStoreAppParse.py:23] >> 위메프 - 특가대표 (특가 / 쇼핑 / 쇼핑앱 / 쿠폰 / 배송), com.wemakeprice, 쇼핑, 위메프, 10000000.0, 229137.0, 4.4, 100, 26, 7, 2, 7, 2019년 7월 2일, http://www.wemakeprice.com, %EC%9C%84%EB%A9%94%ED%94%84, 
[2019-07-24 17:28:12,961][DEBUG|dayStoreAppParse.py:23] >> [공식]시외버스모바일, com.kscc.xzz.mbl, 지도/내비게이션, (주)티머니, 5000000.0, 10065.0, 2.8, 78, 21, 14, 13, 100, 2019년 7월 11일, http://www.tmoney.co.kr, %28%EC%A3%BC%29%ED%8B%B0%EB%A8%B8%EB%8B%88, 
[2019-07-24 17:28:27,541][DEBUG|dayStoreAppParse.py:23] >> 첫화면 날씨, 미세먼지 - WHO 기준, 기상청 날씨, com.firstscreen.weather, 날씨, FirstScreenTeam, 500000.0, 6552.0, 4.4, 100, 28, 12, 3, 8, 2019년 7월 24일, mailto:firstscreenapp@gmail.com, FirstScreenTeam, 
[2019-07-24 17:28:41,111][DEBUG|dayStoreAppParse.py:23] >> 착한 음악다운 플레이, com.goodplay.a511best, 동영상 플레이어/편집기, FREE+++, 100000.0, 4660.0, 4.7, 100, 8, 2, 1, 4, 2019년 5월 21일, mailto:haho201905@gmail.com, FREE%2B%2B%2B, 
[2019-07-24 17:28:53,989][DEBUG|dayStoreAppParse.py:23] >> oksusu, com.skb.btvmobile, 동영상 플레이어/편집기, SK broadband, 10000000.0, 49012.0, 3.6, 100, 30, 19, 9, 44, 2019년 7월 23일, http://www.skbtv.co.kr/btvmobile, SK+broadband, 
[2019-07-24 17:29:06,160][DEBUG|dayStoreAppParse.py:23] >> 다이소 멤버십, com.uxlayer.wipoint, 라이프스타일, Asung Daiso, 1000000.0, 5488.0, 3.7, 100, 29, 22, 10, 39, 2019년 7월 10일, http://www.daiso.co.kr/, Asung+Daiso, 
[2019-07-24 17:29:17,755][DEBUG|dayStoreAppParse.py:23] >> 인천e음, gov.incheon.incheonercard, 금융, 코나아이(주), 500000.0, 972.0, 4.3, 100, 12, 6, 2, 15, 2019년 7월 19일, http://www.konacard.co.kr/, %EC%BD%94%EB%82%98%EC%95%84%EC%9D%B4%28%EC%A3%BC%29, 
[2019-07-24 17:29:29,312][DEBUG|dayStoreAppParse.py:23] >> 비디오 플레이어 퍼펙트 - 자막, 코덱, XPlayer, video.player.videoplayer, 동영상 플레이어/편집기, InShot Inc., 10000000.0, 440624.0, 4.8, 100, 8, 2, 0, 1, 2019년 7월 23일, mailto:cameras.ideas@gmail.com, InShot+Inc., 
[2019-07-24 17:29:41,564][DEBUG|dayStoreAppParse.py:23] >> 오늘의집 - 550만이 선택한 No.1 인테리어 필수앱, net.bucketplace, 부동산/홈 인테리어, Bucketplace Inc., 1000000.0, 31409.0, 4.7, 100, 20, 3, 0, 1, 2019년 7월 12일, http://www.bucketplace.net, Bucketplace+Inc., 
[2019-07-24 17:29:55,073][DEBUG|dayStoreAppParse.py:23] >> 터치엔 엠백신 for Web(기업용), com.TouchEn.mVaccine.webs, 금융, 라온시큐어(주), 10000000.0, 15003.0, 2.6, 53, 23, 23, 15, 100, 2019년 7월 9일, http://www.raonsecure.com, %EB%9D%BC%EC%98%A8%EC%8B%9C%ED%81%90%EC%96%B4%28%EC%A3%BC%29, 
[2019-07-24 17:30:09,835][DEBUG|dayStoreAppParse.py:23] >> 번개장터 - 모바일 최대 중고마켓 앱(중고나라,중고차), kr.co.quicket, 쇼핑, 번개장터 주식회사, 5000000.0, 77307.0, 4.2, 100, 17, 9, 4, 18, 2019년 7월 21일, https://www.bunjang.co.kr, %EB%B2%88%EA%B0%9C%EC%9E%A5%ED%84%B0+%EC%A3%BC%EC%8B%9D%ED%9A%8C%EC%82%AC, 
[2019-07-24 17:31:02,370][DEBUG|dayStoreAppParse.py:23] >> 카카오스토리 KakaoStory, com.kakao.story, 소셜, Kakao Corporation, 50000000.0, 534287.0, 3.7, 100, 28, 22, 11, 39, 2019년 7월 17일, http://www.kakao.com/story, Kakao+Corporation, 
[2019-07-24 17:31:21,152][DEBUG|dayStoreAppParse.py:23] >> Samsung Members, com.samsung.android.voc, 도구, Samsung Electronics Co.,  Ltd., 100000000.0, 479054.0, 4.6, 100, 20, 5, 1, 3, 2019년 7월 7일, mailto:noreply.sec@samsung.com, , 5200379633052405703
[2019-07-24 17:31:34,861][DEBUG|dayStoreAppParse.py:23] >> 메가박스(MEGABOX), com.megabox.mop, 엔터테인먼트, 메가박스, 5000000.0, 10456.0, 3.3, 100, 36, 24, 15, 68, 2019년 6월 27일, http://www.megabox.co.kr, %EB%A9%94%EA%B0%80%EB%B0%95%EC%8A%A4, 
[2019-07-24 17:31:49,346][DEBUG|dayStoreAppParse.py:23] >> QR 코드 리더/바코드 스캐너, tw.mobileapp.qrcode.banner, 도구, TWMobile, 50000000.0, 506746.0, 4.5, 100, 25, 7, 1, 7, 2019년 4월 2일, http://www.mobile.tw, TWMobile, 
[2019-07-24 17:32:01,864][DEBUG|dayStoreAppParse.py:23] >> 네이버 클라우드 - NAVER Cloud, com.nhn.android.ndrive, 생산성, NAVER Corp., 10000000.0, 89183.0, 3.9, 100, 28, 17, 9, 26, 2019년 4월 3일, http://www.navercorp.com, , 6225315284672069550
[2019-07-24 17:32:15,306][DEBUG|dayStoreAppParse.py:23] >>   .  10% + 10%, com.hnsmall, 쇼핑, 홈앤쇼핑, 10000000.0, 66703.0, 4.4, 100, 27, 8, 3, 10, 2019년 7월 19일, http://m.hnsmall.com, %ED%99%88%EC%95%A4%EC%87%BC%ED%95%91, 
[2019-07-24 17:32:28,612][DEBUG|dayStoreAppParse.py:23] >> 지니 뮤직 - genie, com.ktmusic.geniemusic, 음악/오디오, 지니뮤직, 5000000.0, 37779.0, 3.4, 100, 30, 27, 18, 56, 2019년 7월 12일, http://www.genie.co.kr, %EC%A7%80%EB%8B%88%EB%AE%A4%EC%A7%81, 
[2019-07-24 17:32:42,335][DEBUG|dayStoreAppParse.py:23] >> 신한페이판, com.shcard.smartpay, 금융, SHINHANCARD, 10000000.0, 45611.0, 3.9, 100, 21, 12, 6, 33, 2019년 6월 25일, http://www.shinhancard.com, SHINHANCARD, 
[2019-07-24 17:32:56,258][DEBUG|dayStoreAppParse.py:23] >> Snapchat, com.snapchat.android, 소셜, Snap Inc, 1000000000.0, 19891021.0, 4.1, 100, 18, 12, 6, 20, 2019년 7월 11일, http://www.snap.com, Snap+Inc, 
[2019-07-24 17:33:18,794][DEBUG|dayStoreAppParse.py:23] >> 알바천국- 알바 구인구직 포털서비스, kr.co.alba.webappalba.m, 비즈니스, (주)미디어윌 네트웍스, 5000000.0, 8986.0, 3.8, 100, 17, 15, 9, 31, 2019년 7월 19일, http://www.alba.co.kr, %28%EC%A3%BC%29%EB%AF%B8%EB%94%94%EC%96%B4%EC%9C%8C+%EB%84%A4%ED%8A%B8%EC%9B%8D%EC%8A%A4, 
[2019-07-24 17:33:37,535][DEBUG|dayStoreAppParse.py:23] >>   emart mall, kr.co.emart.emartmall, 쇼핑, SSG.COM, 5000000.0, 7430.0, 3.6, 100, 41, 26, 15, 44, 2019년 7월 11일, http://m.emart.ssg.com/, SSG.COM, 
[2019-07-24 17:33:52,905][DEBUG|dayStoreAppParse.py:23] >> 현대Hmall - 홈쇼핑, 백화점, com.hmallapp, 쇼핑, (주) 현대홈쇼핑, 10000000.0, 16351.0, 3.6, 100, 43, 21, 12, 52, 2019년 6월 19일, http://m.hyundaihmall.com, %28%EC%A3%BC%29+%ED%98%84%EB%8C%80%ED%99%88%EC%87%BC%ED%95%91, 
[2019-07-24 17:34:43,801][DEBUG|dayStoreAppParse.py:23] >> LG 모바일 스위치 (보내기), com.lge.mobilemigration, 도구, LG Electronics, Inc., 5000000.0, 6999.0, 3.6, 100, 22, 13, 8, 46, 2019년 5월 22일, http://www.lge.com, , 6033443741999759446
[2019-07-24 17:34:55,341][DEBUG|dayStoreAppParse.py:23] >> PAYCO - 페이코, 혜택까지 똑똑한 간편결제, com.nhnent.payapp, 라이프스타일, NHN Corp., 5000000.0, 17207.0, 4.3, 100, 11, 7, 4, 15, 2019년 7월 18일, http://www.payco.com/, , 9081645972946213311
[2019-07-24 17:35:08,299][DEBUG|dayStoreAppParse.py:23] >> BIGO LIVE ()   , sg.bigo.live, 소셜, BIGO TECHNOLOGY PTE. LTD., 100000000.0, 3182805.0, 4.5, 100, 13, 9, 3, 7, 2019년 7월 22일, http://www.bigo.tv, BIGO+TECHNOLOGY+PTE.+LTD., 
[2019-07-24 17:35:19,228][DEBUG|dayStoreAppParse.py:23] >> Future: 얼굴, 손금 & 별자리, com.future.know, 엔터테인먼트, Vancy Zhao, 5000000.0, 33966.0, 2.2, 42, 1, 1, 1, 100, 2019년 6월 14일, mailto:getfutureknow@gmail.com, Vancy+Zhao, 
[2019-07-24 17:35:35,101][DEBUG|dayStoreAppParse.py:23] >> 쏘카 - 1등 카셰어링, socar.Socar, 지도/내비게이션, SOCAR, 1000000.0, 12940.0, 3.9, 100, 27, 12, 5, 29, 2019년 7월 24일, http://www.socar.kr, SOCAR, 
