[2019-07-19 15:33:18,877][DEBUG|dayStoreAppParse.py:111] >> Camera Mute (Silent Mode/All Mute Mode) || jp.sisyou.kumikashi.mutedefaultcamera || 사진 || MICK TOOLS JAPAN || 10000.0 || 209.0 || 0 || 0 || 0 || 0 || 0 || 0 || 2019년 2월 3일 || https://camera-mute-for-android.blogspot.com/
[2019-07-19 15:33:28,828][DEBUG|dayStoreAppParse.py:111] >> 심플 갤러리 Pro || com.simplemobiletools.gallery.pro || 사진 || Simple Mobile Tools || 100000.0 || 14619.0 || 4.6 || 100 || 15 || 4 || 1 || 3 || 2019년 7월 15일 || https://simplemobiletools.com
[2019-07-19 15:33:45,119][DEBUG|dayStoreAppParse.py:111] >> Poweramp Full Version Unlocker || com.maxmpz.audioplayer.unlock || 음악/오디오 || Max MP || 1000000.0 || 254415.0 || 4.5 || 100 || 12 || 4 || 3 || 7 || 2018년 12월 6일 || http://powerampapp.com
[2019-07-19 15:33:56,149][DEBUG|dayStoreAppParse.py:111] >> Nova Launcher Prime || com.teslacoilsw.launcher.prime || 맞춤 설정 || TeslaCoil Software || 1000000.0 || 320125.0 || 4.8 || 100 || 10 || 2 || 0 || 1 || 2019년 1월 18일 || http://novalauncher.com
[2019-07-19 15:34:06,141][DEBUG|dayStoreAppParse.py:111] >> 무음모드Pro || jp.snowlife01.android.mutecamera || 사진 || HDM Dev Team || 10000.0 || 384.0 || 4.7 || 100 || 11 || 2 || 2 || 4 || 2019년 7월 8일 || mailto:ifeeqp2002@gmail.com
[2019-07-19 15:34:28,951][DEBUG|dayStoreAppParse.py:111] >> 이지 보이스 레코더 프로 || com.digipom.easyvoicerecorder.pro || 생산성 || Digipom || 100000.0 || 18462.0 || 4.7 || 100 || 16 || 3 || 1 || 1 || 2019년 5월 28일 || http://www.digipom.com/
[2019-07-19 15:34:41,933][DEBUG|dayStoreAppParse.py:111] >> MX 플레이어 Pro || com.mxtech.videoplayer.pro || 동영상 플레이어/편집기 || J2 Interactive || 1000000.0 || 111531.0 || 4.7 || 100 || 10 || 2 || 1 || 3 || 2019년 6월 27일 || https://sites.google.com/site/mxvpen/
[2019-07-19 15:34:56,903][DEBUG|dayStoreAppParse.py:111] >> 스마트 알람 (알람 시계) || jp.tanyu.SmartAlarm || 라이프스타일 || TanyuSoft || 50000.0 || 2867.0 || 4.6 || 100 || 21 || 6 || 3 || 4 || 2019년 3월 23일 || http://www.smartsense.co.jp/
[2019-07-19 15:35:07,089][DEBUG|dayStoreAppParse.py:111] >> 자동 음소거 모드 (기본 카메라 사용) || jp.sisyou.kumikashi.allmutemode || 맞춤 설정 || MICK TOOLS JAPAN || 10000.0 || 734.0 || 4.6 || 100 || 9 || 3 || 3 || 4 || 2019년 2월 3일 || http://camera-mute-for-android.blogspot.com/
[2019-07-19 15:35:16,434][DEBUG|dayStoreAppParse.py:111] >> ACR License || com.nll.acr.license || 생산성 || NLL || 500000.0 || 29337.0 || 3.9 || 100 || 19 || 9 || 7 || 31 || 2018년 1월 30일 || http://nllapps.com/apps/acr
[2019-07-19 15:35:37,363][DEBUG|dayStoreAppParse.py:111] >> SPI非言語 【Study Pro】 || studypro.spi.higengo || 교육 || Study Pro || 10000.0 || 284.0 || 0 || 0 || 0 || 0 || 0 || 0 || 2016년 6월 2일 || http://saisokuspi.com/smartPhone/support/
[2019-07-19 15:35:49,428][DEBUG|dayStoreAppParse.py:111] >> ATOK (日本語入力システム) || com.justsystems.atokmobile.service || 생산성 || JustSystems Corporation || 100000.0 || 11109.0 || 0 || 0 || 0 || 0 || 0 || 0 || 2019년 4월 18일 || http://www.justsystems.com/jp/products/atok_android/m/
[2019-07-19 15:36:40,058][DEBUG|dayStoreAppParse.py:111] >> Tasker || net.dinglisch.android.taskerm || 도구 || joaomgcd || 1000000.0 || 44944.0 || 4.6 || 100 || 17 || 5 || 2 || 5 || 2019년 5월 13일 || https://tasker.joaoapps.com/dl
[2019-07-19 15:36:49,167][DEBUG|dayStoreAppParse.py:111] >> ContactsX - Dialer & Contacts || jp.com.snow.contactsxpro || 커뮤니케이션 || Snow Technology || 10000.0 || 1061.0 || 0 || 0 || 0 || 0 || 0 || 0 || 2019년 6월 15일 || http://snow-technolog.main.jp/support/
[2019-07-19 15:37:01,103][DEBUG|dayStoreAppParse.py:111] >> CamScanner (License) || com.intsig.lic.camscanner || 생산성 || INTSIG || 500000.0 || 28362.0 || 4.4 || 100 || 24 || 6 || 3 || 10 || 2014년 1월 17일 || http://www.camscanner.net
[2019-07-19 15:37:10,671][DEBUG|dayStoreAppParse.py:111] >> Onkyo HF Player Unlocker || com.onkyo.jp.hfplayer_unlocker || 음악/오디오 || Onkyo Corporation || 10000.0 || 786.0 || 4.1 || 100 || 27 || 12 || 7 || 19 || 2017년 9월 7일 || http://www.onkyo.com/
[2019-07-19 15:37:48,384][DEBUG|dayStoreAppParse.py:111] >> 영화보며 영어공부 - 배속재생 미플레이어무비프로 어학용 동영상 플레이어 || com.mesoft.meplayer || 교육 || MEsoft || 10000.0 || 531.0 || 4.3 || 100 || 30 || 15 || 7 || 7 || 2019년 7월 14일 || mailto:mesoft.kjh@gmail.com
[2019-07-19 15:37:57,999][DEBUG|dayStoreAppParse.py:111] >> MarineTraffic ship positions || com.marinetraffic.android || 지도/내비게이션 || MarineTraffic || 500000.0 || 33445.0 || 4.5 || 100 || 37 || 6 || 2 || 5 || 2019년 6월 12일 || http://www.marinetraffic.com
[2019-07-19 15:38:11,327][DEBUG|dayStoreAppParse.py:111] >> SPI言語 【Study Pro】 || studypro.spi || 교육 || Study Pro || 10000.0 || 414.0 || 0 || 0 || 0 || 0 || 0 || 0 || 2013년 8월 20일 || http://saisokuspi.com/smartPhone/support/
[2019-07-19 15:38:30,879][DEBUG|dayStoreAppParse.py:111] >> 宅建 過去問集 2019年版「スタケン」 || com.owners_age.stken_app_paid || 교육 || OWNER'S AGENT INC. || 500.0 || 2.0 || 0 || 0 || 0 || 0 || 0 || 0 || 2019년 5월 7일 || https://owners-age.com/star-takken/
[2019-07-19 15:38:41,760][DEBUG|dayStoreAppParse.py:111] >> Aqua Mail Pro || org.kman.AquaMail.UnlockerMarket || 비즈니스 || MobiSystems || 100000.0 || 9757.0 || 4.6 || 100 || 15 || 4 || 2 || 5 || 2018년 5월 3일 || https://www.mobisystems.com/aqua-mail/
[2019-07-19 15:39:19,115][DEBUG|dayStoreAppParse.py:111] >> TouchRetouch || com.advasoft.touchretouch || 사진 || ADVA Soft || 500000.0 || 13847.0 || 4.6 || 100 || 16 || 4 || 2 || 6 || 2019년 7월 18일 || http://adva-soft.com/products/touch-retouch/
[2019-07-19 15:39:28,632][DEBUG|dayStoreAppParse.py:111] >> Auto Optimizer || jp.snowlife01.android.autooptimization || 도구 || HDM Dev Team || 100000.0 || 7421.0 || 4.4 || 100 || 34 || 12 || 4 || 6 || 2019년 6월 23일 || http://snowlife01.com/autooptimization/
[2019-07-19 15:39:38,676][DEBUG|dayStoreAppParse.py:111] >> 스퀘어홈 키 - 런처 || com.ss.squarehome.key || 맞춤 설정 || ChYK the dev. || 50000.0 || 8352.0 || 4.8 || 100 || 10 || 1 || 0 || 0 || 2018년 11월 21일 || http://squarehome2.blogspot.com/
[2019-07-19 15:39:47,926][DEBUG|dayStoreAppParse.py:111] >> OfficeSuite Font Pack || com.mobisystems.fonts || 비즈니스 || MobiSystems || 100000.0 || 2910.0 || 4.0 || 100 || 36 || 16 || 8 || 23 || 2018년 10월 19일 || http://www.mobisystems.com
[2019-07-19 15:41:05,654][DEBUG|dayStoreAppParse.py:111] >> Xperia Ear Duo(アスナ) || jp.charactervoice.xea10.asuna || 도구 || Sony Music Communications Inc. || 5000.0 || 174.0 || 0 || 0 || 0 || 0 || 0 || 0 || 2019년 3월 28일 || http://charactervoice.jp/xea_sao/
[2019-07-19 15:41:28,936][DEBUG|dayStoreAppParse.py:111] >> SimpleMind Pro - Intuitive Mind Mapping || com.modelmakertools.simplemindpro || 생산성 || ModelMaker Tools || 100000.0 || 16551.0 || 4.7 || 100 || 25 || 2 || 0 || 1 || 2019년 4월 15일 || https://simplemind.eu
[2019-07-19 15:42:54,885][DEBUG|dayStoreAppParse.py:111] >> TwitPanePlus for Twitter || com.twitpane.premium || 뉴스/잡지 || Panecraft, Inc. || 10000.0 || 3327.0 || 4.6 || 100 || 37 || 4 || 1 || 1 || 2019년 7월 19일 || http://www.takke.jp/
[2019-07-19 15:43:04,334][DEBUG|dayStoreAppParse.py:111] >> パブロフ簿記２級工業簿記 || com.pubrof.pubrofboki2kogyo || 교육 || willsi Co., Ltd. || 5000.0 || 45.0 || 0 || 0 || 0 || 0 || 0 || 0 || 2019년 6월 19일 || http://pboki.com/
[2019-07-19 15:43:18,932][DEBUG|dayStoreAppParse.py:137] >>  parse app END. good bye 
 
[2019-07-19 16:04:03,717][DEBUG|dayStoreAppParse.py:23] >> Camera Mute (Silent Mode/All Mute Mode) || jp.sisyou.kumikashi.mutedefaultcamera || 사진 || MICK TOOLS JAPAN || 10000.0 || 209.0 || 0 || 0 || 0 || 0 || 0 || 0 || 2019년 2월 3일 || https://camera-mute-for-android.blogspot.com/
[2019-07-19 16:04:15,253][DEBUG|dayStoreAppParse.py:23] >> 심플 갤러리 Pro || com.simplemobiletools.gallery.pro || 사진 || Simple Mobile Tools || 100000.0 || 14622.0 || 4.6 || 100 || 15 || 4 || 1 || 3 || 2019년 7월 15일 || https://simplemobiletools.com
[2019-07-19 16:04:34,488][DEBUG|dayStoreAppParse.py:23] >> Poweramp Full Version Unlocker || com.maxmpz.audioplayer.unlock || 음악/오디오 || Max MP || 1000000.0 || 254415.0 || 4.5 || 100 || 12 || 4 || 3 || 7 || 2018년 12월 6일 || http://powerampapp.com
[2019-07-19 16:04:47,395][DEBUG|dayStoreAppParse.py:23] >> Nova Launcher Prime || com.teslacoilsw.launcher.prime || 맞춤 설정 || TeslaCoil Software || 1000000.0 || 320131.0 || 4.8 || 100 || 10 || 2 || 0 || 1 || 2019년 1월 18일 || http://novalauncher.com
[2019-07-19 16:05:02,492][DEBUG|dayStoreAppParse.py:23] >> 무음모드Pro || jp.snowlife01.android.mutecamera || 사진 || HDM Dev Team || 10000.0 || 384.0 || 4.7 || 100 || 11 || 2 || 2 || 4 || 2019년 7월 8일 || mailto:ifeeqp2002@gmail.com
[2019-07-19 16:05:13,060][DEBUG|dayStoreAppParse.py:23] >> Video & TV SideView || com.sony.tvsideview.dtcpplayer || 동영상 플레이어/편집기 || Sony Home Entertainment & Sound Products Inc. || 100000.0 || 1571.0 || 0 || 0 || 0 || 0 || 0 || 0 || 2019년 4월 8일 || http://info.tvsideview.sony.net
[2019-07-19 16:05:23,521][DEBUG|dayStoreAppParse.py:23] >> 이지 보이스 레코더 프로 || com.digipom.easyvoicerecorder.pro || 생산성 || Digipom || 100000.0 || 18462.0 || 4.7 || 100 || 16 || 3 || 1 || 1 || 2019년 5월 28일 || http://www.digipom.com/
[2019-07-19 16:05:33,277][DEBUG|dayStoreAppParse.py:23] >> MX 플레이어 Pro || com.mxtech.videoplayer.pro || 동영상 플레이어/편집기 || J2 Interactive || 1000000.0 || 111538.0 || 4.7 || 100 || 10 || 2 || 1 || 3 || 2019년 6월 27일 || https://sites.google.com/site/mxvpen/
[2019-07-19 16:05:43,363][DEBUG|dayStoreAppParse.py:23] >> 스마트 알람 (알람 시계) || jp.tanyu.SmartAlarm || 라이프스타일 || TanyuSoft || 50000.0 || 2867.0 || 4.6 || 100 || 21 || 6 || 3 || 4 || 2019년 3월 23일 || http://www.smartsense.co.jp/
[2019-07-19 16:05:53,826][DEBUG|dayStoreAppParse.py:23] >> 자동 음소거 모드 (기본 카메라 사용) || jp.sisyou.kumikashi.allmutemode || 맞춤 설정 || MICK TOOLS JAPAN || 10000.0 || 734.0 || 4.6 || 100 || 9 || 3 || 3 || 4 || 2019년 2월 3일 || http://camera-mute-for-android.blogspot.com/
[2019-07-19 16:06:04,069][DEBUG|dayStoreAppParse.py:23] >> ACR License || com.nll.acr.license || 생산성 || NLL || 500000.0 || 29333.0 || 3.9 || 100 || 19 || 9 || 7 || 31 || 2018년 1월 30일 || http://nllapps.com/apps/acr
[2019-07-19 16:06:18,846][DEBUG|dayStoreAppParse.py:23] >> SPI非言語 【Study Pro】 || studypro.spi.higengo || 교육 || Study Pro || 10000.0 || 284.0 || 0 || 0 || 0 || 0 || 0 || 0 || 2016년 6월 2일 || http://saisokuspi.com/smartPhone/support/
[2019-07-19 16:06:29,834][DEBUG|dayStoreAppParse.py:23] >> ATOK (日本語入力システム) || com.justsystems.atokmobile.service || 생산성 || JustSystems Corporation || 100000.0 || 11109.0 || 0 || 0 || 0 || 0 || 0 || 0 || 2019년 4월 18일 || http://www.justsystems.com/jp/products/atok_android/m/
[2019-07-19 16:06:40,022][DEBUG|dayStoreAppParse.py:23] >>  - Help me Travel || com.bilingirl.helpmetravel || 여행 및 지역정보 || Unicorn Creations || 1000.0 || 34.0 || 0 || 0 || 0 || 0 || 0 || 0 || 2019년 6월 5일 || https://twitter.com/chika_english
[2019-07-19 16:07:19,681][DEBUG|dayStoreAppParse.py:23] >> Tasker || net.dinglisch.android.taskerm || 도구 || joaomgcd || 1000000.0 || 44944.0 || 4.6 || 100 || 17 || 5 || 2 || 5 || 2019년 5월 13일 || https://tasker.joaoapps.com/dl
[2019-07-19 16:07:29,078][DEBUG|dayStoreAppParse.py:23] >> ContactsX - Dialer & Contacts || jp.com.snow.contactsxpro || 커뮤니케이션 || Snow Technology || 10000.0 || 1061.0 || 0 || 0 || 0 || 0 || 0 || 0 || 2019년 6월 15일 || http://snow-technolog.main.jp/support/
[2019-07-19 16:07:38,810][DEBUG|dayStoreAppParse.py:23] >> CamScanner (License) || com.intsig.lic.camscanner || 생산성 || INTSIG || 500000.0 || 28362.0 || 4.4 || 100 || 24 || 6 || 3 || 10 || 2014년 1월 17일 || http://www.camscanner.net
[2019-07-19 16:07:49,308][DEBUG|dayStoreAppParse.py:23] >> Onkyo HF Player Unlocker || com.onkyo.jp.hfplayer_unlocker || 음악/오디오 || Onkyo Corporation || 10000.0 || 786.0 || 4.1 || 100 || 27 || 12 || 7 || 19 || 2017년 9월 7일 || http://www.onkyo.com/
[2019-07-19 16:08:01,459][DEBUG|dayStoreAppParse.py:23] >>   || jp.dtechgame.alarmIllya || 엔터테인먼트 || Dtechno Games || 10000.0 || 1955.0 || 4.8 || 100 || 8 || 2 || 0 || 1 || 2019년 1월 22일 || http://prisma-illya-alarm.d-techno.jp/
[2019-07-19 16:08:11,777][DEBUG|dayStoreAppParse.py:23] >> 4K || com.komado.Odyssey.com.nifty.homepage2 || 동영상 플레이어/편집기 || Bakusoku Software(Representative Tatuki Isawa) || 50000.0 || 438.0 || 0 || 0 || 0 || 0 || 0 || 0 || 2019년 2월 14일 || https://bakusokusoftware.jimdo.com/
[2019-07-19 16:08:27,440][DEBUG|dayStoreAppParse.py:23] >>  -     || com.pasoya.orbis || 지도/내비게이션 || Pasoya Co., Ltd. || 10000.0 || 629.0 || 0 || 0 || 0 || 0 || 0 || 0 || 2019년 6월 21일 || http://orbis-guide.com
[2019-07-19 16:08:36,900][DEBUG|dayStoreAppParse.py:23] >> 영화보며 영어공부 - 배속재생 미플레이어무비프로 어학용 동영상 플레이어 || com.mesoft.meplayer || 교육 || MEsoft || 10000.0 || 531.0 || 4.3 || 100 || 30 || 15 || 7 || 7 || 2019년 7월 14일 || mailto:mesoft.kjh@gmail.com
[2019-07-19 16:08:47,214][DEBUG|dayStoreAppParse.py:23] >> MarineTraffic ship positions || com.marinetraffic.android || 지도/내비게이션 || MarineTraffic || 500000.0 || 33444.0 || 4.5 || 100 || 37 || 6 || 2 || 5 || 2019년 6월 12일 || http://www.marinetraffic.com
[2019-07-19 16:08:58,726][DEBUG|dayStoreAppParse.py:23] >> SPI言語 【Study Pro】 || studypro.spi || 교육 || Study Pro || 10000.0 || 414.0 || 0 || 0 || 0 || 0 || 0 || 0 || 2013년 8월 20일 || http://saisokuspi.com/smartPhone/support/
[2019-07-19 16:09:08,855][DEBUG|dayStoreAppParse.py:23] >> 宅建 過去問集 2019年版「スタケン」 || com.owners_age.stken_app_paid || 교육 || OWNER'S AGENT INC. || 500.0 || 2.0 || 0 || 0 || 0 || 0 || 0 || 0 || 2019년 5월 7일 || https://owners-age.com/star-takken/
[2019-07-19 16:09:41,441][DEBUG|dayStoreAppParse.py:23] >> Aqua Mail Pro || org.kman.AquaMail.UnlockerMarket || 비즈니스 || MobiSystems || 100000.0 || 9757.0 || 4.6 || 100 || 15 || 4 || 2 || 5 || 2018년 5월 3일 || https://www.mobisystems.com/aqua-mail/
[2019-07-19 16:09:51,461][DEBUG|dayStoreAppParse.py:23] >> TouchRetouch || com.advasoft.touchretouch || 사진 || ADVA Soft || 500000.0 || 13847.0 || 4.6 || 100 || 16 || 4 || 2 || 6 || 2019년 7월 18일 || http://adva-soft.com/products/touch-retouch/
[2019-07-19 16:10:01,799][DEBUG|dayStoreAppParse.py:23] >> Auto Optimizer || jp.snowlife01.android.autooptimization || 도구 || HDM Dev Team || 100000.0 || 7421.0 || 4.4 || 100 || 34 || 12 || 4 || 6 || 2019년 7월 19일 || http://snowlife01.com/autooptimization/
[2019-07-19 16:10:11,849][DEBUG|dayStoreAppParse.py:23] >> 스퀘어홈 키 - 런처 || com.ss.squarehome.key || 맞춤 설정 || ChYK the dev. || 50000.0 || 8352.0 || 4.8 || 100 || 10 || 1 || 0 || 0 || 2018년 11월 21일 || http://squarehome2.blogspot.com/
[2019-07-19 16:10:31,085][DEBUG|dayStoreAppParse.py:23] >> OfficeSuite Font Pack || com.mobisystems.fonts || 비즈니스 || MobiSystems || 100000.0 || 2910.0 || 4.0 || 100 || 36 || 16 || 8 || 23 || 2018년 10월 19일 || http://www.mobisystems.com
[2019-07-19 16:10:48,503][DEBUG|dayStoreAppParse.py:23] >>   2019 || com.pubrof.pubrofboki2 || 교육 || willsi Co., Ltd. || 10000.0 || 90.0 || 0 || 0 || 0 || 0 || 0 || 0 || 2019년 5월 22일 || http://pboki.com/
[2019-07-19 16:11:03,614][DEBUG|dayStoreAppParse.py:23] >>   -if your smile- || jp.dtechgame.gridmanalarm || 엔터테인먼트 || Dtechno Games || 1000.0 || 351.0 || 4.7 || 100 || 15 || 4 || 0 || 2 || 2019년 5월 29일 || https://d-techno.jp/teaser/Characlock/service/gridman/
[2019-07-19 16:11:25,952][DEBUG|dayStoreAppParse.py:23] >>   || com.nic_english.gym.NicGym || 교육 || INSTYLE GROUP || 100.0 || 33.0 || 0 || 0 || 0 || 0 || 0 || 0 || 2019년 5월 31일 || https://nic-english.com
[2019-07-19 16:11:48,481][DEBUG|dayStoreAppParse.py:23] >>  IC  || jp.co.mirai_ii.nfc.allinone.now || 지도/내비게이션 || Mirai Corporation || 500.0 || 9.0 || 0 || 0 || 0 || 0 || 0 || 0 || 2019년 7월 12일 || https://www.mirai-ii.co.jp/products/soft/nfc/allinone/
[2019-07-19 16:12:02,242][DEBUG|dayStoreAppParse.py:23] >> Xperia Ear Duo(アスナ) || jp.charactervoice.xea10.asuna || 도구 || Sony Music Communications Inc. || 5000.0 || 174.0 || 0 || 0 || 0 || 0 || 0 || 0 || 2019년 3월 28일 || http://charactervoice.jp/xea_sao/
[2019-07-19 16:12:11,657][DEBUG|dayStoreAppParse.py:23] >> SimpleMind Pro - Intuitive Mind Mapping || com.modelmakertools.simplemindpro || 도구 || ModelMaker Tools || 5000.0 || 174.0 || 4.7 || 0 || 0 || 0 || 0 || 0 || 2019년 3월 28일 || http://charactervoice.jp/xea_sao/
[2019-07-19 16:12:21,122][DEBUG|dayStoreAppParse.py:23] >> どんどん話すための瞬間英作文トレニング || com.njwuji.study || 교육 || Beret Publishing || 10000.0 || 93.0 || 0 || 0 || 0 || 0 || 0 || 0 || 2018년 7월 20일 || http://www.beret.co.jp/inquiry/
[2019-07-19 16:12:30,536][DEBUG|dayStoreAppParse.py:23] >> iReal Pro   &  || com.massimobiolcati.irealb || 음악/오디오 || Technimo || 100000.0 || 5507.0 || 4.7 || 100 || 15 || 3 || 2 || 3 || 2019년 6월 25일 || http://irealpro.com
[2019-07-19 16:13:11,449][DEBUG|dayStoreAppParse.py:23] >> Human Anatomy Atlas 2019:Complete 3D Human Body || com.visiblebody.atlas || 의료 || Visible Body || 100000.0 || 4721.0 || 4.5 || 100 || 17 || 4 || 2 || 7 || 2019년 3월 22일 || http://www.visiblebody.com
