[2019-07-25 09:55:48,176][DEBUG|dayStoreAppParse.py:61] >>  Hello Parser! 
[2019-07-25 09:55:59,137][DEBUG|dayStoreAppParse.py:23] >> FaceApp, io.faceapp, 사진, FaceApp Inc, 100000000.0, 1989406.0, 4.5, 100, 9, 3, 1, 11, 2019년 7월 23일, http://www.faceapp.com, FaceApp+Inc, 
[2019-07-25 09:56:10,089][DEBUG|dayStoreAppParse.py:23] >> Instagram, com.instagram.android, 소셜, Instagram, 1000000000.0, 85383585.0, 4.5, 100, 20, 7, 2, 5, 2019년 7월 23일, http://help.instagram.com/, Instagram, 
[2019-07-25 09:56:26,238][DEBUG|dayStoreAppParse.py:23] >> 호갱노노 - 아파트 실거래가 1등 앱, com.hogangnono.hogangnono, 부동산/홈 인테리어, 호갱노노, 1000000.0, 2334.0, 4.5, 100, 17, 4, 2, 8, 2019년 6월 28일, https://hogangnono.com, %ED%98%B8%EA%B0%B1%EB%85%B8%EB%85%B8, 
[2019-07-25 09:56:37,896][DEBUG|dayStoreAppParse.py:23] >> Wish - 쇼핑은 즐겁다, com.contextlogic.wish, 쇼핑, Wish Inc., 100000000.0, 8113186.0, 4.5, 100, 27, 8, 2, 7, 2019년 7월 17일, http://www.wish.com, Wish+Inc., 
[2019-07-25 09:56:50,772][DEBUG|dayStoreAppParse.py:23] >> 토스, viva.republica.toss, 금융, Viva Republica, 10000000.0, 110462.0, 4.6, 100, 12, 4, 2, 7, 2019년 7월 24일, https://toss.im, , 4939974231902229320
[2019-07-25 09:57:05,317][DEBUG|dayStoreAppParse.py:23] >> 네이버 - NAVER, com.nhn.android.search, 도서/참고자료, NAVER Corp., 50000000.0, 464651.0, 3.9, 100, 20, 13, 8, 28, 2019년 7월 15일, http://www.navercorp.com, , 6225315284672069550
[2019-07-25 09:57:20,139][DEBUG|dayStoreAppParse.py:23] >> 카카오톡 KakaoTalk, com.kakao.talk, 커뮤니케이션, Kakao Corporation, 100000000.0, 2792500.0, 4.2, 100, 23, 12, 4, 13, 2019년 7월 16일, http://www.kakao.com/talk, Kakao+Corporation, 
[2019-07-25 09:57:32,327][DEBUG|dayStoreAppParse.py:23] >> Samsung Smart Switch Mobile, com.sec.android.easyMover, 도구, Samsung Electronics Co.,  Ltd., 100000000.0, 178168.0, 4.3, 100, 19, 8, 4, 11, 2019년 7월 16일, http://www.samsung.com/us/smartswitch, , 5200379633052405703
[2019-07-25 09:57:55,790][DEBUG|dayStoreAppParse.py:23] >> 쿠팡 (Coupang), com.coupang.mobile, 쇼핑, 쿠팡, 10000000.0, 521353.0, 4.6, 100, 22, 5, 1, 3, 2019년 7월 19일, http://www.coupang.com, %EC%BF%A0%ED%8C%A1, 
[2019-07-25 09:58:11,125][DEBUG|dayStoreAppParse.py:23] >> 배달요기요, com.fineapp.yogiyo, 식음료, yogiyo.co.kr, 10000000.0, 105419.0, 4.3, 100, 15, 6, 2, 14, 2019년 7월 22일, http://www.yogiyo.co.kr, yogiyo.co.kr, 
[2019-07-25 09:58:30,057][DEBUG|dayStoreAppParse.py:23] >> 당근마켓 - 우리 동네 중고 직거래 벼룩장터, com.towneers.www, 쇼핑, 당근마켓, 5000000.0, 26650.0, 4.6, 100, 20, 5, 1, 5, 2019년 7월 24일, https://www.daangn.com/, %EB%8B%B9%EA%B7%BC%EB%A7%88%EC%BC%93, 
[2019-07-25 09:58:42,271][DEBUG|dayStoreAppParse.py:23] >> Netflix(넷플릭스), com.netflix.mediaclient, 엔터테인먼트, Netflix, Inc., 500000000.0, 6878448.0, 4.5, 100, 16, 6, 3, 8, 2019년 7월 22일, http://www.netflix.com, Netflix,+Inc., 
[2019-07-25 09:58:54,403][DEBUG|dayStoreAppParse.py:23] >> 배달의민족, com.sampleapp, 식음료, WoowaBrothers, 10000000.0, 170255.0, 4.3, 100, 21, 6, 2, 15, 2019년 7월 24일, http://www.baemin.com, WoowaBrothers, 
[2019-07-25 09:59:33,504][DEBUG|dayStoreAppParse.py:23] >> 카카오뱅크 - 같지만 다른 은행, com.kakaobank.channel, 금융, 카카오뱅크, 10000000.0, 20465.0, 4.0, 100, 18, 8, 4, 27, 2019년 7월 23일, https://kakaobank.com, %EC%B9%B4%EC%B9%B4%EC%98%A4%EB%B1%85%ED%81%AC, 
[2019-07-25 09:59:42,985][DEBUG|dayStoreAppParse.py:23] >> 실시간 날씨 - 일기 예보 2019, com.jndwork.weather.forecast.channel.dailyforecast.liveradarmaps, 날씨, JonDev., 5000000.0, 68726.0, 4.6, 100, 16, 5, 1, 3, 2019년 6월 4일, http://www.jondevmobile.com, , 6915261801345011098
[2019-07-25 09:59:53,190][DEBUG|dayStoreAppParse.py:23] >> V3 Mobile Plus 2.0, com.ahnlab.v3mobileplus, 도구, AhnLab Inc., 50000000.0, 95907.0, 3.5, 100, 32, 22, 12, 58, 2019년 3월 12일, http://www.ahnlab.com, AhnLab+Inc., 
[2019-07-25 10:00:02,962][DEBUG|dayStoreAppParse.py:23] >> 손금 및 별자리 - 노화 카메라, com.palmistry.scan.horoscope, 엔터테인먼트, Austin Davis Studio, 1000000.0, 9594.0, 2.2, 40, 0, 0, 1, 100, 2019년 6월 17일, mailto:austindavis825@gmail.com, Austin+Davis+Studio, 
[2019-07-25 10:00:14,060][DEBUG|dayStoreAppParse.py:23] >> Speed Security - 바이러스 제거, 기기 청소, 가속, com.security.clean.antivirus.master, 도구, sechug.fr, 100000.0, 137.0, 4.5, 100, 14, 9, 3, 4, 2019년 7월 23일, mailto:support@sechug.fr, sechug.fr, 
[2019-07-25 10:00:27,195][DEBUG|dayStoreAppParse.py:23] >> 네이버 지도, 내비게이션, com.nhn.android.nmap, 여행 및 지역정보, NAVER Corp., 10000000.0, 155242.0, 3.9, 100, 31, 13, 7, 31, 2019년 6월 5일, http://www.navercorp.com, , 6225315284672069550
[2019-07-25 10:00:37,015][DEBUG|dayStoreAppParse.py:23] >> 삼성 음성 녹음, com.sec.android.app.voicenote, 도구, Samsung Electronics Co.,  Ltd., 500000000.0, 66231.0, 4.3, 100, 17, 9, 3, 14, 2019년 5월 28일, mailto:noreply.sec@samsung.com, , 5200379633052405703
[2019-07-25 10:00:47,298][DEBUG|dayStoreAppParse.py:23] >> Samsung Notes, com.samsung.android.app.notes, 생산성, Samsung Electronics Co.,  Ltd., 100000000.0, 51474.0, 4.1, 100, 16, 10, 5, 19, 2019년 2월 15일, mailto:noreply.sec@samsung.com, , 5200379633052405703
[2019-07-25 10:00:58,065][DEBUG|dayStoreAppParse.py:23] >> SODA 소다 - Natural Beauty Camera, com.snowcorp.soda.android, 사진, SNOW, Inc., 5000000.0, 29051.0, 4.4, 100, 16, 8, 2, 8, 2019년 7월 16일, http://snow.me, SNOW,+Inc., 
[2019-07-25 10:01:08,214][DEBUG|dayStoreAppParse.py:23] >> 4shared, com.forshared.files, 엔터테인먼트, New IT Solutions, 10000000.0, 89827.0, 4.5, 100, 14, 5, 2, 7, 2019년 7월 11일, http://4shared.com, New+IT+Solutions, 
[2019-07-25 10:01:21,825][DEBUG|dayStoreAppParse.py:23] >> 카카오 T - 택시, 대리운전, 주차, 내비, 카풀, 바이크, com.kakao.taxi, 지도/내비게이션, Kakao Mobility Corp., 10000000.0, 86029.0, 4.2, 100, 14, 6, 3, 19, 2019년 7월 15일, http://service.kakaomobility.com/kakaot, Kakao+Mobility+Corp., 
[2019-07-25 10:01:59,964][DEBUG|dayStoreAppParse.py:23] >> 0한동, com.sktelecom.ytpoc, 라이프스타일, SKTelecom, 100000.0, 305.0, 3.0, 100, 23, 33, 26, 91, 2019년 6월 17일, http://www.younghandong.com, SKTelecom, 
[2019-07-25 10:02:12,861][DEBUG|dayStoreAppParse.py:23] >> TikTok 틱톡, com.ss.android.ugc.trill, 동영상 플레이어/편집기, TikTok Pte. Ltd., 100000000.0, 3979584.0, 4.5, 100, 11, 6, 1, 8, 2019년 7월 24일, https://www.bytedance.com/, TikTok+Pte.+Ltd., 
[2019-07-25 10:02:28,408][DEBUG|dayStoreAppParse.py:23] >> Facebook, com.facebook.katana, 소셜, Facebook, 1000000000.0, 89118443.0, 4.1, 100, 23, 14, 6, 19, 2019년 7월 24일, https://www.facebook.com/facebook, Facebook, 
[2019-07-25 10:02:48,375][DEBUG|dayStoreAppParse.py:23] >> Google Play 게임, com.google.android.play.games, 엔터테인먼트, Google LLC, 1000000000.0, 9397751.0, 4.3, 100, 15, 9, 3, 13, 2019년 7월 12일, http://play.google.com/store/apps/category/GAME, , 5700313618786177705
[2019-07-25 10:03:00,020][DEBUG|dayStoreAppParse.py:23] >> (New) i-ONE Bank - IBK기업은행, com.ibk.android.ionebank, 금융, IBK 기업은행, 1000000.0, 3553.0, 2.8, 73, 16, 14, 10, 100, 2019년 7월 23일, http://www.ibk.co.kr, IBK+%EA%B8%B0%EC%97%85%EC%9D%80%ED%96%89, 
[2019-07-25 10:03:13,216][DEBUG|dayStoreAppParse.py:23] >> T map (티맵,T맵,내비게이션), com.skt.tmap.ku, 지도/내비게이션, SK telecom Inc., 10000000.0, 28228.0, 4.2, 100, 31, 11, 4, 13, 2019년 7월 16일, http://www.tmap.co.kr/, SK+telecom+Inc., 
[2019-07-25 10:03:25,914][DEBUG|dayStoreAppParse.py:23] >> 맥도날드, com.mcdonalds.mobileapp, 식음료, McDonald's Apps, 10000000.0, 94078.0, 3.7, 100, 16, 9, 6, 44, 2019년 7월 17일, mailto:mcdonaldsglobalmobileapp@gmail.com, McDonald%27s+Apps, 
[2019-07-25 10:03:38,190][DEBUG|dayStoreAppParse.py:23] >> WAVE - 잘 노는 영상톡, Talk & Play, me.togather.wave, 소셜, WAVE Corporation, 100000.0, 2583.0, 3.7, 100, 20, 18, 10, 37, 2019년 7월 23일, https://www.wavetogether.com, WAVE+Corporation, 
[2019-07-25 10:03:55,098][DEBUG|dayStoreAppParse.py:23] >> POOQ ()  TV , kr.co.captv.pooqV2, 엔터테인먼트, pooq, 5000000.0, 26361.0, 2.9, 78, 27, 26, 20, 100, 2019년 7월 22일, http://www.pooq.co.kr, pooq, 
[2019-07-25 10:04:08,444][DEBUG|dayStoreAppParse.py:23] >> 카카오맵 - 대한민국 No.1 지도앱 ( 지도 / 내비게이션 / 대중교통 / 로드뷰 ), net.daum.android.map, 여행 및 지역정보, Kakao Corp., 10000000.0, 83763.0, 4.1, 100, 31, 13, 6, 16, 2019년 7월 23일, https://map.kakao.com/info/kakao_map, Kakao+Corp., 
[2019-07-25 10:04:23,061][DEBUG|dayStoreAppParse.py:23] >> 여기어때 - 대한민국 1등 종합숙박앱, kr.goodchoice.abouthere, 여행 및 지역정보, WITH Innovation Corp., 10000000.0, 54067.0, 4.4, 100, 23, 7, 2, 9, 2019년 7월 15일, https://www.goodchoice.kr, , 7620836768154236440
[2019-07-25 10:05:09,723][DEBUG|dayStoreAppParse.py:23] >> 송가인 노래듣기 - 히트곡, 방송 영상, 공연 영상, 7080 트로트 메들리 감상, com.shs.songain, 음악/오디오, HS APPS, 100000.0, 255.0, 4.5, 100, 8, 3, 1, 9, 2019년 7월 20일, mailto:hsseo.developer@gmail.com, HS+APPS, 
[2019-07-25 10:05:22,678][DEBUG|dayStoreAppParse.py:23] >> 송가인 노래모음 완전무료 듣기 - 송가인 트로트 인기곡 모음, com.gain.trmedley, 음악/오디오, HappyDaySoft, 100000.0, 162.0, 3.9, 100, 21, 7, 8, 28, 2019년 5월 27일, mailto:prodieter99@gmail.com, HappyDaySoft, 
[2019-07-25 10:05:37,601][DEBUG|dayStoreAppParse.py:23] >> SOVS - 촬영부탁 필수앱, me.sovs.sovs, 사진, SOVS Co., Ltd., 10000.0, 157.0, 3.4, 100, 38, 37, 24, 53, 2019년 6월 17일, http://www.facebook.com/sovsofficial, SOVS+Co.,+Ltd., 
[2019-07-25 10:05:53,423][DEBUG|dayStoreAppParse.py:23] >> @picn2k camera (피크닉 카메라), eyu.on.pica, 사진, 2U, 5000.0, 242.0, 4.6, 100, 17, 6, 1, 4, 2019년 7월 6일, https://www.instagram.com/picn2k, 2U, 
[2019-07-25 10:06:07,272][DEBUG|dayStoreAppParse.py:23] >> 유니콘:광고차단 필수 애드블록, kr.co.lylstudio.unicorn, 생산성, LYL Studio, 100000.0, 7323.0, 4.4, 100, 12, 7, 4, 10, 2019년 4월 23일, http://www.unicorn-adblock.com, LYL+Studio, 
[2019-07-25 10:06:21,669][DEBUG|dayStoreAppParse.py:23] >> 갓피플성경, com.godpeople.GPBIBLE, 도서/참고자료, GODpeople, LTD, 100000.0, 3968.0, 4.5, 100, 22, 8, 2, 4, 2019년 7월 23일, http://www.godpeople.com, GODpeople,+LTD, 
[2019-07-25 10:06:36,069][DEBUG|dayStoreAppParse.py:23] >> nPlayer, com.newin.nplayer.pro, 동영상 플레이어/편집기, Newin Inc., 10000.0, 1679.0, 4.0, 100, 33, 19, 9, 21, 2019년 6월 28일, http://www.nplayer.com/, Newin+Inc., 
[2019-07-25 10:06:49,762][DEBUG|dayStoreAppParse.py:23] >> MX 플레이어 Pro, com.mxtech.videoplayer.pro, 동영상 플레이어/편집기, J2 Interactive, 1000000.0, 111759.0, 4.7, 100, 10, 2, 1, 3, 2019년 6월 27일, https://sites.google.com/site/mxvpen/, J2+Interactive, 
[2019-07-25 10:07:05,011][DEBUG|dayStoreAppParse.py:23] >> Puffin Browser Pro, com.cloudmosa.puffin, 커뮤니케이션, CloudMosa, Inc., 100000.0, 19841.0, 4.0, 100, 25, 13, 8, 20, 2019년 5월 10일, http://www.puffinbrowser.com/, CloudMosa,+Inc., 
[2019-07-25 10:07:21,125][DEBUG|dayStoreAppParse.py:23] >> Tweet2gif Plus, org.trecet.nowhere.tweet2gif.plus, 도구, Naevtamarkus, 5000.0, 506.0, 4.1, 100, 30, 8, 6, 18, 2019년 7월 22일, mailto:naevtamarkus@gmail.com, Naevtamarkus, 
[2019-07-25 10:07:36,788][DEBUG|dayStoreAppParse.py:23] >> LectureNotes, com.acadoid.lecturenotes, 생산성, Acadoid Developer, 100000.0, 8301.0, 4.7, 100, 19, 3, 1, 1, 2019년 6월 29일, https://www.acadoid.com/, , 5446342743455293164
[2019-07-25 10:08:20,686][DEBUG|dayStoreAppParse.py:23] >> Game Booster  4x Faster (with advance settings), com.fenixx.gameboosterplus, 도구, G19 Mobile, 50000.0, 7138.0, 4.4, 100, 18, 8, 2, 10, 2019년 5월 18일, mailto:fenixx.h19.publish@gmail.com, G19+Mobile, 
[2019-07-25 10:08:32,815][DEBUG|dayStoreAppParse.py:23] >> Torrent Pro - Torrent App, com.utorrent.client.pro, 동영상 플레이어/편집기, BitTorrent, Inc., 100000.0, 27695.0, 4.6, 100, 15, 3, 2, 6, 2019년 6월 28일, http://www.utorrent.com/, BitTorrent,+Inc., 
[2019-07-25 10:08:44,197][DEBUG|dayStoreAppParse.py:23] >> 무음모드 (순정 무음카메라), com.choco.silentmode, 도구, GazamiSoftware, 100000.0, 1206.0, 4.7, 100, 11, 4, 1, 3, 2019년 1월 6일, https://goo.gl/bzKi1T, GazamiSoftware, 
[2019-07-25 10:08:56,937][DEBUG|dayStoreAppParse.py:23] >> 토익 PART5 종결자, com.hs.toeic5finish, 교육, HS soft, 1000.0, 106.0, 4.8, 100, 6, 4, 1, 1, 2019년 7월 21일, mailto:jinglish21@daum.net, , 8935304812954518879
[2019-07-25 10:09:09,816][DEBUG|dayStoreAppParse.py:27] >> 어린이를 위한 그리기! 점선 따라 그리기!, com.binibambini.Mini, 교육, Bini Bambini, 100000.0, 6943.0, 4.7, 100, 17, 4, 1, 3, 2018년 8월 23일, None, , 5493827619333849158
[2019-07-25 10:09:25,060][DEBUG|dayStoreAppParse.py:23] >> Dokk OS 2, com.printedpropshop.dokkos2, 엔터테인먼트, beadybiddle, 10000.0, 854.0, 4.3, 100, 23, 12, 4, 9, 2019년 6월 23일, http://www.printedpropshop.com, beadybiddle, 
[2019-07-25 10:09:37,956][DEBUG|dayStoreAppParse.py:23] >> 한컴오피스 한글 2014, com.hancom.office.hwp.editor.hwp_apk.gplaystore, 비즈니스, Hancom Inc., 10000.0, 685.0, 2.6, 49, 30, 49, 40, 100, 2018년 11월 6일, http://www.hancom.com, Hancom+Inc., 
[2019-07-25 10:09:51,975][DEBUG|dayStoreAppParse.py:23] >> AirBuds Popup - airpod battery app (1st gen), kr.pe.designerj.airbudspopup, 음악/오디오, Designer J, 10000.0, 533.0, 3.9, 100, 27, 12, 10, 28, 2019년 4월 23일, mailto:designerj.pe.kr@gmail.com, , 6847519359581661131
[2019-07-25 10:10:05,125][DEBUG|dayStoreAppParse.py:23] >> 무음모드Pro, jp.snowlife01.android.mutecamera, 사진, HDM Dev Team, 10000.0, 388.0, 4.7, 100, 11, 2, 2, 4, 2019년 7월 8일, mailto:ifeeqp2002@gmail.com, , 8144560920157160997
[2019-07-25 10:10:17,903][DEBUG|dayStoreAppParse.py:23] >> USB Audio Player PRO, com.extreamsd.usbaudioplayerpro, 음악/오디오, eXtream Software Development, 50000.0, 5022.0, 4.4, 100, 24, 9, 4, 7, 2019년 7월 14일, https://www.extreamsd.com, eXtream+Software+Development, 
[2019-07-25 10:10:31,582][DEBUG|dayStoreAppParse.py:23] >> Poweramp Full Version Unlocker, com.maxmpz.audioplayer.unlock, 음악/오디오, Max MP, 1000000.0, 254676.0, 4.5, 100, 12, 4, 3, 7, 2018년 12월 6일, http://powerampapp.com, Max+MP, 
[2019-07-25 10:11:18,970][DEBUG|dayStoreAppParse.py:23] >> 픽테일 - Limited Edition, com.jpbrothers.android.pictail.sub6, 사진, JP Brothers, Inc., 500000.0, 4739.0, 4.7, 100, 13, 5, 1, 3, 2019년 6월 27일, http://www.jp-brothers.com, , 7489105120650111643
[2019-07-25 10:11:32,724][DEBUG|dayStoreAppParse.py:23] >> Word master 워드마스터 수능 2000(18개정), com.etoos.wordmaster.sat20002018, 교육, 이투스북, 1000.0, 50.0, 4.1, 100, 28, 35, 3, 10, 2019년 1월 30일, http://www.etoosbook.com/, %EC%9D%B4%ED%88%AC%EC%8A%A4%EB%B6%81, 
[2019-07-25 10:11:46,466][DEBUG|dayStoreAppParse.py:23] >> CCSWE App Manager Pro License, com.ccswe.appmanagerpro, 도구, Cory Charlton, 1000.0, 40.0, 4.7, 100, 5, 5, 0, 5, 2019년 6월 25일, http://www.ccswe.com, , 8651193632568356628
[2019-07-25 10:12:00,428][DEBUG|dayStoreAppParse.py:23] >> Hi-Fi Status(LG), com.apptrio.hi_fi_status, 음악/오디오, App Trio, 10000.0, 971.0, 4.8, 100, 6, 2, 1, 2, 2018년 5월 31일, mailto:apptriohelp@gmail.com, , 7980043509581610980
[2019-07-25 10:12:32,719][DEBUG|dayStoreAppParse.py:23] >> Aa십육살™ 한국어 Flipfont, com.monotype.android.font.aa16yearsold, 맞춤 설정, Monotype Imaging Inc., 5000.0, 384.0, 3.7, 100, 12, 9, 7, 43, 2015년 3월 11일, http://www.flipfont.mobi, , 4728843905962363624
[2019-07-25 10:12:50,026][DEBUG|dayStoreAppParse.py:23] >> 데이그램 - 하루 한줄 일기장, net.saltycrackers.daygram, 라이프스타일, SaltyCrackers Co., Ltd., 100000.0, 4076.0, 4.4, 100, 29, 10, 3, 8, 2018년 3월 1일, https://www.daygram.today, SaltyCrackers+Co.,+Ltd., 
[2019-07-25 10:13:08,334][DEBUG|dayStoreAppParse.py:23] >> 노트 카톡테마 - 심플 카톡테마 8.0.0, com.tistory.es1015.kakao.theme.check2, 엔터테인먼트, 은수우우, 1000.0, 15.0, 4.7, 100, 8, 16, 0, 0, 2018년 10월 12일, http://blog.naver.com/0062dmstn, %EC%9D%80%EC%88%98%EC%9A%B0%EC%9A%B0, 
[2019-07-25 10:13:28,445][DEBUG|dayStoreAppParse.py:23] >> Watch Face -WatchMaker Premium for Android Wear OS, slide.watchFrenzy.premium, 맞춤 설정, androidslide, 100000.0, 25360.0, 4.4, 100, 30, 6, 3, 8, 2017년 6월 14일, https://getwatchmaker.com/, , 8210063275497266236
[2019-07-25 10:13:47,400][DEBUG|dayStoreAppParse.py:23] >> 심플 갤러리 Pro, com.simplemobiletools.gallery.pro, 사진, Simple Mobile Tools, 100000.0, 14871.0, 4.6, 100, 15, 4, 1, 3, 2019년 7월 15일, https://simplemobiletools.com, , 9070296388022589266
[2019-07-25 10:14:03,351][DEBUG|dayStoreAppParse.py:23] >> 편한가계부 (+음성, PC), com.realbyteapps.moneya, 금융, Realbyte Inc., 50000.0, 10034.0, 4.7, 100, 21, 3, 1, 2, 2019년 6월 26일, http://realbyteapps.com, Realbyte+Inc., 
[2019-07-25 10:14:58,342][DEBUG|dayStoreAppParse.py:23] >> Word Master 워드마스터 중등 고난도(개정), com.etoos.wordmaster.midhighlevel2016, 교육, 이투스북, 1000.0, 51.0, 3.9, 100, 5, 5, 0, 34, 2019년 7월 18일, http://www.etoosbook.com/, %EC%9D%B4%ED%88%AC%EC%8A%A4%EB%B6%81, 
[2019-07-25 10:15:15,061][DEBUG|dayStoreAppParse.py:23] >> CamCard (명함스캐너 한글 한자 일어 동시인식), com.intsig.BizCardReader, 비즈니스, INTSIG, 100000.0, 11856.0, 4.3, 100, 37, 11, 4, 9, 2019년 5월 11일, http://www.camcard.com, INTSIG, 
[2019-07-25 10:15:34,918][DEBUG|dayStoreAppParse.py:23] >> Aa너구리굴림™ 한국어 Flipfont, com.monotype.android.font.aaracoongulim, 맞춤 설정, Monotype Imaging Inc., 10000.0, 656.0, 3.9, 100, 7, 11, 3, 33, 2015년 2월 10일, http://www.monotypeimaging.com/productsservices/Flipfont.aspx, , 4728843905962363624
[2019-07-25 10:15:53,247][DEBUG|dayStoreAppParse.py:23] >> HD 카메라 PRO  : 최고의 전문 카메라 응용 프로그램, com.intermedia.hd.camera.pro, 사진, Intermedia Inc., 100000.0, 5194.0, 4.4, 100, 20, 6, 3, 8, 2019년 3월 13일, mailto:intermedia.inc@gmx.com, , 5910680070765708570
[2019-07-25 10:16:11,901][DEBUG|dayStoreAppParse.py:23] >> 구닥, com.screwbar.gudakcamera, 사진, Screw Bar Inc., 10000.0, 926.0, 3.0, 100, 30, 47, 45, 95, 2019년 3월 3일, http://www.screw-bar.com, Screw+Bar+Inc., 
[2019-07-25 10:16:25,758][DEBUG|dayStoreAppParse.py:23] >> 아라-만화뷰어,텍스트뷰어,스캔뷰어,소설뷰어, noad.geulga, 만화, 마루치아라치, 5000.0, 739.0, 4.8, 100, 11, 3, 1, 1, 2019년 7월 6일, http://blog.naver.com/marooarar, , 6369330086410190615
[2019-07-25 10:16:40,307][DEBUG|dayStoreAppParse.py:23] >> Nova Launcher Prime, com.teslacoilsw.launcher.prime, 맞춤 설정, TeslaCoil Software, 1000000.0, 320392.0, 4.8, 100, 10, 2, 0, 1, 2019년 1월 18일, http://novalauncher.com, TeslaCoil+Software, 
[2019-07-25 10:16:54,928][DEBUG|dayStoreAppParse.py:23] >> Torque Pro (OBD2 / 자동차), org.prowl.torque, 커뮤니케이션, Ian Hawkins, 1000000.0, 58088.0, 4.4, 100, 21, 6, 3, 8, 2018년 10월 31일, http://torque-bhp.com/, Ian+Hawkins, 
[2019-07-25 10:17:09,359][DEBUG|dayStoreAppParse.py:23] >> CamScanner (License), com.intsig.lic.camscanner, 생산성, INTSIG, 500000.0, 28405.0, 4.4, 100, 24, 6, 3, 10, 2014년 1월 17일, http://www.camscanner.net, INTSIG, 
[2019-07-25 10:17:23,912][DEBUG|dayStoreAppParse.py:23] >> Tasker, net.dinglisch.android.taskerm, 도구, joaomgcd, 1000000.0, 45019.0, 4.6, 100, 17, 5, 2, 5, 2019년 7월 22일, https://tasker.joaoapps.com/dl, , 8102570190170276456
[2019-07-25 10:17:41,254][DEBUG|dayStoreAppParse.py:23] >> 휴가중이다 시바 - 카카오톡 테마, com.kakao.talk.theme.SummerShiba, 커뮤니케이션, AB Studio Inc., 100.0, 7.0, 5.0, 100, 0, 0, 0, 0, 2019년 5월 11일, http://abstudio.kr, AB+Studio+Inc., 
[2019-07-25 10:18:29,326][DEBUG|dayStoreAppParse.py:23] >> 비밀녹음 프로 (Secret Recorder Pro) - 녹음기, 강의녹음, 몰래녹음, com.skydoves.secretreocder, 도구, skydoves, 1000.0, 61.0, 3.7, 100, 60, 32, 12, 40, 2019년 7월 23일, mailto:skydoves@naver.com, skydoves, 
[2019-07-25 10:18:43,761][DEBUG|dayStoreAppParse.py:23] >> 큰별쌤 개념 한국사, com.elsebook.koreanhistory, 교육, 별책, 10000.0, 582.0, 4.8, 100, 12, 1, 0, 1, 2018년 4월 12일, http://byeol.co, , 6914151766505404284
[2019-07-25 10:18:57,936][DEBUG|dayStoreAppParse.py:23] >> 터치매크로-자동터치, com.jake.TouchMacro, 도구, Kim and Yang, 10000.0, 733.0, 3.1, 100, 30, 41, 21, 86, 2018년 11월 20일, mailto:touchmacroteam@gmail.com, Kim+and+Yang, 
[2019-07-25 10:19:15,100][DEBUG|dayStoreAppParse.py:23] >> 동영상 플레이어 KM Pro - HD Player, 4K 비디오 플레이어, 코덱, 자막, com.kmplayerpro, 동영상 플레이어/편집기, PANDORA.TV, 100000.0, 7864.0, 4.3, 100, 27, 11, 4, 10, 2019년 6월 19일, http://www.kmplayer.com, , 7605759772428498531
[2019-07-25 10:19:28,558][DEBUG|dayStoreAppParse.py:23] >> JC 한국 라디오 Premium, org.androidtown.jckoreanradio, 음악/오디오, JC Music, 100.0, 49.0, 4.9, 100, 8, 0, 0, 0, 2019년 7월 24일, mailto:jcmusicservicecenter@gmail.com, JC+Music, 
[2019-07-25 10:19:41,464][DEBUG|dayStoreAppParse.py:23] >> Flashcards Deluxe, com.orangeorapple.flashcards, 교육, OrangeOrApple.com, 50000.0, 1770.0, 4.6, 100, 15, 4, 2, 5, 2019년 7월 20일, http://orangeorapple.com, OrangeOrApple.com, 
[2019-07-25 10:19:54,327][DEBUG|dayStoreAppParse.py:23] >> 반네온 카톡테마 - 심플 카톡테마, com.tistory.es1015.kakao.theme.halgneon, 엔터테인먼트, 은수우우, 500.0, 6.0, 5.0, 100, 0, 0, 0, 0, 2018년 10월 18일, http://blog.naver.com/0062dmstn, %EC%9D%80%EC%88%98%EC%9A%B0%EC%9A%B0, 
[2019-07-25 10:20:07,909][DEBUG|dayStoreAppParse.py:23] >> Magic DosBox, bruenor.magicbox, 도구, bruenor, 10000.0, 686.0, 4.8, 100, 9, 2, 0, 1, 2019년 4월 5일, http://imejl.sk, bruenor, 
[2019-07-25 10:20:22,566][DEBUG|dayStoreAppParse.py:23] >> FocusTimer Pro - 공부 습관이 바뀌는 앱, com.realnumworks.focustimerpro, 생산성, Real Number Works, 50000.0, 1513.0, 4.4, 100, 30, 8, 3, 5, 2019년 5월 3일, http://www.realnumworks.com, Real+Number+Works, 
[2019-07-25 10:20:38,435][DEBUG|dayStoreAppParse.py:23] >> DiskDigger Pro file recovery, com.defianttech.diskdiggerpro, 도구, Defiant Technologies, LLC, 100000.0, 2544.0, 2.8, 79, 18, 15, 12, 100, 2019년 7월 9일, http://diskdigger.org/android, Defiant+Technologies,+LLC, 
[2019-07-25 10:20:54,524][DEBUG|dayStoreAppParse.py:23] >> AlpineQuest Off-Road Explorer, psyberia.alpinequest.full, 여행 및 지역정보, Psyberia, 50000.0, 4561.0, 4.7, 100, 19, 3, 1, 2, 2019년 7월 5일, https://www.alpinequest.net/, Psyberia, 
[2019-07-25 10:21:49,243][DEBUG|dayStoreAppParse.py:23] >> 오룩스맵 도네이트, com.orux.oruxmapsDonate, 여행 및 지역정보, jose vazquez, 100000.0, 4047.0, 4.7, 100, 10, 2, 1, 4, 2019년 5월 29일, http://oruxmaps.com, , 5331330045184676855
[2019-07-25 10:22:01,640][DEBUG|dayStoreAppParse.py:23] >> Word Master 워드마스터 중등 실력, com.etoos.wordmaster.midskill2016, 교육, 이투스북, 1000.0, 66.0, 3.9, 100, 32, 10, 5, 29, 2019년 7월 22일, http://www.etoosbook.com/, %EC%9D%B4%ED%88%AC%EC%8A%A4%EB%B6%81, 
[2019-07-25 10:22:14,829][DEBUG|dayStoreAppParse.py:23] >> 책꽂이+ (독서기록, 도서관리), com.irmavep.app.libro, 도서/참고자료, irmavepdev, 10000.0, 844.0, 4.7, 100, 22, 3, 1, 2, 2019년 6월 22일, http://irmavepdev.blogspot.kr/search/label/%EC%B1%85%EA%BD%82%EC%9D%B4, irmavepdev, 
[2019-07-25 10:22:29,773][DEBUG|dayStoreAppParse.py:23] >> 손금 진단, jp.co.unbalance.tesou_ko, 엔터테인먼트, UNBALANCE Corporation, 1000.0, 43.0, 2.0, 26, 7, 11, 19, 100, 2017년 2월 20일, http://www.unbalance.co.jp/korean/, , 5973402057352547106
[2019-07-25 10:22:46,374][DEBUG|dayStoreAppParse.py:23] >> 통화 녹음 Pro, com.appstar.callrecorderpro, 도구, Appliqato, 100000.0, 46925.0, 3.6, 100, 23, 11, 9, 45, 2019년 7월 18일, https://www.callrecorder.appliqato.com, Appliqato, 
[2019-07-25 10:22:59,774][DEBUG|dayStoreAppParse.py:27] >> 센텐스 마스터, com.seankimworks.sentencemaster, 교육, Tantan Games, 10.0, 3.0, 5.0, 100, 0, 0, 0, 0, 2019년 7월 9일, None, Tantan+Games, 
[2019-07-25 10:23:13,297][DEBUG|dayStoreAppParse.py:23] >> VivaVideo PRO 비디오 편집 HD, com.quvideo.xiaoying.pro, 동영상 플레이어/편집기, QuVideo Inc. Best Video Editor & Video Maker App, 500000.0, 100501.0, 4.6, 100, 17, 5, 2, 5, 2019년 7월 19일, http://www.vivavideo.tv, , 8999952960853938956
[2019-07-25 10:23:27,790][DEBUG|dayStoreAppParse.py:23] >> TS 한글 키보드 Pro-천지인2, com.tss21.input.korean, 도구, TIME SPACE SYSTEM Co., Ltd., 50000.0, 3360.0, 4.1, 100, 35, 20, 7, 16, 2019년 3월 25일, http://m.tss21.com, TIME+SPACE+SYSTEM+Co.,+Ltd., 
[2019-07-25 10:23:42,019][DEBUG|dayStoreAppParse.py:23] >> 네이버 15개국 글로벌회화 Plus-언어별 4000문장, com.nhn.android.phrasebookplus, 교육, NAVER Corp., 10000.0, 1134.0, 4.3, 100, 47, 11, 3, 7, 2019년 1월 23일, http://www.navercorp.com, , 6225315284672069550
[2019-07-25 10:23:58,273][DEBUG|dayStoreAppParse.py:23] >> 20 수특+수완 단어Plus: 빈출 우선 단어 총정리, com.hs.sutuksuwan20plus, 교육, HS soft, 100.0, 26.0, 4.8, 100, 13, 4, 0, 0, 2019년 7월 18일, mailto:jinglish21@daum.net, , 8935304812954518879
[2019-07-25 10:24:13,612][DEBUG|dayStoreAppParse.py:23] >> 우와! - 화면을 깨고 동전이 나오는 마술앱!, com.nicky.jiung.domagic, 엔터테인먼트, Nickymagicstudio, 10000.0, 1127.0, 4.5, 100, 4, 3, 2, 11, 2018년 10월 15일, https://www.youtube.com/channel/UC2qjHK7wWxzb8mF9lgf7uXQ, Nickymagicstudio, 
[2019-07-25 10:25:07,310][DEBUG|dayStoreAppParse.py:23] >> 그림어원 중학 VOCA Pro + 첫 화면 퀴즈, com.jinhak.vocaicon_middle_pro, 교육, Jinhak Co., 500.0, 24.0, 4.2, 100, 26, 20, 0, 13, 2017년 6월 29일, http://www.jinhak.com, Jinhak+Co., 
[2019-07-25 10:25:21,463][DEBUG|dayStoreAppParse.py:23] >> 현대사주 - 현대인을 위한 사주풀이 백과, kr.review.lifesaju, 라이프스타일, 행복리뷰, 1000.0, 17.0, 3.5, 100, 42, 42, 0, 57, 2018년 10월 16일, http://review.kr, %ED%96%89%EB%B3%B5%EB%A6%AC%EB%B7%B0, 
[2019-07-25 10:25:35,209][DEBUG|dayStoreAppParse.py:23] >> 프라임 영한한영사전, com.doosandonga.app.dictionary.primeengkor, 도서/참고자료, Dong-A publishing co., ltd, 10000.0, 902.0, 3.8, 100, 37, 19, 8, 32, 2017년 7월 3일, http://www.dongapublishing.com, Dong-A+publishing+co.,+ltd, 
[2019-07-25 10:25:48,115][DEBUG|dayStoreAppParse.py:23] >> FL Studio Mobile, com.imageline.FLM, 음악/오디오, Image-Line, 100000.0, 18685.0, 4.2, 100, 23, 12, 6, 13, 2019년 7월 24일, http://www.flstudiomobile.com, , 8228703397536036345
[2019-07-25 10:26:01,628][DEBUG|dayStoreAppParse.py:23] >> 365홀딱반했어™ 한국어 Flipfont, com.monotype.android.font.enamored365, 맞춤 설정, Monotype Imaging Inc., 5000.0, 215.0, 4.0, 100, 13, 9, 5, 28, 2015년 5월 7일, http://www.flipfont.mobi, , 4728843905962363624
[2019-07-25 10:26:17,399][DEBUG|dayStoreAppParse.py:23] >> Aa설렘주의™ 한국어 Flipfont, com.monotype.android.font.aaflutter, 맞춤 설정, Monotype Imaging Inc., 10000.0, 355.0, 3.6, 100, 23, 16, 10, 47, 2016년 4월 14일, http://www.flipfont.mobi, , 4728843905962363624
[2019-07-25 10:26:37,559][DEBUG|dayStoreAppParse.py:23] >> 2019 점신PRO : 오늘의 운세, 사주의 완전판, handasoft.mobile.divination_pro, 라이프스타일, HANDASOFT Corp., 10000.0, 3081.0, 4.4, 100, 31, 10, 3, 7, 2019년 6월 24일, http://www.jeomsin.co.kr, , 8137088031924480292
[2019-07-25 10:26:56,024][DEBUG|dayStoreAppParse.py:23] >> Guitar Pro, com.arobasmusic.guitarpro, 음악/오디오, Arobas Music, 100000.0, 9531.0, 4.3, 100, 40, 12, 6, 10, 2019년 7월 24일, https://www.guitar-pro.com, Arobas+Music, 
[2019-07-25 10:27:13,737][DEBUG|dayStoreAppParse.py:23] >> FRep Unlock Key, com.x0.strai.frepkey, 생산성, strAI, 10000.0, 642.0, 3.6, 100, 20, 14, 6, 51, 2018년 7월 9일, http://strai.x0.com, strAI, 
[2019-07-25 10:27:32,915][DEBUG|dayStoreAppParse.py:23] >> Package Disabler Pro ( Owner APP) All Android, com.pdp.deviceowner, 비즈니스, policedeveloper, 1000.0, 132.0, 1.8, 20, 5, 2, 7, 100, 2018년 11월 9일, http://www.packagedisabler.com, policedeveloper, 
[2019-07-25 10:27:50,791][DEBUG|dayStoreAppParse.py:27] >> Stellarium Mobile 하늘지도, com.noctuasoftware.stellarium, 교육, Noctua Software, 100000.0, 9822.0, 4.5, 100, 19, 5, 2, 6, 2019년 3월 21일, None, , 4632858392244702223
[2019-07-25 10:29:00,538][DEBUG|dayStoreAppParse.py:23] >> TwomonUSB(투몬USB) - USB모니터, com.devguru.eltwomonusb, 생산성, easynlight, 10000.0, 1122.0, 3.2, 100, 53, 36, 22, 92, 2018년 11월 12일, http://www.easynlight.com, easynlight, 
[2019-07-25 10:29:15,374][DEBUG|dayStoreAppParse.py:23] >> 영화보며 영어공부 - 배속재생 미플레이어무비프로 어학용 동영상 플레이어, com.mesoft.meplayer, 교육, MEsoft, 10000.0, 536.0, 4.3, 100, 30, 14, 7, 7, 2019년 7월 14일, mailto:mesoft.kjh@gmail.com, MEsoft, 
[2019-07-25 10:29:29,854][DEBUG|dayStoreAppParse.py:23] >> Aa폰트의왕™ 한국어 Flipfont, com.monotype.android.font.aakingoffont, 맞춤 설정, Monotype Imaging Inc., 10000.0, 410.0, 3.2, 100, 11, 19, 17, 77, 2014년 12월 16일, http://www.monotypeimaging.com/productsservices/Flipfont.aspx, , 4728843905962363624
[2019-07-25 10:29:42,603][DEBUG|dayStoreAppParse.py:23] >> Word Master 워드마스터 고등 BASIC, com.etoos.wordmaster.highbasic2016, 교육, 이투스북, 1000.0, 42.0, 4.5, 100, 35, 10, 0, 3, 2019년 7월 22일, http://www.etoosbook.com/, %EC%9D%B4%ED%88%AC%EC%8A%A4%EB%B6%81, 
[2019-07-25 10:29:55,509][DEBUG|dayStoreAppParse.py:23] >> 지피지기 (사주,운세,궁합,토정비결,이름,해몽), com.softchaser.iKnowYouP, 라이프스타일, sajulink, 10000.0, 344.0, 3.9, 100, 36, 23, 6, 28, 2019년 3월 24일, http://sajulink.com, sajulink, 
[2019-07-25 10:30:07,578][DEBUG|dayStoreAppParse.py:23] >> 친일인명사전, com.minjok.pjdic, 도서/참고자료, banghakjin, 10000.0, 1007.0, 4.9, 100, 2, 0, 0, 1, 2014년 12월 1일, http://www.minjok.or.kr, banghakjin, 
[2019-07-25 10:30:20,397][DEBUG|dayStoreAppParse.py:23] >> ONE UI Icon Pack : S10, com.one.ui.s10.iconpack, 맞춤 설정, JustNewDesigns, 10000.0, 978.0, 4.6, 100, 9, 3, 2, 7, 2019년 7월 17일, mailto:samiramaknojiya@gmail.com, , 6871333323804023406
[2019-07-25 10:30:35,942][DEBUG|dayStoreAppParse.py:23] >> 제트오디오 플러스 - 고해상도 음원 재생 뮤직 플레이어, com.jetappfactory.jetaudioplus, 음악/오디오, Team Jet, 100000.0, 16892.0, 4.4, 100, 23, 10, 5, 9, 2019년 7월 2일, https://www.facebook.com/jetappfactory, Team+Jet, 
[2019-07-25 10:30:50,873][DEBUG|dayStoreAppParse.py:23] >>   (  ), com.kmshack.mute, 사진, MIN Studio, 50000.0, 730.0, 4.2, 100, 19, 10, 5, 15, 2019년 3월 6일, mailto:kmshack@naver.com, , 7856146117568341459
[2019-07-25 10:31:07,023][DEBUG|dayStoreAppParse.py:23] >> Word master 워드마스터 수능 2000(개정), com.etoos.wordmaster.sat20002016, 교육, 이투스북, 5000.0, 378.0, 4.5, 100, 29, 8, 3, 3, 2019년 7월 22일, http://www.etoosbook.com/, %EC%9D%B4%ED%88%AC%EC%8A%A4%EB%B6%81, 
[2019-07-25 10:31:46,663][DEBUG|dayStoreAppParse.py:23] >> 운동 개수 세기 - 헬스, 요가 카운트 트레이너, com.tedkim88.fitnesscounter_kr, 건강/운동, Ted Kim, 1000.0, 71.0, 4.5, 100, 27, 19, 2, 2, 2017년 6월 29일, mailto:tedkim88@gmail.com, Ted+Kim, 
[2019-07-25 10:31:58,309][DEBUG|dayStoreAppParse.py:23] >> 단숨 일본어한자 (일본어 상용한자), com.limeberry.dansoomhanja, 교육, LimeBerry, 100.0, 20.0, 5.0, 100, 0, 0, 0, 0, 2019년 7월 24일, http://dansoomhanja.tistory.com/, LimeBerry, 
[2019-07-25 10:32:11,472][DEBUG|dayStoreAppParse.py:23] >> Gamers GLTool Pro with Game Turbo & Game Tuner, inc.trilokia.gfxtool, 도구, Trilokia Inc., 5000.0, 444.0, 4.0, 100, 18, 17, 8, 19, 2019년 7월 1일, https://trilokiainc.com/, , 4898227705286580329
[2019-07-25 10:32:24,149][DEBUG|dayStoreAppParse.py:23] >> 한글 달인 - 맞춤법 공부, com.elsebook.handal, 교육, 별책, 10000.0, 1251.0, 4.9, 100, 9, 0, 0, 1, 2019년 6월 8일, http://byeol.co, , 6914151766505404284
[2019-07-25 10:32:40,813][DEBUG|dayStoreAppParse.py:23] >> 엣지 제스처, com.ss.edgegestures, 도구, ChYK the dev., 10000.0, 2130.0, 4.6, 100, 18, 6, 1, 2, 2019년 6월 23일, mailto:geek21c@gmail.com, ChYK+the+dev., 
[2019-07-25 10:32:55,558][DEBUG|dayStoreAppParse.py:23] >> 아가페 쉬운성경, com.appbank.easybible, 도서/참고자료, (주)아가페출판사, 10000.0, 148.0, 3.9, 100, 46, 37, 13, 17, 2018년 8월 17일, http://www.iagape.co.kr, %28%EC%A3%BC%29%EC%95%84%EA%B0%80%ED%8E%98%EC%B6%9C%ED%8C%90%EC%82%AC, 
[2019-07-25 10:33:15,370][DEBUG|dayStoreAppParse.py:23] >> 9급 공무원 기출문제 해설집, kr.co.trutory.bandalmun.public9, 교육, Trutory, 5000.0, 276.0, 3.9, 100, 52, 33, 12, 24, 2019년 7월 23일, http://cafe.naver.com/withtreekr, Trutory, 
[2019-07-25 10:33:36,532][DEBUG|dayStoreAppParse.py:23] >> SD Maid Pro - 언락커, eu.thedarken.sdm.unlocker, 도구, darken, 500000.0, 27320.0, 4.7, 100, 14, 3, 1, 3, 2019년 7월 23일, http://darken.eu, darken, 
[2019-07-25 10:33:56,480][DEBUG|dayStoreAppParse.py:23] >> Word Master 워드마스터 중등 기초, com.etoos.wordmaster.midbasic2016, 교육, 이투스북, 1000.0, 35.0, 4.2, 100, 22, 22, 0, 13, 2019년 7월 18일, http://www.etoosbook.com/, %EC%9D%B4%ED%88%AC%EC%8A%A4%EB%B6%81, 
[2019-07-25 10:34:12,431][DEBUG|dayStoreAppParse.py:23] >> Moon+ Reader Pro, com.flyersoft.moonreaderp, 도서/참고자료, Moon+, 500000.0, 94169.0, 4.6, 100, 21, 4, 1, 2, 2019년 6월 2일, http://moondownload.com, Moon%2B, 
[2019-07-25 10:34:27,970][DEBUG|dayStoreAppParse.py:23] >> YBM 올인올 영한영 플러스 사전, com.daolsoft.ybmeke, 도서/참고자료, DaolSoft, Co., Ltd., 10000.0, 472.0, 4.0, 100, 47, 23, 14, 17, 2018년 9월 4일, http://daolsoft.com/bbsDir/board.php?bo_table=iphone_zone&wr_id=88&sfl=wr_8&stx=android, , 5123724825720990510
[2019-07-25 10:35:23,950][DEBUG|dayStoreAppParse.py:23] >> Panda Game Booster & GFX Tool for Battleground, com.panda.gamebooster, 도구, Panda Gaming Studio, 100000.0, 6316.0, 4.7, 100, 7, 3, 0, 3, 2019년 6월 24일, mailto:feedback@octopusgame.com, Panda+Gaming+Studio, 
[2019-07-25 10:35:39,567][DEBUG|dayStoreAppParse.py:23] >> Human Anatomy Atlas 2019:Complete 3D Human Body, com.visiblebody.atlas, 의료, Visible Body, 100000.0, 4737.0, 4.5, 100, 16, 4, 2, 7, 2019년 3월 22일, http://www.visiblebody.com, , 5922919954166686783
[2019-07-25 10:35:52,115][DEBUG|dayStoreAppParse.py:23] >> 이지 보이스 레코더 프로, com.digipom.easyvoicerecorder.pro, 생산성, Digipom, 100000.0, 18513.0, 4.7, 100, 16, 3, 1, 1, 2019년 5월 28일, http://www.digipom.com/, , 8524844809417490477
[2019-07-25 10:36:06,330][DEBUG|dayStoreAppParse.py:23] >> POPdiary+ : 일기, 다이어리, com.enex2.popdiary, 생산성, enex, 1000.0, 187.0, 4.6, 100, 33, 3, 0, 4, 2019년 7월 18일, mailto:enex.popdiary@gmail.com, enex, 
[2019-07-25 10:36:19,781][DEBUG|dayStoreAppParse.py:23] >> 365발꾸락글씨™ 한국어 Flipfont, com.monotype.android.font.badhandwriting365, 엔터테인먼트, Monotype Imaging Inc., 1000.0, 125.0, 2.8, 81, 10, 13, 6, 100, 2013년 8월 2일, http://www.monotypeimaging.com/productsservices/Flipfont.aspx, , 4728843905962363624
[2019-07-25 10:36:33,660][DEBUG|dayStoreAppParse.py:23] >> PUB Gfx+ Tool:#1 GFX Tool(with advance settings), inc.trilokia.pubgfxtool, 도구, Trilokia Inc., 50000.0, 14078.0, 4.5, 100, 14, 6, 2, 6, 2019년 7월 16일, http://trilokiainc.com/, , 4898227705286580329
[2019-07-25 10:36:49,320][DEBUG|dayStoreAppParse.py:23] >> Assistant for Stardew Valley, com.ithersta.stardewvalleyplanner, 도구, itreeka, 5000.0, 847.0, 4.7, 100, 25, 3, 0, 1, 2019년 5월 23일, mailto:schilyaev.vlad@gmail.com, itreeka, 
[2019-07-25 10:37:03,337][DEBUG|dayStoreAppParse.py:23] >> 지게차 면허시험 시뮬레이터, com.SimG.SimForklift, 교육, SimG., 500.0, 22.0, 3.6, 100, 36, 9, 0, 54, 2018년 9월 17일, http://www.simglab.com/, SimG., 
[2019-07-25 10:37:19,506][DEBUG|dayStoreAppParse.py:23] >> 클라우디 필름 - 흐림 필터 완벽 구현!, xyz.masmas.film.cloudy, 사진, MASMAS Studio, 10000.0, 314.0, 4.1, 100, 23, 20, 7, 14, 2019년 3월 7일, mailto:moogung.mobile+masmas@gmail.com, MASMAS+Studio, 
[2019-07-25 10:37:39,478][DEBUG|dayStoreAppParse.py:23] >> 화면회전 pro, jjong.kim.rotationcontrol_pro, 도구, Evan Soft, 1000.0, 38.0, 4.4, 100, 19, 19, 0, 7, 2019년 6월 7일, mailto:sjkim002@gmail.com, Evan+Soft, 
[2019-07-25 10:37:57,235][DEBUG|dayStoreAppParse.py:23] >> SimpleMind Pro - Intuitive Mind Mapping, com.modelmakertools.simplemindpro, 생산성, ModelMaker Tools, 100000.0, 16575.0, 4.7, 100, 25, 2, 0, 1, 2019년 4월 15일, https://simplemind.eu, ModelMaker+Tools, 
[2019-07-25 10:38:47,086][DEBUG|dayStoreAppParse.py:23] >> Star Walk 2 - 하늘지도：별자리 찾기, 스타지도, 증강 현실 천문학, com.vitotechnology.StarWalk2, 교육, Vito Technology, 100000.0, 13537.0, 4.5, 100, 16, 5, 3, 7, 2019년 7월 17일, http://www.vitotechnology.com, , 8260185806738829255
[2019-07-25 10:39:01,584][DEBUG|dayStoreAppParse.py:23] >> ACR License, com.nll.acr.license, 생산성, NLL, 500000.0, 29457.0, 3.9, 100, 19, 9, 7, 31, 2018년 1월 30일, http://nllapps.com/apps/acr, , 8530342249973296088
[2019-07-25 10:39:17,015][DEBUG|dayStoreAppParse.py:23] >> MarineTraffic ship positions, com.marinetraffic.android, 지도/내비게이션, MarineTraffic, 500000.0, 33551.0, 4.5, 100, 37, 6, 2, 5, 2019년 7월 24일, http://www.marinetraffic.com, MarineTraffic, 
[2019-07-25 10:39:33,701][DEBUG|dayStoreAppParse.py:23] >> Aa빈둥글씨™ 한국어 Flipfont, com.monotype.android.font.aaloafaround, 엔터테인먼트, Monotype Imaging Inc., 5000.0, 158.0, 3.7, 100, 17, 12, 17, 32, 2014년 5월 16일, http://www.monotypeimaging.com/productsservices/Flipfont.aspx, , 4728843905962363624
[2019-07-25 10:39:44,478][DEBUG|dayStoreAppParse.py:23] >> 블랙박스X 몰래카메라, kr.co.topaz7company.blackbox, 사진, Topaz7Company, 1000.0, 85.0, 3.4, 100, 64, 53, 17, 67, 2017년 2월 23일, mailto:topaz7company@gmail.com, Topaz7Company, 
[2019-07-25 10:39:58,154][DEBUG|dayStoreAppParse.py:23] >> Neutron Music Player, com.neutroncode.mp, 음악/오디오, Neutron Code Limited, 100000.0, 15446.0, 4.5, 100, 16, 5, 3, 5, 2019년 7월 22일, http://neutronmp.com, , 6472385040152963370
[2019-07-25 10:40:15,512][DEBUG|dayStoreAppParse.py:23] >> PSJoy: PC Remote Play Spy for PS4, com.grill.psjoy, 도구, Florian Grill, 10000.0, 73.0, 4.0, 100, 4, 6, 8, 28, 2019년 4월 22일, http://grill2010.github.io/psJoy.html, Florian+Grill, 
[2019-07-25 10:40:28,986][DEBUG|dayStoreAppParse.py:23] >> 일기 예보 전문가, com.chanel.weather.forecast.accu.pro, 날씨, Green Apple Studio, 50000.0, 17711.0, 4.8, 100, 13, 2, 1, 1, 2019년 1월 31일, http://bachasoft.com/, Green+Apple+Studio, 
[2019-07-25 10:40:44,290][DEBUG|dayStoreAppParse.py:23] >> 7급 공무원 기출문제 해설집, kr.co.trutory.bandalmun.public7, 교육, Trutory, 1000.0, 102.0, 3.8, 100, 53, 35, 13, 24, 2019년 6월 9일, http://cafe.naver.com/withtreekr, Trutory, 
[2019-07-25 10:40:57,787][DEBUG|dayStoreAppParse.py:23] >> 음성 레코더 프로, vr.audio.voicerecorderpro, 음악/오디오, recorder & smart apps, 100000.0, 16215.0, 4.8, 100, 13, 2, 0, 1, 2019년 7월 19일, mailto:olympic.game.studio@gmail.com, , 5961211893873529920
[2019-07-25 10:41:44,154][DEBUG|dayStoreAppParse.py:23] >> Metronome: Tempo 메트로놈, com.frozenape.tempo, 음악/오디오, Frozen Ape, 50000.0, 1388.0, 4.0, 100, 36, 22, 14, 16, 2019년 7월 24일, http://www.frozenape.com, Frozen+Ape, 
[2019-07-25 10:41:56,898][DEBUG|dayStoreAppParse.py:27] >> Toca Hair Salon 3, com.tocaboca.tocahairsalon3, 교육, Toca Boca, 100000.0, 4847.0, 4.6, 100, 10, 4, 1, 7, 2019년 3월 6일, None, , 8567646723268777320
[2019-07-25 10:42:09,502][DEBUG|dayStoreAppParse.py:23] >> 한국사능력검정시험 고급 해설집, kr.co.trutory.pass2pass.historyhigh, 교육, Trutory, 1000.0, 81.0, 4.0, 100, 40, 21, 16, 14, 2019년 5월 12일, http://cafe.naver.com/withtreekr, Trutory, 
[2019-07-25 10:42:24,908][DEBUG|dayStoreAppParse.py:23] >> Twomon SE (투몬 SE) - 휴대용 디스플레이, USB 모니터, com.devguru.ntwomon, 생산성, easynlight, 1000.0, 57.0, 3.6, 100, 17, 28, 10, 46, 2018년 7월 23일, http://www.easynlight.com/contacttwomon, easynlight, 
[2019-07-25 10:42:43,055][DEBUG|dayStoreAppParse.py:23] >> 타로마스터 Pro-오늘의타로, com.global.tarotmasterpro, 라이프스타일, JMSoft(제이엠소프트), 1000.0, 41.0, 4.4, 100, 34, 19, 0, 3, 2019년 7월 8일, mailto:joyfulmovesoft@gmail.com, JMSoft%28%EC%A0%9C%EC%9D%B4%EC%97%A0%EC%86%8C%ED%94%84%ED%8A%B8%29, 
[2019-07-25 10:42:55,700][DEBUG|dayStoreAppParse.py:23] >> 토탈 런처 키, com.ss.launcher2.key, 맞춤 설정, ChYK the dev., 10000.0, 669.0, 4.6, 100, 10, 4, 2, 4, 2017년 8월 16일, http://total-launcher.blogspot.kr/, ChYK+the+dev., 
[2019-07-25 10:43:08,956][DEBUG|dayStoreAppParse.py:23] >> TL Mods, com.pixelcurves.tlauncher, 도구, PixelCurves, 50000.0, 6068.0, 4.5, 100, 13, 5, 2, 8, 2019년 7월 21일, mailto:terrlauncher@gmail.com, PixelCurves, 
[2019-07-25 10:43:22,021][DEBUG|dayStoreAppParse.py:23] >> 한국사 능력, co.byeol.hanneung, 교육, 별책, 10.0, 2.0, 4.5, 100, 100, 0, 0, 0, 2019년 7월 16일, http://byeol.co, , 6914151766505404284
[2019-07-25 10:43:36,652][DEBUG|dayStoreAppParse.py:23] >> Tools & Mi Band, cz.zdenekhorak.mibandtools, 건강/운동, Tools & Wearables Ltd., 100000.0, 17761.0, 4.3, 100, 21, 8, 5, 9, 2019년 7월 19일, http://help.mibandtools.com, Tools+%26+Wearables+Ltd., 
[2019-07-25 10:43:52,102][DEBUG|dayStoreAppParse.py:23] >> 매듭 앱 3D  ( Knots 3D ), com.nynix.knots3d, 도서/참고자료, Nynix LLC, 500000.0, 11370.0, 4.8, 100, 13, 2, 0, 0, 2019년 7월 5일, http://knots3d.com, Nynix+LLC, 
[2019-07-25 10:44:07,752][DEBUG|dayStoreAppParse.py:23] >> 칠판 카카오톡 테마 VER2, new_chalkboard.katalk.crayon, 도구, crayon.dev, 1000.0, 41.0, 4.6, 100, 16, 9, 3, 3, 2019년 4월 11일, mailto:will105050@gmail.com, , 8807776165917405571
[2019-07-25 10:44:52,487][DEBUG|dayStoreAppParse.py:23] >> MyScript Nebo 네보, com.myscript.nebo, 생산성, MyScript, 10000.0, 562.0, 3.9, 100, 58, 25, 18, 22, 2019년 7월 16일, https://www.myscript.com/nebo/, , 6917812355675763032
[2019-07-25 10:45:04,128][DEBUG|dayStoreAppParse.py:23] >> 옥철이_싱그러운여름 카톡테마, com.kakao.talk.theme.Okcheori_FreshSummer, 엔터테인먼트, 옥철이, 100.0, 0, 0, 0, 0, 0, 0, 0, 2018년 10월 7일, https://blog.naver.com/4199570, %EC%98%A5%EC%B2%A0%EC%9D%B4, 
[2019-07-25 10:45:20,347][DEBUG|dayStoreAppParse.py:23] >> Word Master 워드마스터 수능어휘완성, com.etoos.wordmaster.sat.word_complete.v2015, 교육, 이투스북, 500.0, 22.0, 4.7, 100, 16, 0, 0, 5, 2017년 9월 4일, http://www.etoos.com/book, %EC%9D%B4%ED%88%AC%EC%8A%A4%EB%B6%81, 
[2019-07-25 10:45:33,125][DEBUG|dayStoreAppParse.py:23] >> 포켓한국사, com.inergy.pocketkorea, 교육, Jinhak Co., 10000.0, 740.0, 4.1, 100, 30, 20, 11, 14, 2018년 10월 23일, http://www.jinhak.com, Jinhak+Co., 
[2019-07-25 10:45:47,904][DEBUG|dayStoreAppParse.py:23] >> 자원풀이 한자 1900, com.daolsoft.jawonhanja, 교육, DaolSoft, Co., Ltd., 1000.0, 21.0, 4.5, 100, 26, 6, 0, 6, 2019년 5월 20일, http://www.daolsoft.com, , 5123724825720990510
[2019-07-25 10:46:00,392][DEBUG|dayStoreAppParse.py:23] >> 아기 울음 알리미 (아기 수면 모니터 & 알람 & 자장가), com.jb.babycrying_paid, 출산/육아, YuRimpapa, 1000.0, 27.0, 4.1, 100, 23, 11, 5, 17, 2019년 7월 1일, http://blog.naver.com/hicracks, YuRimpapa, 
[2019-07-25 10:46:14,808][DEBUG|dayStoreAppParse.py:23] >> Aa남친해줄게™ 한국어 Flipfont, com.monotype.android.font.aabeyours, 엔터테인먼트, Monotype Imaging Inc., 1000.0, 67.0, 3.4, 100, 37, 10, 27, 55, 2014년 9월 11일, http://www.monotypeimaging.com/productsservices/Flipfont.aspx, , 4728843905962363624
[2019-07-25 10:46:30,645][DEBUG|dayStoreAppParse.py:23] >> WolframAlpha, com.wolfram.android.alpha, 도서/참고자료, Wolfram Group, 1000000.0, 36778.0, 4.6, 100, 17, 5, 2, 4, 2019년 7월 24일, http://www.wolframalpha.com, Wolfram+Group, 
[2019-07-25 10:46:44,394][DEBUG|dayStoreAppParse.py:23] >> iReal Pro   & , com.massimobiolcati.irealb, 음악/오디오, Technimo, 100000.0, 5513.0, 4.7, 100, 15, 3, 2, 3, 2019년 6월 25일, http://irealpro.com, Technimo, 
[2019-07-25 10:46:59,868][DEBUG|dayStoreAppParse.py:23] >> 띄어쓰기, com.elsebook.handal.spacing, 교육, 별책, 10000.0, 492.0, 4.8, 100, 11, 1, 0, 1, 2019년 6월 8일, http://www.elsebook.com, , 6914151766505404284
[2019-07-25 10:47:14,155][DEBUG|dayStoreAppParse.py:23] >> 마니 행정학, com.mani.maniadministration, 교육, 김만희, 50.0, 2.0, 5.0, 100, 0, 0, 0, 0, 2019년 6월 29일, mailto:appmanipa@gmail.com, %EA%B9%80%EB%A7%8C%ED%9D%AC, 
[2019-07-25 10:47:55,767][DEBUG|dayStoreAppParse.py:23] >> Tunable: Music Practice Tools, com.affinityblue.tunable, 음악/오디오, AffinityBlue, 10000.0, 999.0, 4.6, 100, 17, 6, 2, 5, 2019년 3월 27일, http://www.tunableapp.com, AffinityBlue, 
[2019-07-25 10:48:08,951][DEBUG|dayStoreAppParse.py:23] >> 사주대전-운세,명리,토정비결,귀곡,궁합,택일,성명,꿈, com.acrosoft.sajupedia, 라이프스타일, 아크로소프트, 1000.0, 59.0, 4.3, 100, 11, 6, 6, 11, 2018년 5월 19일, http://www.acrosoft.kr/saju/, %EC%95%84%ED%81%AC%EB%A1%9C%EC%86%8C%ED%94%84%ED%8A%B8, 
[2019-07-25 10:48:21,764][DEBUG|dayStoreAppParse.py:23] >> Runtastic Squats PRO스쿼트 다리살빼기, com.runtastic.android.squats.pro, 건강/운동, Runtastic, 100000.0, 9202.0, 4.6, 100, 23, 4, 1, 3, 2018년 7월 24일, http://runtastic.com, , 8438666261259599516
[2019-07-25 10:48:36,414][DEBUG|dayStoreAppParse.py:23] >> 바이블렉스 성경본문해석사전, com.junapps.BibleLexOriDic, 도서/참고자료, 브니엘성경연구소, 5000.0, 201.0, 3.7, 100, 84, 41, 15, 34, 2014년 10월 10일, http://bniel.net, %EB%B8%8C%EB%8B%88%EC%97%98%EC%84%B1%EA%B2%BD%EC%97%B0%EA%B5%AC%EC%86%8C, 
[2019-07-25 10:48:51,931][DEBUG|dayStoreAppParse.py:23] >> PL@Y 2 - 프리미엄 티켓북 + 포토캘린더 ( 플레이앱, PL@Y2 ), com.entusapps.play2, 라이프스타일, EntusApps, 1000.0, 97.0, 4.4, 100, 49, 12, 1, 7, 2017년 9월 6일, http://www.entusapps.com, EntusApps, 
[2019-07-25 10:49:05,778][DEBUG|dayStoreAppParse.py:23] >> GOLF NAVI Pro, com.phigolf.golfnavipro, 건강/운동, phigolf, 1000.0, 70.0, 2.4, 35, 20, 17, 2, 100, 2017년 2월 21일, http://www.phigolf.com, phigolf, 
[2019-07-25 10:49:17,497][DEBUG|dayStoreAppParse.py:23] >> LiveATC for Android, net.liveatc.liveatc_app, 여행 및 지역정보, LiveATC, 100000.0, 3963.0, 4.2, 100, 27, 12, 6, 14, 2018년 7월 4일, http://www.liveatc.net, LiveATC, 
[2019-07-25 10:49:31,020][DEBUG|dayStoreAppParse.py:23] >> Panda Gamepad Pro (BETA), com.panda.gamepad, 도구, Panda Gaming Studio, 50000.0, 5439.0, 2.9, 87, 12, 12, 9, 100, 2019년 7월 10일, mailto:feedback@octopusgame.com, Panda+Gaming+Studio, 
[2019-07-25 10:49:45,657][DEBUG|dayStoreAppParse.py:23] >> 지하철 어디있니, com.go9android.subwaysmarthelper21, 지도/내비게이션, GoyoungjinMobile Inc, 1000.0, 213.0, 4.3, 100, 30, 9, 5, 11, 2019년 7월 23일, http://www.gyjmobile.com/, GoyoungjinMobile+Inc, 
[2019-07-25 10:50:05,184][DEBUG|dayStoreAppParse.py:23] >> Runtastic Push-Ups PRO 팔굽혀펴기, com.runtastic.android.pushup.pro, 건강/운동, Runtastic, 100000.0, 26106.0, 4.6, 100, 24, 5, 2, 3, 2018년 7월 24일, http://runtastic.com, , 8438666261259599516
[2019-07-25 10:50:20,994][DEBUG|dayStoreAppParse.py:23] >> 옥철이_기분좋은 밤공기 카톡테마, com.kakao.talk.theme.Okcheori_NightAir, 엔터테인먼트, 옥철이, 100.0, 3.0, 3.7, 100, 0, 0, 0, 50, 2019년 5월 12일, https://blog.naver.com/4199570, %EC%98%A5%EC%B2%A0%EC%9D%B4, 
[2019-07-25 10:51:02,519][DEBUG|dayStoreAppParse.py:23] >> Vaporwave Wallpapers PRO  (NO ADS), maa.vaporwavewallpaperspro, 맞춤 설정, M.A.A For Apps PRIME, 1000.0, 618.0, 4.9, 100, 3, 0, 0, 0, 2019년 7월 2일, mailto:hasnaalayaal@gmail.com, , 8480785146242893448
[2019-07-25 10:51:15,097][DEBUG|dayStoreAppParse.py:23] >> Hi-Q MP3 음성 녹음기 (풀버전), com.hiqrecorder.full, 음악/오디오, Audiophile, 100000.0, 5343.0, 4.7, 100, 14, 2, 1, 2, 2019년 5월 16일, http://www.hiqrecorder.com, Audiophile, 
[2019-07-25 10:51:32,402][DEBUG|dayStoreAppParse.py:23] >> 수동 카메라 : DSLR 카메라 전문, com.lensesdev.manual.camera.pro, 사진, Lenses Inc., 100000.0, 5116.0, 4.5, 100, 18, 5, 3, 8, 2019년 1월 6일, mailto:lenses-inc@gmx.com, , 6859713867874290897
[2019-07-25 10:51:45,966][DEBUG|dayStoreAppParse.py:23] >> Poweraudio Pro Music Player, xsoftstudio.musicplayer.pro, 음악/오디오, PowerAudio Team, 1000000.0, 23142.0, 4.3, 100, 22, 9, 4, 11, 2019년 7월 13일, http://xsoftstudio.wordpress.com, PowerAudio+Team, 
[2019-07-25 10:52:00,016][DEBUG|dayStoreAppParse.py:23] >> 당구 3쿠션 시스템 유료, com.hompee.mybible.billiard_new, 스포츠, Kim-dongwon, 1000.0, 8.0, 4.2, 100, 0, 60, 0, 0, 2017년 8월 19일, http://mybible.hompee.com, Kim-dongwon, 
[2019-07-25 10:52:19,493][DEBUG|dayStoreAppParse.py:23] >> TouchRetouch, com.advasoft.touchretouch, 사진, ADVA Soft, 500000.0, 13938.0, 4.6, 100, 16, 4, 2, 6, 2019년 7월 18일, http://adva-soft.com/products/touch-retouch/, ADVA+Soft, 
[2019-07-25 10:52:34,730][DEBUG|dayStoreAppParse.py:23] >> PlayerPro Music Player, com.tbig.playerpro, 음악/오디오, BlastOn SA, 500000.0, 58930.0, 4.5, 100, 20, 7, 4, 6, 2019년 6월 20일, http://www.aplayerpro.com, BlastOn+SA, 
[2019-07-25 10:52:52,171][DEBUG|dayStoreAppParse.py:23] >> Root Explorer, com.speedsoftware.rootexplorer, 생산성, Speed Software, 500000.0, 31957.0, 4.7, 100, 11, 3, 1, 4, 2019년 7월 8일, mailto:support@speedsoftware.co.uk, Speed+Software, 
[2019-07-25 10:53:07,121][DEBUG|dayStoreAppParse.py:23] >> 회독JLPT(유료), com.yongcalcompany.JlptVip, 교육, Yongcal Company, 100.0, 51.0, 4.9, 100, 0, 0, 0, 2, 2019년 7월 14일, mailto:jjanggole@hanmail.net, Yongcal+Company, 
[2019-07-25 10:53:25,671][DEBUG|dayStoreAppParse.py:23] >> 강헌의 좌파명리학, kr.co.bausoft.JpmrM, 라이프스타일, 바우소프트, 5000.0, 122.0, 3.8, 100, 42, 33, 19, 21, 2017년 7월 24일, http://cafe.daum.net/leftmr/Zl8P/14, %EB%B0%94%EC%9A%B0%EC%86%8C%ED%94%84%ED%8A%B8, 
[2019-07-25 10:53:54,108][DEBUG|dayStoreAppParse.py:23] >> LectureRecordings, com.acadoid.lecturerecordings, 생산성, Acadoid Developer, 10000.0, 439.0, 4.4, 100, 29, 7, 4, 8, 2019년 6월 29일, https://www.acadoid.com/, , 5446342743455293164
[2019-07-25 10:54:09,802][DEBUG|dayStoreAppParse.py:23] >> NFC Tools - Pro Edition, com.wakdev.nfctools.pro, 도구, wakdev, 100000.0, 2184.0, 4.5, 100, 29, 9, 3, 5, 2019년 4월 24일, http://www.wakdev.com, , 6943435756825055171
[2019-07-25 10:56:07,592][DEBUG|dayStoreAppParse.py:23] >> DroidCamX Wireless Webcam Pro, com.dev47apps.droidcamx, 도구, Dev47Apps, 50000.0, 1711.0, 3.8, 100, 33, 18, 10, 29, 2019년 5월 6일, http://www.dev47apps.com/, Dev47Apps, 
[2019-07-25 10:56:23,785][DEBUG|dayStoreAppParse.py:23] >> 도사폰 (만세력 역학 도구), com.softchaser.iDosaPhone, 생산성, sajulink, 10000.0, 222.0, 4.3, 100, 28, 9, 3, 14, 2019년 7월 18일, http://sajulink.com, sajulink, 
[2019-07-25 10:56:48,207][DEBUG|dayStoreAppParse.py:23] >> [UX8] OneUI/Galaxy S10 Theme LG G8 V50 V40 Pie, com.lge.wsdeveloper.ux8.oneui, 맞춤 설정, WSTeams, 50.0, 2.0, 0, 0, 0, 0, 0, 0, 2019년 5월 31일, http://lgthemes.net, , 8423266189370125302
[2019-07-25 10:57:06,437][DEBUG|dayStoreAppParse.py:23] >> 해커스리스닝핵심편 토익 - TOEIC 토익단어 토익공부, com.hackers.app.toeiclistening, 교육, (주) 해커스, 10000.0, 142.0, 3.4, 100, 50, 49, 19, 58, 2019년 5월 23일, http://www.hackers.co.kr, %28%EC%A3%BC%29+%ED%95%B4%EC%BB%A4%EC%8A%A4, 
[2019-07-25 10:57:39,893][DEBUG|dayStoreAppParse.py:23] >> External Keyboard Helper Pro, com.apedroid.hwkeyboardhelper, 맞춤 설정, Apedroid, 50000.0, 2993.0, 4.6, 100, 13, 4, 2, 7, 2016년 1월 7일, http://www.apedroid.com/, Apedroid, 
[2019-07-25 10:58:21,721][DEBUG|dayStoreAppParse.py:23] >> GIF 메이커, GIF 편집기, 동영상 메이커, Video을 GIF로 Pro, pro.gif.videotogif.gifeditor.gifmaker, 사진, GIF Maker & GIF Editor & Video Maker, 10000.0, 281.0, 4.1, 100, 28, 12, 9, 15, 2019년 6월 28일, mailto:zatashimalab@gmail.com, GIF+Maker+%26+GIF+Editor+%26+Video+Maker, 
[2019-07-25 10:58:57,182][DEBUG|dayStoreAppParse.py:27] >> Toca Life: Hospital, com.tocaboca.tocahospital, 교육, Toca Boca, 100000.0, 4429.0, 4.6, 100, 9, 4, 1, 6, 2018년 6월 12일, None, , 8567646723268777320
[2019-07-25 10:59:38,517][DEBUG|dayStoreAppParse.py:23] >> + PLANNER (플러스 플래너), com.plantools.fpactivity, 생산성, choi kyudoc, 10000.0, 1047.0, 3.5, 100, 76, 51, 18, 50, 2019년 2월 14일, http://www.plantools.co.kr, choi+kyudoc, 
[2019-07-25 11:00:02,928][DEBUG|dayStoreAppParse.py:23] >> ezPDF Reader PDF - 페이퍼리스 리더, udk.android.reader, 생산성, Unidocs Inc., 500000.0, 25049.0, 4.3, 100, 29, 10, 5, 9, 2019년 5월 17일, http://www.unidocs.com, , 5390714630102483222
[2019-07-25 11:00:26,757][DEBUG|dayStoreAppParse.py:23] >> Aa봄봄봄™ 한국어 Flipfont, com.monotype.android.font.aaspring3, 맞춤 설정, Monotype Imaging Inc., 1000.0, 50.0, 4.4, 100, 17, 14, 0, 11, 2015년 4월 5일, http://www.flipfont.mobi, , 4728843905962363624
[2019-07-25 11:03:36,355][DEBUG|dayStoreAppParse.py:23] >> 카테만 PRO - 카카오톡 테마 만들기, net.headnum.kream.ktm.unlocker, 맞춤 설정, mave, 50000.0, 7176.0, 4.4, 100, 25, 11, 2, 7, 2014년 12월 9일, mailto:kakaothememaker@gmail.com, mave, 
[2019-07-25 11:04:12,062][DEBUG|dayStoreAppParse.py:23] >> FiLMiC Pro: 프로 HD 수동 비디오 카메라 어플, com.filmic.filmicpro, 사진, FiLMiC Inc., 50000.0, 3789.0, 3.2, 100, 63, 63, 45, 68, 2019년 7월 16일, http://www.filmicpro.com, FiLMiC+Inc., 
[2019-07-25 11:05:24,087][DEBUG|dayStoreAppParse.py:23] >> Aa오월오일™ 한국어 Flipfont, com.monotype.android.font.aamayfivedays, 맞춤 설정, Monotype Imaging Inc., 5000.0, 178.0, 3.7, 100, 15, 14, 8, 43, 2015년 5월 7일, http://www.flipfont.mobi, , 4728843905962363624
[2019-07-25 11:05:55,875][DEBUG|dayStoreAppParse.py:23] >> Aa착한남자™ 한국어Flipfont, com.monotype.android.font.aaniceguy, 엔터테인먼트, Monotype Imaging Inc., 5000.0, 178.0, 3.3, 100, 30, 13, 6, 74, 2013년 8월 1일, http://www.monotypeimaging.com/productsservices/Flipfont.aspx, , 4728843905962363624
[2019-07-25 11:06:51,166][DEBUG|dayStoreAppParse.py:23] >> Stop Motion Studio Pro, com.cateater.stopmotionstudiopro, 사진, Cateater, 10000.0, 1957.0, 4.2, 100, 22, 11, 5, 14, 2019년 7월 9일, http://www.cateater.com, , 7791776099225258043
[2019-07-25 11:07:17,871][DEBUG|dayStoreAppParse.py:23] >> 알통여행영어 Full, air.com.alenddl.AltongEngFull, 교육, 에듀시스, 1000.0, 16.0, 4.6, 100, 27, 18, 0, 0, 2016년 12월 22일, mailto:altjs011@korea.com, %EC%97%90%EB%93%80%EC%8B%9C%EC%8A%A4, 
[2019-07-25 11:07:47,414][DEBUG|dayStoreAppParse.py:23] >> Rix오늘의만화™ 한국어 Flipfont, com.monotype.android.font.rixtodaytoon, 엔터테인먼트, Monotype Imaging Inc., 1000.0, 56.0, 3.8, 100, 18, 6, 3, 42, 2013년 12월 2일, http://www.flipfont.mobi, , 4728843905962363624
[2019-07-25 11:08:17,740][DEBUG|dayStoreAppParse.py:23] >> 수학 트릭(암산 연습) PRO, example.matharithmetics_pro, 교육, Antoni Ion, 10000.0, 562.0, 4.8, 100, 7, 2, 0, 1, 2018년 2월 8일, https://www.facebook.com/antoni.ion.1, Antoni+Ion, 
[2019-07-25 11:08:59,875][DEBUG|dayStoreAppParse.py:23] >> 보안카드+ pro, jjong.kim.securitycard_m_1500, 금융, Evan Soft, 500.0, 28.0, 4.0, 100, 25, 12, 25, 12, 2019년 7월 7일, mailto:sjkim002@gmail.com, Evan+Soft, 
[2019-07-25 11:09:43,926][DEBUG|dayStoreAppParse.py:23] >> (주)낱말 - 우리말 유의어 사전, com.wordnet.dic.synonym, 도서/참고자료, NATMAL CORPORATION, 1000.0, 78.0, 4.1, 100, 26, 23, 4, 15, 2014년 8월 13일, http://www.wordnet.co.kr, NATMAL+CORPORATION, 
[2019-07-25 11:10:21,943][DEBUG|dayStoreAppParse.py:23] >> 오즈의타로+ - 타로, 타로카드, 타로점, 운세, com.ton.tarotofozpay, 라이프스타일, T-ON MEDIA, 1000.0, 329.0, 4.6, 100, 19, 3, 2, 5, 2019년 3월 19일, http://www.tarotofoz.com/, T-ON+MEDIA, 
[2019-07-25 11:13:05,241][DEBUG|dayStoreAppParse.py:23] >> 파워 쇼컷 (Power Shortcuts) - 강력한 바로가기 생성!, com.ss.powershortcuts, 도구, ChYK the dev., 1000.0, 36.0, 4.3, 100, 7, 15, 3, 11, 2019년 4월 12일, mailto:geek21c@gmail.com, ChYK+the+dev., 
[2019-07-25 11:13:30,889][DEBUG|dayStoreAppParse.py:23] >> Moment Pro Camera, com.shopmoment.momentprocamera, 사진, Moment, Inc., 10000.0, 1960.0, 3.3, 100, 70, 72, 50, 64, 2019년 7월 15일, http://shopmoment.com/moment-pro-camera-app, Moment,+Inc., 
[2019-07-25 11:14:01,386][DEBUG|dayStoreAppParse.py:23] >> 내 음악 점수 - 악보 뷰어, 뮤직 스캐너, com.sheet.music, 음악/오디오, Cosmic Pie Design, 10000.0, 253.0, 4.0, 100, 29, 13, 11, 20, 2019년 4월 19일, mailto:stei2348@gmail.com, , 4953443365699999896
[2019-07-25 11:14:31,524][DEBUG|dayStoreAppParse.py:23] >> 천하운세 (운세, 사주, 궁합), com.cleo.unse.cheonha, 라이프스타일, 天下運勢, 5000.0, 212.0, 4.2, 100, 4, 7, 4, 20, 2017년 6월 14일, mailto:cleohelpdesk@gmail.com, %E5%A4%A9%E4%B8%8B%E9%81%8B%E5%8B%A2, 
