[2019-08-28 00:10:23,239][DEBUG|rankingParser.py:18] >> 1, com.google.ar.core, Google Play AR 서비스
[2019-08-28 00:10:23,269][DEBUG|rankingParser.py:18] >> 2, com.sec.android.easyMover, Samsung Smart Switch Mobile
[2019-08-28 00:10:23,277][DEBUG|rankingParser.py:18] >> 3, com.kakao.talk, 카카오톡 KakaoTalk
[2019-08-28 00:10:23,280][DEBUG|rankingParser.py:18] >> 4, viva.republica.toss, 토스
[2019-08-28 00:10:23,284][DEBUG|rankingParser.py:18] >> 5, com.nhn.android.search, 네이버 - NAVER
[2019-08-28 00:10:23,346][DEBUG|rankingParser.py:18] >> 6, com.instagram.android, Instagram
[2019-08-28 00:10:23,350][DEBUG|rankingParser.py:18] >> 7, kr.go.nts.android, 국세청 홈택스
[2019-08-28 00:10:23,352][DEBUG|rankingParser.py:18] >> 8, com.ahnlab.v3mobileplus, V3 Mobile Plus 2.0
[2019-08-28 00:10:23,353][DEBUG|rankingParser.py:18] >> 9, kr.co.srail.newapp, SRT - 수서고속철도(NEW)
[2019-08-28 00:10:23,355][DEBUG|rankingParser.py:18] >> 10, com.towneers.www, 당근마켓 - 우리 동네 중고 직거래 벼룩장터
[2019-08-28 00:10:23,357][DEBUG|rankingParser.py:18] >> 11, com.skt.prod.phonebook, T연락처 - 주소록 실시간 백업, 114 검색
[2019-08-28 00:10:23,358][DEBUG|rankingParser.py:18] >> 12, com.coupang.mobile, 쿠팡 (Coupang)
[2019-08-28 00:10:23,360][DEBUG|rankingParser.py:18] >> 13, com.sampleapp, 배달의민족
[2019-08-28 00:10:23,418][DEBUG|rankingParser.py:18] >> 14, com.nhn.android.nmap, 네이버 지도, 내비게이션
[2019-08-28 00:10:23,431][DEBUG|rankingParser.py:18] >> 15, com.kakaobank.channel, 카카오뱅크 - 같지만 다른 은행
[2019-08-28 00:10:23,434][DEBUG|rankingParser.py:18] >> 16, com.kakao.taxi, 카카오 T - 택시, 대리운전, 주차, 내비, 카풀, 바이크
[2019-08-28 00:10:23,436][DEBUG|rankingParser.py:18] >> 17, com.skt.tmap.ku, T map (티맵,T맵,내비게이션)
[2019-08-28 00:10:23,438][DEBUG|rankingParser.py:18] >> 18, com.ibk.android.ionebank, (New) i-ONE Bank - IBK기업은행
[2019-08-28 00:10:23,451][DEBUG|rankingParser.py:18] >> 19, com.netflix.mediaclient, Netflix(넷플릭스)
[2019-08-28 00:10:23,453][DEBUG|rankingParser.py:18] >> 20, com.fineapp.yogiyo, 배달요기요
[2019-08-28 00:10:23,455][DEBUG|rankingParser.py:18] >> 21, net.daum.android.map, 카카오맵 - 대한민국 No.1 지도앱 ( 지도 / 내비게이션 / 대중교통 / 로드뷰 )
[2019-08-28 00:10:23,480][DEBUG|rankingParser.py:18] >> 22, com.facebook.katana, Facebook
[2019-08-28 00:10:23,482][DEBUG|rankingParser.py:18] >> 23, kr.co.captv.pooqV2, POOQ (푹) – 실시간TV 무료
[2019-08-28 00:10:23,485][DEBUG|rankingParser.py:18] >> 24, com.snowcorp.soda.android, SODA 소다 - Natural Beauty Camera
[2019-08-28 00:10:23,487][DEBUG|rankingParser.py:18] >> 25, nh.smart.banking, NH스마트뱅킹
[2019-08-28 00:10:23,491][DEBUG|rankingParser.py:18] >> 26, com.estsoft.alyac, 알약M - 국내 1위 무료 바이러스 백신, 파일 청소, 기기 최적화
[2019-08-28 00:10:23,497][DEBUG|rankingParser.py:18] >> 27, com.nhn.android.band, 밴드
[2019-08-28 00:10:23,499][DEBUG|rankingParser.py:18] >> 28, com.korail.talk, 코레일톡
[2019-08-28 00:10:23,501][DEBUG|rankingParser.py:18] >> 29, com.locnall.KimGiSa, 카카오내비
[2019-08-28 00:10:23,511][DEBUG|rankingParser.py:18] >> 30, com.google.android.play.games, Google Play 게임
[2019-08-28 00:10:23,513][DEBUG|rankingParser.py:18] >> 31, com.hogangnono.hogangnono, 호갱노노 - 아파트 실거래가 1등 앱
[2019-08-28 00:10:23,520][DEBUG|rankingParser.py:18] >> 32, com.forshared.files, 4shared
[2019-08-28 00:10:23,521][DEBUG|rankingParser.py:18] >> 33, com.gorgeous.liteinternational, Ulike유라이크 - 스타일, 고급 필터, 뷰티 카메라
[2019-08-28 00:10:23,523][DEBUG|rankingParser.py:18] >> 34, com.campmobile.snow, SNOW 스노우
[2019-08-28 00:10:23,525][DEBUG|rankingParser.py:18] >> 35, skplanet.musicmate, FLO – 플로
[2019-08-28 00:10:23,527][DEBUG|rankingParser.py:18] >> 36, com.jndwork.weather.forecast.channel.dailyforecast.liveradarmaps, 실시간 날씨 - 일기 예보 2019
[2019-08-28 00:10:23,529][DEBUG|rankingParser.py:18] >> 37, com.tf.thinkdroid.viewer, 한컴오피스 viewer
[2019-08-28 00:10:23,539][DEBUG|rankingParser.py:18] >> 38, com.ss.android.ugc.trill, TikTok 틱톡
[2019-08-28 00:10:23,542][DEBUG|rankingParser.py:18] >> 39, com.naver.labs.translator, 네이버 파파고 - AI 통번역
[2019-08-28 00:10:23,546][DEBUG|rankingParser.py:18] >> 40, com.facebook.orca, Messenger
[2019-08-28 00:10:23,548][DEBUG|rankingParser.py:18] >> 41, com.coupang.mobile.eats, 쿠팡이츠 - 맛있는 음식을 빠르고 편하게
[2019-08-28 00:10:23,550][DEBUG|rankingParser.py:18] >> 42, com.contextlogic.wish, Wish - 쇼핑은 즐겁다
[2019-08-28 00:10:23,554][DEBUG|rankingParser.py:18] >> 43, com.kscc.scxb.mbl, [공식]고속버스모바일
[2019-08-28 00:10:23,572][DEBUG|rankingParser.py:18] >> 44, com.iloen.melon, 멜론
[2019-08-28 00:10:23,574][DEBUG|rankingParser.py:18] >> 45, com.pikia.muzever, 트로트 무료듣기
[2019-08-28 00:10:23,577][DEBUG|rankingParser.py:18] >> 46, kvp.jjy.MispAndroid320, ISP/페이북
[2019-08-28 00:10:23,579][DEBUG|rankingParser.py:18] >> 47, com.cultsotry.yanolja.nativeapp, 야놀자 - 국내 및 해외 호텔, 모텔, 펜션, 게하, 레저/티켓, 최대 80% 할인
[2019-08-28 00:10:23,580][DEBUG|rankingParser.py:18] >> 48, com.aia.vitality.kr, AIA Vitality x T건강습관
[2019-08-28 00:10:23,583][DEBUG|rankingParser.py:18] >> 49, com.kbstar.kbbank, KB국민은행 스타뱅킹
[2019-08-28 00:10:23,584][DEBUG|rankingParser.py:18] >> 50, com.firstscreen.weather, 첫화면 날씨 - 실시간 날씨, 미세먼지, 일기 예보, WHO기준
[2019-08-28 00:10:23,586][DEBUG|rankingParser.py:18] >> 51, com.stu.conects, 커넥츠 - 내 주변 모든 공부
[2019-08-28 00:10:23,588][DEBUG|rankingParser.py:18] >> 52, com.hyundaicard.appcard, 현대카드
[2019-08-28 00:10:23,590][DEBUG|rankingParser.py:18] >> 53, com.nh.android.nhmembers, NH멤버스
[2019-08-28 00:10:23,593][DEBUG|rankingParser.py:18] >> 54, kr.co.homeplus.club, 홈플러스 더 클럽
[2019-08-28 00:10:23,594][DEBUG|rankingParser.py:18] >> 55, com.TouchEn.mVaccine.webs, 터치엔 엠백신 for Web(기업용)
[2019-08-28 00:10:23,597][DEBUG|rankingParser.py:18] >> 56, com.nhn.android.webtoon, 네이버 웹툰 - Naver Webtoon
[2019-08-28 00:10:23,600][DEBUG|rankingParser.py:18] >> 57, com.nhn.android.ndrive, 네이버 클라우드 - NAVER Cloud
[2019-08-28 00:10:23,603][DEBUG|rankingParser.py:18] >> 58, com.chbreeze.jikbang4a, 직방 - 2,000만명이 선택한 No.1 부동산 앱(아파트,아파트분양,원룸,오피스텔,빌라)
[2019-08-28 00:10:23,607][DEBUG|rankingParser.py:18] >> 59, net.daum.android.daum, 다음 - Daum
[2019-08-28 00:10:23,609][DEBUG|rankingParser.py:18] >> 60, com.sec.android.app.voicenote, 삼성 음성 녹음
[2019-08-28 00:10:23,611][DEBUG|rankingParser.py:18] >> 61, com.kscc.xzz.mbl, [공식]시외버스모바일
[2019-08-28 00:10:23,625][DEBUG|rankingParser.py:18] >> 62, kr.co.samsungcard.mpocket, 삼성앱카드 - 내 폰 안의 삼성카드
[2019-08-28 00:10:23,627][DEBUG|rankingParser.py:18] >> 63, com.kakao.story, 카카오스토리 KakaoStory
[2019-08-28 00:10:23,628][DEBUG|rankingParser.py:18] >> 64, kr.co.quicket, 번개장터 - 모바일 최대 중고마켓 앱(중고나라,중고차)
[2019-08-28 00:10:23,630][DEBUG|rankingParser.py:18] >> 65, kr.backpackr.me.idus, 아이디어스(idus) - 핸드메이드/수공예 장터
[2019-08-28 00:10:23,633][DEBUG|rankingParser.py:18] >> 66, net.bucketplace, 오늘의집 - 600만이 선택한 No.1 인테리어 필수앱
[2019-08-28 00:10:23,634][DEBUG|rankingParser.py:18] >> 67, com.google.android.apps.translate, Google 번역
[2019-08-28 00:10:23,650][DEBUG|rankingParser.py:18] >> 68, kr.goodchoice.abouthere, 여기어때 - 대한민국 1등 종합숙박앱
[2019-08-28 00:10:23,651][DEBUG|rankingParser.py:18] >> 69, kr.go.kcs.mobile.pubservice, 모바일 관세청
[2019-08-28 00:10:23,655][DEBUG|rankingParser.py:18] >> 70, com.shinhan.sbanking, 신한 쏠(SOL) – 신한은행 스마트폰뱅킹
[2019-08-28 00:10:23,657][DEBUG|rankingParser.py:18] >> 71, com.kbcard.kbkookmincard, KB국민카드
[2019-08-28 00:10:23,662][DEBUG|rankingParser.py:18] >> 72, com.wemakeprice, 위메프 - 특가대표 (특가 / 쇼핑 / 쇼핑앱 / 쿠폰 / 배송)
[2019-08-28 00:10:23,664][DEBUG|rankingParser.py:18] >> 73, net.cj.cjhv.gs.tving, 티빙(TVING) - 실시간TV, 방송VOD, 영화VOD
[2019-08-28 00:10:23,666][DEBUG|rankingParser.py:18] >> 74, com.linecorp.b612.android, B612 - 뷰티 효과, 감성필터, 셀피 카메라
[2019-08-28 00:10:23,669][DEBUG|rankingParser.py:18] >> 75, com.himart.main, 롯데 ON - 롯데하이마트
[2019-08-28 00:10:23,671][DEBUG|rankingParser.py:18] >> 76, com.omnitel.android.lottewebview, 롯데홈쇼핑 – 롯데 ON
[2019-08-28 00:10:23,674][DEBUG|rankingParser.py:18] >> 77, com.rainist.banksalad2, 뱅크샐러드 - 신경꺼도 내 돈 관리 (통합 자산관리, 자동 가계부)
[2019-08-28 00:10:23,679][DEBUG|rankingParser.py:18] >> 78, com.shcard.smartpay, 신한페이판
[2019-08-28 00:10:23,681][DEBUG|rankingParser.py:18] >> 79, com.google.android.apps.youtube.kids, YouTube Kids
[2019-08-28 00:10:23,683][DEBUG|rankingParser.py:18] >> 80, nh.smart.nhcok, NH콕뱅크
[2019-08-28 00:10:23,685][DEBUG|rankingParser.py:18] >> 81, com.ahnlab.v3mobilesecurity.soda, V3 Mobile Security - 무료 백신/부스터/앱잠금
[2019-08-28 00:10:23,687][DEBUG|rankingParser.py:18] >> 82, com.kbcard.cxh.appcard, KB국민 앱카드
[2019-08-28 00:10:23,689][DEBUG|rankingParser.py:18] >> 83, com.samsung.android.voc, Samsung Members
[2019-08-28 00:10:23,692][DEBUG|rankingParser.py:18] >> 84, org.kftc.fido.lnk.lnk_app, 바이오인증 공동앱
[2019-08-28 00:10:23,694][DEBUG|rankingParser.py:18] >> 85, com.skb.btvmobile, oksusu
[2019-08-28 00:10:23,698][DEBUG|rankingParser.py:18] >> 86, kr.co.emart.emartmall, 이마트몰 – emart mall
[2019-08-28 00:10:23,700][DEBUG|rankingParser.py:18] >> 87, com.sec.android.app.shealth, Samsung Health(삼성 헬스)
[2019-08-28 00:10:23,704][DEBUG|rankingParser.py:18] >> 88, kr.co.beautynet.missha, 미샤
[2019-08-28 00:10:23,706][DEBUG|rankingParser.py:18] >> 89, com.lge.lgemembership, LG전자 멤버십
[2019-08-28 00:10:23,736][DEBUG|rankingParser.py:18] >> 90, kr.co.nowcom.mobile.afreeca, 아프리카TV - AfreecaTV
[2019-08-28 00:10:23,737][DEBUG|rankingParser.py:18] >> 91, com.kakaopay.app, 카카오페이
[2019-08-28 00:10:23,739][DEBUG|rankingParser.py:18] >> 92, net.ib.android.smcard, 삼성카드
[2019-08-28 00:10:23,743][DEBUG|rankingParser.py:18] >> 93, com.samsung.android.app.notes, Samsung Notes
[2019-08-28 00:10:23,745][DEBUG|rankingParser.py:18] >> 94, com.tmon, 티몬 - 매주 월요일은 티몬데이
[2019-08-28 00:10:23,748][DEBUG|rankingParser.py:18] >> 95, com.cgv.android.movieapp, CGV
[2019-08-28 00:10:23,757][DEBUG|rankingParser.py:18] >> 96, sg.bigo.live, Bigo Live (비고라이브) – 라이브 개인방송
[2019-08-28 00:10:23,766][DEBUG|rankingParser.py:18] >> 97, com.nbt.moves, 캐시슬라이드 스텝업 - 걸음에 혜택을 더하다
[2019-08-28 00:10:23,769][DEBUG|rankingParser.py:18] >> 98, tw.mobileapp.qrcode.banner, QR 코드 리더/바코드 스캐너
[2019-08-28 00:10:23,772][DEBUG|rankingParser.py:18] >> 99, com.mcdonalds.mobileapp, 맥도날드
[2019-08-28 00:10:23,773][DEBUG|rankingParser.py:18] >> 100, com.hpapp, 해피포인트
[2019-08-28 00:10:23,776][DEBUG|rankingParser.py:18] >> 101, com.scbank.ma30, SC제일은행 모바일뱅킹
[2019-08-28 00:10:23,779][DEBUG|rankingParser.py:18] >> 102, kr.co.alba.webappalba.m, 알바천국- 알바 구인구직 포털서비스
[2019-08-28 00:10:23,781][DEBUG|rankingParser.py:18] >> 103, com.skplanet.tmaptaxi.android.passenger, T map 택시 - 티맵택시,T맵택시
[2019-08-28 00:10:23,784][DEBUG|rankingParser.py:18] >> 104, kr.perfectree.heydealer, 헤이딜러, +100만원 내차팔기 앱
[2019-08-28 00:10:23,786][DEBUG|rankingParser.py:18] >> 105, com.goodplay.a511best, 착한 음악다운 플레이
[2019-08-28 00:10:23,789][DEBUG|rankingParser.py:18] >> 106, com.croquis.zigzag, 지그재그 - 여성쇼핑몰 모음, 쇼핑몰순위
[2019-08-28 00:10:23,793][DEBUG|rankingParser.py:18] >> 107, com.nhn.android.navercafe, 네이버 카페  - Naver Cafe
[2019-08-28 00:10:23,796][DEBUG|rankingParser.py:18] >> 108, teamDoppelGanger.SmarterSubway, 지하철 종결자 : Smarter Subway
[2019-08-28 00:10:23,799][DEBUG|rankingParser.py:18] >> 109, com.shs.songain, 송가인 노래듣기 - 히트곡, 방송 영상, 공연 영상, 7080 트로트 메들리 감상
[2019-08-28 00:10:23,801][DEBUG|rankingParser.py:18] >> 110, com.ktmusic.geniemusic, 지니 뮤직 - genie
[2019-08-28 00:10:23,803][DEBUG|rankingParser.py:18] >> 111, com.elevenst, 11번가
[2019-08-28 00:10:23,805][DEBUG|rankingParser.py:18] >> 112, kr.co.station3.dabang, 다방-대한민국 부동산 매물 최다보유(원룸 오피스텔 아파트 분양 월세)
[2019-08-28 00:10:23,809][DEBUG|rankingParser.py:18] >> 113, com.titicacacorp.triple, 트리플 - 해외여행 가이드
[2019-08-28 00:10:23,812][DEBUG|rankingParser.py:18] >> 114, com.nhnent.payapp, PAYCO - 페이코, 혜택까지 똑똑한 간편결제
[2019-08-28 00:10:23,813][DEBUG|rankingParser.py:18] >> 115, com.gsr.gs25, 나만의냉장고
[2019-08-28 00:10:23,816][DEBUG|rankingParser.py:18] >> 116, com.astroframe.seoulbus, 카카오버스
[2019-08-28 00:10:23,819][DEBUG|rankingParser.py:18] >> 117, com.google.android.apps.tachyon, Google Duo - 고화질 화상 통화
[2019-08-28 00:10:23,822][DEBUG|rankingParser.py:18] >> 118, com.wooribank.pib.smart, 우리은행 원터치개인뱅킹
[2019-08-28 00:10:23,824][DEBUG|rankingParser.py:18] >> 119, kr.co.hpoint.hdgm, H.Point-현대백화점그룹
[2019-08-28 00:10:23,825][DEBUG|rankingParser.py:18] >> 120, nh.smart.allonebank, 올원뱅크(All One Bank)
[2019-08-28 00:10:23,827][DEBUG|rankingParser.py:18] >> 121, com.google.android.apps.youtube.music, YouTube Music
[2019-08-28 00:10:23,830][DEBUG|rankingParser.py:18] >> 122, com.lcacApp, 롯데카드(+앱카드)
[2019-08-28 00:10:23,832][DEBUG|rankingParser.py:18] >> 123, socar.Socar, 쏘카 - 1등 카셰어링
[2019-08-28 00:10:23,834][DEBUG|rankingParser.py:18] >> 124, com.hanabank.ebk.channel.android.hananbank, 하나원큐 - KEB하나은행 스마트폰뱅킹
[2019-08-28 00:10:23,839][DEBUG|rankingParser.py:18] >> 125, com.bestringtonesapps.freeringtonesforandroid, 무료 벨소리 Android™ 전용
[2019-08-28 00:10:23,843][DEBUG|rankingParser.py:18] >> 126, com.skp.seio, SEIO Agent
[2019-08-28 00:10:23,848][DEBUG|rankingParser.py:18] >> 127, com.samsungfire.insurance, 삼성화재
[2019-08-28 00:10:23,860][DEBUG|rankingParser.py:18] >> 128, com.google.android.music, Google Play Music
[2019-08-28 00:10:23,862][DEBUG|rankingParser.py:18] >> 129, com.twitter.android, 트위터
[2019-08-28 00:10:23,867][DEBUG|rankingParser.py:18] >> 130, com.hnsmall, 홈앤쇼핑 –오직 앱에서만.  10%할인 + 10%적립
[2019-08-28 00:10:23,869][DEBUG|rankingParser.py:18] >> 131, com.ebay.kr.gmarket, 쇼핑을 바꾸는 쇼핑. G마켓
[2019-08-28 00:10:23,871][DEBUG|rankingParser.py:18] >> 132, com.payprotocol.walletkr, PayProtocol Wallet(페이 프로토콜) - PCI(페이코인) 결제/송금
[2019-08-28 00:10:23,885][DEBUG|rankingParser.py:18] >> 133, com.kftc.payinfo.android, 어카운트인포-계좌정보통합관리
[2019-08-28 00:10:23,887][DEBUG|rankingParser.py:18] >> 134, free.vpn.unblock.proxy.turbovpn, Turbo VPN –무제한 무료 VPN & 빠른 보안 프록시 접속
[2019-08-28 00:10:23,889][DEBUG|rankingParser.py:18] >> 135, com.cjkoreaexpress, CJ대한통운 택배
[2019-08-28 00:10:23,891][DEBUG|rankingParser.py:18] >> 136, com.discord, Discord - 게이머를 위한 메신저
[2019-08-28 00:10:23,893][DEBUG|rankingParser.py:18] >> 137, com.samsung.android.app.watchmanager, Galaxy Wearable (Samsung Gear)
[2019-08-28 00:10:23,895][DEBUG|rankingParser.py:18] >> 138, com.kakao.playball, Kakao TV Live - 카카오 TV 라이브
[2019-08-28 00:10:23,896][DEBUG|rankingParser.py:18] >> 139, com.chsapps.songain, 송가인 노래듣기 - 히트곡, 방송 영상, 최신 공연 영상
[2019-08-28 00:10:23,898][DEBUG|rankingParser.py:18] >> 140, kr.go.minwon.m, 정부24(구 민원24)
[2019-08-28 00:10:23,901][DEBUG|rankingParser.py:18] >> 141, com.banhala.android, 에이블리 - 셀럽마켓 모음앱
[2019-08-28 00:10:23,918][DEBUG|rankingParser.py:18] >> 142, com.ktcs.whowho, 후후 – 스팸 차단 국민 1등 전화 앱
[2019-08-28 00:10:23,920][DEBUG|rankingParser.py:18] >> 143, jp.naver.line.android, 라인 LINE
[2019-08-28 00:10:23,922][DEBUG|rankingParser.py:18] >> 144, uplus.membership, U+멤버스 - 멤버십 할인,소액결제,포인트,쿠폰
[2019-08-28 00:10:23,926][DEBUG|rankingParser.py:18] >> 145, kr.co.shiftworks.vguardweb, VG 기업용 Web SDK
[2019-08-28 00:10:23,928][DEBUG|rankingParser.py:18] >> 146, org.telegram.messenger, 텔레그램 공식 앱 Telegram
[2019-08-28 00:10:23,930][DEBUG|rankingParser.py:18] >> 147, com.kakao.page, 카카오페이지 KakaoPage
[2019-08-28 00:10:23,933][DEBUG|rankingParser.py:18] >> 148, com.starbucks.co, 스타벅스
[2019-08-28 00:10:23,938][DEBUG|rankingParser.py:18] >> 149, tv.jamlive, 잼라이브 (JAM LIVE) - 실시간 퀴즈쇼
[2019-08-28 00:10:23,940][DEBUG|rankingParser.py:18] >> 150, com.samsung.android.oneconnect, SmartThings
[2019-08-28 00:10:23,942][DEBUG|rankingParser.py:18] >> 151, com.albamon.app, 알바몬 - 알바 채용 구인구직 취업정보검색
[2019-08-28 00:10:23,944][DEBUG|rankingParser.py:18] >> 152, com.yourtube.cash, 튜브캐시 - No.1 돈버는 유튜브
[2019-08-28 00:10:23,946][DEBUG|rankingParser.py:18] >> 153, com.alibaba.aliexpresshd, AliExpress - 스마트한쇼핑, 더즐거운생활
[2019-08-28 00:10:23,948][DEBUG|rankingParser.py:18] >> 154, com.google.android.apps.photos, Google 포토
[2019-08-28 00:10:23,949][DEBUG|rankingParser.py:18] >> 155, kr.co.millie.millieshelf, 밀리의 서재 - 독서와 무제한 친해지리
[2019-08-28 00:10:23,950][DEBUG|rankingParser.py:18] >> 156, com.microsoft.skydrive, Microsoft OneDrive
[2019-08-28 00:10:23,953][DEBUG|rankingParser.py:18] >> 157, net.daum.android.cafe, 다음 카페 - Daum Cafe
[2019-08-28 00:10:23,956][DEBUG|rankingParser.py:18] >> 158, com.interpark.shop, 인터파크
[2019-08-28 00:10:23,958][DEBUG|rankingParser.py:18] >> 159, com.shinhancard.smartshinhan, 신한카드
[2019-08-28 00:10:23,960][DEBUG|rankingParser.py:18] >> 160, teamdoppelganger.smarterbus, 전국 스마트 버스
[2019-08-28 00:10:23,963][DEBUG|rankingParser.py:18] >> 161, kr.co.ivlog.mobile.app.cjonecard, CJ ONE
[2019-08-28 00:10:23,965][DEBUG|rankingParser.py:18] >> 162, me.mycake, Cake(케이크): 영어 회화, 스피킹, 리스닝 모두 해결
[2019-08-28 00:10:23,967][DEBUG|rankingParser.py:18] >> 163, com.mathpresso.qanda, 콴다: 수학 5초 풀이 검색
[2019-08-28 00:10:23,970][DEBUG|rankingParser.py:18] >> 164, com.gmong.songgain, 송가인 노래모음 무료듣기 - 미스트롯 송가인 노래와 영상 모음
[2019-08-28 00:10:23,973][DEBUG|rankingParser.py:18] >> 165, com.uxlayer.wipoint, 다이소 멤버십
[2019-08-28 00:10:23,974][DEBUG|rankingParser.py:18] >> 166, com.naver.vapp, 글로벌 스타 라이브 앱 V LIVE
[2019-08-28 00:10:23,976][DEBUG|rankingParser.py:18] >> 167, com.lumensoft.touchenappfree, 앱프리 - 전자서명, 앱프리
[2019-08-28 00:10:23,984][DEBUG|rankingParser.py:18] >> 168, com.dbs.kurly.m2, 마켓컬리-내일의 장보기
[2019-08-28 00:10:23,986][DEBUG|rankingParser.py:18] >> 169, com.lge.mobilemigration, LG 모바일 스위치 (보내기)
[2019-08-28 00:10:23,988][DEBUG|rankingParser.py:18] >> 170, com.megabox.mop, 메가박스(MEGABOX)
[2019-08-28 00:10:23,990][DEBUG|rankingParser.py:18] >> 171, gsshop.mobile.v2, GS SHOP - 당신의 가장 좋은 선택을 만듭니다
[2019-08-28 00:10:23,992][DEBUG|rankingParser.py:18] >> 172, com.dencreak.dlcalculator, 똑똑계산기 - 무료 다용도 계산기
[2019-08-28 00:10:23,995][DEBUG|rankingParser.py:18] >> 173, com.xiaomi.hm.health, Mi Fit
[2019-08-28 00:10:23,998][DEBUG|rankingParser.py:18] >> 174, faceapp.magikoly.exploreandhavefun, Magikoly–만화 필터, 페이스앱, 페이스 에디터, 얼굴 노화, 성별 전환, 인종 분석
[2019-08-28 00:10:24,000][DEBUG|rankingParser.py:18] >> 175, com.incruit.albacall, 알바콜 – 바로면접 알바앱
[2019-08-28 00:10:24,001][DEBUG|rankingParser.py:18] >> 176, com.microsoft.office.excel, Microsoft Excel: 스프레드시트 보기, 편집 및 만들기
[2019-08-28 00:10:24,003][DEBUG|rankingParser.py:18] >> 177, com.nhn.android.addressbookbackup, 네이버 주소록 & 다이얼 - Naver Contacts
[2019-08-28 00:10:24,005][DEBUG|rankingParser.py:18] >> 178, me.chatie, 채티
[2019-08-28 00:10:24,007][DEBUG|rankingParser.py:18] >> 179, net.orizinal.subway, 카카오지하철 (지하철 내비게이션 3.0)
[2019-08-28 00:10:24,011][DEBUG|rankingParser.py:18] >> 180, com.hmallapp, 현대Hmall - 홈쇼핑, 백화점
[2019-08-28 00:10:24,015][DEBUG|rankingParser.py:18] >> 181, com.cjoshppingphone, CJmall
[2019-08-28 00:10:24,017][DEBUG|rankingParser.py:18] >> 182, com.infraware.office.link, 폴라리스 오피스 - 무료 한글, 오피스 문서 + PDF,  텍스트 뷰어
[2019-08-28 00:10:24,019][DEBUG|rankingParser.py:18] >> 183, kr.co.company.hwahae, 화해 - 6년 연속 1위 화장품 앱
[2019-08-28 00:10:24,021][DEBUG|rankingParser.py:18] >> 184, com.mcnc.parecis.hrdkorea.qnet, Q-Net 큐넷(자격의 모든 것)
[2019-08-28 00:10:24,023][DEBUG|rankingParser.py:18] >> 185, com.dho.mobilefax, 모바일팩스
[2019-08-28 00:10:24,025][DEBUG|rankingParser.py:18] >> 186, com.quvideo.xiaoying, VivaVideo - 동영상 편집 & 카메라 필터
[2019-08-28 00:10:24,027][DEBUG|rankingParser.py:18] >> 187, app.zenly.locator, Zenly - 친한 친구끼리
[2019-08-28 00:10:24,029][DEBUG|rankingParser.py:18] >> 188, tv.twitch.android.app, Twitch: 리그 오브 레전드, Hearthstone, MMO 게임 스트리밍 라이브 시청
[2019-08-28 00:10:24,031][DEBUG|rankingParser.py:18] >> 189, com.hcom.android, 호텔스닷컴: 최저가 객실, 호텔, 펜션 리조트를 최고 평점 숙박 어플로 예약하세요
[2019-08-28 00:10:24,035][DEBUG|rankingParser.py:18] >> 190, kr.go.keis.worknet, 워크넷(WorkNet)
[2019-08-28 00:10:24,037][DEBUG|rankingParser.py:18] >> 191, com.naversite.vio, 티비다시보기무료어플-스마일티비
[2019-08-28 00:10:24,040][DEBUG|rankingParser.py:18] >> 192, com.tencent.mm, WeChat
[2019-08-28 00:10:24,048][DEBUG|rankingParser.py:18] >> 193, com.socialnmobile.dictapps.notepad.color.note, 컬러노트 메모장 - 노트 메모 위젯
[2019-08-28 00:10:24,050][DEBUG|rankingParser.py:18] >> 194, com.uplus.onphone, U+모바일tv-실시간TV,TV다시보기,최신영화
[2019-08-28 00:10:24,052][DEBUG|rankingParser.py:18] >> 195, kr.co.ssg, SSG.COM
[2019-08-28 00:10:24,055][DEBUG|rankingParser.py:18] >> 196, kr.tripstore.tripstore, 트립스토어 - No.1 해외패키지여행 가격비교 및 예약
[2019-08-28 00:10:24,057][DEBUG|rankingParser.py:18] >> 197, com.google.android.projection.gearhead, Android Auto - 호환되는 차량 및 헤드유닛용
[2019-08-28 00:10:24,059][DEBUG|rankingParser.py:18] >> 198, com.skt.massivear, Jump AR
[2019-08-28 00:10:24,062][DEBUG|rankingParser.py:18] >> 199, com.naver.vibe, VIBE (바이브)
[2019-08-28 00:10:24,064][DEBUG|rankingParser.py:18] >> 200, com.sec.penup, PENUP (펜업) - 그림 공유 SNS
[2019-08-28 00:10:37,437][DEBUG|rankingParser.py:18] >> 1, kr.co.lylstudio.unicorn, 유니콘:광고차단 필수 애드블록
[2019-08-28 00:10:37,481][DEBUG|rankingParser.py:18] >> 2, com.godpeople.GPBIBLE, 갓피플성경
[2019-08-28 00:10:37,484][DEBUG|rankingParser.py:18] >> 3, com.newin.nplayer.pro, nPlayer
[2019-08-28 00:10:37,509][DEBUG|rankingParser.py:18] >> 4, me.sovs.sovs, SOVS - 촬영부탁 필수앱
[2019-08-28 00:10:37,513][DEBUG|rankingParser.py:18] >> 5, eyu.on.pica, @picn2k camera (피크닉 카메라)
[2019-08-28 00:10:37,515][DEBUG|rankingParser.py:18] >> 6, com.etoos.wordmaster.sat20002018, Word master 워드마스터 수능 2000(18개정)
[2019-08-28 00:10:37,517][DEBUG|rankingParser.py:18] >> 7, com.mxtech.videoplayer.pro, MX 플레이어 Pro
[2019-08-28 00:10:37,519][DEBUG|rankingParser.py:18] >> 8, com.mesoft.meplayer, 영화보며 영어공부 - 배속재생 미플레이어무비프로 어학용 동영상 플레이어
[2019-08-28 00:10:37,538][DEBUG|rankingParser.py:18] >> 9, com.cloudmosa.puffin, Puffin Browser Pro
[2019-08-28 00:10:37,553][DEBUG|rankingParser.py:18] >> 10, com.acadoid.lecturenotes, LectureNotes
[2019-08-28 00:10:37,556][DEBUG|rankingParser.py:18] >> 11, com.utorrent.client.pro, µTorrent® Pro - Torrent App
[2019-08-28 00:10:37,561][DEBUG|rankingParser.py:18] >> 12, com.noctuasoftware.stellarium, Stellarium Mobile 하늘지도
[2019-08-28 00:10:37,564][DEBUG|rankingParser.py:18] >> 13, com.choco.silentmode, 무음모드 (순정 무음카메라)
[2019-08-28 00:10:37,567][DEBUG|rankingParser.py:18] >> 14, com.teslacoilsw.launcher.prime, Nova Launcher Prime
[2019-08-28 00:10:37,570][DEBUG|rankingParser.py:18] >> 15, com.hs.toeic5finish, 토익 PART5 종결자
[2019-08-28 00:10:37,572][DEBUG|rankingParser.py:18] >> 16, com.hancom.office.hwp.editor.hwp_apk.gplaystore, 한컴오피스 한글 2014
[2019-08-28 00:10:37,574][DEBUG|rankingParser.py:18] >> 17, com.vitotechnology.SolarWalk2, Solar Walk 2 - 태양계로 떠나는 여행, 우주 시뮬레이션
[2019-08-28 00:10:37,590][DEBUG|rankingParser.py:18] >> 18, com.monotype.android.font.aa16yearsold, Aa십육살™ 한국어 Flipfont
[2019-08-28 00:10:37,592][DEBUG|rankingParser.py:18] >> 19, kr.pe.designerj.airbudspopup, AirBuds Popup - airpod battery app (1st gen)
[2019-08-28 00:10:37,594][DEBUG|rankingParser.py:18] >> 20, com.etoos.wordmaster.sat20002016, Word master 워드마스터 수능 2000(개정)
[2019-08-28 00:10:37,597][DEBUG|rankingParser.py:18] >> 21, net.saltycrackers.daygram, 데이그램 - 하루 한줄 일기장
[2019-08-28 00:10:37,599][DEBUG|rankingParser.py:18] >> 22, com.flyersoft.moonreaderp, Moon+ Reader Pro (50% OFF)
[2019-08-28 00:10:37,601][DEBUG|rankingParser.py:18] >> 23, com.marinetraffic.android, MarineTraffic ship positions
[2019-08-28 00:10:37,603][DEBUG|rankingParser.py:18] >> 24, com.realbyteapps.moneya, 편한가계부 (+음성, PC)
[2019-08-28 00:10:37,609][DEBUG|rankingParser.py:18] >> 25, com.monotype.android.font.aaracoongulim, Aa너구리굴림™ 한국어 Flipfont
[2019-08-28 00:10:37,626][DEBUG|rankingParser.py:18] >> 26, com.monotype.android.font.aaflutter, Aa설렘주의™ 한국어 Flipfont
[2019-08-28 00:10:37,628][DEBUG|rankingParser.py:18] >> 27, die.diewithme, Die With Me
[2019-08-28 00:10:37,630][DEBUG|rankingParser.py:18] >> 28, slide.watchFrenzy.premium, Watch Face -WatchMaker Premium for Android Wear OS
[2019-08-28 00:10:37,631][DEBUG|rankingParser.py:18] >> 29, org.prowl.torque, Torque Pro (OBD2 / 자동차)
[2019-08-28 00:10:37,633][DEBUG|rankingParser.py:18] >> 30, org.androidtown.jckoreanradio, JC 한국 라디오 Premium
[2019-08-28 00:10:37,636][DEBUG|rankingParser.py:18] >> 31, com.intsig.BizCardReader, CamCard (명함스캐너 한글 한자 일어 동시인식)
[2019-08-28 00:10:37,638][DEBUG|rankingParser.py:18] >> 32, com.jpbrothers.android.pictail.sub6, 픽테일 - Limited Edition
[2019-08-28 00:10:37,641][DEBUG|rankingParser.py:18] >> 33, noad.geulga, 아라-만화뷰어,텍스트뷰어,스캔뷰어,소설뷰어
[2019-08-28 00:10:37,648][DEBUG|rankingParser.py:18] >> 34, com.panda.gamepad, Panda Gamepad Pro (BETA)
[2019-08-28 00:10:37,652][DEBUG|rankingParser.py:18] >> 35, com.maxmpz.audioplayer.unlock, Poweramp Full Version Unlocker
[2019-08-28 00:10:37,655][DEBUG|rankingParser.py:18] >> 36, net.dinglisch.android.taskerm, Tasker
[2019-08-28 00:10:37,659][DEBUG|rankingParser.py:18] >> 37, com.intermedia.hd.camera.pro, HD 카메라 PRO  : 최고의 전문 카메라 응용 프로그램
[2019-08-28 00:10:37,682][DEBUG|rankingParser.py:18] >> 38, com.etoos.wordmaster.highbasic2016, Word Master 워드마스터 고등 BASIC
[2019-08-28 00:10:37,684][DEBUG|rankingParser.py:18] >> 39, com.jake.TouchMacro, 터치매크로-자동터치
[2019-08-28 00:10:37,686][DEBUG|rankingParser.py:18] >> 40, com.ccswe.appmanagerpro, CCSWE App Manager Pro License
[2019-08-28 00:10:37,688][DEBUG|rankingParser.py:18] >> 41, com.extreamsd.usbaudioplayerpro, USB Audio Player PRO
[2019-08-28 00:10:37,691][DEBUG|rankingParser.py:18] >> 42, com.screwbar.gudakcamera, 구닥
[2019-08-28 00:10:37,692][DEBUG|rankingParser.py:18] >> 43, com.tss21.input.korean, TS 한글 키보드 Pro-천지인2
[2019-08-28 00:10:37,694][DEBUG|rankingParser.py:18] >> 44, com.hs.sutuksuwan20plus, 20 수특+수완 단어Plus: 빈출 우선 단어 총정리
[2019-08-28 00:10:37,696][DEBUG|rankingParser.py:18] >> 45, com.apptrio.hi_fi_status, Hi-Fi Status(LG)
[2019-08-28 00:10:37,697][DEBUG|rankingParser.py:18] >> 46, com.pixelcurves.tlauncher, TL Mods
[2019-08-28 00:10:37,703][DEBUG|rankingParser.py:18] >> 47, com.unito.playdiumar, REAL AR - HABIN
[2019-08-28 00:10:37,705][DEBUG|rankingParser.py:18] >> 48, com.intsig.lic.camscanner, CamScanner (License)
[2019-08-28 00:10:37,709][DEBUG|rankingParser.py:18] >> 49, jp.snowlife01.android.mutecamera, 무음모드Pro
[2019-08-28 00:10:37,713][DEBUG|rankingParser.py:18] >> 50, com.jetappfactory.jetaudioplus, 제트오디오 플러스 - 고해상도 음원 재생 뮤직 플레이어
[2019-08-28 00:10:37,716][DEBUG|rankingParser.py:18] >> 51, psyberia.alpinequest.full, AlpineQuest Off-Road Explorer
[2019-08-28 00:10:37,718][DEBUG|rankingParser.py:18] >> 52, bruenor.magicbox, Magic DosBox
[2019-08-28 00:10:37,720][DEBUG|rankingParser.py:18] >> 53, com.tistory.es1015.kakao.theme.check2, 노트 카톡테마 - 심플 카톡테마 8.0.0
[2019-08-28 00:10:37,722][DEBUG|rankingParser.py:18] >> 54, com.irmavep.app.libro, 책꽂이+ (독서기록, 도서관리)
[2019-08-28 00:10:37,725][DEBUG|rankingParser.py:18] >> 55, com.etoos.wordmaster.midhighlevel2016, Word Master 워드마스터 중등 고난도(개정)
[2019-08-28 00:10:37,729][DEBUG|rankingParser.py:18] >> 56, com.orux.oruxmapsDonate, 오룩스맵 도네이트
[2019-08-28 00:10:37,731][DEBUG|rankingParser.py:18] >> 57, com.defianttech.diskdiggerpro, DiskDigger Pro file recovery
[2019-08-28 00:10:37,735][DEBUG|rankingParser.py:18] >> 58, com.softchaser.iKnowYouP, 지피지기 (사주,운세,궁합,토정비결,이름,해몽)
[2019-08-28 00:10:37,737][DEBUG|rankingParser.py:18] >> 59, com.monotype.android.font.enamored365, 365홀딱반했어™ 한국어 Flipfont
[2019-08-28 00:10:37,739][DEBUG|rankingParser.py:18] >> 60, com.realnumworks.focustimerpro, FocusTimer Pro - 공부 습관이 바뀌는 앱
[2019-08-28 00:10:37,742][DEBUG|rankingParser.py:18] >> 61, com.kakao.talk.theme.Okcheori_Iceflakes, 옥철이_빙수 카톡테마
[2019-08-28 00:10:37,744][DEBUG|rankingParser.py:18] >> 62, com.vitotechnology.StarWalk2, Star Walk 2 - 하늘지도：별자리 찾기, 스타지도, 증강 현실 천문학
[2019-08-28 00:10:37,747][DEBUG|rankingParser.py:18] >> 63, com.quvideo.xiaoying.pro, VivaVideo PRO 비디오 편집 HD
[2019-08-28 00:10:37,750][DEBUG|rankingParser.py:18] >> 64, com.monotype.android.font.badhandwriting365, 365발꾸락글씨™ 한국어 Flipfont
[2019-08-28 00:10:37,755][DEBUG|rankingParser.py:18] >> 65, xyz.masmas.film.cloudy, 클라우디 필름 - 흐림 필터 완벽 구현!
[2019-08-28 00:10:37,760][DEBUG|rankingParser.py:18] >> 66, com.monotype.android.font.aakingoffont, Aa폰트의왕™ 한국어 Flipfont
[2019-08-28 00:10:37,763][DEBUG|rankingParser.py:18] >> 67, com.imageline.FLM, FL Studio Mobile
[2019-08-28 00:10:37,765][DEBUG|rankingParser.py:18] >> 68, com.etoos.wordmaster.hyper20002016, Word Master 워드마스터 하이퍼 2000(개정)
[2019-08-28 00:10:37,769][DEBUG|rankingParser.py:18] >> 69, com.advasoft.touchretouch, TouchRetouch
[2019-08-28 00:10:37,773][DEBUG|rankingParser.py:18] >> 70, com.orangeorapple.flashcards, Flashcards Deluxe
[2019-08-28 00:10:37,775][DEBUG|rankingParser.py:18] >> 71, com.monotype.android.font.typotopstudent, TYPO전교일등™ 한국어 Flipfont
[2019-08-28 00:10:37,779][DEBUG|rankingParser.py:18] >> 72, com.doosandonga.app.dictionary.primeengkor, 프라임 영한한영사전
[2019-08-28 00:10:37,784][DEBUG|rankingParser.py:18] >> 73, com.binibambini.Mini, 어린이를 위한 그리기! 점선 따라 그리기!
[2019-08-28 00:10:37,788][DEBUG|rankingParser.py:18] >> 74, com.etoos.wordmaster.midskill2016, Word Master 워드마스터 중등 실력
[2019-08-28 00:10:37,791][DEBUG|rankingParser.py:18] >> 75, com.skydoves.secretreocder, 비밀녹음 프로 (Secret Recorder Pro) - 녹음기, 강의녹음, 몰래녹음
[2019-08-28 00:10:37,795][DEBUG|rankingParser.py:18] >> 76, com.gryffindor.pinkeye, 필름 로지 - Feelm Rosy
[2019-08-28 00:10:37,805][DEBUG|rankingParser.py:18] >> 77, com.entusapps.play2, PL@Y 2 - 프리미엄 티켓북 + 포토캘린더 ( 플레이앱, PL@Y2 )
[2019-08-28 00:10:37,807][DEBUG|rankingParser.py:18] >> 78, com.devguru.ntwomon, Twomon SE (투몬 SE) - 휴대용 디스플레이, USB 모니터
[2019-08-28 00:10:37,809][DEBUG|rankingParser.py:18] >> 79, com.etoos.wordmaster.midbasic2016, Word Master 워드마스터 중등 기초
[2019-08-28 00:10:37,811][DEBUG|rankingParser.py:18] >> 80, com.kmshack.mute, 무음모드 ᴾᴿᴼ (기본 카메라 무음)
[2019-08-28 00:10:37,813][DEBUG|rankingParser.py:18] >> 81, com.digipom.easyvoicerecorder.pro, 이지 보이스 레코더 프로
[2019-08-28 00:10:37,815][DEBUG|rankingParser.py:18] >> 82, kr.co.bausoft.JpmrM, 강헌의 좌파명리학
[2019-08-28 00:10:37,817][DEBUG|rankingParser.py:18] >> 83, com.kakao.talk.theme.SummerShiba, 휴가중이다 시바 - 카카오톡 테마
[2019-08-28 00:10:37,842][DEBUG|rankingParser.py:18] >> 84, com.nhn.android.phrasebookplus, 네이버 15개국 글로벌회화 Plus-언어별 4000문장
[2019-08-28 00:10:37,844][DEBUG|rankingParser.py:18] >> 85, com.jb.babycrying_paid, 아기 울음 알리미 (아기 수면 모니터 & 알람 & 자장가)
[2019-08-28 00:10:37,845][DEBUG|rankingParser.py:18] >> 86, com.Appsticker2.Smart, 어플스티커 Pro [어플전환,빠른실행]
[2019-08-28 00:10:37,846][DEBUG|rankingParser.py:18] >> 87, com.daolsoft.ybmeke, YBM 올인올 영한영 플러스 사전
[2019-08-28 00:10:37,849][DEBUG|rankingParser.py:18] >> 88, com.minjok.pjdic, 친일인명사전
[2019-08-28 00:10:37,851][DEBUG|rankingParser.py:18] >> 89, com.monotype.android.font.aaloafaround, Aa빈둥글씨™ 한국어 Flipfont
[2019-08-28 00:10:37,859][DEBUG|rankingParser.py:18] >> 90, com.monotype.android.font.tsbananamilk, TS바나나우유 한국어 FlipFont
[2019-08-28 00:10:37,861][DEBUG|rankingParser.py:18] >> 91, kr.review.lifesaju, 현대사주 - 현대인을 위한 사주풀이 백과
[2019-08-28 00:10:37,863][DEBUG|rankingParser.py:18] >> 92, august.mendeleev.pro, 주기율표 2019 PRO - 화학
[2019-08-28 00:10:37,865][DEBUG|rankingParser.py:18] >> 93, com.tocaboca.tocahairsalon3, Toca Hair Salon 3
[2019-08-28 00:10:37,868][DEBUG|rankingParser.py:18] >> 94, com.wolfram.android.alpha, WolframAlpha
[2019-08-28 00:10:37,870][DEBUG|rankingParser.py:18] >> 95, com.michael.gospel.full, 미가엘 복음성가 (1000곡)
[2019-08-28 00:10:37,872][DEBUG|rankingParser.py:18] >> 96, com.kapp.ifont.donate, 아이폰트(글꼴 전문가)
[2019-08-28 00:10:37,874][DEBUG|rankingParser.py:18] >> 97, com.fenixx.gameboosterplus, Game Booster 🔧 4x Faster (with advance settings)
[2019-08-28 00:10:37,878][DEBUG|rankingParser.py:18] >> 98, com.modelmakertools.simplemindpro, SimpleMind Pro - Intuitive Mind Mapping
[2019-08-28 00:10:37,879][DEBUG|rankingParser.py:18] >> 99, handasoft.mobile.divination_pro, 2019 점신PRO : 오늘의 운세, 사주의 완전판
[2019-08-28 00:10:37,882][DEBUG|rankingParser.py:18] >> 100, com.arobasmusic.guitarpro, Guitar Pro
[2019-08-28 00:10:37,884][DEBUG|rankingParser.py:18] >> 101, com.venuskimblessing.youtuberepeat, 유튜브 반복해줘 Premium - 구간 반복 재생, 음악감상, 멀티태스킹 PIP
[2019-08-28 00:10:37,885][DEBUG|rankingParser.py:18] >> 102, new_chalkboard.katalk.crayon, 칠판 카카오톡 테마 VER2
[2019-08-28 00:10:37,888][DEBUG|rankingParser.py:18] >> 103, com.frozenape.tempo, Metronome: Tempo 메트로놈
[2019-08-28 00:10:37,889][DEBUG|rankingParser.py:18] >> 104, com.nicky.jiung.domagic, 우와! - 화면을 깨고 동전이 나오는 마술앱!
[2019-08-28 00:10:37,894][DEBUG|rankingParser.py:18] >> 105, com.filmic.filmicpro, FiLMiC Pro: 프로 HD 수동 비디오 카메라 어플
[2019-08-28 00:10:37,897][DEBUG|rankingParser.py:18] >> 106, com.vitotechnology.SolarWalk, Solar Walk - 태양계 시뮬레이션, 행성, 별, 혜성, 인공위성 및 기타 천체 3D
[2019-08-28 00:10:37,901][DEBUG|rankingParser.py:18] >> 107, inc.trilokia.pubgfxtool, PUB Gfx+ Tool🔧:#1 GFX Tool(with advance settings)
[2019-08-28 00:10:37,904][DEBUG|rankingParser.py:18] >> 108, com.enex2.popdiary, POPdiary+ : 일기, 다이어리
[2019-08-28 00:10:37,906][DEBUG|rankingParser.py:18] >> 109, com.myscript.nebo, MyScript Nebo 네보
[2019-08-28 00:10:37,908][DEBUG|rankingParser.py:18] >> 110, com.monotype.android.font.hummingsusu365, 365허밍슈슈™ 한국어 Flipfont
[2019-08-28 00:10:37,910][DEBUG|rankingParser.py:18] >> 111, com.voiceye.player.hymn, 찬양반주기(새찬송가)
[2019-08-28 00:10:37,912][DEBUG|rankingParser.py:18] >> 112, com.monotype.android.font.aagodsummer, Aa갓여름™ 한국어 Flipfont
[2019-08-28 00:10:37,913][DEBUG|rankingParser.py:18] >> 113, jjong.kim.securitycard_m_1500, 보안카드+ pro
[2019-08-28 00:10:37,915][DEBUG|rankingParser.py:18] >> 114, com.monotype.android.font.aamayfivedays, Aa오월오일™ 한국어 Flipfont
[2019-08-28 00:10:37,919][DEBUG|rankingParser.py:18] >> 115, com.runtastic.android.squats.pro, Runtastic Squats PRO스쿼트 다리살빼기
[2019-08-28 00:10:37,920][DEBUG|rankingParser.py:18] >> 116, com.speedsoftware.rootexplorer, Root Explorer
[2019-08-28 00:10:37,922][DEBUG|rankingParser.py:18] >> 117, com.panda.keymapper, Panda Keymapper - Gamepad,mouse,keyboard
[2019-08-28 00:10:37,924][DEBUG|rankingParser.py:18] >> 118, com.eplayworks.AVStreamer, AVStreamer - 고성능 원격제어
[2019-08-28 00:10:37,928][DEBUG|rankingParser.py:18] >> 119, com.shadow_sim, 일조량 분석 그림자 시뮬레이션
[2019-08-28 00:10:37,930][DEBUG|rankingParser.py:18] >> 120, com.printedpropshop.dokkos2, Dokk OS 2
[2019-08-28 00:10:37,931][DEBUG|rankingParser.py:18] >> 121, net.headnum.kream.ktm.unlocker, 카테만 PRO - 카카오톡 테마 만들기
[2019-08-28 00:10:37,934][DEBUG|rankingParser.py:18] >> 122, com.pdp.deviceowner, Package Disabler Pro ( Owner APP) All Android
[2019-08-28 00:10:37,936][DEBUG|rankingParser.py:18] >> 123, xyz.masmas.film.paris, 파리 필름 - 평범한 사진에 파리 감성을 듬뿍
[2019-08-28 00:10:37,938][DEBUG|rankingParser.py:18] >> 124, net.zhuoweizhang.mcpelauncher.pro, BlockLauncher Pro
[2019-08-28 00:10:37,943][DEBUG|rankingParser.py:18] >> 125, com.digibites.calendarplus, DigiCal+ 캘린더 달력 일정
[2019-08-28 00:10:37,946][DEBUG|rankingParser.py:18] >> 126, yuns27.electriccertificationsecondexam, 전기기사 산업기사 실기 핵심 정리
[2019-08-28 00:10:37,948][DEBUG|rankingParser.py:18] >> 127, com.wakdev.nfctools.pro, NFC Tools - Pro Edition
[2019-08-28 00:10:37,950][DEBUG|rankingParser.py:18] >> 128, com.tocaboca.tocahospital, Toca Life: Hospital
[2019-08-28 00:10:37,954][DEBUG|rankingParser.py:18] >> 129, com.pinkfroot.shipfinder, Ship Finder
[2019-08-28 00:10:37,983][DEBUG|rankingParser.py:18] >> 130, com.visiblebody.atlas, Human Anatomy Atlas 2020: Complete 3D Human Body
[2019-08-28 00:10:37,985][DEBUG|rankingParser.py:18] >> 131, com.junapps.BibleLexOriDic, 바이블렉스 성경본문해석사전
[2019-08-28 00:10:37,989][DEBUG|rankingParser.py:18] >> 132, com.simplemobiletools.gallery.pro, 심플 갤러리 Pro
[2019-08-28 00:10:38,022][DEBUG|rankingParser.py:18] >> 133, com.aromatools.messentials_ko, Modern Essentials Korean
[2019-08-28 00:10:38,025][DEBUG|rankingParser.py:18] >> 134, inc.trilokia.gfxtool, Gamers GLTool Pro with Game Turbo & Game Tuner
[2019-08-28 00:10:38,029][DEBUG|rankingParser.py:18] >> 135, com.jpbrothers.android.pictail.sub1, 픽테일 -  PinkLady
[2019-08-28 00:10:38,045][DEBUG|rankingParser.py:18] >> 136, org.twisevictory.apps, The Wonder Weeks
[2019-08-28 00:10:38,047][DEBUG|rankingParser.py:18] >> 137, com.ss.edgegestures, 엣지 제스처
[2019-08-28 00:10:38,049][DEBUG|rankingParser.py:18] >> 138, com.devguru.eltwomonusb, TwomonUSB(투몬USB) - USB모니터
[2019-08-28 00:10:38,070][DEBUG|rankingParser.py:18] >> 139, com.ton.tarotofozpay, 오즈의타로+ - 타로, 타로카드, 타로점, 운세
[2019-08-28 00:10:38,071][DEBUG|rankingParser.py:18] >> 140, com.ithersta.stardewvalleyplanner, Assistant for Stardew Valley
[2019-08-28 00:10:38,073][DEBUG|rankingParser.py:18] >> 141, jjong.kim.rotationcontrol_pro, 화면회전 pro
[2019-08-28 00:10:38,076][DEBUG|rankingParser.py:18] >> 142, com.app.ttoride.sleepset, 슬립셋 - 100가지 수면음악
[2019-08-28 00:10:38,096][DEBUG|rankingParser.py:18] >> 143, com.mani.maniadministration, 마니 행정학
[2019-08-28 00:10:38,098][DEBUG|rankingParser.py:18] >> 144, com.softchaser.iDosaPhone, 도사폰 (만세력 역학 도구)
[2019-08-28 00:10:38,100][DEBUG|rankingParser.py:18] >> 145, com.appstar.callrecorderpro, 통화 녹음 Pro
[2019-08-28 00:10:38,103][DEBUG|rankingParser.py:18] >> 146, com.jpbrothers.android.pictail.sub2, 픽테일 - Mojito
[2019-08-28 00:10:38,105][DEBUG|rankingParser.py:18] >> 147, com.massimobiolcati.irealb, iReal Pro – 음악책 & 반주
[2019-08-28 00:10:38,107][DEBUG|rankingParser.py:18] >> 148, com.ambientdesign.artrage.playstore, ArtRage: Draw, Paint, Create
[2019-08-28 00:10:38,109][DEBUG|rankingParser.py:18] >> 149, com.one.ui.dark.s10.iconpack, ONE UI DARK Icon Pack : S10
[2019-08-28 00:10:38,113][DEBUG|rankingParser.py:18] >> 150, com.one.ui.s10.iconpack, ONE UI Icon Pack : S10
[2019-08-28 00:10:38,116][DEBUG|rankingParser.py:18] >> 151, com.lensesdev.manual.camera.pro, 수동 카메라 : DSLR 카메라 전문
[2019-08-28 00:10:38,120][DEBUG|rankingParser.py:18] >> 152, com.noctuasoftware.stellarium_plus, 스텔라리움 모바일 플러스 - 천체 지도
[2019-08-28 00:10:38,124][DEBUG|rankingParser.py:18] >> 153, com.hiqrecorder.full, Hi-Q MP3 음성 녹음기 (풀버전)
[2019-08-28 00:10:38,127][DEBUG|rankingParser.py:18] >> 154, eu.thedarken.sdm.unlocker, SD Maid Pro - 언락커
[2019-08-28 00:10:38,130][DEBUG|rankingParser.py:18] >> 155, com.embibleR, 미가엘 성경 (개역개정)
[2019-08-28 00:10:38,133][DEBUG|rankingParser.py:18] >> 156, com.acadoid.lecturerecordings, LectureRecordings
[2019-08-28 00:10:38,135][DEBUG|rankingParser.py:18] >> 157, com.shopmoment.momentprocamera, Moment Pro Camera
[2019-08-28 00:10:38,137][DEBUG|rankingParser.py:18] >> 158, vr.audio.voicerecorderpro, 음성 레코더 프로
[2019-08-28 00:10:38,139][DEBUG|rankingParser.py:18] >> 159, smartwatchstudios.app.gears3navigation, Navigation Pro: Google Maps Navi on Samsung Watch
[2019-08-28 00:10:38,141][DEBUG|rankingParser.py:18] >> 160, com.cateater.stopmotionstudiopro, Stop Motion Studio Pro
[2019-08-28 00:10:38,145][DEBUG|rankingParser.py:18] >> 161, com.flavionet.android.camera.pro, Camera FV-5
[2019-08-28 00:10:38,147][DEBUG|rankingParser.py:18] >> 162, kr.co.smartstudy.pinkfongpolice_android_googlemarket, 핑크퐁!  도둑잡기
[2019-08-28 00:10:38,149][DEBUG|rankingParser.py:18] >> 163, kr.co.trutory.bandalmun.public9, 9급 공무원 기출문제 해설집
[2019-08-28 00:10:38,152][DEBUG|rankingParser.py:18] >> 164, com.jpbrothers.android.pictail.sub7, 픽테일 - NewYork
[2019-08-28 00:10:38,154][DEBUG|rankingParser.py:18] >> 165, com.hompee.mybible.billiard_new, 당구 3쿠션 시스템 유료
[2019-08-28 00:10:38,158][DEBUG|rankingParser.py:18] >> 166, com.tocaboca.tocavacation, Toca Life: Vacation
[2019-08-28 00:10:38,160][DEBUG|rankingParser.py:18] >> 167, kr.co.trutory.bandalmun.policeexam, 경찰공무원 해설집
[2019-08-28 00:10:38,164][DEBUG|rankingParser.py:18] >> 168, com.monotype.android.font.aaflowerstar, Aa꽃별™ 한국어 Flipfont
[2019-08-28 00:10:38,167][DEBUG|rankingParser.py:18] >> 169, com.monotype.android.font.aastraighten, Aa반듯한글자™ 한국어 Flipfont
[2019-08-28 00:10:38,169][DEBUG|rankingParser.py:18] >> 170, air.com.alenddl.JPFull, 일본어는 뻔한 패턴의 반복이다 Full
[2019-08-28 00:10:38,170][DEBUG|rankingParser.py:18] >> 171, net.liveatc.liveatc_app, LiveATC for Android
[2019-08-28 00:10:38,172][DEBUG|rankingParser.py:18] >> 172, com.monotype.android.font.aatilt, Aa기우뚱™ 한국어 Flipfont
[2019-08-28 00:10:38,173][DEBUG|rankingParser.py:18] >> 173, com.monotype.android.font.aafriendlytype, Aa친절한글자™ 한국어 Flipfont
[2019-08-28 00:10:38,187][DEBUG|rankingParser.py:18] >> 174, jaineel.videoconvertor.pro, Video Converter Pro
[2019-08-28 00:10:38,189][DEBUG|rankingParser.py:18] >> 175, com.jndapp.apple.ilook.iconpack, iLOOK Icon pack UX THEME
[2019-08-28 00:10:38,190][DEBUG|rankingParser.py:18] >> 176, com.plantools.fpactivity, + PLANNER (플러스 플래너)
[2019-08-28 00:10:38,192][DEBUG|rankingParser.py:18] >> 177, com.phigolf.golfnavipro, GOLF NAVI Pro
[2019-08-28 00:10:38,196][DEBUG|rankingParser.py:18] >> 178, com.elsebook.handal, 한글 달인 - 맞춤법 공부
[2019-08-28 00:10:38,198][DEBUG|rankingParser.py:18] >> 179, com.urbandroid.sleep.full.key, Sleep as Android Unlock
[2019-08-28 00:10:38,200][DEBUG|rankingParser.py:18] >> 180, com.t11.skyview, SkyView® Explore the Universe
[2019-08-28 00:10:38,202][DEBUG|rankingParser.py:18] >> 181, com.mstream.etpc, EasyTether Pro
[2019-08-28 00:10:38,205][DEBUG|rankingParser.py:18] >> 182, com.inergy.pocketkorea, 포켓한국사
[2019-08-28 00:10:38,245][DEBUG|rankingParser.py:18] >> 183, com.jpbrothers.android.polaroid.sub2, 리어카 - Pro
[2019-08-28 00:10:38,247][DEBUG|rankingParser.py:18] >> 184, com.softmedia.receiver, AirReceiver
[2019-08-28 00:10:38,249][DEBUG|rankingParser.py:18] >> 185, com.yb.honey5, 꿀잼한국사(공무원)
[2019-08-28 00:10:38,259][DEBUG|rankingParser.py:18] >> 186, md.perfectday.dailyReport, 데일리리포트(DailyReport) - 24시간의 기록
[2019-08-28 00:10:38,262][DEBUG|rankingParser.py:18] >> 187, com.ioslauncher.pro, X Launcher Pro: PhoneX Theme, OS12 Control Center
[2019-08-28 00:10:38,265][DEBUG|rankingParser.py:18] >> 188, com.gryffindor.gryffindor.feelm.marry, 필름 메리 - Feelm Marry
[2019-08-28 00:10:38,268][DEBUG|rankingParser.py:18] >> 189, com.jpbrothers.android.pictail.sub3, 픽테일 -  BlueHawaii
[2019-08-28 00:10:38,270][DEBUG|rankingParser.py:18] >> 190, com.ndemiccreations.scenariocreator, Plague Inc. (전염병 주식회사): 시나리오 제작기
[2019-08-28 00:10:38,273][DEBUG|rankingParser.py:18] >> 191, com.grill.psjoy, PSJoy: PC Remote Play Spy for PS4
[2019-08-28 00:10:38,274][DEBUG|rankingParser.py:18] >> 192, com.rarevision.vhscamcorder, VHS Camcorder (VHS Cam) 📼📹 The Original VHS App
[2019-08-28 00:10:38,277][DEBUG|rankingParser.py:18] >> 193, com.gmail.heagoo.apkeditor.pro, APK Editor Pro
[2019-08-28 00:10:38,281][DEBUG|rankingParser.py:18] >> 194, com.kakao.talk.theme.BabyPrism, 베이비 프리즘 - 카카오톡 테마
[2019-08-28 00:10:38,284][DEBUG|rankingParser.py:18] >> 195, com.gmail.ecogeo.mymembershipcard, 내 멤버십 카드
[2019-08-28 00:10:38,289][DEBUG|rankingParser.py:18] >> 196, com.hackers.app.toeiclistening, 해커스리스닝핵심편 토익 - TOEIC 토익단어 토익공부
[2019-08-28 00:10:38,291][DEBUG|rankingParser.py:18] >> 197, com.happyconz.autoboy, 오토보이 Pro
[2019-08-28 00:10:38,293][DEBUG|rankingParser.py:18] >> 198, udk.android.reader, ezPDF Reader PDF - 페이퍼리스 리더
[2019-08-28 00:10:38,295][DEBUG|rankingParser.py:18] >> 199, com.nll.acr.license, ACR License
[2019-08-28 00:10:38,299][DEBUG|rankingParser.py:18] >> 200, com.limecolor.kh_keyboard, 한자 키보드 +
[2019-08-28 00:10:51,606][DEBUG|rankingParser.py:18] >> 1, jp.snowlife01.android.mutecamera, カメラ無音化Pro（標準カメラやビデオも完全無音化）
[2019-08-28 00:10:51,612][DEBUG|rankingParser.py:18] >> 2, com.maxmpz.audioplayer.unlock, Poweramp Full Version Unlocker
[2019-08-28 00:10:51,614][DEBUG|rankingParser.py:18] >> 3, com.teslacoilsw.launcher.prime, Nova Launcher Prime
[2019-08-28 00:10:51,616][DEBUG|rankingParser.py:18] >> 4, com.marinetraffic.android, MarineTraffic ship positions
[2019-08-28 00:10:51,617][DEBUG|rankingParser.py:18] >> 5, com.sony.tvsideview.dtcpplayer, Video & TV SideViewプレーヤープラグイン
[2019-08-28 00:10:51,619][DEBUG|rankingParser.py:18] >> 6, com.rarevision.vhscamcorder, VHS Camcorder (VHS Cam) - The Original VHS App
[2019-08-28 00:10:51,621][DEBUG|rankingParser.py:18] >> 7, com.digipom.easyvoicerecorder.pro, 簡単ボイスレコーダープロ
[2019-08-28 00:10:51,624][DEBUG|rankingParser.py:18] >> 8, com.vitotechnology.SolarWalk2, Solar Walk 2 - 宇宙：太陽系シミュレーション、宇宙探査、宇宙船の3Dモデル
[2019-08-28 00:10:51,635][DEBUG|rankingParser.py:18] >> 9, com.justsystems.atokmobile.service, ATOK (日本語入力システム)
[2019-08-28 00:10:51,637][DEBUG|rankingParser.py:18] >> 10, jp.sisyou.kumikashi.allmutemode, 無音モード（標準カメラの無音化を実現）カメラミュート　スクショは手動無音化で対応
[2019-08-28 00:10:51,640][DEBUG|rankingParser.py:18] >> 11, com.mxtech.videoplayer.pro, MX Player Pro
[2019-08-28 00:10:51,643][DEBUG|rankingParser.py:18] >> 12, com.simplemobiletools.gallery.pro, シンプル ギャラリー Pro
[2019-08-28 00:10:51,644][DEBUG|rankingParser.py:18] >> 13, jp.tanyu.SmartAlarm, スマートアラーム （目覚まし時計）
[2019-08-28 00:10:51,647][DEBUG|rankingParser.py:18] >> 14, jp.charactervoice.xea10.asuna, Xperia Ear Duo(アスナ)
[2019-08-28 00:10:51,650][DEBUG|rankingParser.py:18] >> 15, com.bilingirl.helpmetravel, 旅行英会話 - Help me Travel
[2019-08-28 00:10:51,652][DEBUG|rankingParser.py:18] >> 16, com.pasoya.orbis, オービスガイド - 移動式オービス ネズミ捕り 検問 通過履歴
[2019-08-28 00:10:51,665][DEBUG|rankingParser.py:18] >> 17, net.dinglisch.android.taskerm, Tasker
[2019-08-28 00:10:51,667][DEBUG|rankingParser.py:18] >> 18, kr.co.lylstudio.unicorn, ユニコーン:広告ブロック必須アプリ
[2019-08-28 00:10:51,669][DEBUG|rankingParser.py:18] >> 19, jp.snowlife01.android.autooptimization, スマホ最適化Plus
[2019-08-28 00:10:51,673][DEBUG|rankingParser.py:18] >> 20, com.intsig.lic.camscanner, CamScanner 完全版 (License)
[2019-08-28 00:10:51,675][DEBUG|rankingParser.py:18] >> 21, au.com.metro.dwjr.boffos, Dumb Ways JR Boffo's Breakfast
[2019-08-28 00:10:51,677][DEBUG|rankingParser.py:18] >> 22, com.advasoft.touchretouch, TouchRetouch
[2019-08-28 00:10:51,679][DEBUG|rankingParser.py:18] >> 23, jp.co.radius.neplayer_ver2, ハイレゾ再生に最適な音楽プレイヤーアプリ［NePLAYER］
[2019-08-28 00:10:51,681][DEBUG|rankingParser.py:18] >> 24, com.komado.Odyssey.com.nifty.homepage2, 完全無音ビデオカメラ　4K高画質まで対応　動画・写真撮影・編集・標準カメラ消音このアプリで完結
[2019-08-28 00:10:51,690][DEBUG|rankingParser.py:18] >> 25, com.nic_english.gym.NicGym, ニック式英会話ジム ベータ版
[2019-08-28 00:10:51,693][DEBUG|rankingParser.py:18] >> 26, me.plusnow.shield.stable, AdShield - Ad blocker, No more ads & tracking
[2019-08-28 00:10:51,695][DEBUG|rankingParser.py:18] >> 27, studypro.spi, SPI言語 【Study Pro】
[2019-08-28 00:10:51,696][DEBUG|rankingParser.py:18] >> 28, air.com.kanarii.okiyome2, ぱっとお清め
[2019-08-28 00:10:51,697][DEBUG|rankingParser.py:18] >> 29, jp.sisyou.kumikashi.mutedefaultcamera, 標準カメラを無音化　無音モードアプリ（カメラ特化版）　スクショは手動切替で対応
[2019-08-28 00:10:51,702][DEBUG|rankingParser.py:18] >> 30, studypro.spi.higengo, SPI非言語 【Study Pro】
[2019-08-28 00:10:51,704][DEBUG|rankingParser.py:18] >> 31, com.x0.strai.frepkey, FRep Unlock Key
[2019-08-28 00:10:51,705][DEBUG|rankingParser.py:18] >> 32, com.njwuji.study, どんどん話すための瞬間英作文トレーニング
[2019-08-28 00:10:51,708][DEBUG|rankingParser.py:18] >> 33, jp.com.snow.contactsxpro, 電話帳X - 電話 & 連絡先アプリ
[2019-08-28 00:10:51,737][DEBUG|rankingParser.py:18] >> 34, org.twisevictory.jp, メンタルリープのアプリ：ワンダーウィーク
[2019-08-28 00:10:51,739][DEBUG|rankingParser.py:18] >> 35, com.tocaboca.tocahospital, Toca Life: Hospital
[2019-08-28 00:10:51,741][DEBUG|rankingParser.py:18] >> 36, com.pubrof.pubrofboki2, パブロフ簿記２級商業簿記 日商簿記仕訳対策 2019年度版
[2019-08-28 00:10:51,743][DEBUG|rankingParser.py:18] >> 37, com.massimobiolcati.irealb, iReal Pro - 楽譜とバッキングトラック
[2019-08-28 00:10:51,745][DEBUG|rankingParser.py:18] >> 38, com.mobisystems.fonts, OfficeSuite Font Pack
[2019-08-28 00:10:51,747][DEBUG|rankingParser.py:18] >> 39, com.n_evolution.SlotCounter, iスロットカウンター (小役カウント & 設定判別)
[2019-08-28 00:10:51,750][DEBUG|rankingParser.py:18] >> 40, com.visiblebody.atlas, ヒューマン・アナトミー・アトラス2020： 3Dによる完璧な人体
[2019-08-28 00:10:51,752][DEBUG|rankingParser.py:18] >> 41, com.onkyo.jp.hfplayer_unlocker, Onkyo HF Player Unlocker
[2019-08-28 00:10:51,754][DEBUG|rankingParser.py:18] >> 42, jp.co.alpha.dlna.mlpfordtv, Media Link Player for DTV
[2019-08-28 00:10:51,756][DEBUG|rankingParser.py:18] >> 43, com.tocaboca.tocalab, トッカ・ラボ (Toca Lab: Elements)
[2019-08-28 00:10:51,758][DEBUG|rankingParser.py:18] >> 44, com.panda.gamepad, Panda Gamepad Pro (BETA)
[2019-08-28 00:10:51,760][DEBUG|rankingParser.py:18] >> 45, com.quvideo.xiaoying.pro, VivaVideo PRO: ビデオエディタ＆動画編集アプリ
[2019-08-28 00:10:51,762][DEBUG|rankingParser.py:18] >> 46, com.pubrof.pubrofboki3, パブロフ簿記３級 日商簿記仕訳対策 2019年度版
[2019-08-28 00:10:51,784][DEBUG|rankingParser.py:18] >> 47, info.my_kintore, My 筋トレ: 体を鍛えましょう
[2019-08-28 00:10:51,786][DEBUG|rankingParser.py:18] >> 48, org.prowl.torque, Torque Pro (OBD2/Car)
[2019-08-28 00:10:51,788][DEBUG|rankingParser.py:18] >> 49, jp.yoshika.twitcle.plus, twitcle plus
[2019-08-28 00:10:51,790][DEBUG|rankingParser.py:18] >> 50, com.tocaboca.tocapets, Toca Life: Pets
[2019-08-28 00:10:51,791][DEBUG|rankingParser.py:18] >> 51, com.vitotechnology.SolarWalk, Solar Walk - 太陽系シミュレーション、惑星、衛星、星、彗星および他の天体3D
[2019-08-28 00:10:51,793][DEBUG|rankingParser.py:18] >> 52, jp.snowlife01.android.screenshot, 【無音】スクリーンショットPro - 動画の連続キャプチャに最適なキャプチャアプリ
[2019-08-28 00:10:51,795][DEBUG|rankingParser.py:18] >> 53, com.tocaboca.tocaschool, トッカ・ライフ・スクール Toca Life School
[2019-08-28 00:10:51,799][DEBUG|rankingParser.py:18] >> 54, org.peakfinder.area.alps, PeakFinder AR
[2019-08-28 00:10:51,801][DEBUG|rankingParser.py:18] >> 55, jp.co.mirai_ii.nfc.allinone.now, 全国の ICカード これひとつ「なう」
[2019-08-28 00:10:51,803][DEBUG|rankingParser.py:18] >> 56, com.tocaboca.hairsalonme, トッカ・ヘアサロン・ミー (Hair Salon Me）
[2019-08-28 00:10:51,806][DEBUG|rankingParser.py:18] >> 57, com.twitpane.premium, ついっとぺーんPlus(Twitterアプリ)
[2019-08-28 00:10:51,807][DEBUG|rankingParser.py:18] >> 58, com.hanamarusha.muteall.pro, カメラ無音化MuteAll（標準カメラもビデオも自動無音化）　スクショは手動で無音化可能
[2019-08-28 00:10:51,809][DEBUG|rankingParser.py:18] >> 59, jp.ne.kutu.PanecalPlus, 関数電卓 Panecal Plus
[2019-08-28 00:10:51,811][DEBUG|rankingParser.py:18] >> 60, com.ss.edgegestures, エッジジェスチャー
[2019-08-28 00:10:51,813][DEBUG|rankingParser.py:18] >> 61, com.wiseschematics.eqfy, Eqfy Equalizer
[2019-08-28 00:10:51,833][DEBUG|rankingParser.py:18] >> 62, com.media.bestrecorder.audiorecorderpro, ボイスレコーダープロ
[2019-08-28 00:10:51,834][DEBUG|rankingParser.py:18] >> 63, com.teacapps.barcodescanner.pro, QRコード＆バーコードリーダー（Pro）
[2019-08-28 00:10:51,836][DEBUG|rankingParser.py:18] >> 64, com.rhmsoft.edit.pro, QuickEdit テキストエディタープロ
[2019-08-28 00:10:51,842][DEBUG|rankingParser.py:18] >> 65, jp.ne.biglobe.target1900, 英単語ターゲット1900公式アプリ |  ビッグローブ英単語
[2019-08-28 00:10:51,844][DEBUG|rankingParser.py:18] >> 66, com.digidust.elokence.akinator.paid, Akinator VIP
[2019-08-28 00:10:51,846][DEBUG|rankingParser.py:18] >> 67, com.owners_age.stken_app_paid, 宅建 過去問集 2019年版「スタケン」
[2019-08-28 00:10:51,851][DEBUG|rankingParser.py:18] >> 68, jp.co.asukanet.aftershutter, 動画を写真にするアプリ「AfterShutter 4K」
[2019-08-28 00:10:51,853][DEBUG|rankingParser.py:18] >> 69, com.familyapp.anpan.customdialer.charge, 多機能でんわ広告無し版（通話タイマーや発信確認、プレフィックスなど多機能電話アプリ）
[2019-08-28 00:10:51,855][DEBUG|rankingParser.py:18] >> 70, com.nll.acr.license, ACRライセンス
[2019-08-28 00:10:51,857][DEBUG|rankingParser.py:18] >> 71, jp.snowlife01.android.rotationcontrolpro, 画面の回転（向き）を制御【ローテーションコントロールPro 】
[2019-08-28 00:10:51,859][DEBUG|rankingParser.py:18] >> 72, com.fenixx.gameboosterplus, Game Booster 🔧 4x Faster (with advance settings)
[2019-08-28 00:10:51,861][DEBUG|rankingParser.py:18] >> 73, jp.or.ias.qs_tube_construction1st_fee, 1級管工事施工ケイタイもん_有料版
[2019-08-28 00:10:51,863][DEBUG|rankingParser.py:18] >> 74, jp.handsaid.shuhasucho_2019, 周波数帳2019
[2019-08-28 00:10:51,865][DEBUG|rankingParser.py:18] >> 75, com.gmail.anolivetree, Image Shrink(画像リサイズ)
[2019-08-28 00:10:51,869][DEBUG|rankingParser.py:18] >> 76, jp.snowlife01.android.pro_cache_delete, キャッシュ削除Pro
[2019-08-28 00:10:51,871][DEBUG|rankingParser.py:18] >> 77, com.urbandroid.sleep.full.key, Sleep as Android Unlock
[2019-08-28 00:10:51,872][DEBUG|rankingParser.py:18] >> 78, jp.co.gamegate.takagisan.takagi, からかい上手の高木さんアラーム
[2019-08-28 00:10:51,874][DEBUG|rankingParser.py:18] >> 79, com.playsquare.pastan_p1, でる順パス単 英検® 準1級 【旺文社】
[2019-08-28 00:10:51,876][DEBUG|rankingParser.py:18] >> 80, com.metamoji.mazec, mazec3（手書きによるカンタン日本語入力）
[2019-08-28 00:10:51,891][DEBUG|rankingParser.py:18] >> 81, com.natewren.lines, ライン - ミニマリストのアイコン
[2019-08-28 00:10:51,893][DEBUG|rankingParser.py:18] >> 82, jp.ne.biglobe.wisdomdict.gp2, ウィズダム英和・和英辞典公式アプリ |英会話TOEICに辞書
[2019-08-28 00:10:51,895][DEBUG|rankingParser.py:18] >> 83, com.flyersoft.moonreaderp, Moon+ Reader Pro (50% OFF)
[2019-08-28 00:10:51,897][DEBUG|rankingParser.py:18] >> 84, jp.benzodev.naviconn, NaviGateway
[2019-08-28 00:10:51,900][DEBUG|rankingParser.py:18] >> 85, com.algoriddim.djay, djay 2
[2019-08-28 00:10:51,902][DEBUG|rankingParser.py:18] >> 86, com.modelmakertools.simplemindpro, SimpleMind Pro - Intuitive Mind Mapping
[2019-08-28 00:10:51,904][DEBUG|rankingParser.py:18] >> 87, smartwatchstudios.app.gears3navigation, Navigation Pro: Google Maps Navi on Samsung Watch
[2019-08-28 00:10:51,906][DEBUG|rankingParser.py:18] >> 88, com.cloudmosa.puffin, Puffin Browser Pro
[2019-08-28 00:10:51,908][DEBUG|rankingParser.py:18] >> 89, com.skyjos.apps.fileexplorer, FE File Explorer Pro - ファイルマネージャー
[2019-08-28 00:10:51,910][DEBUG|rankingParser.py:18] >> 90, eu.thedarken.sdm.unlocker, SDメイド プロ - ライセンスキー
[2019-08-28 00:10:51,913][DEBUG|rankingParser.py:18] >> 91, com.runtastic.android.pro2, Runtastic PRO GPS ランニング＆ウォーキング距離計測記録アプリ
[2019-08-28 00:10:51,914][DEBUG|rankingParser.py:18] >> 92, com.hole19golf.wear, Hole19 Golf GPS for Smartwatch
[2019-08-28 00:10:51,916][DEBUG|rankingParser.py:18] >> 93, jp.gr.aqua.mozc, AquaMozc
[2019-08-28 00:10:51,918][DEBUG|rankingParser.py:18] >> 94, jp.dtechgame.gridmanalarm, グリッドマン アラーム -if your smile-
[2019-08-28 00:10:51,921][DEBUG|rankingParser.py:18] >> 95, biz.koikoi.stereo, 3D視力回復
[2019-08-28 00:10:51,923][DEBUG|rankingParser.py:18] >> 96, com.fstop.photo.key, F-Stopギャラリープロ
[2019-08-28 00:10:51,927][DEBUG|rankingParser.py:18] >> 97, com.digion.dixim.android.play.aquosplayer, AQUOS リモートプレーヤー
[2019-08-28 00:10:51,929][DEBUG|rankingParser.py:18] >> 98, asia.uniuni.simplear, SuguSumu : シンプルタスクキラー
[2019-08-28 00:10:51,931][DEBUG|rankingParser.py:18] >> 99, com.ndemiccreations.scenariocreator, Plague Inc 伝染病株式会社：シナリオクリエイター
[2019-08-28 00:10:51,933][DEBUG|rankingParser.py:18] >> 100, com.hiqrecorder.full, Hi-Q MP3ボイスレコーダー（フル）
[2019-08-28 00:10:51,936][DEBUG|rankingParser.py:18] >> 101, com.playsquare.pastan_1, でる順パス単 英検® 1級 【旺文社】
[2019-08-28 00:10:51,938][DEBUG|rankingParser.py:18] >> 102, com.beliefengine.handyapp, HANDY デッサン用モデルツール
[2019-08-28 00:10:51,940][DEBUG|rankingParser.py:18] >> 103, com.safeincloud, パスワード マネージャー SafeInCloud Pro
[2019-08-28 00:10:51,941][DEBUG|rankingParser.py:18] >> 104, jp.main.brits.docotore.fp3, どこトレ FP3級学科 過去問題集
[2019-08-28 00:10:51,945][DEBUG|rankingParser.py:18] >> 105, com.rhmsoft.pulsar.pro, Pulsar 音楽プレイヤー プロ
[2019-08-28 00:10:51,948][DEBUG|rankingParser.py:18] >> 106, com.neutroncode.mp, Neutron Music Player
[2019-08-28 00:10:51,950][DEBUG|rankingParser.py:18] >> 107, jp.co.latika.android.toeic.grammar.all, 文法・語彙対策640問1 for TOEIC®テスト
[2019-08-28 00:10:51,952][DEBUG|rankingParser.py:18] >> 108, sk.michalec.DigiClockWidgetPro, DIGI 時計ウィジェット
[2019-08-28 00:10:51,953][DEBUG|rankingParser.py:18] >> 109, jp.co.imagineer.yk.ichi2.w, 山川一問一答世界史
[2019-08-28 00:10:51,955][DEBUG|rankingParser.py:18] >> 110, com.digitalchemy.calculator.decimal, 計算機プラス
[2019-08-28 00:10:51,956][DEBUG|rankingParser.py:18] >> 111, org.kustom.widget.pro, KWGT Kustom Widget Pro Key
[2019-08-28 00:10:51,958][DEBUG|rankingParser.py:18] >> 112, com.realbyteapps.moneya, らくな家計簿 (+パソコン)
[2019-08-28 00:10:51,960][DEBUG|rankingParser.py:18] >> 113, com.appglobe.watch.face.ksana, ⌚ Watch Face - Ksana Sweep for Android Wear OS
[2019-08-28 00:10:51,963][DEBUG|rankingParser.py:18] >> 114, com.thegosa.board.theme, ボード| Xperia™テーマ+アイコン
[2019-08-28 00:10:51,965][DEBUG|rankingParser.py:18] >> 115, com.hantor.CozyCameraPlus, 静かな超高速カメラ Plus
[2019-08-28 00:10:51,967][DEBUG|rankingParser.py:18] >> 116, com.klinker.android.twitter_l, Talon for Twitter
[2019-08-28 00:10:51,969][DEBUG|rankingParser.py:18] >> 117, com.bcam, 黒板付カメラ(工事写真)
[2019-08-28 00:10:51,970][DEBUG|rankingParser.py:18] >> 118, itotsuka.karaoke_memo_pro, カラオケメモ
[2019-08-28 00:10:51,972][DEBUG|rankingParser.py:18] >> 119, com.rookiestudio.perfectviewer.donate, Perfect Viewerに寄付
[2019-08-28 00:10:51,973][DEBUG|rankingParser.py:18] >> 120, com.devguru.eltwomonusb, TwomonUSB - USB モニタ,デュアルモニタ
[2019-08-28 00:10:51,979][DEBUG|rankingParser.py:18] >> 121, net.saltycrackers.daygram, デイグラム
[2019-08-28 00:10:51,982][DEBUG|rankingParser.py:18] >> 122, cc.mdi.ShuwaStation, 手話ステーション
[2019-08-28 00:10:51,984][DEBUG|rankingParser.py:18] >> 123, jp.sblo.pandora.jota.plus.prokey, Jota+★PRO-KEY
[2019-08-28 00:10:51,986][DEBUG|rankingParser.py:18] >> 124, jp.co.joker.kazuki.hygiene.management1, 第1種衛生管理者試験問題集　りすさんシリーズ
[2019-08-28 00:10:51,988][DEBUG|rankingParser.py:18] >> 125, jp.ne.biglobe.shinmeikai.gp, 新明解国語辞典 公式アプリ｜ビッグローブ辞書
[2019-08-28 00:10:51,995][DEBUG|rankingParser.py:18] >> 126, jp.co.latika.android.toeic.listening, リスニング対策360問 for TOEIC®テスト
[2019-08-28 00:10:51,997][DEBUG|rankingParser.py:18] >> 127, com.softama.twitamaplus, ツイタマ+
[2019-08-28 00:10:52,000][DEBUG|rankingParser.py:18] >> 128, org.azasoft.swapper, Swapper for Root (Donate)
[2019-08-28 00:10:52,022][DEBUG|rankingParser.py:18] >> 129, net.studiofly.android.ringoplus, 電話帳R Plus
[2019-08-28 00:10:52,025][DEBUG|rankingParser.py:18] >> 130, jp.dtechgame.danmachialarm, ダンまちアラーム -オラリオ・デイズ-
[2019-08-28 00:10:52,027][DEBUG|rankingParser.py:18] >> 131, fei.mergepicfull, 画像連結
[2019-08-28 00:10:52,030][DEBUG|rankingParser.py:18] >> 132, com.tocaboca.tocakitchensushi, Toca Kitchen Sushi Restaurant
[2019-08-28 00:10:52,032][DEBUG|rankingParser.py:18] >> 133, com.jndapp.line.x.iconpack, LineX Icon Pack
[2019-08-28 00:10:52,034][DEBUG|rankingParser.py:18] >> 134, link.mikan.teppeki, mikan 鉄壁
[2019-08-28 00:10:52,036][DEBUG|rankingParser.py:18] >> 135, com.pubrof.pubrofboki2kogyo, パブロフ簿記２級工業簿記
[2019-08-28 00:10:52,038][DEBUG|rankingParser.py:18] >> 136, com.glgjing.line, Line Friends Watch Face
[2019-08-28 00:10:52,040][DEBUG|rankingParser.py:18] >> 137, jp.product.medicalexamqa, 医療情報技師資格取得
[2019-08-28 00:10:52,042][DEBUG|rankingParser.py:18] >> 138, com.astroarts.android.stlnav, スマートステラ
[2019-08-28 00:10:52,044][DEBUG|rankingParser.py:18] >> 139, jp.co.aisin_aw.navi.navielite, NAVIelite　カーナビ渋滞情報プラス
[2019-08-28 00:10:52,046][DEBUG|rankingParser.py:18] >> 140, com.bushidroid.app.ghostseeker, Ghost Seeker - 心霊探索機 -
[2019-08-28 00:10:52,047][DEBUG|rankingParser.py:18] >> 141, com.jetappfactory.jetaudioplus, ジェットオーディオプラス - 高音質の音楽プレーヤー
[2019-08-28 00:10:52,049][DEBUG|rankingParser.py:18] >> 142, jp.co.imagineer.yk.ichi2.j, 山川一問一答日本史
[2019-08-28 00:10:52,051][DEBUG|rankingParser.py:18] >> 143, abdelrahman.wifianalyzerpremium, WiFiアナライザープレミアム
[2019-08-28 00:10:52,053][DEBUG|rankingParser.py:18] >> 144, org.kustom.wallpaper.pro, KLWP Live Wallpaper Pro Key
[2019-08-28 00:10:52,055][DEBUG|rankingParser.py:18] >> 145, jp.co.gamegate.rezero.lemm, リゼロアラーム　～レム編～
[2019-08-28 00:10:52,056][DEBUG|rankingParser.py:18] >> 146, com.fc2.web.movingprojectteam.quizqc2, ＱＣ検定２級 練習問題
[2019-08-28 00:10:52,057][DEBUG|rankingParser.py:18] >> 147, com.playsquare.kikutan_eiken_p1, キクタン 英検® 準1級 (発音練習機能つき) ～聞いて覚えるコーパス単熟語～
[2019-08-28 00:10:52,060][DEBUG|rankingParser.py:18] >> 148, net.kyu_mu.shigintrainer, 詩吟トレーナー「吟トレ」
[2019-08-28 00:10:52,062][DEBUG|rankingParser.py:18] >> 149, jp.web5.ussy.mydrillbookmakerkey, 暗記ドリルメーカー ライセンスキー
[2019-08-28 00:10:52,063][DEBUG|rankingParser.py:18] >> 150, com.intermedia.hd.camera.pro, HDカメラプロ : Best Professional Camera App
[2019-08-28 00:10:52,065][DEBUG|rankingParser.py:18] >> 151, com.splashtop.xdisplay.wired.pro, Splashtop Wired XDisplay
[2019-08-28 00:10:52,066][DEBUG|rankingParser.py:18] >> 152, com.tocaboca.tocaneighborhood, トッカ・ライフ: ネイバーフッド（Toca Life: Neighborhood）
[2019-08-28 00:10:52,069][DEBUG|rankingParser.py:18] >> 153, com.androvidpro, AndroVid Pro - ビデオエディタ
[2019-08-28 00:10:52,070][DEBUG|rankingParser.py:18] >> 154, jp.dtechgame.alarmIllya, プリズマ☆イリヤ アラーム
[2019-08-28 00:10:52,072][DEBUG|rankingParser.py:18] >> 155, com.fc2.web.movingprojectteam.quizqc3, QC検定3級練習問題
[2019-08-28 00:10:52,074][DEBUG|rankingParser.py:18] >> 156, com.oasisfeng.greenify.pro, Greenify (Donation Package)
[2019-08-28 00:10:52,077][DEBUG|rankingParser.py:18] >> 157, com.hantor.CozyMagPlus, 拡大鏡 & 顕微鏡 Plus (ルーペ)
[2019-08-28 00:10:52,079][DEBUG|rankingParser.py:18] >> 158, com.pubrof.pubrofotsu4, パブロフ危険物乙４類
[2019-08-28 00:10:52,112][DEBUG|rankingParser.py:18] >> 159, jp.co.fsi.fskaren.dl, FSKAREN(日本語入力システム)
[2019-08-28 00:10:52,114][DEBUG|rankingParser.py:18] >> 160, com.tocaboca.tocaoffice, トッカ・ライフ：オフィスでは
[2019-08-28 00:10:52,116][DEBUG|rankingParser.py:18] >> 161, com.newin.nplayer.pro, nPlayer
[2019-08-28 00:10:52,118][DEBUG|rankingParser.py:18] >> 162, com.tocaboca.tocahairsalon3, Toca Hair Salon 3
[2019-08-28 00:10:52,120][DEBUG|rankingParser.py:18] >> 163, com.andcreate.app.internetspeedmonitor.prokey, 通信速度モニター PROキー
[2019-08-28 00:10:52,122][DEBUG|rankingParser.py:18] >> 164, com.stmp.minimalface, Watch Face - Minimal & Elegant for Android Wear OS
[2019-08-28 00:10:52,124][DEBUG|rankingParser.py:18] >> 165, com.imageline.FLM, FL Studio Mobile
[2019-08-28 00:10:52,126][DEBUG|rankingParser.py:18] >> 166, link.mikan.toeic_frequent_word_600, mikan TOEIC
[2019-08-28 00:10:52,128][DEBUG|rankingParser.py:18] >> 167, com.lyxoto.mcbuilder.pro, ビルダー PRO for Minecraft PE
[2019-08-28 00:10:52,130][DEBUG|rankingParser.py:18] >> 168, com.dailyroads.v.pro, DailyRoads Voyager Pro
[2019-08-28 00:10:52,133][DEBUG|rankingParser.py:18] >> 169, com.mobreve.visiontraapp, ３×３Ｄ視力回復プレミアム
[2019-08-28 00:10:52,134][DEBUG|rankingParser.py:18] >> 170, com.dwarfstar.watchface.watchface09, Blackboard Watchface -オシャレで可愛い黒板風ウォッチフェイス-
[2019-08-28 00:10:52,136][DEBUG|rankingParser.py:18] >> 171, com.startthailand.fe_pro2, 2019年秋版 基本情報技術者試験問題集(全問解説付)
[2019-08-28 00:10:52,138][DEBUG|rankingParser.py:18] >> 172, com.extreamsd.usbaudioplayerpro, USB Audio Player PRO
[2019-08-28 00:10:52,142][DEBUG|rankingParser.py:18] >> 173, jp.ne.sakura.token.gosenfu02, おんぷちゃん
[2019-08-28 00:10:52,151][DEBUG|rankingParser.py:18] >> 174, jp.mowmow.simpleaf, simpleaf (手書きメモ)
[2019-08-28 00:10:52,153][DEBUG|rankingParser.py:18] >> 175, com.keramidas.TitaniumBackupPro, Titanium Backup PRO Key ★ root needed
[2019-08-28 00:10:52,155][DEBUG|rankingParser.py:18] >> 176, com.vitotechnology.StarWalk2, Star Walk 2 - スカイマップ天文学ガイド: 時計の星、惑星と星座昼と夜
[2019-08-28 00:10:52,160][DEBUG|rankingParser.py:18] >> 177, com.myscript.calculator, MyScript Calculator 2
[2019-08-28 00:10:52,162][DEBUG|rankingParser.py:18] >> 178, de.zorillasoft.musicfolderplayer.donate, 音楽フォルダプレーヤー　フル・バージョン
[2019-08-28 00:10:52,164][DEBUG|rankingParser.py:18] >> 179, com.ss.squarehome.key, スクエアホームのキー - ランチャー
[2019-08-28 00:10:52,166][DEBUG|rankingParser.py:18] >> 180, jp.main.kurousa.android.livewallpaper.DeviceInfoEx, Device Info Ex ライブ壁紙
[2019-08-28 00:10:52,171][DEBUG|rankingParser.py:18] >> 181, com.jrtstudio.AnotherMusicPlayer.Unlocker, Rocket Player プレミアムオーディオ
[2019-08-28 00:10:52,174][DEBUG|rankingParser.py:18] >> 182, net.liveatc.liveatc_app, LiveATC for Android
[2019-08-28 00:10:52,176][DEBUG|rankingParser.py:18] >> 183, com.lensesdev.manual.camera.pro, 手動カメラ：デジタル一眼レフ カメラプロフェッショナル
[2019-08-28 00:10:52,206][DEBUG|rankingParser.py:18] >> 184, com.wac.orbis, オービス警報 - オービス＆渋滞
[2019-08-28 00:10:52,209][DEBUG|rankingParser.py:18] >> 185, com.mnoqlo.lagopus, Lagopus - Twitterアプリ
[2019-08-28 00:10:52,213][DEBUG|rankingParser.py:18] >> 186, com.sheet.music, 私の楽譜 - 楽譜ビューア、楽譜スキャナー
[2019-08-28 00:10:52,216][DEBUG|rankingParser.py:18] >> 187, com.bubblesoft.android.bubbleupnp.unlocker, BubbleUPnP UPnP/DLNA License
[2019-08-28 00:10:52,218][DEBUG|rankingParser.py:18] >> 188, jp.hoheto.HohetoApp, ほへと生年月日占い
[2019-08-28 00:10:52,221][DEBUG|rankingParser.py:18] >> 189, com.real.bodywork.muscle.trigger.points, 筋のトリガーポイント
[2019-08-28 00:10:52,223][DEBUG|rankingParser.py:18] >> 190, com.tocaboca.tocavacation, Toca Life: Vacation
[2019-08-28 00:10:52,225][DEBUG|rankingParser.py:18] >> 191, jp.or.wlpm.bible2017, 聖書 新改訳2017
[2019-08-28 00:10:52,228][DEBUG|rankingParser.py:18] >> 192, vr.audio.voicerecorderpro, ボイスレコーダープロ
[2019-08-28 00:10:52,253][DEBUG|rankingParser.py:18] >> 193, org.adwtheme.novagoldenglass, 新しいテーマゴールデングラスアイコンパックHD アイコン
[2019-08-28 00:10:52,256][DEBUG|rankingParser.py:18] >> 194, com.softmedia.receiver, AirReceiver
[2019-08-28 00:10:52,260][DEBUG|rankingParser.py:18] >> 195, com.flictec.orbispro, オービス・ナビ Pro　
[2019-08-28 00:10:52,263][DEBUG|rankingParser.py:18] >> 196, au.com.metro.dwjr.zany, Dumb Ways JR Zany's Hospital
[2019-08-28 00:10:52,269][DEBUG|rankingParser.py:18] >> 197, sk.mildev84.agendareminder.unlockkey, 議題ウィジェット KEY
[2019-08-28 00:10:52,272][DEBUG|rankingParser.py:18] >> 198, net.janesoft.janetter.android.pro, Janetter Pro for Twitter
[2019-08-28 00:10:52,274][DEBUG|rankingParser.py:18] >> 199, com.iwashisoft.privacyfilter, のぞき見防止フィルター
[2019-08-28 00:10:52,275][DEBUG|rankingParser.py:18] >> 200, com.grill.psjoy, PSJoy: PC Remote Play Spy for PS4
[2019-08-28 00:11:42,219][DEBUG|rankingParser.py:98] >> Good Bye Parser! 
 
