[2019-07-22 11:40:55,639][DEBUG|rankingParser.py:19] >> 1, io.faceapp, FaceApp
[2019-07-22 11:40:55,656][DEBUG|rankingParser.py:19] >> 2, com.instagram.android, Instagram
[2019-07-22 11:40:55,664][DEBUG|rankingParser.py:19] >> 3, com.hogangnono.hogangnono, 호갱노노 - 아파트 실거래가 1등 앱
[2019-07-22 11:40:55,670][DEBUG|rankingParser.py:19] >> 4, com.contextlogic.wish, Wish - 쇼핑은 즐겁다
[2019-07-22 11:40:55,676][DEBUG|rankingParser.py:19] >> 5, com.kakao.talk, 카카오톡 KakaoTalk
[2019-07-22 11:40:55,682][DEBUG|rankingParser.py:19] >> 6, viva.republica.toss, 토스
[2019-07-22 11:40:55,714][DEBUG|rankingParser.py:19] >> 7, com.nhn.android.search, 네이버 - NAVER
[2019-07-22 11:40:55,723][DEBUG|rankingParser.py:19] >> 8, com.sec.android.easyMover, Samsung Smart Switch Mobile
[2019-07-22 11:40:55,729][DEBUG|rankingParser.py:19] >> 9, com.netflix.mediaclient, Netflix(넷플릭스)
[2019-07-22 11:40:55,735][DEBUG|rankingParser.py:19] >> 10, com.towneers.www, 당근마켓 - 우리 동네 중고 직거래 벼룩장터
[2019-07-22 11:40:55,742][DEBUG|rankingParser.py:19] >> 11, com.fineapp.yogiyo, 배달요기요
[2019-07-22 11:40:55,747][DEBUG|rankingParser.py:19] >> 12, com.coupang.mobile, 쿠팡 (Coupang)
[2019-07-22 11:40:55,754][DEBUG|rankingParser.py:19] >> 13, com.sampleapp, 배달의민족
[2019-07-22 11:40:55,760][DEBUG|rankingParser.py:19] >> 14, com.palmistry.scan.horoscope, 손금 및 별자리 - 노화 카메라
[2019-07-22 11:40:55,782][DEBUG|rankingParser.py:19] >> 15, com.kakaobank.channel, 카카오뱅크 - 같지만 다른 은행
[2019-07-22 11:40:55,788][DEBUG|rankingParser.py:19] >> 16, com.ahnlab.v3mobileplus, V3 Mobile Plus 2.0
[2019-07-22 11:40:55,794][DEBUG|rankingParser.py:19] >> 17, com.jndwork.weather.forecast.channel.dailyforecast.liveradarmaps, 실시간 날씨 - 일기 예보 2019
[2019-07-22 11:40:55,799][DEBUG|rankingParser.py:19] >> 18, com.kakao.taxi, 카카오 T - 택시, 대리운전, 주차, 내비, 카풀, 바이크
[2019-07-22 11:40:55,806][DEBUG|rankingParser.py:19] >> 19, com.snowcorp.soda.android, SODA 소다 - Natural Beauty Camera
[2019-07-22 11:40:55,811][DEBUG|rankingParser.py:19] >> 20, com.nhn.android.nmap, 네이버 지도, 내비게이션
[2019-07-22 11:40:55,819][DEBUG|rankingParser.py:19] >> 21, com.forshared.files, 4shared
[2019-07-22 11:40:55,825][DEBUG|rankingParser.py:19] >> 22, com.mcdonalds.mobileapp, 맥도날드
[2019-07-22 11:40:55,845][DEBUG|rankingParser.py:19] >> 23, me.togather.wave, WAVE - 잘 노는 영상톡, Talk & Play
[2019-07-22 11:40:55,851][DEBUG|rankingParser.py:19] >> 24, com.facebook.katana, Facebook
[2019-07-22 11:40:55,857][DEBUG|rankingParser.py:19] >> 25, kr.co.captv.pooqV2, POOQ (푹)  실시간TV 무료
[2019-07-22 11:40:55,863][DEBUG|rankingParser.py:19] >> 26, com.ibk.android.ionebank, (New) i-ONE Bank - IBK기업은행
[2019-07-22 11:40:55,869][DEBUG|rankingParser.py:19] >> 27, com.skt.tmap.ku, T map (티맵,T맵,내비게이션)
[2019-07-22 11:40:55,874][DEBUG|rankingParser.py:19] >> 28, com.sktelecom.ytpoc, 0한동
[2019-07-22 11:40:55,881][DEBUG|rankingParser.py:19] >> 29, com.samsung.android.app.notes, Samsung Notes
[2019-07-22 11:40:55,887][DEBUG|rankingParser.py:19] >> 30, com.google.android.play.games, Google Play 게임
[2019-07-22 11:40:55,894][DEBUG|rankingParser.py:19] >> 31, net.cj.cjhv.gs.tving, 티빙(TVING) - 실시간TV, 방송VOD, 영화VOD
[2019-07-22 11:40:55,901][DEBUG|rankingParser.py:19] >> 32, kr.goodchoice.abouthere, 여기어때 - 대한민국 1등 종합숙박앱
[2019-07-22 11:40:55,907][DEBUG|rankingParser.py:19] >> 33, com.nhn.android.band, 밴드
[2019-07-22 11:40:55,913][DEBUG|rankingParser.py:19] >> 34, com.sec.android.app.voicenote, 삼성 음성 녹음
[2019-07-22 11:40:55,921][DEBUG|rankingParser.py:19] >> 35, kr.co.srail.newapp, SRT - 수서고속철도(NEW)
[2019-07-22 11:40:55,927][DEBUG|rankingParser.py:19] >> 36, com.shs.songain, 송가인 노래듣기 - 히트곡, 방송 영상, 공연 영상, 7080 트로트 메들리 감상
[2019-07-22 11:40:55,935][DEBUG|rankingParser.py:19] >> 37, com.ss.android.ugc.trill, TikTok 틱톡
[2019-07-22 11:40:55,940][DEBUG|rankingParser.py:19] >> 38, com.banhala.android, 에이블리 - 셀럽마켓 모음앱
[2019-07-22 11:40:55,949][DEBUG|rankingParser.py:19] >> 39, com.gorgeous.liteinternational, Ulike유라이크 - 스타일, 고급 필터, 뷰티 카메라
[2019-07-22 11:40:55,955][DEBUG|rankingParser.py:19] >> 40, app.facereading.signs, 페이스리딩에이지 페이스 사인
[2019-07-22 11:40:55,962][DEBUG|rankingParser.py:19] >> 41, com.korail.talk, 코레일톡
[2019-07-22 11:40:55,968][DEBUG|rankingParser.py:19] >> 42, net.daum.android.map, 카카오맵 - 대한민국 No.1 지도앱 ( 지도 / 내비게이션 / 대중교통 / 로드뷰 )
[2019-07-22 11:40:55,974][DEBUG|rankingParser.py:19] >> 43, com.facebook.orca, Messenger
[2019-07-22 11:40:55,981][DEBUG|rankingParser.py:19] >> 44, com.google.android.apps.youtube.kids, YouTube Kids
[2019-07-22 11:40:55,987][DEBUG|rankingParser.py:19] >> 45, com.campmobile.snow, SNOW - 뷰티, 메이크업, 셀피 카메라
[2019-07-22 11:40:55,993][DEBUG|rankingParser.py:19] >> 46, com.locnall.KimGiSa, 카카오내비
[2019-07-22 11:40:56,000][DEBUG|rankingParser.py:19] >> 47, com.naver.labs.translator, 네이버 파파고 - AI 통번역
[2019-07-22 11:40:56,006][DEBUG|rankingParser.py:19] >> 48, com.security.clean.antivirus.master, Speed Security - Antivirus, Boost, AppLock
[2019-07-22 11:40:56,012][DEBUG|rankingParser.py:19] >> 49, skplanet.musicmate, FLO  플로
[2019-07-22 11:40:56,018][DEBUG|rankingParser.py:19] >> 50, com.cultsotry.yanolja.nativeapp, 야놀자 - 국내 및 해외 호텔, 모텔, 펜션, 게하, 레저/티켓, 최대 80% 할인
[2019-07-22 11:40:56,024][DEBUG|rankingParser.py:19] >> 51, nh.smart.banking, NH스마트뱅킹
[2019-07-22 11:40:56,030][DEBUG|rankingParser.py:19] >> 52, com.omnitel.android.lottewebview, 롯데홈쇼핑  롯데 ON
[2019-07-22 11:40:56,037][DEBUG|rankingParser.py:19] >> 53, com.iloen.melon, 멜론
[2019-07-22 11:40:56,042][DEBUG|rankingParser.py:19] >> 54, kvp.jjy.MispAndroid320, ISP/페이북
[2019-07-22 11:40:56,049][DEBUG|rankingParser.py:19] >> 55, com.kscc.scxb.mbl, [공식]고속버스모바일
[2019-07-22 11:40:56,055][DEBUG|rankingParser.py:19] >> 56, com.lge.lgemembership, LG전자 멤버십
[2019-07-22 11:40:56,061][DEBUG|rankingParser.py:19] >> 57, com.kakaopay.app, 카카오페이
[2019-07-22 11:40:56,067][DEBUG|rankingParser.py:19] >> 58, kr.backpackr.me.idus, 아이디어스(idus) - 핸드메이드/수공예 장터
[2019-07-22 11:40:56,073][DEBUG|rankingParser.py:19] >> 59, com.cgv.android.movieapp, CGV
[2019-07-22 11:40:56,079][DEBUG|rankingParser.py:19] >> 60, com.tf.thinkdroid.viewer, 한컴오피스 viewer
[2019-07-22 11:40:56,085][DEBUG|rankingParser.py:19] >> 61, com.chbreeze.jikbang4a, 직방 - 2,000만명이 선택한 No.1 부동산 앱(아파트,아파트분양,원룸,오피스텔,빌라)
[2019-07-22 11:40:56,091][DEBUG|rankingParser.py:19] >> 62, paint.by.number.pixel.art.coloring.drawing.puzzle, 숫자로 색칠하기 - 무료 색칠 공부 및 퍼즐 게임
[2019-07-22 11:40:56,097][DEBUG|rankingParser.py:19] >> 63, com.gmong.songgain, 송가인 노래모음 무료듣기 - 미스트롯 송가인 노래와 영상 모음
[2019-07-22 11:40:56,103][DEBUG|rankingParser.py:19] >> 64, com.titicacacorp.triple, 트리플 - 해외여행 가이드
[2019-07-22 11:40:56,110][DEBUG|rankingParser.py:19] >> 65, com.nhn.android.webtoon, 네이버 웹툰 - Naver Webtoon
[2019-07-22 11:40:56,116][DEBUG|rankingParser.py:19] >> 66, kr.co.samsungcard.mpocket, 삼성앱카드 - 내 폰 안의 삼성카드
[2019-07-22 11:40:56,124][DEBUG|rankingParser.py:19] >> 67, com.hyundaicard.appcard, 현대카드
[2019-07-22 11:40:56,130][DEBUG|rankingParser.py:19] >> 68, faceapp.facemystery.learnmoreaboutyourself, HiddenMe Face App -  노화 카메라, 페이스앱
[2019-07-22 11:40:56,136][DEBUG|rankingParser.py:19] >> 69, net.daum.android.daum, 다음 - Daum
[2019-07-22 11:40:56,142][DEBUG|rankingParser.py:19] >> 70, com.google.android.apps.translate, Google 번역
[2019-07-22 11:40:56,148][DEBUG|rankingParser.py:19] >> 71, com.kscc.xzz.mbl, [공식]시외버스모바일
[2019-07-22 11:40:56,154][DEBUG|rankingParser.py:19] >> 72, com.hmusic.listentrot, 트로트 무료듣기 - 트로트 메들리
[2019-07-22 11:40:56,163][DEBUG|rankingParser.py:19] >> 73, fast.phone.clean, 슈퍼 빠른 클리너 - 안티 바이러스 및 부스터 & 클리너
[2019-07-22 11:40:56,170][DEBUG|rankingParser.py:19] >> 74, com.emart.today, 이마트 - 매장에서 즐기는 스마트한 혜택
[2019-07-22 11:40:56,178][DEBUG|rankingParser.py:19] >> 75, kr.go.kcs.mobile.pubservice, 모바일 관세청
[2019-07-22 11:40:56,184][DEBUG|rankingParser.py:19] >> 76, com.skb.btvmobile, oksusu
[2019-07-22 11:40:56,191][DEBUG|rankingParser.py:19] >> 77, gov.incheon.incheonercard, 인천e음
[2019-07-22 11:40:56,197][DEBUG|rankingParser.py:19] >> 78, com.uxlayer.wipoint, 다이소 멤버십
[2019-07-22 11:40:56,204][DEBUG|rankingParser.py:19] >> 79, com.goodplay.a511best, 착한 음악다운 플레이
[2019-07-22 11:40:56,213][DEBUG|rankingParser.py:19] >> 80, com.wemakeprice, 위메프 - 특가대표 (특가 / 쇼핑 / 쇼핑앱 / 쿠폰 / 배송)
[2019-07-22 11:40:56,219][DEBUG|rankingParser.py:19] >> 81, com.megabox.mop, 메가박스(MEGABOX)
[2019-07-22 11:40:56,225][DEBUG|rankingParser.py:19] >> 82, com.linecorp.b612.android, B612 - 뷰티 효과, 감성필터, 셀피 카메라
[2019-07-22 11:40:56,231][DEBUG|rankingParser.py:19] >> 83, com.virusscan.privacy.fast.cleaner.booster, X Security - 바이러스 제거, 기기 청소, 가속
[2019-07-22 11:40:56,237][DEBUG|rankingParser.py:19] >> 84, net.bucketplace, 오늘의집 - 550만이 선택한 No.1 인테리어 필수앱
[2019-07-22 11:40:56,245][DEBUG|rankingParser.py:19] >> 85, com.firstscreen.weather, 첫화면 날씨, 미세먼지 - WHO 기준, 기상청 날씨
[2019-07-22 11:40:56,251][DEBUG|rankingParser.py:19] >> 86, com.nhn.android.ndrive, 네이버 클라우드 - NAVER Cloud
[2019-07-22 11:40:56,259][DEBUG|rankingParser.py:19] >> 87, com.ktmusic.geniemusic, 지니 뮤직 - genie
[2019-07-22 11:40:56,265][DEBUG|rankingParser.py:19] >> 88, com.lge.mobilemigration, LG 모바일 스위치 (보내기)
[2019-07-22 11:40:56,275][DEBUG|rankingParser.py:19] >> 89, com.TouchEn.mVaccine.webs, 터치엔 엠백신 for Web(기업용)
[2019-07-22 11:40:56,281][DEBUG|rankingParser.py:19] >> 90, tw.mobileapp.qrcode.banner, QR 코드 리더/바코드 스캐너
[2019-07-22 11:40:56,288][DEBUG|rankingParser.py:19] >> 91, kr.co.quicket, 번개장터 - 모바일 최대 중고마켓 앱(중고나라,중고차)
[2019-07-22 11:40:56,294][DEBUG|rankingParser.py:19] >> 92, com.hnsmall, 홈앤쇼핑 오직 앱에서만.  10%할인 + 10%적립
[2019-07-22 11:40:56,299][DEBUG|rankingParser.py:19] >> 93, com.shcard.smartpay, 신한페이판
[2019-07-22 11:40:56,305][DEBUG|rankingParser.py:19] >> 94, com.nhnent.payapp, PAYCO - 페이코, 혜택까지 똑똑한 간편결제
[2019-07-22 11:40:56,312][DEBUG|rankingParser.py:19] >> 95, com.hmallapp, 현대Hmall - 홈쇼핑, 백화점
[2019-07-22 11:40:56,318][DEBUG|rankingParser.py:19] >> 96, kr.co.emart.emartmall, 이마트몰  emart mall
[2019-07-22 11:40:56,324][DEBUG|rankingParser.py:19] >> 97, com.clean_antivirus.security.master.booster, Security & Antivirus
[2019-07-22 11:40:56,330][DEBUG|rankingParser.py:19] >> 98, kr.co.alba.webappalba.m, 알바천국- 알바 구인구직 포털서비스
[2019-07-22 11:40:56,337][DEBUG|rankingParser.py:19] >> 99, com.snapchat.android, Snapchat
[2019-07-22 11:40:56,343][DEBUG|rankingParser.py:19] >> 100, com.albamon.app, 알바몬 - 알바 채용 구인구직 취업정보검색
[2019-07-22 11:40:56,349][DEBUG|rankingParser.py:19] >> 101, kr.bitbyte.playkeyboard, 플레이키보드 - 최애돌 테마, 문자티콘, 나만의 테마 제작, 움직이는 키보드
[2019-07-22 11:40:56,357][DEBUG|rankingParser.py:19] >> 102, faceapp.magikoly.exploreandhavefun, Magikoly  페이스앱, 페이스 에디터, 얼굴 노화, 성별 전환, 인종 분석기
[2019-07-22 11:40:56,363][DEBUG|rankingParser.py:19] >> 103, com.tmon, 티몬 - 매주 월요일은 티몬데이
[2019-07-22 11:40:56,369][DEBUG|rankingParser.py:19] >> 104, com.shinhan.sbanking, 신한 쏠(SOL)  신한은행 스마트폰뱅킹
[2019-07-22 11:40:56,375][DEBUG|rankingParser.py:19] >> 105, com.future.know, Future: 얼굴, 손금 & 별자리
[2019-07-22 11:40:56,381][DEBUG|rankingParser.py:19] >> 106, com.kbstar.kbbank, KB국민은행 스타뱅킹
[2019-07-22 11:40:56,388][DEBUG|rankingParser.py:19] >> 107, video.player.videoplayer, 비디오 플레이어 퍼펙트 - 자막, 코덱, XPlayer
[2019-07-22 11:40:56,395][DEBUG|rankingParser.py:19] >> 108, uplus.membership, U+멤버스 - 멤버십 할인,소액결제,포인트,쿠폰
[2019-07-22 11:40:56,401][DEBUG|rankingParser.py:19] >> 109, com.croquis.zigzag, 지그재그 - 여성쇼핑몰 모음, 쇼핑몰순위
[2019-07-22 11:40:56,407][DEBUG|rankingParser.py:19] >> 110, socar.Socar, 쏘카 - 1등 카셰어링
[2019-07-22 11:40:56,415][DEBUG|rankingParser.py:19] >> 111, kr.go.nts.android, 국세청 홈택스
[2019-07-22 11:40:56,421][DEBUG|rankingParser.py:19] >> 112, com.hpapp, 해피포인트
[2019-07-22 11:40:56,429][DEBUG|rankingParser.py:19] >> 113, com.lifeoverflow.app.weather, 날씨날씨 - 날씨, 미세먼지, 기상청, 위젯, 알림
[2019-07-22 11:40:56,436][DEBUG|rankingParser.py:19] >> 114, com.interpark.shop, 인터파크
[2019-07-22 11:40:56,443][DEBUG|rankingParser.py:19] >> 115, com.kakao.story, 카카오스토리 KakaoStory
[2019-07-22 11:40:56,450][DEBUG|rankingParser.py:19] >> 116, kr.co.lottecinema.lcm, 롯데시네마 모바일앱
[2019-07-22 11:40:56,457][DEBUG|rankingParser.py:19] >> 117, com.smule.singandroid, Smule - 1등 노래 어플
[2019-07-22 11:40:56,466][DEBUG|rankingParser.py:19] >> 118, io.storychat, 위트 wit
[2019-07-22 11:40:56,473][DEBUG|rankingParser.py:19] >> 119, com.ebay.kr.gmarket, 쇼핑을 바꾸는 쇼핑. G마켓
[2019-07-22 11:40:56,481][DEBUG|rankingParser.py:19] >> 120, com.scbank.ma30, SC제일은행 모바일뱅킹
[2019-07-22 11:40:56,487][DEBUG|rankingParser.py:19] >> 121, com.twitter.android, 트위터
[2019-07-22 11:40:56,493][DEBUG|rankingParser.py:19] >> 122, com.ahnlab.v3mobilesecurity.soda, V3 Mobile Security - 무료 백신/부스터/앱잠금
[2019-07-22 11:40:56,499][DEBUG|rankingParser.py:19] >> 123, com.kbcard.cxh.appcard, KB국민 앱카드
[2019-07-22 11:40:56,505][DEBUG|rankingParser.py:19] >> 124, com.samsung.android.voc, Samsung Members
[2019-07-22 11:40:56,515][DEBUG|rankingParser.py:19] >> 125, com.bestringtonesapps.freeringtonesforandroid, 무료 벨소리 Android™ 전용
[2019-07-22 11:40:56,521][DEBUG|rankingParser.py:19] >> 126, kr.co.nowcom.mobile.afreeca, 아프리카TV - AfreecaTV
[2019-07-22 11:40:56,527][DEBUG|rankingParser.py:19] >> 127, com.gangwon.han, 동영상다운프로
[2019-07-22 11:40:56,533][DEBUG|rankingParser.py:19] >> 128, gsshop.mobile.v2, GS SHOP - 당신의 가장 좋은 선택을 만듭니다
[2019-07-22 11:40:56,539][DEBUG|rankingParser.py:19] >> 129, com.skmc.okcashbag.home_google, OK캐쉬백 [즐거움이 포인트다]
[2019-07-22 11:40:56,544][DEBUG|rankingParser.py:19] >> 130, kr.co.shiftworks.vguardweb, VG 기업용 Web SDK
[2019-07-22 11:40:56,550][DEBUG|rankingParser.py:19] >> 131, kr.co.ivlog.mobile.app.cjonecard, CJ ONE
[2019-07-22 11:40:56,556][DEBUG|rankingParser.py:19] >> 132, com.google.android.apps.youtube.music, YouTube Music
[2019-07-22 11:40:56,563][DEBUG|rankingParser.py:19] >> 133, com.kbcard.kbkookmincard, KB국민카드
[2019-07-22 11:40:56,569][DEBUG|rankingParser.py:19] >> 134, com.himart.main, 롯데 ON - 롯데하이마트
[2019-07-22 11:40:56,575][DEBUG|rankingParser.py:19] >> 135, com.naver.vibe, VIBE (바이브)
[2019-07-22 11:40:56,581][DEBUG|rankingParser.py:19] >> 136, com.starbucks.co, 스타벅스
[2019-07-22 11:40:56,587][DEBUG|rankingParser.py:19] >> 137, sg.bigo.live, BIGO LIVE (비고라이브)  라이브 개인방송
[2019-07-22 11:40:56,593][DEBUG|rankingParser.py:19] >> 138, com.elevenst, 11번가
[2019-07-22 11:40:56,599][DEBUG|rankingParser.py:19] >> 139, jp.naver.line.android, 라인 LINE
[2019-07-22 11:40:56,606][DEBUG|rankingParser.py:19] >> 140, ly.appt.oldify, 나이 든 얼굴 - Oldify™ Grow Old
[2019-07-22 11:40:56,612][DEBUG|rankingParser.py:19] >> 141, com.bestringtonesapps.bestringtonesfree, 최고의 무료 벨소리
[2019-07-22 11:40:56,618][DEBUG|rankingParser.py:19] >> 142, co.spoonme, 스푼 라디오 - LIVE방송 BJ소통
[2019-07-22 11:40:56,624][DEBUG|rankingParser.py:19] >> 143, teamDoppelGanger.SmarterSubway, 지하철 종결자 : Smarter Subway
[2019-07-22 11:40:56,630][DEBUG|rankingParser.py:19] >> 144, com.nhn.android.navercafe, 네이버 카페  - Naver Cafe
[2019-07-22 11:40:56,637][DEBUG|rankingParser.py:19] >> 145, tv.jamlive, 잼라이브 (JAM LIVE) - 실시간 퀴즈쇼
[2019-07-22 11:40:56,643][DEBUG|rankingParser.py:19] >> 146, com.chsapps.songain, 송가인 노래듣기 - 히트곡, 방송 영상, 최신 공연 영상
[2019-07-22 11:40:56,649][DEBUG|rankingParser.py:19] >> 147, com.windyty.android, Windy.com - 바람, 파도 및 태풍 예보
[2019-07-22 11:40:56,655][DEBUG|rankingParser.py:19] >> 148, com.discord, Discord - 게이머를 위한 메신저
[2019-07-22 11:40:56,662][DEBUG|rankingParser.py:19] >> 149, app.zenly.locator, Zenly - 친한 친구끼리
[2019-07-22 11:40:56,668][DEBUG|rankingParser.py:19] >> 150, ctrip.english, 트립닷컴 - 전 세계 항공권, 호텔, 기차표 & 액티비티 특가 예약, 블록버스터급 여행앱
[2019-07-22 11:40:56,674][DEBUG|rankingParser.py:19] >> 151, nh.smart.nhcok, NH콕뱅크
[2019-07-22 11:40:56,681][DEBUG|rankingParser.py:19] >> 152, com.rainist.banksalad2, 뱅크샐러드 - 신경 꺼도 내 돈 관리 (통합 자산관리, 자동 가계부)
[2019-07-22 11:40:56,687][DEBUG|rankingParser.py:19] >> 153, kr.co.cleaninglab.user, 청소연구소 - 가사도우미, 청소, 청소도우미
[2019-07-22 11:40:56,693][DEBUG|rankingParser.py:19] >> 154, com.uplus.onphone, U+모바일tv-실시간TV,TV다시보기,최신영화
[2019-07-22 11:40:56,699][DEBUG|rankingParser.py:19] >> 155, net.daum.android.cafe, 다음 카페 - Daum Cafe
[2019-07-22 11:40:56,705][DEBUG|rankingParser.py:19] >> 156, com.lgeha.nuts, LG SmartThinQ
[2019-07-22 11:40:56,711][DEBUG|rankingParser.py:19] >> 157, kr.co.station3.dabang, 다방-대한민국 부동산 매물 최다보유(원룸 오피스텔 아파트 분양 월세)
[2019-07-22 11:40:56,720][DEBUG|rankingParser.py:19] >> 158, com.cjoshppingphone, CJmall
[2019-07-22 11:40:56,726][DEBUG|rankingParser.py:19] >> 159, com.ssg.serviceapp.android.egiftcertificate, SSGPAY - 혜택 위의 혜택
[2019-07-22 11:40:56,733][DEBUG|rankingParser.py:19] >> 160, com.buzzni.android.subapp.shoppingmoa, 홈쇼핑모아-TV홈쇼핑 편성표, 생방송 알림, 검색, 홈쇼핑방송
[2019-07-22 11:40:56,740][DEBUG|rankingParser.py:19] >> 161, com.agoda.mobile.consumer, 아고다(Agoda) - 여행 계획은 아고다와 함께! 숙박 및 항공권을 초특가로 예약하세요
[2019-07-22 11:40:56,745][DEBUG|rankingParser.py:19] >> 162, kr.tripstore.tripstore, 트립스토어 - No.1 해외패키지여행 가격비교 및 예약
[2019-07-22 11:40:56,751][DEBUG|rankingParser.py:19] >> 163, kr.or.giro.android, 모바일지로
[2019-07-22 11:40:56,759][DEBUG|rankingParser.py:19] >> 164, kr.co.apptube.hitai2, 하이타이 - 최저가 마사지, 타이마사지, 데이트장소, 무료쿠폰
[2019-07-22 11:40:56,765][DEBUG|rankingParser.py:19] >> 165, org.kftc.fido.lnk.lnk_app, 바이오인증 공동앱
[2019-07-22 11:40:56,771][DEBUG|rankingParser.py:19] >> 166, kr.go.wetax.android, 스마트위택스
[2019-07-22 11:40:56,777][DEBUG|rankingParser.py:19] >> 167, com.picsart.draw, PicsArt Color Paint
[2019-07-22 11:40:56,782][DEBUG|rankingParser.py:19] >> 168, com.remote.control.universal.forall.tv, 모든 TV에 대한 원격 제어
[2019-07-22 11:40:56,788][DEBUG|rankingParser.py:19] >> 169, kr.co.sbs.videoplayer, SBS - 온에어, VOD 7만편 무료
[2019-07-22 11:40:56,794][DEBUG|rankingParser.py:19] >> 170, com.joytunes.simplypiano, Simply Piano by JoyTunes
[2019-07-22 11:40:56,802][DEBUG|rankingParser.py:19] >> 171, com.nsmobilehub, NS홈쇼핑
[2019-07-22 11:40:56,808][DEBUG|rankingParser.py:19] >> 172, com.tencent.mm, WeChat
[2019-07-22 11:40:56,815][DEBUG|rankingParser.py:19] >> 173, com.astroframe.seoulbus, 카카오버스
[2019-07-22 11:40:56,822][DEBUG|rankingParser.py:19] >> 174, net.ib.android.smcard, 삼성카드
[2019-07-22 11:40:56,828][DEBUG|rankingParser.py:19] >> 175, org.telegram.messenger, 텔레그램 공식 앱 Telegram
[2019-07-22 11:40:56,836][DEBUG|rankingParser.py:19] >> 176, kr.co.homeplus.club, 홈플러스 더 클럽
[2019-07-22 11:40:56,849][DEBUG|rankingParser.py:19] >> 177, teamdoppelganger.smarterbus, 전국 스마트 버스
[2019-07-22 11:40:56,855][DEBUG|rankingParser.py:19] >> 178, com.shinhancard.smartshinhan, 신한카드
[2019-07-22 11:40:56,864][DEBUG|rankingParser.py:19] >> 179, com.aging.palmistry.predict, Predict Master - 손금, 노화
[2019-07-22 11:40:56,870][DEBUG|rankingParser.py:19] >> 180, sk.com.shopping, SK스토아 (SK가 만든 TV쇼핑, SK stoa)
[2019-07-22 11:40:56,877][DEBUG|rankingParser.py:19] >> 181, com.cntt.lotteria, 롯데리아
[2019-07-22 11:40:56,884][DEBUG|rankingParser.py:19] >> 182, com.hy.sfacer, Fantastic Face얼굴 분석 및 노화 예측
[2019-07-22 11:40:56,891][DEBUG|rankingParser.py:19] >> 183, com.nhn.android.nbooks, SERIES - 네이버 시리즈
[2019-07-22 11:40:56,898][DEBUG|rankingParser.py:19] >> 184, com.bisoft.live.weather, 날씨 오늘 - 일기 예보 앱 2019
[2019-07-22 11:40:56,905][DEBUG|rankingParser.py:19] >> 185, free.vpn.unblock.proxy.turbovpn, Turbo VPN 무제한 무료 VPN & 빠른 보안 프록시 접속
[2019-07-22 11:40:56,911][DEBUG|rankingParser.py:19] >> 186, com.hcom.android, 호텔스닷컴: 최저가 객실, 호텔, 펜션 리조트를 최고 평점 숙박 어플로 예약하세요
[2019-07-22 11:40:56,918][DEBUG|rankingParser.py:19] >> 187, kr.perfectree.heydealer, 헤이딜러, +100만원 내차팔기 앱
[2019-07-22 11:40:56,924][DEBUG|rankingParser.py:19] >> 188, com.cloudmosa.puffinFree, Puffin Web Browser
[2019-07-22 11:40:56,930][DEBUG|rankingParser.py:19] >> 189, weather.forecast.barometer.storm.radar, 날씨 무료
[2019-07-22 11:40:56,938][DEBUG|rankingParser.py:19] >> 190, com.lcacApp, 롯데카드(+앱카드)
[2019-07-22 11:40:56,943][DEBUG|rankingParser.py:19] >> 191, com.expedia.bookings, 익스피디아 - 항공권, 호텔, 여행 계획
[2019-07-22 11:40:56,950][DEBUG|rankingParser.py:19] >> 192, net.nrise.wippy, 위피 - 동네 친구가 필요할 때
[2019-07-22 11:40:56,957][DEBUG|rankingParser.py:19] >> 193, com.dbs.kurly.m2, 마켓컬리-내일의 장보기
[2019-07-22 11:40:56,963][DEBUG|rankingParser.py:19] >> 194, com.nexstreaming.app.kinemasterfree, 키네마스터(KineMaster) - 동영상 편집기
[2019-07-22 11:40:56,969][DEBUG|rankingParser.py:19] >> 195, com.dencreak.dlcalculator, 똑똑계산기 - 무료 다용도 계산기
[2019-07-22 11:40:56,975][DEBUG|rankingParser.py:19] >> 196, menloseweight.loseweightappformen.weightlossformen, 뱃살 빼기 - 30일만에 체중 감량, 남성을 위한 체중 감량
[2019-07-22 11:40:56,981][DEBUG|rankingParser.py:19] >> 197, net.skyscanner.android.main, 스카이스캐너-항공권,호텔,렌터카 최저가 비교 예약
[2019-07-22 11:40:56,987][DEBUG|rankingParser.py:19] >> 198, com.quvideo.xiaoying, VivaVideo - 동영상 편집 & 카메라 필터
[2019-07-22 11:40:56,994][DEBUG|rankingParser.py:19] >> 199, com.digidust.elokence.akinator.freemium, Akinator
[2019-07-22 11:40:57,001][DEBUG|rankingParser.py:19] >> 200, com.grabtaxi.passenger, Grab - Transport, Food Delivery, Payments
[2019-07-22 11:41:17,931][DEBUG|rankingParser.py:19] >> 1, eyu.on.pica, @picn2k camera (피크닉 카메라)
[2019-07-22 11:41:17,939][DEBUG|rankingParser.py:19] >> 2, kr.co.lylstudio.unicorn, 유니콘:광고차단 필수 애드블록
[2019-07-22 11:41:17,947][DEBUG|rankingParser.py:19] >> 3, me.sovs.sovs, SOVS - 촬영부탁 필수앱
[2019-07-22 11:41:17,954][DEBUG|rankingParser.py:19] >> 4, com.godpeople.GPBIBLE, 갓피플성경
[2019-07-22 11:41:17,960][DEBUG|rankingParser.py:19] >> 5, com.newin.nplayer.pro, nPlayer
[2019-07-22 11:41:17,966][DEBUG|rankingParser.py:19] >> 6, com.acadoid.lecturenotes, LectureNotes
[2019-07-22 11:41:17,972][DEBUG|rankingParser.py:19] >> 7, org.trecet.nowhere.tweet2gif.plus, Tweet2gif Plus
[2019-07-22 11:41:17,979][DEBUG|rankingParser.py:19] >> 8, com.mxtech.videoplayer.pro, MX 플레이어 Pro
[2019-07-22 11:41:17,985][DEBUG|rankingParser.py:19] >> 9, com.binibambini.Mini, 어린이를 위한 그리기! 점선 따라 그리기!
[2019-07-22 11:41:17,992][DEBUG|rankingParser.py:19] >> 10, com.cloudmosa.puffin, Puffin Browser Pro
[2019-07-22 11:41:18,002][DEBUG|rankingParser.py:19] >> 11, com.utorrent.client.pro, Torrent® Pro - Torrent App
[2019-07-22 11:41:18,044][DEBUG|rankingParser.py:19] >> 12, com.choco.silentmode, 무음모드 (순정 무음카메라)
[2019-07-22 11:41:18,052][DEBUG|rankingParser.py:19] >> 13, com.hancom.office.hwp.editor.hwp_apk.gplaystore, 한컴오피스 한글 2014
[2019-07-22 11:41:18,059][DEBUG|rankingParser.py:19] >> 14, com.hs.toeic5finish, 토익 PART5 종결자
[2019-07-22 11:41:18,068][DEBUG|rankingParser.py:19] >> 15, com.teslacoilsw.launcher.prime, Nova Launcher Prime
[2019-07-22 11:41:18,078][DEBUG|rankingParser.py:19] >> 16, com.printedpropshop.dokkos2, Dokk OS 2
[2019-07-22 11:41:18,091][DEBUG|rankingParser.py:19] >> 17, com.apptrio.hi_fi_status, Hi-Fi Status(LG)
[2019-07-22 11:41:18,102][DEBUG|rankingParser.py:19] >> 18, com.etoos.wordmaster.sat20002018, Word master 워드마스터 수능 2000(18개정)
[2019-07-22 11:41:18,122][DEBUG|rankingParser.py:19] >> 19, kr.pe.designerj.airbudspopup, AirBuds Popup - airpod battery app (1st gen)
[2019-07-22 11:41:18,145][DEBUG|rankingParser.py:19] >> 20, net.dinglisch.android.taskerm, Tasker
[2019-07-22 11:41:18,153][DEBUG|rankingParser.py:19] >> 21, com.fenixx.gameboosterplus, Game Booster  4x Faster (with advance settings)
[2019-07-22 11:41:18,159][DEBUG|rankingParser.py:19] >> 22, com.screwbar.gudakcamera, 구닥
[2019-07-22 11:41:18,178][DEBUG|rankingParser.py:19] >> 23, com.monotype.android.font.aa16yearsold, Aa십육살™ 한국어 Flipfont
[2019-07-22 11:41:18,211][DEBUG|rankingParser.py:19] >> 24, org.prowl.torque, Torque Pro (OBD2 / 자동차)
[2019-07-22 11:41:18,239][DEBUG|rankingParser.py:19] >> 25, com.jake.TouchMacro, 터치매크로-자동터치
[2019-07-22 11:41:18,258][DEBUG|rankingParser.py:19] >> 26, com.simplemobiletools.gallery.pro, 심플 갤러리 Pro
[2019-07-22 11:41:18,266][DEBUG|rankingParser.py:19] >> 27, net.saltycrackers.daygram, 데이그램 - 하루 한줄 일기장
[2019-07-22 11:41:18,272][DEBUG|rankingParser.py:19] >> 28, com.etoos.wordmaster.midhighlevel2016, Word Master 워드마스터 중등 고난도(개정)
[2019-07-22 11:41:18,279][DEBUG|rankingParser.py:19] >> 29, com.jpbrothers.android.pictail.sub6, 픽테일 - Limited Edition
[2019-07-22 11:41:18,286][DEBUG|rankingParser.py:19] >> 30, com.ccswe.appmanagerpro, CCSWE App Manager Pro License
[2019-07-22 11:41:18,813][DEBUG|rankingParser.py:19] >> 31, com.kakao.talk.theme.SummerShiba, 휴가중이다 시바 - 카카오톡 테마
[2019-07-22 11:41:18,823][DEBUG|rankingParser.py:19] >> 32, com.maxmpz.audioplayer.unlock, Poweramp Full Version Unlocker
[2019-07-22 11:41:18,831][DEBUG|rankingParser.py:19] >> 33, jp.snowlife01.android.mutecamera, 무음모드Pro
[2019-07-22 11:41:18,838][DEBUG|rankingParser.py:19] >> 34, com.skydoves.secretreocder, 비밀녹음 프로 (Secret Recorder Pro) - 녹음기, 강의녹음, 몰래녹음
[2019-07-22 11:41:18,845][DEBUG|rankingParser.py:19] >> 35, noad.geulga, 아라-만화뷰어,텍스트뷰어,스캔뷰어,소설뷰어
[2019-07-22 11:41:20,419][DEBUG|rankingParser.py:19] >> 36, com.extreamsd.usbaudioplayerpro, USB Audio Player PRO
[2019-07-22 11:41:20,428][DEBUG|rankingParser.py:19] >> 37, com.tistory.es1015.kakao.theme.check2, 노트 카톡테마 - 심플 카톡테마 8.0.0
[2019-07-22 11:41:20,434][DEBUG|rankingParser.py:19] >> 38, com.monotype.android.font.aaracoongulim, Aa너구리굴림™ 한국어 Flipfont
[2019-07-22 11:41:20,440][DEBUG|rankingParser.py:19] >> 39, com.elsebook.koreanhistory, 큰별쌤 개념 한국사
[2019-07-22 11:41:20,446][DEBUG|rankingParser.py:19] >> 40, com.monotype.android.font.aaflutter, Aa설렘주의™ 한국어 Flipfont
[2019-07-22 11:41:20,454][DEBUG|rankingParser.py:19] >> 41, com.softchaser.iKnowYouP, 지피지기 (사주,운세,궁합,토정비결,이름,해몽)
[2019-07-22 11:41:20,462][DEBUG|rankingParser.py:19] >> 42, slide.watchFrenzy.premium, Watch Face -WatchMaker Premium for Android Wear OS
[2019-07-22 11:41:20,469][DEBUG|rankingParser.py:19] >> 43, bruenor.magicbox, Magic DosBox
[2019-07-22 11:41:20,475][DEBUG|rankingParser.py:19] >> 44, com.irmavep.app.libro, 책꽂이+ (독서기록, 도서관리)
[2019-07-22 11:41:20,481][DEBUG|rankingParser.py:19] >> 45, com.nynix.knots3d, 매듭 앱 3D  ( Knots 3D )
[2019-07-22 11:41:20,488][DEBUG|rankingParser.py:19] >> 46, com.quvideo.xiaoying.pro, VivaVideo PRO 비디오 편집 HD
[2019-07-22 11:41:20,496][DEBUG|rankingParser.py:19] >> 47, com.defianttech.diskdiggerpro, DiskDigger Pro file recovery
[2019-07-22 11:41:20,503][DEBUG|rankingParser.py:19] >> 48, com.panda.gamebooster, Panda Game Booster & GFX Tool for Battleground
[2019-07-22 11:41:20,511][DEBUG|rankingParser.py:19] >> 49, com.nhn.android.phrasebookplus, 네이버 15개국 글로벌회화 Plus-언어별 4000문장
[2019-07-22 11:41:20,517][DEBUG|rankingParser.py:19] >> 50, com.monotype.android.font.aakingoffont, Aa폰트의왕™ 한국어 Flipfont
[2019-07-22 11:41:20,523][DEBUG|rankingParser.py:19] >> 51, com.doosandonga.app.dictionary.primeengkor, 프라임 영한한영사전
[2019-07-22 11:41:20,533][DEBUG|rankingParser.py:19] >> 52, jp.co.unbalance.tesou_ko, 손금 진단
[2019-07-22 11:41:20,539][DEBUG|rankingParser.py:19] >> 53, com.intermedia.hd.camera.pro, HD 카메라 PRO  : 최고의 전문 카메라 응용 프로그램
[2019-07-22 11:41:20,545][DEBUG|rankingParser.py:19] >> 54, com.tistory.es1015.kakao.theme.halgneon, 반네온 카톡테마 - 심플 카톡테마
[2019-07-22 11:41:20,558][DEBUG|rankingParser.py:19] >> 55, com.intsig.lic.camscanner, CamScanner (License)
[2019-07-22 11:41:20,571][DEBUG|rankingParser.py:19] >> 56, com.daolsoft.ybmeke, YBM 올인올 영한영 플러스 사전
[2019-07-22 11:41:20,586][DEBUG|rankingParser.py:19] >> 57, com.jb.babycrying_paid, 아기 울음 알리미 (아기 수면 모니터 & 알람 & 자장가)
[2019-07-22 11:41:20,602][DEBUG|rankingParser.py:19] >> 58, com.etoos.wordmaster.highbasic2016, Word Master 워드마스터 고등 BASIC
[2019-07-22 11:41:20,610][DEBUG|rankingParser.py:19] >> 59, com.mesoft.meplayer, 영화보며 영어공부 - 배속재생 미플레이어무비프로 어학용 동영상 플레이어
[2019-07-22 11:41:20,625][DEBUG|rankingParser.py:19] >> 60, com.kmplayerpro, 동영상 플레이어 KM Pro - HD Player, 4K 비디오 플레이어, 코덱, 자막
[2019-07-22 11:41:20,638][DEBUG|rankingParser.py:19] >> 61, com.jetappfactory.jetaudioplus, 제트오디오 플러스 - 고해상도 음원 재생 뮤직 플레이어
[2019-07-22 11:41:20,651][DEBUG|rankingParser.py:19] >> 62, com.frozenape.tempo, Metronome: Tempo 메트로놈
[2019-07-22 11:41:20,659][DEBUG|rankingParser.py:19] >> 63, com.intsig.BizCardReader, CamCard (명함스캐너 한글 한자 일어 동시인식)
[2019-07-22 11:41:20,668][DEBUG|rankingParser.py:19] >> 64, smartwatchstudios.app.gears3navigation, Navigation Pro: Google Maps Navi on Samsung Watch
[2019-07-22 11:41:20,686][DEBUG|rankingParser.py:19] >> 65, com.kmshack.mute, 무음모드  (기본 카메라 무음)
[2019-07-22 11:41:20,697][DEBUG|rankingParser.py:19] >> 66, com.monotype.android.font.enamored365, 365홀딱반했어™ 한국어 Flipfont
[2019-07-22 11:41:20,703][DEBUG|rankingParser.py:19] >> 67, inc.trilokia.pubgfxtool, PUB Gfx+ Tool:#1 GFX Tool(with advance settings)
[2019-07-22 11:41:20,709][DEBUG|rankingParser.py:19] >> 68, kr.review.lifesaju, 현대사주 - 현대인을 위한 사주풀이 백과
[2019-07-22 11:41:20,718][DEBUG|rankingParser.py:19] >> 69, com.pixelcurves.tlauncher, TL Mods
[2019-07-22 11:41:20,724][DEBUG|rankingParser.py:19] >> 70, psyberia.alpinequest.full, AlpineQuest Off-Road Explorer
[2019-07-22 11:41:20,729][DEBUG|rankingParser.py:19] >> 71, kr.co.topaz7company.blackbox, 블랙박스X 몰래카메라
[2019-07-22 11:41:20,735][DEBUG|rankingParser.py:19] >> 72, com.elsebook.handal, 한글 달인 - 맞춤법 공부
[2019-07-22 11:41:20,742][DEBUG|rankingParser.py:19] >> 73, handasoft.mobile.divination_pro, 2019 점신PRO : 오늘의 운세, 사주의 완전판
[2019-07-22 11:41:20,747][DEBUG|rankingParser.py:19] >> 74, eu.thedarken.sdm.unlocker, SD Maid Pro - 언락커
[2019-07-22 11:41:20,754][DEBUG|rankingParser.py:19] >> 75, com.massimobiolcati.irealb, iReal Pro  음악책 & 반주
[2019-07-22 11:41:20,759][DEBUG|rankingParser.py:19] >> 76, com.limeberry.dansoomhanja, 단숨 일본어한자 (일본어 상용한자)
[2019-07-22 11:41:20,767][DEBUG|rankingParser.py:19] >> 77, com.orangeorapple.flashcards, Flashcards Deluxe
[2019-07-22 11:41:20,772][DEBUG|rankingParser.py:19] >> 78, com.hs.sutuksuwan20plus, 20 수특+수완 단어Plus: 빈출 우선 단어 총정리
[2019-07-22 11:41:20,780][DEBUG|rankingParser.py:19] >> 79, com.orux.oruxmapsDonate, 오룩스맵 도네이트
[2019-07-22 11:41:20,786][DEBUG|rankingParser.py:19] >> 80, jjong.kim.rotationcontrol_pro, 화면회전 pro
[2019-07-22 11:41:20,792][DEBUG|rankingParser.py:19] >> 81, com.nicky.jiung.domagic, 우와! - 화면을 깨고 동전이 나오는 마술앱!
[2019-07-22 11:41:20,798][DEBUG|rankingParser.py:19] >> 82, com.realbyteapps.moneya, 편한가계부 (+음성, PC)
[2019-07-22 11:41:20,805][DEBUG|rankingParser.py:19] >> 83, com.x0.strai.frepkey, FRep Unlock Key
[2019-07-22 11:41:20,812][DEBUG|rankingParser.py:19] >> 84, com.appstar.callrecorderpro, 통화 녹음 Pro
[2019-07-22 11:41:20,819][DEBUG|rankingParser.py:19] >> 85, com.etoos.wordmaster.midskill2016, Word Master 워드마스터 중등 실력
[2019-07-22 11:41:20,825][DEBUG|rankingParser.py:19] >> 86, inc.trilokia.gfxtool, Gamers GLTool Pro with Game Turbo & Game Tuner
[2019-07-22 11:41:20,832][DEBUG|rankingParser.py:19] >> 87, com.realnumworks.focustimerpro, FocusTimer Pro - 공부 습관이 바뀌는 앱
[2019-07-22 11:41:20,838][DEBUG|rankingParser.py:19] >> 88, com.imageline.FLM, FL Studio Mobile
[2019-07-22 11:41:20,844][DEBUG|rankingParser.py:19] >> 89, com.noctuasoftware.stellarium, Stellarium Mobile 하늘지도
[2019-07-22 11:41:20,850][DEBUG|rankingParser.py:19] >> 90, com.flyersoft.moonreaderp, Moon+ Reader Pro
[2019-07-22 11:41:20,855][DEBUG|rankingParser.py:19] >> 91, com.junapps.BibleLexOriDic, 바이블렉스 성경본문해석사전
[2019-07-22 11:41:20,861][DEBUG|rankingParser.py:19] >> 92, com.ithersta.stardewvalleyplanner, Assistant for Stardew Valley
[2019-07-22 11:41:20,870][DEBUG|rankingParser.py:19] >> 93, xyz.masmas.film.cloudy, 클라우디 필름 - 흐림 필터 완벽 구현!
[2019-07-22 11:41:20,875][DEBUG|rankingParser.py:19] >> 94, com.arobasmusic.guitarpro, Guitar Pro
[2019-07-22 11:41:20,881][DEBUG|rankingParser.py:19] >> 95, com.gryffindor.pinkeye, 필름 로지 - Feelm Rosy
[2019-07-22 11:41:20,889][DEBUG|rankingParser.py:19] >> 96, vr.audio.voicerecorderpro, 음성 레코더 프로
[2019-07-22 11:41:20,894][DEBUG|rankingParser.py:19] >> 97, com.nll.acr.license, ACR License
[2019-07-22 11:41:20,900][DEBUG|rankingParser.py:19] >> 98, new_chalkboard.katalk.crayon, 칠판 카카오톡 테마 VER2
[2019-07-22 11:41:20,907][DEBUG|rankingParser.py:19] >> 99, com.kapp.ifont.donate, 아이폰트(글꼴 전문가)
[2019-07-22 11:41:20,913][DEBUG|rankingParser.py:19] >> 100, net.headnum.kream.ktm.unlocker, 카테만 PRO - 카카오톡 테마 만들기
[2019-07-22 11:41:20,919][DEBUG|rankingParser.py:19] >> 101, net.zhuoweizhang.mcpelauncher.pro, BlockLauncher Pro
[2019-07-22 11:41:20,925][DEBUG|rankingParser.py:19] >> 102, com.chanel.weather.forecast.accu.pro, 일기 예보 전문가
[2019-07-22 11:41:20,932][DEBUG|rankingParser.py:19] >> 103, com.monotype.android.font.badhandwriting365, 365발꾸락글씨™ 한국어 Flipfont
[2019-07-22 11:41:20,938][DEBUG|rankingParser.py:19] >> 104, com.tss21.input.korean, TS 한글 키보드 Pro-천지인2
[2019-07-22 11:41:20,944][DEBUG|rankingParser.py:19] >> 105, com.etoos.wordmaster.sat20002016, Word master 워드마스터 수능 2000(개정)
[2019-07-22 11:41:20,950][DEBUG|rankingParser.py:19] >> 106, com.tocaboca.hairsalonme, Toca Hair Salon Me
[2019-07-22 11:41:20,956][DEBUG|rankingParser.py:19] >> 107, com.minjok.pjdic, 친일인명사전
[2019-07-22 11:41:20,964][DEBUG|rankingParser.py:19] >> 108, com.enex2.popdiary, POPdiary+ : 일기, 다이어리
[2019-07-22 11:41:20,970][DEBUG|rankingParser.py:19] >> 109, com.marinetraffic.android, MarineTraffic ship positions
[2019-07-22 11:41:20,979][DEBUG|rankingParser.py:19] >> 110, net.n.holybible.gnh, 홀리바이블(한영 오디오,사전 성경,새찬송가,NIV)
[2019-07-22 11:41:20,985][DEBUG|rankingParser.py:19] >> 111, com.entusapps.play2, PL@Y 2 - 프리미엄 티켓북 + 포토캘린더 ( 플레이앱, PL@Y2 )
[2019-07-22 11:41:20,992][DEBUG|rankingParser.py:19] >> 112, com.visiblebody.atlas, Human Anatomy Atlas 2019:Complete 3D Human Body
[2019-07-22 11:41:21,000][DEBUG|rankingParser.py:19] >> 113, com.filmic.filmicpro, FiLMiC Pro: 프로 HD 수동 비디오 카메라 어플
[2019-07-22 11:41:21,006][DEBUG|rankingParser.py:19] >> 114, com.tocaboca.tocahairsalon3, Toca Hair Salon 3
[2019-07-22 11:41:21,012][DEBUG|rankingParser.py:19] >> 115, com.inergy.pocketkorea, 포켓한국사
[2019-07-22 11:41:21,017][DEBUG|rankingParser.py:19] >> 116, com.monotype.android.font.aamayfivedays, Aa오월오일™ 한국어 Flipfont
[2019-07-22 11:41:21,023][DEBUG|rankingParser.py:19] >> 117, com.monotype.android.font.aaloafaround, Aa빈둥글씨™ 한국어 Flipfont
[2019-07-22 11:41:21,030][DEBUG|rankingParser.py:19] >> 118, com.monotype.android.font.aaniceguy, Aa착한남자™ 한국어Flipfont
[2019-07-22 11:41:21,037][DEBUG|rankingParser.py:19] >> 119, com.hiqrecorder.full, Hi-Q MP3 음성 녹음기 (풀버전)
[2019-07-22 11:41:21,048][DEBUG|rankingParser.py:19] >> 120, com.vitotechnology.StarWalk2, Star Walk 2 - 하늘지도：별자리 찾기, 스타지도, 증강 현실 천문학
[2019-07-22 11:41:21,055][DEBUG|rankingParser.py:19] >> 121, xyz.masmas.film.analog, 아날로그 필름 - 옛 향수 가득한 전문가용 사진 필터 앱!
[2019-07-22 11:41:21,063][DEBUG|rankingParser.py:19] >> 122, me.ideariboso.capricciopro, 카프리치오 (Capriccio Pro)
[2019-07-22 11:41:21,069][DEBUG|rankingParser.py:19] >> 123, com.Appsticker2.Smart, 어플스티커 Pro [어플전환,빠른실행]
[2019-07-22 11:41:21,078][DEBUG|rankingParser.py:19] >> 124, com.myscript.nebo, MyScript Nebo 네보
[2019-07-22 11:41:21,084][DEBUG|rankingParser.py:19] >> 125, com.pdp.deviceowner, Package Disabler Pro ( Owner APP) All Android
[2019-07-22 11:41:21,090][DEBUG|rankingParser.py:19] >> 126, com.ss.edgegestures, 엣지 제스처
[2019-07-22 11:41:21,097][DEBUG|rankingParser.py:19] >> 127, com.zwds.jamidusu_pro, 자미두수 명반 PRO
[2019-07-22 11:41:21,103][DEBUG|rankingParser.py:19] >> 128, com.prehensivefortunepremium, 운세비결 프리미엄  광고 제거 버전
[2019-07-22 11:41:21,110][DEBUG|rankingParser.py:19] >> 129, com.wolfram.android.alpha, WolframAlpha
[2019-07-22 11:41:21,116][DEBUG|rankingParser.py:19] >> 130, com.devguru.eltwomonusb, TwomonUSB(투몬USB) - USB모니터
[2019-07-22 11:41:21,122][DEBUG|rankingParser.py:19] >> 131, com.hackers.app.toeiclistening, 해커스리스닝핵심편 토익 - TOEIC 토익단어 토익공부
[2019-07-22 11:41:21,128][DEBUG|rankingParser.py:19] >> 132, com.etoos.wordmaster.hyper20002016, Word Master 워드마스터 하이퍼 2000(개정)
[2019-07-22 11:41:21,134][DEBUG|rankingParser.py:19] >> 133, com.etoos.wordmaster.midbasic2016, Word Master 워드마스터 중등 기초
[2019-07-22 11:41:21,140][DEBUG|rankingParser.py:19] >> 134, com.ss.launcher2.key, 토탈 런처 키
[2019-07-22 11:41:21,146][DEBUG|rankingParser.py:19] >> 135, com.monotype.android.font.typotopstudent, TYPO전교일등™ 한국어 Flipfont
[2019-07-22 11:41:21,152][DEBUG|rankingParser.py:19] >> 136, com.kakao.talk.theme.BabyPrism, 베이비 프리즘 - 카카오톡 테마
[2019-07-22 11:41:21,159][DEBUG|rankingParser.py:19] >> 137, com.wakdev.nfctools.pro, NFC Tools - Pro Edition
[2019-07-22 11:41:21,165][DEBUG|rankingParser.py:19] >> 138, com.panda.gamepad, Panda Gamepad Pro (BETA)
[2019-07-22 11:41:21,171][DEBUG|rankingParser.py:19] >> 139, com.hompee.mybible.billiard_new, 당구 3쿠션 시스템 유료
[2019-07-22 11:41:21,178][DEBUG|rankingParser.py:19] >> 140, com.acrosoft.sajupedia, 사주대전-운세,명리,토정비결,귀곡,궁합,택일,성명,꿈
[2019-07-22 11:41:21,184][DEBUG|rankingParser.py:19] >> 141, com.elimmedia.hymn.ph, 미가엘 찬양 반주기 ( 새찬송가/통일찬송가 )
[2019-07-22 11:41:21,192][DEBUG|rankingParser.py:19] >> 142, com.voiceye.player.hymn, 찬양반주기(새찬송가)
[2019-07-22 11:41:21,198][DEBUG|rankingParser.py:19] >> 143, com.venuskimblessing.youtuberepeat, 유튜브 반복해줘 Premium - 구간 반복 재생, 음악감상, 멀티태스킹 PIP
[2019-07-22 11:41:21,204][DEBUG|rankingParser.py:19] >> 144, com.charmaker, 캐릭터메이커 Character Maker -만화 그리기
[2019-07-22 11:41:21,209][DEBUG|rankingParser.py:19] >> 145, com.digipom.easyvoicerecorder.pro, 이지 보이스 레코더 프로
[2019-07-22 11:41:21,215][DEBUG|rankingParser.py:19] >> 146, maa.vaporwavewallpaperspro, Vaporwave Wallpapers PRO  (NO ADS)
[2019-07-22 11:41:21,221][DEBUG|rankingParser.py:19] >> 147, com.devguru.ntwomon, Twomon SE (투몬 SE) - 휴대용 디스플레이, USB 모니터
[2019-07-22 11:41:21,227][DEBUG|rankingParser.py:19] >> 148, kr.co.bausoft.JpmrM, 강헌의 좌파명리학
[2019-07-22 11:41:21,233][DEBUG|rankingParser.py:19] >> 149, com.sunnysidesoft.VirtualTablet, 버추얼태블릿 VirtualTablet (S-Pen)
[2019-07-22 11:41:21,239][DEBUG|rankingParser.py:19] >> 150, kr.co.trutory.bandalmun.public9, 9급 공무원 기출문제 해설집
[2019-07-22 11:41:21,246][DEBUG|rankingParser.py:19] >> 151, udk.android.reader, ezPDF Reader PDF - 페이퍼리스 리더
[2019-07-22 11:41:21,251][DEBUG|rankingParser.py:19] >> 152, com.gryffindor.gryffindor.feelm.marry, 필름 메리 - Feelm Marry
[2019-07-22 11:41:21,258][DEBUG|rankingParser.py:19] >> 153, com.tocaboca.tocahospital, Toca Life: Hospital
[2019-07-22 11:41:21,263][DEBUG|rankingParser.py:19] >> 154, com.kodarkooperativet.blackplayerex, BlackPlayer EX Music Player
[2019-07-22 11:41:21,269][DEBUG|rankingParser.py:19] >> 155, com.lge.theme.markbencze.twilight.geight, Twilight Theme for LG G8 LG V40 (Pie)
[2019-07-22 11:41:21,276][DEBUG|rankingParser.py:19] >> 156, example.matharithmetics_pro, 수학 트릭(암산 연습) PRO
[2019-07-22 11:41:21,283][DEBUG|rankingParser.py:19] >> 157, air.com.alenddl.CPFull, 중국어는 뻔한 패턴의 반복이다 Full
[2019-07-22 11:41:21,291][DEBUG|rankingParser.py:19] >> 158, co.byeol.hanneung, 한국사 능력
[2019-07-22 11:41:21,297][DEBUG|rankingParser.py:19] >> 159, com.simulationcurriculum.skysafari6pro, SkySafari 6 Pro
[2019-07-22 11:41:21,303][DEBUG|rankingParser.py:19] >> 160, com.lbhedu.kcmdic, 한국어 속뜻사전
[2019-07-22 11:41:21,309][DEBUG|rankingParser.py:19] >> 161, br.com.zoetropic, Zoetropic - 동영상
[2019-07-22 11:41:21,316][DEBUG|rankingParser.py:19] >> 162, com.tedkim88.fitnesscounter_kr, 운동 개수 세기 - 헬스, 요가 카운트 트레이너
[2019-07-22 11:41:21,322][DEBUG|rankingParser.py:19] >> 163, com.monotype.android.font.tsbananamilk, TS바나나우유 한국어 FlipFont
[2019-07-22 11:41:21,328][DEBUG|rankingParser.py:19] >> 164, com.softchaser.iDosaPhone, 도사폰 (만세력 역학 도구)
[2019-07-22 11:41:21,334][DEBUG|rankingParser.py:19] >> 165, com.etoos.wordmaster.sat.word_complete.v2015, Word Master 워드마스터 수능어휘완성
[2019-07-22 11:41:21,339][DEBUG|rankingParser.py:19] >> 166, org.kustom.widget.pro, KWGT Kustom Widget Pro Key
[2019-07-22 11:41:21,345][DEBUG|rankingParser.py:19] >> 167, com.work.notifyalarm, 코인빗 공지알리미
[2019-07-22 11:41:21,351][DEBUG|rankingParser.py:19] >> 168, com.jpbrothers.android.pictail.sub1, 픽테일 -  PinkLady
[2019-07-22 11:41:21,357][DEBUG|rankingParser.py:19] >> 169, com.shopmoment.momentprocamera, Moment Pro Camera
[2019-07-22 11:41:21,363][DEBUG|rankingParser.py:19] >> 170, com.monotype.android.font.aatilt, Aa기우뚱™ 한국어 Flipfont
[2019-07-22 11:41:21,370][DEBUG|rankingParser.py:19] >> 171, au.com.metro.dwjr.zany, Dumb Ways JR Zany's Hospital
[2019-07-22 11:41:21,376][DEBUG|rankingParser.py:19] >> 172, com.hackers.app.vocatepsa, 해커스 뉴텝스 기출 보카 어드밴스드
[2019-07-22 11:41:21,383][DEBUG|rankingParser.py:19] >> 173, com.jpbrothers.android.pictail.sub3, 픽테일 -  BlueHawaii
[2019-07-22 11:41:21,389][DEBUG|rankingParser.py:19] >> 174, com.yongcalcompany.JlptVip, 회독JLPT(유료)
[2019-07-22 11:41:21,395][DEBUG|rankingParser.py:19] >> 175, jp.snowlife01.android.rotationcontrolpro, Rotation Control Pro
[2019-07-22 11:41:21,403][DEBUG|rankingParser.py:19] >> 176, com.ss.squarehome.key, 스퀘어홈 키 - 런처
[2019-07-22 11:41:21,408][DEBUG|rankingParser.py:19] >> 177, com.runtastic.android.pushup.pro, Runtastic Push-Ups PRO 팔굽혀펴기
[2019-07-22 11:41:21,414][DEBUG|rankingParser.py:19] >> 178, com.ckbible.christian.udang, 읽기쉬운 한문성경
[2019-07-22 11:41:21,420][DEBUG|rankingParser.py:19] >> 179, com.SimG.SimForklift, 지게차 면허시험 시뮬레이터
[2019-07-22 11:41:21,426][DEBUG|rankingParser.py:19] >> 180, com.yb.honey5, 꿀잼한국사(공무원)
[2019-07-22 11:41:21,434][DEBUG|rankingParser.py:19] >> 181, au.com.metro.dwjr.boffos, Dumb Ways JR Boffo's Breakfast
[2019-07-22 11:41:21,439][DEBUG|rankingParser.py:19] >> 182, com.urbandroid.sleep.full.key, Sleep as Android Unlock
[2019-07-22 11:41:21,446][DEBUG|rankingParser.py:19] >> 183, com.neutroncode.mp, Neutron Music Player
[2019-07-22 11:41:21,453][DEBUG|rankingParser.py:19] >> 184, kr.co.smartstudy.pinkfongpolice_android_googlemarket, 핑크퐁!  도둑잡기
[2019-07-22 11:41:21,459][DEBUG|rankingParser.py:19] >> 185, august.mendeleev.pro, 주기율표 2019 PRO - 화학
[2019-07-22 11:41:21,465][DEBUG|rankingParser.py:19] >> 186, com.ronimusic.asd, Amazing Slow Downer
[2019-07-22 11:41:21,485][DEBUG|rankingParser.py:19] >> 187, com.advasoft.touchretouch, TouchRetouch
[2019-07-22 11:41:21,498][DEBUG|rankingParser.py:19] >> 188, com.mani.maniadministration, 마니 행정학
[2019-07-22 11:41:21,507][DEBUG|rankingParser.py:19] >> 189, com.dinobot.u5.ko, 다이노봇 U5 사용자 가이드 북
[2019-07-22 11:41:21,513][DEBUG|rankingParser.py:19] >> 190, com.tbig.playerpro, PlayerPro Music Player
[2019-07-22 11:41:21,523][DEBUG|rankingParser.py:19] >> 191, kr.co.trutory.pass2pass.historyhigh, 한국사능력검정시험 고급 해설집
[2019-07-22 11:41:21,538][DEBUG|rankingParser.py:19] >> 192, com.ton.tarotofozpay, 오즈의타로+ - 타로, 타로카드, 타로점, 운세
[2019-07-22 11:41:21,556][DEBUG|rankingParser.py:19] >> 193, com.gfxbagt.gfxtool, GFX Tool for BattleGrounds (NEW)
[2019-07-22 11:41:21,564][DEBUG|rankingParser.py:19] >> 194, com.one.ui.s10.iconpack, ONE UI Icon Pack : S10
[2019-07-22 11:41:21,570][DEBUG|rankingParser.py:19] >> 195, cz.zdenekhorak.mibandtools, Tools & Mi Band
[2019-07-22 11:41:21,575][DEBUG|rankingParser.py:19] >> 196, com.tocaboca.tocakitchensushi, Toca Kitchen Sushi Restaurant
[2019-07-22 11:41:21,581][DEBUG|rankingParser.py:19] >> 197, com.monotype.android.font.aagodsummer, Aa갓여름™ 한국어 Flipfont
[2019-07-22 11:41:21,587][DEBUG|rankingParser.py:19] >> 198, com.rhmsoft.edit.pro, 퀵에딧 텍스트 에디터 프로 (QuickEdit Pro)
[2019-07-22 11:41:21,593][DEBUG|rankingParser.py:19] >> 199, kr.co.trutory.license.foodpro, 조리기능사 기출문제 해설 및 OX문제
[2019-07-22 11:41:21,599][DEBUG|rankingParser.py:19] >> 200, com.daolsoft.jawonhanja, 자원풀이 한자 1900
[2019-07-22 11:41:40,795][DEBUG|rankingParser.py:19] >> 1, com.beliefengine.handyapp, HANDY デッサン用モデルツル
[2019-07-22 11:41:40,802][DEBUG|rankingParser.py:19] >> 2, com.sony.tvsideview.dtcpplayer, Video & TV SideViewプレヤプラグイン
[2019-07-22 11:41:40,811][DEBUG|rankingParser.py:19] >> 3, kr.co.lylstudio.unicorn, ユニコン:告ブロック必須アプリ
[2019-07-22 11:41:40,818][DEBUG|rankingParser.py:19] >> 4, com.maxmpz.audioplayer.unlock, Poweramp Full Version Unlocker
[2019-07-22 11:41:40,823][DEBUG|rankingParser.py:19] >> 5, jp.snowlife01.android.mutecamera, カメラ無音化Pro（標準カメラやビデオも完全無音化）
[2019-07-22 11:41:40,829][DEBUG|rankingParser.py:19] >> 6, com.ultimate_math.cubecutapp, 究極の立＜切＞
[2019-07-22 11:41:40,837][DEBUG|rankingParser.py:19] >> 7, net.techet.netanalyzer.an, Network Analyzer Pro
[2019-07-22 11:41:40,842][DEBUG|rankingParser.py:19] >> 8, com.teslacoilsw.launcher.prime, Nova Launcher Prime
[2019-07-22 11:41:40,848][DEBUG|rankingParser.py:19] >> 9, com.simplemobiletools.gallery.pro, シンプル ギャラリ Pro
[2019-07-22 11:41:40,854][DEBUG|rankingParser.py:19] >> 10, jp.sisyou.kumikashi.mutedefaultcamera, 標準カメラを無音化　無音モドアプリ（カメラ特化版）　スクショは手動切替で
[2019-07-22 11:41:40,861][DEBUG|rankingParser.py:19] >> 11, com.justsystems.atokmobile.service, ATOK (日本語入力システム)
[2019-07-22 11:41:40,867][DEBUG|rankingParser.py:19] >> 12, jp.sisyou.kumikashi.allmutemode, 無音モド（標準カメラの無音化を現）カメラミュト　スクショは手動無音化で
[2019-07-22 11:41:40,873][DEBUG|rankingParser.py:19] >> 13, com.digipom.easyvoicerecorder.pro, 簡ボイスレコダプロ
[2019-07-22 11:41:40,879][DEBUG|rankingParser.py:19] >> 14, com.mxtech.videoplayer.pro, MX Player Pro
[2019-07-22 11:41:40,885][DEBUG|rankingParser.py:19] >> 15, com.pasoya.orbis, オビスガイド - 移動式オビス ネズミ捕り 問 通過履
[2019-07-22 11:41:40,891][DEBUG|rankingParser.py:19] >> 16, jp.tanyu.SmartAlarm, スマトアラム （目まし時計）
[2019-07-22 11:41:40,897][DEBUG|rankingParser.py:19] >> 17, net.dinglisch.android.taskerm, Tasker
[2019-07-22 11:41:40,903][DEBUG|rankingParser.py:19] >> 18, studypro.spi.higengo, SPI非言語 【Study Pro】
[2019-07-22 11:41:40,909][DEBUG|rankingParser.py:19] >> 19, com.komado.Odyssey.com.nifty.homepage2, 完全無音ビデオカメラ　4K高質まで　動撮影編集標準カメラ消音このアプリで完結
[2019-07-22 11:41:40,915][DEBUG|rankingParser.py:19] >> 20, com.intsig.lic.camscanner, CamScanner 完全版 (License)
[2019-07-22 11:41:40,921][DEBUG|rankingParser.py:19] >> 21, com.onkyo.jp.hfplayer_unlocker, Onkyo HF Player Unlocker
[2019-07-22 11:41:40,928][DEBUG|rankingParser.py:19] >> 22, jp.newsmedia.ecoken.app3, eco定策セミナ(第３部)「持可能な社に向けて」
[2019-07-22 11:41:40,934][DEBUG|rankingParser.py:19] >> 23, au.com.metro.dwjr.boffos, Dumb Ways JR Boffo's Breakfast
[2019-07-22 11:41:40,939][DEBUG|rankingParser.py:19] >> 24, jp.co.mirai_ii.nfc.allinone.now, 全の ICカド これひとつ「なう」
[2019-07-22 11:41:40,947][DEBUG|rankingParser.py:19] >> 25, smartwatchstudios.app.gears3navigation, Navigation Pro: Google Maps Navi on Samsung Watch
[2019-07-22 11:41:40,953][DEBUG|rankingParser.py:19] >> 26, jp.co.gamegate.takagisan.takagi, からかい上手の高木さんアラム
[2019-07-22 11:41:40,959][DEBUG|rankingParser.py:19] >> 27, jp.co.alpha.dlna.mlpfordtv, Media Link Player for DTV
[2019-07-22 11:41:40,965][DEBUG|rankingParser.py:19] >> 28, com.x0.strai.frepkey, FRep Unlock Key
[2019-07-22 11:41:40,972][DEBUG|rankingParser.py:19] >> 29, jp.newsmedia.ecoken.app2, eco定策セミナ(第2部)「環境問題を知る」
[2019-07-22 11:41:40,979][DEBUG|rankingParser.py:19] >> 30, jp.newsmedia.ecoken.app1, eco定策セミナ(第1部)「地球の環境と課題」
[2019-07-22 11:41:40,985][DEBUG|rankingParser.py:19] >> 31, jp.com.snow.contactsxpro, 電話帳X - 電話 & 連絡先アプリ
[2019-07-22 11:41:40,991][DEBUG|rankingParser.py:19] >> 32, com.katekyonet.ecology, 最短合格！エコ定
[2019-07-22 11:41:40,997][DEBUG|rankingParser.py:19] >> 33, com.wiseschematics.eqfy, Eqfy Equalizer
[2019-07-22 11:41:41,002][DEBUG|rankingParser.py:19] >> 34, studypro.spi, SPI言語 【Study Pro】
[2019-07-22 11:41:41,008][DEBUG|rankingParser.py:19] >> 35, com.massimobiolcati.irealb, iReal Pro - 譜とバッキングトラック
[2019-07-22 11:41:41,014][DEBUG|rankingParser.py:19] >> 36, com.hole19golf.wear, Hole19 Golf GPS for Smartwatch
[2019-07-22 11:41:41,020][DEBUG|rankingParser.py:19] >> 37, com.advasoft.touchretouch, TouchRetouch
[2019-07-22 11:41:41,026][DEBUG|rankingParser.py:19] >> 38, com.fenixx.gameboosterplus, Game Booster  4x Faster (with advance settings)
[2019-07-22 11:41:41,033][DEBUG|rankingParser.py:19] >> 39, com.njwuji.study, どんどん話すための瞬間英作文トレニング
[2019-07-22 11:41:41,039][DEBUG|rankingParser.py:19] >> 40, com.visiblebody.atlas, ヒュマンアナトミアトラス2019： 3Dによる完璧な人
[2019-07-22 11:41:41,045][DEBUG|rankingParser.py:19] >> 41, com.bilingirl.helpmetravel, 旅行英話 - Help me Travel
[2019-07-22 11:41:41,095][DEBUG|rankingParser.py:19] >> 42, com.mobisystems.fonts, OfficeSuite Font Pack
[2019-07-22 11:41:41,102][DEBUG|rankingParser.py:19] >> 43, com.quvideo.xiaoying.pro, VivaVideo PRO: ビデオエディタ＆動編集アプリ
[2019-07-22 11:41:41,112][DEBUG|rankingParser.py:19] >> 44, com.printedpropshop.dokkos2, Dokk OS 2
[2019-07-22 11:41:41,118][DEBUG|rankingParser.py:19] >> 45, com.nic_english.gym.NicGym, ニック式英話ジム ベタ版
[2019-07-22 11:41:41,128][DEBUG|rankingParser.py:19] >> 46, jp.dtechgame.gridmanalarm, グリッドマン アラム -if your smile-
[2019-07-22 11:41:41,134][DEBUG|rankingParser.py:19] >> 47, jp.snowlife01.android.autooptimization, スマホ最適化Plus
[2019-07-22 11:41:41,140][DEBUG|rankingParser.py:19] >> 48, com.teacapps.barcodescanner.pro, QRコド＆バコドリダ（Pro）
[2019-07-22 11:41:41,145][DEBUG|rankingParser.py:19] >> 49, org.twisevictory.jp, メンタルリプのアプリ：ワンダウィク
[2019-07-22 11:41:41,151][DEBUG|rankingParser.py:19] >> 50, com.thegosa.board.theme, ボド| Xperia™テマ+アイコン
[2019-07-22 11:41:41,163][DEBUG|rankingParser.py:19] >> 51, com.ss.edgegestures, エッジジェスチャ
[2019-07-22 11:41:41,169][DEBUG|rankingParser.py:19] >> 52, com.appglobe.watch.face.ksana,  Watch Face - Ksana Sweep for Android Wear OS
[2019-07-22 11:41:41,174][DEBUG|rankingParser.py:19] >> 53, com.rhmsoft.pulsar.pro, Pulsar 音プレイヤ プロ
[2019-07-22 11:41:41,184][DEBUG|rankingParser.py:19] >> 54, com.tocaboca.tocahospital, Toca Life: Hospital
[2019-07-22 11:41:41,189][DEBUG|rankingParser.py:19] >> 55, com.nll.acr.license, ACRライセンス
[2019-07-22 11:41:41,196][DEBUG|rankingParser.py:19] >> 56, com.softama.twitamaplus, ツイタマ+
[2019-07-22 11:41:41,202][DEBUG|rankingParser.py:19] >> 57, jp.charactervoice.xea10.asuna, Xperia Ear Duo(アスナ)
[2019-07-22 11:41:41,207][DEBUG|rankingParser.py:19] >> 58, com.softmedia.receiver, AirReceiver
[2019-07-22 11:41:41,214][DEBUG|rankingParser.py:19] >> 59, org.azasoft.swapper, Swapper for Root (Donate)
[2019-07-22 11:41:41,220][DEBUG|rankingParser.py:19] >> 60, com.media.bestrecorder.audiorecorderpro, ボイスレコダプロ
[2019-07-22 11:41:41,226][DEBUG|rankingParser.py:19] >> 61, com.metamoji.mazec, mazec3（手書きによるカンタン日本語入力）
[2019-07-22 11:41:41,232][DEBUG|rankingParser.py:19] >> 62, com.familyapp.anpan.customdialer.charge, 多機能でんわ告無し版（通話タイマや信確認、プレフィックスなど多機能電話アプリ）
[2019-07-22 11:41:41,238][DEBUG|rankingParser.py:19] >> 63, com.marinetraffic.android, MarineTraffic ship positions
[2019-07-22 11:41:41,245][DEBUG|rankingParser.py:19] >> 64, com.tocaboca.tocapets, Toca Life: Pets
[2019-07-22 11:41:41,250][DEBUG|rankingParser.py:19] >> 65, com.skyjos.apps.fileexplorer, FE File Explorer Pro - ファイルマネジャ
[2019-07-22 11:41:41,259][DEBUG|rankingParser.py:19] >> 66, com.hanamarusha.muteall.pro, カメラ無音化MuteAll（標準カメラもビデオも無音化）　スクショは手動で無音化可能
[2019-07-22 11:41:41,265][DEBUG|rankingParser.py:19] >> 67, com.urbandroid.sleep.full.key, Sleep as Android Unlock
[2019-07-22 11:41:41,275][DEBUG|rankingParser.py:19] >> 68, com.twitpane.premium, ついっとぺんPlus(Twitterアプリ)
[2019-07-22 11:41:41,281][DEBUG|rankingParser.py:19] >> 69, com.cloudmosa.puffin, Puffin Browser Pro
[2019-07-22 11:41:41,287][DEBUG|rankingParser.py:19] >> 70, com.owners_age.stken_app_paid, 宅建 過去問集 2019年版「スタケン」
[2019-07-22 11:41:41,298][DEBUG|rankingParser.py:19] >> 71, jp.snowlife01.android.pro_cache_delete, キャッシュ削除Pro
[2019-07-22 11:41:41,304][DEBUG|rankingParser.py:19] >> 72, org.prowl.torque, Torque Pro (OBD2/Car)
[2019-07-22 11:41:41,310][DEBUG|rankingParser.py:19] >> 73, jp.snowlife01.android.screenshot, 【無音】スクリンショットPro - 動の連キャプチャに最適なキャプチャアプリ
[2019-07-22 11:41:41,315][DEBUG|rankingParser.py:19] >> 74, jp.co.latika.android.toeic.grammar.all, TOEIC®テスト文法640問1
[2019-07-22 11:41:41,321][DEBUG|rankingParser.py:19] >> 75, com.devguru.eltwomonusb, TwomonUSB - USB モニタ,デュアルモニタ
[2019-07-22 11:41:41,327][DEBUG|rankingParser.py:19] >> 76, com.algoriddim.djay, djay 2
[2019-07-22 11:41:41,334][DEBUG|rankingParser.py:19] >> 77, jp.co.fsi.refills, Refills（システム手帳カレンダスケジュラ）
[2019-07-22 11:41:41,361][DEBUG|rankingParser.py:19] >> 78, com.runtastic.android.pro2, Runtastic PRO GPS ランニング＆ウォキング距離計測記アプリ
[2019-07-22 11:41:41,367][DEBUG|rankingParser.py:19] >> 79, com.ratana.sunsurveyor, サン·サベイヤ (Sun Surveyor)
[2019-07-22 11:41:41,373][DEBUG|rankingParser.py:19] >> 80, eu.thedarken.sdm.unlocker, SDメイド プロ - ライセンスキ
[2019-07-22 11:41:41,379][DEBUG|rankingParser.py:19] >> 81, air.com.kanarii.okiyome2, ぱっとおめ
[2019-07-22 11:41:41,385][DEBUG|rankingParser.py:19] >> 82, com.natewren.lines, ライン - ミニマリストのアイコン
[2019-07-22 11:41:41,392][DEBUG|rankingParser.py:19] >> 83, com.neutroncode.mp, Neutron Music Player
[2019-07-22 11:41:41,398][DEBUG|rankingParser.py:19] >> 84, com.playsquare.pastan_1, でる順パス 英® 1級 【旺文社】
[2019-07-22 11:41:41,404][DEBUG|rankingParser.py:19] >> 85, com.miz.clocklike, デジタル時計化計 プロ版 (デジタル時計＆カレンダ＆天＆RSS)
[2019-07-22 11:41:41,411][DEBUG|rankingParser.py:19] >> 86, info.my_kintore, My 筋トレ: を鍛えましょう
[2019-07-22 11:41:41,417][DEBUG|rankingParser.py:19] >> 87, jp.co.korg.kaossilator.android, KORG Kaossilator for Android
[2019-07-22 11:41:41,424][DEBUG|rankingParser.py:19] >> 88, com.binibambini.Mini, 子供のための練習”線をなぞりましょう！
[2019-07-22 11:41:41,432][DEBUG|rankingParser.py:19] >> 89, com.rookiestudio.perfectviewer.donate, Perfect Viewerに寄付
[2019-07-22 11:41:41,438][DEBUG|rankingParser.py:19] >> 90, com.safeincloud, パスワド マネジャ SafeInCloud Pro
[2019-07-22 11:41:41,444][DEBUG|rankingParser.py:19] >> 91, com.pubrof.pubrofboki2, パブロフ簿記２級商業簿記 日商簿記仕策 2019年度版
[2019-07-22 11:41:41,450][DEBUG|rankingParser.py:19] >> 92, jp.co.radius.neplayer_ver2, ハイレゾ再生に最適な音プレイヤアプリ［NePLAYER］
[2019-07-22 11:41:41,457][DEBUG|rankingParser.py:19] >> 93, jp.ne.biglobe.target1900, 英語タゲット1900公式アプリ |  ビッグロブ英語
[2019-07-22 11:41:41,463][DEBUG|rankingParser.py:19] >> 94, com.intermedia.hd.camera.pro, HDカメラプロ : Best Professional Camera App
[2019-07-22 11:41:41,470][DEBUG|rankingParser.py:19] >> 95, sk.michalec.DigiClockWidgetPro, DIGI 時計ウィジェット
[2019-07-22 11:41:41,476][DEBUG|rankingParser.py:19] >> 96, com.ss.squarehome.key, スクエアホムのキ - ランチャ
[2019-07-22 11:41:41,483][DEBUG|rankingParser.py:19] >> 97, jp.co.fenrir.android.sleipnir_black, Sleipnir Mobile Black Edition
[2019-07-22 11:41:41,490][DEBUG|rankingParser.py:19] >> 98, com.modelmakertools.simplemindpro, SimpleMind Pro - Intuitive Mind Mapping
[2019-07-22 11:41:41,496][DEBUG|rankingParser.py:19] >> 99, com.jndapp.line.x.iconpack, LineX Icon Pack
[2019-07-22 11:41:41,502][DEBUG|rankingParser.py:19] >> 100, jp.snowlife01.android.clipboard, クリップボドPro【オバレイ表示の最新クリップボドアプリ】
[2019-07-22 11:41:41,508][DEBUG|rankingParser.py:19] >> 101, com.tocaboca.tocaschool, トッカライフスクル Toca Life School
[2019-07-22 11:41:41,513][DEBUG|rankingParser.py:19] >> 102, com.rhmsoft.edit.pro, QuickEdit テキストエディタプロ
[2019-07-22 11:41:41,521][DEBUG|rankingParser.py:19] >> 103, net.saltycrackers.daygram, デイグラム
[2019-07-22 11:41:41,529][DEBUG|rankingParser.py:19] >> 104, com.pubrof.pubrofboki3, パブロフ簿記３級 日商簿記仕策 2019年度版
[2019-07-22 11:41:41,534][DEBUG|rankingParser.py:19] >> 105, jp.snowlife01.android.rotationcontrolpro, 面の回（向き）を制御【ロテションコントロルPro 】
[2019-07-22 11:41:41,540][DEBUG|rankingParser.py:19] >> 106, com.gmail.anolivetree, Image Shrink(像リサイズ)
[2019-07-22 11:41:41,546][DEBUG|rankingParser.py:19] >> 107, com.homeysoft.nexususb.importer, USB Media Explorer
[2019-07-22 11:41:41,554][DEBUG|rankingParser.py:19] >> 108, jp.co.gakkonet.quizninjakankendx, 漢字定漢漢字トレニングDX
[2019-07-22 11:41:41,560][DEBUG|rankingParser.py:19] >> 109, com.iwashisoft.privacyfilter, のぞき見防止フィルタ
[2019-07-22 11:41:41,567][DEBUG|rankingParser.py:19] >> 110, jp.handsaid.shuhasucho_2019, 周波帳2019
[2019-07-22 11:41:41,573][DEBUG|rankingParser.py:19] >> 111, com.chanel.weather.forecast.accu.pro, 天予報プロ
[2019-07-22 11:41:41,579][DEBUG|rankingParser.py:19] >> 112, jp.ne.kutu.PanecalPlus, 電卓 Panecal Plus
[2019-07-22 11:41:41,584][DEBUG|rankingParser.py:19] >> 113, jp.hoheto.HohetoApp, ほへと生年月日占い
[2019-07-22 11:41:41,590][DEBUG|rankingParser.py:19] >> 114, jp.co.asukanet.aftershutter, 動をにするアプリ「AfterShutter 4K」
[2019-07-22 11:41:41,597][DEBUG|rankingParser.py:19] >> 115, com.fstop.photo.key, F-Stopギャラリプロ
[2019-07-22 11:41:41,603][DEBUG|rankingParser.py:19] >> 116, by.avowl.coils.vapetools, Vape Tools Box [for true Geeks]
[2019-07-22 11:41:41,612][DEBUG|rankingParser.py:19] >> 117, de.zorillasoft.musicfolderplayer.donate, 音フォルダプレヤ　フルバジョン
[2019-07-22 11:41:41,618][DEBUG|rankingParser.py:19] >> 118, au.com.metro.dwjr.zany, Dumb Ways JR Zany's Hospital
[2019-07-22 11:41:41,624][DEBUG|rankingParser.py:19] >> 119, com.sikebox.retrorika.material.icons, (SALE) RETRORIKA ICON PACK
[2019-07-22 11:41:41,631][DEBUG|rankingParser.py:19] >> 120, slide.watchFrenzy.premium, Watch Face -WatchMaker Premium for Android Wear OS
[2019-07-22 11:41:41,638][DEBUG|rankingParser.py:19] >> 121, com.playsquare.pastan_p1, でる順パス 英® 準1級 【旺文社】
[2019-07-22 11:41:41,644][DEBUG|rankingParser.py:19] >> 122, abdelrahman.wifianalyzerpremium, WiFiアナライザプレミアム
[2019-07-22 11:41:41,650][DEBUG|rankingParser.py:19] >> 123, com.bushidroid.app.ghostseeker, Ghost Seeker - 心探索機 -
[2019-07-22 11:41:41,656][DEBUG|rankingParser.py:19] >> 124, jp.main.brits.docotore.fp3, どこトレ FP3級科 過去問題集
[2019-07-22 11:41:41,665][DEBUG|rankingParser.py:19] >> 125, com.amazing_create.android.andclip, aNdClip クリップボド張
[2019-07-22 11:41:41,672][DEBUG|rankingParser.py:19] >> 126, jp.gr.aqua.mozc, AquaMozc
[2019-07-22 11:41:41,680][DEBUG|rankingParser.py:19] >> 127, jp.ne.biglobe.wisdomdict.gp2, ウィズダム英和和英典公式アプリ |英話TOEICに書
[2019-07-22 11:41:41,687][DEBUG|rankingParser.py:19] >> 128, com.tocaboca.tocacity, トッカライフシティ（Toca Life: City）
[2019-07-22 11:41:41,695][DEBUG|rankingParser.py:19] >> 129, com.bubblesoft.android.bubbleupnp.unlocker, BubbleUPnP UPnP/DLNA License
[2019-07-22 11:41:41,702][DEBUG|rankingParser.py:19] >> 130, com.loadlynx_jp.estilynx, Estilynx - 見積書や請求書を素早く作成、きれいに印刷
[2019-07-22 11:41:41,710][DEBUG|rankingParser.py:19] >> 131, jp.web5.ussy.mydrillbookmakerkey, 暗記ドリルメカ ライセンスキ
[2019-07-22 11:41:41,716][DEBUG|rankingParser.py:19] >> 132, com.stmp.minimalface, Watch Face - Minimal & Elegant for Android Wear OS
[2019-07-22 11:41:41,723][DEBUG|rankingParser.py:19] >> 133, com.digibites.calendarplus, DigiCal+ 日本カレンダスケジュル
[2019-07-22 11:41:41,729][DEBUG|rankingParser.py:19] >> 134, com.imageline.FLM, FL Studio Mobile
[2019-07-22 11:41:41,736][DEBUG|rankingParser.py:19] >> 135, com.kohei.pcmrecorder.pro, PCM音 Pro
[2019-07-22 11:41:41,741][DEBUG|rankingParser.py:19] >> 136, com.ioslauncher.pro, X Launcher Pro: PhoneX Theme, OS12 Control Center
[2019-07-22 11:41:41,748][DEBUG|rankingParser.py:19] >> 137, com.digion.dixim.android.play.aquosplayer, AQUOS リモトプレヤ
[2019-07-22 11:41:41,754][DEBUG|rankingParser.py:19] >> 138, fishnoodle.koipond, 鯉ライブ壁紙
[2019-07-22 11:41:41,761][DEBUG|rankingParser.py:19] >> 139, com.filmic.filmicpro, FiLMiC Pro: プロカメラマンも使用するビデオカメラアプリ
[2019-07-22 11:41:41,768][DEBUG|rankingParser.py:19] >> 140, air.boycraft.insecthunting, 世界の昆採集
[2019-07-22 11:41:41,774][DEBUG|rankingParser.py:19] >> 141, jp.mowmow.simpleaf, simpleaf (手書きメモ)
[2019-07-22 11:41:41,779][DEBUG|rankingParser.py:19] >> 142, jp.yoshika.twitcle.plus, twitcle plus
[2019-07-22 11:41:41,794][DEBUG|rankingParser.py:19] >> 143, com.app.superfriendly.daily, 聞き流し日常英話ネイティブ1000人と作った英話
[2019-07-22 11:41:41,802][DEBUG|rankingParser.py:19] >> 144, com.playsquare.kikutan_all_toeic, キクタン [All-in-One] TOEIC® Test Score 600+800+990合本版
[2019-07-22 11:41:41,808][DEBUG|rankingParser.py:19] >> 145, com.jetappfactory.jetaudioplus, ジェットオディオプラス - 高音質の音プレヤ
[2019-07-22 11:41:41,815][DEBUG|rankingParser.py:19] >> 146, com.tkoffice.builder, 「一級建築士」受策
[2019-07-22 11:41:41,821][DEBUG|rankingParser.py:19] >> 147, com.volatello.tellofpv, Tello FPV - Control the Ryze Tello drone FPV + RTH
[2019-07-22 11:41:41,828][DEBUG|rankingParser.py:19] >> 148, com.utorrent.client.pro, Torrent® Pro - Torrent App
[2019-07-22 11:41:41,835][DEBUG|rankingParser.py:19] >> 149, com.klinker.android.twitter_l, Talon for Twitter
[2019-07-22 11:41:41,840][DEBUG|rankingParser.py:19] >> 150, com.sonosaurus.tonalenergytuner, TonalEnergy  チュナとメトロノム
[2019-07-22 11:41:41,849][DEBUG|rankingParser.py:19] >> 151, jp.ne.biglobe.shinmeikai.gp, 新明解語典 公式アプリ｜ビッグロブ書
[2019-07-22 11:41:41,855][DEBUG|rankingParser.py:19] >> 152, net.janesoft.janetter.android.pro, Janetter Pro for Twitter
[2019-07-22 11:41:41,861][DEBUG|rankingParser.py:19] >> 153, com.tocaboca.tocaoffice, トッカライフ：オフィスでは
[2019-07-22 11:41:41,867][DEBUG|rankingParser.py:19] >> 154, link.mikan.toeic_frequent_word_600, mikan TOEIC
[2019-07-22 11:41:41,873][DEBUG|rankingParser.py:19] >> 155, net.liveatc.liveatc_app, LiveATC for Android
[2019-07-22 11:41:41,880][DEBUG|rankingParser.py:19] >> 156, com.oasisfeng.greenify.pro, Greenify (Donation Package)
[2019-07-22 11:41:41,886][DEBUG|rankingParser.py:19] >> 157, com.digitalchemy.calculator.decimal, 計算機プラス
[2019-07-22 11:41:41,892][DEBUG|rankingParser.py:19] >> 158, com.tocaboca.tocakitchensushi, Toca Kitchen Sushi Restaurant
[2019-07-22 11:41:41,898][DEBUG|rankingParser.py:19] >> 159, biz.koikoi.stereo, 3D視力回復
[2019-07-22 11:41:41,904][DEBUG|rankingParser.py:19] >> 160, com.hiqrecorder.full, Hi-Q MP3ボイスレコダ（フル）
[2019-07-22 11:41:41,910][DEBUG|rankingParser.py:19] >> 161, com.simulationcurriculum.skysafari6pro, SkySafari 6 Pro
[2019-07-22 11:41:41,917][DEBUG|rankingParser.py:19] >> 162, com.rarevision.vhscamcorder, VHS Camcorder (VHS Cam) - The Original VHS App
[2019-07-22 11:41:41,923][DEBUG|rankingParser.py:19] >> 163, net.zhuoweizhang.mcpelauncher.pro, BlockLauncher Pro
[2019-07-22 11:41:41,929][DEBUG|rankingParser.py:19] >> 164, com.pubrof.pubrofotsu4, パブロフ危物乙４類
[2019-07-22 11:41:41,936][DEBUG|rankingParser.py:19] >> 165, jp.co.technosquare.android.gappendixp, 手帳の付+
[2019-07-22 11:41:41,944][DEBUG|rankingParser.py:19] >> 166, me.plusnow.shield.stable, AdShield - Ad blocker, No more ads & tracking
[2019-07-22 11:41:41,951][DEBUG|rankingParser.py:19] >> 167, pixbit.prime, PixBit - Pixel Icon Pack
[2019-07-22 11:41:41,958][DEBUG|rankingParser.py:19] >> 168, org.adwtheme.novasense, 新しいテマセンスガラス NOVA Theme HD
[2019-07-22 11:41:41,967][DEBUG|rankingParser.py:19] >> 169, jp.main.brits.docotore.shoken1, どこトレ 券外務員一種
[2019-07-22 11:41:41,972][DEBUG|rankingParser.py:19] >> 170, jp.ne.sakura.token.gosenfu02, おんぷちゃん
[2019-07-22 11:41:41,980][DEBUG|rankingParser.py:19] >> 171, august.mendeleev.pro, 周期表 2019 PRO - 化
[2019-07-22 11:41:41,989][DEBUG|rankingParser.py:19] >> 172, com.pubrof.pubrofboki2kogyo, パブロフ簿記２級工業簿記
[2019-07-22 11:41:41,995][DEBUG|rankingParser.py:19] >> 173, com.webclap.sweetstyle.girlyMemo_payed, メモ帳ウィジェット *girls*
[2019-07-22 11:41:42,001][DEBUG|rankingParser.py:19] >> 174, com.binghuo.magnifier.magnifyingglass.pro, 眼鏡
[2019-07-22 11:41:42,009][DEBUG|rankingParser.py:19] >> 175, com.srihary.weartools, Blaze: Wear Longer Backlight
[2019-07-22 11:41:42,014][DEBUG|rankingParser.py:19] >> 176, com.keramidas.TitaniumBackupPro, Titanium Backup PRO Key ★ root needed
[2019-07-22 11:41:42,020][DEBUG|rankingParser.py:19] >> 177, com.real.bodywork.muscle.trigger.points, 筋のトリガポイント
[2019-07-22 11:41:42,026][DEBUG|rankingParser.py:19] >> 178, com.wolfram.android.alpha, WolframAlpha
[2019-07-22 11:41:42,032][DEBUG|rankingParser.py:19] >> 179, jp.co.imagineer.yk.ichi2.w, 山川一問一答世界史
[2019-07-22 11:41:42,039][DEBUG|rankingParser.py:19] >> 180, com.bankersbs.bankers_calculator, Bankers電卓
[2019-07-22 11:41:42,045][DEBUG|rankingParser.py:19] >> 181, com.extreamsd.usbaudioplayerpro, USB Audio Player PRO
[2019-07-22 11:41:42,051][DEBUG|rankingParser.py:19] >> 182, com.grill.psjoy, PSJoy: PC Remote Play Spy for PS4
[2019-07-22 11:41:42,057][DEBUG|rankingParser.py:19] >> 183, org.adwtheme.novagoldenglass, 新しいテマゴルデングラスアイコンパックHD アイコン
[2019-07-22 11:41:42,064][DEBUG|rankingParser.py:19] >> 184, org.kustom.widget.pro, KWGT Kustom Widget Pro Key
[2019-07-22 11:41:42,070][DEBUG|rankingParser.py:19] >> 185, net.ddroid.aw.watchface.ra45, A45 WatchFace for LG G Watch R
[2019-07-22 11:41:42,077][DEBUG|rankingParser.py:19] >> 186, com.tocaboca.tocahairsalon3, Toca Hair Salon 3
[2019-07-22 11:41:42,083][DEBUG|rankingParser.py:19] >> 187, com.ydbs.ggj, 私の外
[2019-07-22 11:41:42,089][DEBUG|rankingParser.py:19] >> 188, com.splashtop.xdisplay.wired.pro, Splashtop Wired XDisplay
[2019-07-22 11:41:42,096][DEBUG|rankingParser.py:19] >> 189, cz.zdenekhorak.mibandtools, Tools & Mi Band
[2019-07-22 11:41:42,101][DEBUG|rankingParser.py:19] >> 190, com.teamspeak.ts3client, TeamSpeak 3 - Voice Chat Software
[2019-07-22 11:41:42,107][DEBUG|rankingParser.py:19] >> 191, jp.benzodev.naviconn, NaviGateway
[2019-07-22 11:41:42,114][DEBUG|rankingParser.py:19] >> 192, link.mikan.japanese_classics, mikan 古典語
[2019-07-22 11:41:42,120][DEBUG|rankingParser.py:19] >> 193, com.flavionet.android.camera.pro, Camera FV-5
[2019-07-22 11:41:42,126][DEBUG|rankingParser.py:19] >> 194, jp.co.latika.android.toeic.listening, TOEIC®テストリスニング360問
[2019-07-22 11:41:42,133][DEBUG|rankingParser.py:19] >> 195, com.tocaboca.tocalab, トッカラボ (Toca Lab: Elements)
[2019-07-22 11:41:42,139][DEBUG|rankingParser.py:19] >> 196, com.orangeorapple.flashcards, Flashcards Deluxe
[2019-07-22 11:41:42,145][DEBUG|rankingParser.py:19] >> 197, com.daylightmap.moon.pro.android, 月鏡
[2019-07-22 11:41:42,150][DEBUG|rankingParser.py:19] >> 198, org.kustom.wallpaper.pro, KLWP Live Wallpaper Pro Key
[2019-07-22 11:41:42,156][DEBUG|rankingParser.py:19] >> 199, jp.yasshi.DestinationGuide, 列車案版　スケジュル
[2019-07-22 11:41:42,162][DEBUG|rankingParser.py:19] >> 200, com.rageconsulting.android.lightflow, LEDと通知制御
[2019-07-22 11:41:46,663][DEBUG|rankingParser.py:102] >> Good Bye Parser! 
 
