[2019-09-15 08:10:06,893][DEBUG|parseNewProvider.py:85] >>  Hello Parser! 
[2019-09-15 08:10:08,995][DEBUG|parseNewProvider.py:43] >> Already App! update >> , 258758.0, com.dvloper.grannychaptertwo
[2019-09-15 08:10:09,065][DEBUG|parseNewProvider.py:43] >> Already App! update >> , 258758.0, com.dvloper.grannychaptertwo
[2019-09-15 08:10:09,073][DEBUG|parseNewProvider.py:43] >> Already App! update >> , 258758.0, com.dvloper.grannychaptertwo
[2019-09-15 08:10:09,102][DEBUG|parseNewProvider.py:43] >> Already App! update >> , 258758.0, com.dvloper.grannychaptertwo
[2019-09-15 08:10:09,121][DEBUG|parseNewProvider.py:43] >> Already App! update >> , 258759.0, com.faceagingapp.facesecret
[2019-09-15 08:10:09,140][DEBUG|parseNewProvider.py:43] >> Already App! update >> , 258759.0, com.faceagingapp.facesecret
[2019-09-15 08:10:09,224][DEBUG|parseNewProvider.py:43] >> Already App! update >> , 258759.0, com.faceagingapp.facesecret
[2019-09-15 08:10:09,323][DEBUG|parseNewProvider.py:43] >> Already App! update >> , 258777.0, com.palmistry.horoscope.zodiacsign
[2019-09-15 08:10:09,334][DEBUG|parseNewProvider.py:43] >> Already App! update >> , 258777.0, com.palmistry.horoscope.zodiacsign
[2019-09-15 08:10:09,356][DEBUG|parseNewProvider.py:43] >> Already App! update >> , 258777.0, com.palmistry.horoscope.zodiacsign
[2019-09-15 08:10:16,779][DEBUG|parseNewProvider.py:29] >> ì‚­ì œ ëœ ì—°ë½ì²˜ ë²ˆí˜¸ ë³µêµ¬, 258746.0, bahn.recoverdeletdcontacts.contactsrecoverypro, ë„êµ¬, Qk Themes Studio, 100000.0, 1853.0, 3.4, 100, 9, 17, 6, 59, 2018ë…„ 6ì›” 25ì¼, mailto:thgash@yahoo.com, Qk+Themes+Studio, 
[2019-09-15 08:10:23,193][DEBUG|parseNewProvider.py:29] >> Soda, 258747.0, cn.com.soulink.soda, ì†Œì…œ, Soulinktech, 10000.0, 174.0, 0, 0, 0, 0, 0, 0, 2019ë…„ 9ì›” 4ì¼, http://www.soulink.com.cn/, Soulinktech, 
[2019-09-15 08:10:29,812][DEBUG|parseNewProvider.py:33] >> ì–´ë¦°ì´ë¥¼ìœ„í•œ ìŠˆí¼ ížˆì–´ë¡œ, 258748.0, com.KidsGames.SuperHippo, ì–´ë“œë²¤ì²˜, Hippo Kids Games, 1000000.0, 5277.0, 4.2, 100, 11, 6, 4, 17, 2019ë…„ 8ì›” 21ì¼, None, Hippo+Kids+Games, 
[2019-09-15 08:10:41,334][DEBUG|parseNewProvider.py:29] >> SOMEDAY, 258750.0, com.THIRTEENDAYS.SOMEDAY, ì–´ë“œë²¤ì²˜, THIRTEENDAYS, 100000.0, 4141.0, 4.0, 100, 22, 14, 8, 20, 2019ë…„ 8ì›” 31ì¼, https://sites.google.com/site/thirteendaysgames/, , 6656439050222438269
[2019-09-15 08:10:47,456][DEBUG|parseNewProvider.py:29] >> ShowGuide, 258751.0, com.battlenet.showguide, ì—”í„°í…Œì¸ë¨¼íŠ¸, Uncontroller, 500.0, 6.0, 0, 0, 0, 0, 0, 0, 2019ë…„ 6ì›” 15ì¼, http://showguide.xyz, Uncontroller, 
[2019-09-15 08:10:54,401][DEBUG|parseNewProvider.py:29] >> í‚¤ë”” ëŸ°- ë¸”ë¡ ìŠ¤íƒ€ì¼ 3D ë‹¬ë¦¬ê¸° ê²Œìž„, 258752.0, com.blocky.runner.free, ì•„ì¼€ì´ë“œ, GameNexa Studios PVT LTD, 500000.0, 244.0, 0, 0, 0, 0, 0, 0, 2019ë…„ 9ì›” 13ì¼, http://www.gamenexa.com, , 6143935442918635295
[2019-09-15 08:11:00,592][DEBUG|parseNewProvider.py:29] >> ë°”ë”” ìº˜ë¦°ë” (Body Calendar) - ìš´ë™, ì‹ ì²´ ë³€í™” ê¸°ë¡, 258753.0, com.bodyplusone.android.bodycalendar, ê±´ê°•/ìš´ë™, BodyPlusOne, 100.0, 34.0, 3.7, 100, 0, 9, 0, 45, 2019ë…„ 9ì›” 14ì¼, mailto:deblan.gm@gmail.com, BodyPlusOne, 
[2019-09-15 08:11:07,298][DEBUG|parseNewProvider.py:33] >> ë¯¸ë‹ˆê²Œìž„ - ë‘ í”Œë ˆì´ì–´, 258754.0, com.buqgames.minigames, ìºì£¼ì–¼ ê²Œìž„, BUQ, 50000.0, 80.0, 2.5, 53, 15, 17, 17, 100, 2019ë…„ 8ì›” 8ì¼, None, , 9209856349274365786
[2019-09-15 08:11:13,395][DEBUG|parseNewProvider.py:29] >> Whooo - ë°ì´íŒ…ì— ê°ì„±ì„ ë”í•˜ë‹¤. í›„, 258755.0, com.crushpalette.whooo, ì†Œì…œ, CRUSH PALETTE PTE.LTD., 100.0, 0, 0, 0, 0, 0, 0, 0, 2019ë…„ 9ì›” 10ì¼, https://whooo.dating, CRUSH+PALETTE+PTE.LTD., 
[2019-09-15 08:11:19,877][DEBUG|parseNewProvider.py:29] >> ìŠ¤í†±ì›Œì¹˜ íƒ€ì´ë¨¸ í”ŒëŸ¬ìŠ¤, 258756.0, com.digitalchemy.timerplus, ë„êµ¬, Digitalchemy, LLC, 50000.0, 226.0, 4.1, 100, 18, 12, 2, 21, 2019ë…„ 9ì›” 11ì¼, http://www.digitalchemy.us, , 8184648133727486492
[2019-09-15 08:11:26,245][DEBUG|parseNewProvider.py:29] >> Free Music Downloader & Mp3 Music Download, 258757.0, com.download.music.app.mp3.downloader.song.freeapp, ìŒì•…/ì˜¤ë””ì˜¤, Free Music & Video Downloader, 100000.0, 6224.0, 4.7, 100, 14, 3, 1, 3, 2019ë…„ 9ì›” 2ì¼, mailto:matt.goodman.sky@gmail.com, Free+Music+%26+Video+Downloader, 
[2019-09-15 08:11:32,441][DEBUG|parseNewProvider.py:29] >> Granny: Chapter Two, 258758.0, com.dvloper.grannychaptertwo, ì•„ì¼€ì´ë“œ, DVloper, 1000000.0, 12108.0, 4.6, 100, 11, 6, 2, 5, 2019ë…„ 9ì›” 6ì¼, mailto:dvloper.apps@gmail.com, DVloper, 
[2019-09-15 08:11:38,643][DEBUG|parseNewProvider.py:29] >> ForeSeer: ë…¸í™” ì–¼êµ´, ë¯¸ëž˜ì˜ ì•„ê¸°, ì„±ë³„ êµí™˜, 258759.0, com.faceagingapp.facesecret, ë¼ì´í”„ìŠ¤íƒ€ì¼, ForeSeer, 100000.0, 1249.0, 3.7, 100, 12, 2, 2, 43, 2019ë…„ 9ì›” 10ì¼, mailto:newtrendit2019@gmail.com, ForeSeer, 
[2019-09-15 08:11:50,261][DEBUG|parseNewProvider.py:29] >> Super Stickman Run: Go to Rescue Princess, 258761.0, com.fungame.stickman.adventure, ì•„ì¼€ì´ë“œ, Joy1 Studio, 100000.0, 832.0, 3.1, 100, 23, 11, 14, 87, 2019ë…„ 9ì›” 11ì¼, https://joygamestudio.000webhostapp.com, Joy1+Studio, 
[2019-09-15 08:11:56,625][DEBUG|parseNewProvider.py:29] >> ìš°ì£¼ ë²”ì¸ - ë³µìˆ˜í•˜ëŠ” ì‚¬ëžŒì„ ì´ ë²„ë ¤ë¼., 258762.0, com.game.galaxyshooter.alienattack.android, ì•„ì¼€ì´ë“œ, LEGENDARY Games, 5000.0, 10.0, 0, 0, 0, 0, 0, 0, 2019ë…„ 7ì›” 13ì¼, mailto:idlelegend.st@gmail.com, , 8557275894083675148
[2019-09-15 08:12:02,929][DEBUG|parseNewProvider.py:29] >> í—¬ë¦¬ì½¥í„° ë¡œë´‡ ë³€í™˜ ê²Œìž„ 2018, 258763.0, com.gamescapes.helicopter.robot.transformer, ë§Œí™”, Game Scapes Inc, 1000000.0, 2672.0, 3.6, 100, 18, 16, 8, 47, 2019ë…„ 8ì›” 6ì¼, http://gamescapesinc.com, , 5933307376193718810
[2019-09-15 08:12:09,281][DEBUG|parseNewProvider.py:29] >> ì€í˜œë¡œìš´ ì„±ê²½ - ì„±ê²½ì±…, ë§ì”€, ì°¬ì†¡ê°€, ì°¬ì–‘, ê¸°ë„, 258764.0, com.gracious.bible, ì»¤ë®¤ë‹ˆì¼€ì´ì…˜, makeusgroup, 500.0, 0, 0, 0, 0, 0, 0, 0, 2019ë…„ 8ì›” 21ì¼, mailto:makeusgroup@gmail.com, makeusgroup, 
[2019-09-15 08:12:15,619][DEBUG|parseNewProvider.py:29] >> ì§€ëŠ¥ ê²€ì‚¬, 258765.0, com.habapps.iqtest, í¼ì¦, Habapps, 100.0, 0, 0, 0, 0, 0, 0, 0, 2019ë…„ 7ì›” 23ì¼, mailto:hoburce@gmail.com, Habapps, 
[2019-09-15 08:12:22,051][DEBUG|parseNewProvider.py:29] >> ìž„ê¸ˆì²´ë¶ˆ ì‹œë®¬ë ˆì´ì…˜DX, 258766.0, com.hondoom.sweatshop, ì‹œë®¬ë ˆì´ì…˜, DDB Studio, 10000.0, 141.0, 4.5, 100, 10, 3, 6, 4, 2019ë…„ 8ì›” 4ì¼, http://www.ddbgames.com, DDB+Studio, 
[2019-09-15 08:12:28,295][DEBUG|parseNewProvider.py:29] >> ì¤‘ê³ ì°¨ë¥¼ìœ„íƒí•´, ë¹„êµê²¬ì ë³´ë‹¤+150ë§Œì› êµ­ë‚´ìµœì´ˆ ì¤‘ê³ ì°¨íŒ”ë•Œ ìœ„íƒì „ìš© ë‚´ì°¨íŒ”ê¸° ì–´í”Œ!, 258767.0, com.hustay.swing.d83b96dc76fff466c92ba45103e0cd690, ìžë™ì°¨, ì°©í•œìŽŒì¹´(kindsc1app), 1000.0, 9.0, 4.9, 100, 12, 0, 0, 0, 2019ë…„ 2ì›” 20ì¼, https://kcdshin.blog.me/, %EC%B0%A9%ED%95%9C%EC%8E%8C%EC%B9%B4%28kindsc1app%29, 
[2019-09-15 08:12:34,522][DEBUG|parseNewProvider.py:29] >> ê¶ë•ê¶ë•, 258768.0, com.hybrid.gungduk, êµìœ¡, Gungduk, 100.0, 0, 0, 0, 0, 0, 0, 0, 2018ë…„ 10ì›” 27ì¼, mailto:gungduk.adm@gmail.com, Gungduk, 
[2019-09-15 08:12:40,882][DEBUG|parseNewProvider.py:29] >> Just Notepad - Free Simple Notepad w/ File Browser, 258769.0, com.jonylim.jnotepad, ìƒì‚°ì„±, Free Simple Notepad by Jony Lim, 10000.0, 120.0, 4.1, 100, 36, 8, 4, 21, 2019ë…„ 6ì›” 5ì¼, mailto:app@jony-lim.com, Free+Simple+Notepad+by+Jony+Lim, 
[2019-09-15 08:12:46,944][DEBUG|parseNewProvider.py:29] >> Launcher3, 258770.0, com.ldmnq.launcher3, ë„êµ¬, é›·ç”µæ¨¡æ‹Ÿå™¨, 1000.0, 51.0, 0, 0, 0, 0, 0, 0, 2018ë…„ 7ì›” 13ì¼, http://www.ldmnq.com/, %E9%9B%B7%E7%94%B5%E6%A8%A1%E6%8B%9F%E5%99%A8, 
[2019-09-15 08:12:53,197][DEBUG|parseNewProvider.py:29] >> The Project Archery : ì–‘ê¶, 258771.0, com.makmatics.forestlandarchery, ì•¡ì…˜, KM Technology, 5000.0, 72.0, 4.4, 100, 10, 3, 3, 10, 2019ë…„ 9ì›” 6ì¼, mailto:makmaticsstudios@gmail.com, , 8917220217322983447
[2019-09-15 08:12:59,378][DEBUG|parseNewProvider.py:29] >> Jack Adventur world run game, 258772.0, com.mini.spon, ì•„ì¼€ì´ë“œ, VNIM Games, 1000.0, 12.0, 0, 0, 0, 0, 0, 0, 2019ë…„ 7ì›” 15ì¼, mailto:younesgamerpro9@gmail.com, VNIM+Games, 
[2019-09-15 08:13:05,753][DEBUG|parseNewProvider.py:29] >> ì‹¤ì œ ë¹„í–‰ê¸° ë¹„í–‰ ì‹œë®¬ë ˆì´í„° 2019 : í•­ê³µê¸° ê²Œìž„, 258773.0, com.mobileappsglobe.airplane.flight.air.simulator, ì‹œë®¬ë ˆì´ì…˜, Mobile Apps Globe, 500000.0, 3654.0, 2.6, 57, 8, 12, 4, 100, 2019ë…„ 9ì›” 13ì¼, mailto:mobileappsandgamesglobe@gmail.com, , 4984535831996331593
[2019-09-15 08:13:17,217][DEBUG|parseNewProvider.py:29] >> Thunder Fighter Squadron: Strikers Shoot 'Em Up, 258775.0, com.onegame.thunderfighters, ì•„ì¼€ì´ë“œ, ONEGAME STUDIO GLOBAL, 500000.0, 1494.0, 0, 0, 0, 0, 0, 0, 2019ë…„ 8ì›” 26ì¼, http://onegame.mobi, , 5253618997815128058
[2019-09-15 08:13:23,686][DEBUG|parseNewProvider.py:33] >> ê³µì£¼ë‹˜ - ìƒ‰ì¹ í•˜ê¸° ì±… ë° ê²Œìž„, 258776.0, com.orange.gamesforkids.coloring.princess, êµìœ¡, Orange Studios Games, 1000000.0, 1132.0, 4.4, 100, 18, 12, 2, 9, 2019ë…„ 6ì›” 4ì¼, None, Orange+Studios+Games, 
[2019-09-15 08:13:29,957][DEBUG|parseNewProvider.py:29] >> Palmistry Master: ì—ì´ì§• ì…”í„°ï¼Œì„±ë³„ êµí™˜, 258777.0, com.palmistry.horoscope.zodiacsign, ì—”í„°í…Œì¸ë¨¼íŠ¸, Palmistry Master, 500000.0, 15225.0, 4.0, 100, 3, 3, 1, 29, 2019ë…„ 9ì›” 11ì¼, mailto:palmistryscanner@gmail.com, Palmistry+Master, 
[2019-09-15 08:13:36,468][DEBUG|parseNewProvider.py:29] >> Brawl Capped for Brawl Stars, 258778.0, com.pautena.brawlmaps, ì—”í„°í…Œì¸ë¨¼íŠ¸, Pau Tena, 100000.0, 525.0, 3.2, 100, 33, 4, 14, 90, 2019ë…„ 9ì›” 13ì¼, http://pautena.com, Pau+Tena, 
[2019-09-15 08:13:42,898][DEBUG|parseNewProvider.py:33] >> Mermaid Coloring Book Glitter, 258779.0, com.piupiuapps.coloringglittermermaids, ì—”í„°í…Œì¸ë¨¼íŠ¸, Piu Piu Apps, 1000000.0, 2038.0, 4.0, 100, 14, 11, 7, 25, 2019ë…„ 8ì›” 30ì¼, None, Piu+Piu+Apps, 
[2019-09-15 08:13:49,345][DEBUG|parseNewProvider.py:29] >> PoKeFPV, 258780.0, com.pokefpv, ë™ì˜ìƒ í”Œë ˆì´ì–´/íŽ¸ì§‘ê¸°, FPVSTYLE, 10000.0, 59.0, 3.6, 100, 37, 18, 11, 51, 2017ë…„ 2ì›” 17ì¼, http://www.fpvstyle.com, FPVSTYLE, 
[2019-09-15 08:13:55,636][DEBUG|parseNewProvider.py:29] >> Knives Crash, 258781.0, com.riceball.gpknives, ìºì£¼ì–¼ ê²Œìž„, Barreleye.Lab, 10000.0, 18.0, 2.5, 55, 0, 33, 11, 100, 2019ë…„ 9ì›” 13ì¼, https://riceballgames.com/, , 8750465913195775198
[2019-09-15 08:14:01,847][DEBUG|parseNewProvider.py:29] >> ìŠˆí¼ ì œì´í¬ì˜ ëª¨í—˜, 258782.0, com.rocklio.superjakesadventure, ì–´ë“œë²¤ì²˜, Rocklio, 100000.0, 896.0, 0, 0, 0, 0, 0, 0, 2019ë…„ 4ì›” 14ì¼, , Rocklio, 
[2019-09-15 08:14:08,181][DEBUG|parseNewProvider.py:29] >> AFC Solar Squad: Space Attack, 258783.0, com.solarsquad.galaxyshooter, ì•„ì¼€ì´ë“œ, ONESOFT, 100000.0, 1691.0, 4.5, 100, 14, 13, 0, 6, 2019ë…„ 9ì›” 9ì¼, mailto:imo@onesoft.com.vn, , 7627571908184472902
[2019-09-15 08:14:14,572][DEBUG|parseNewProvider.py:29] >> ì„¸ê³„ì§€ë„ : ì§€êµ¬ì§€ë„ Pro2019, 258784.0, com.streetview.liveearth.routefinder.worldmapatlas, ì§€ë„/ë‚´ë¹„ê²Œì´ì…˜, Tatich Luchich Studio, 10000.0, 270.0, 0, 0, 0, 0, 0, 0, 2019ë…„ 7ì›” 23ì¼, mailto:pilotahmad0061@gmail.com, Tatich+Luchich+Studio, 
[2019-09-15 08:14:20,903][DEBUG|parseNewProvider.py:29] >> ìŠˆí¼ ížˆì–´ë¡œ íŒŒì´íŒ… ê²Œìž„ - ë¡œë´‡ ê±°ë¦¬ ì „íˆ¬, 258785.0, com.superherofightinggames.superheroironninja, ì•¡ì…˜, City Street Battle Games, 5000000.0, 7233.0, 4.1, 100, 16, 11, 7, 21, 2019ë…„ 8ì›” 19ì¼, mailto:streetbattlegames@gmail.com, City+Street+Battle+Games, 
[2019-09-15 08:14:27,303][DEBUG|parseNewProvider.py:29] >> ê·€ì—¬ìš´ ì•„ê¸° ì†Œë¦¬ ë° ë²¨ì†Œë¦¬, 258786.0, com.tomatomusic.babies, ì—”í„°í…Œì¸ë¨¼íŠ¸, Tomato Music Studio, 1000000.0, 6198.0, 4.4, 100, 9, 5, 4, 10, 2019ë…„ 7ì›” 30ì¼, mailto:wasixus@gmail.com, Tomato+Music+Studio, 
[2019-09-15 08:14:33,806][DEBUG|parseNewProvider.py:29] >> Girl Quotes, 258787.0, com.unit.girl.quotes, ë§žì¶¤ ì„¤ì •, Unit Apps and Games, 1000.0, 12.0, 0, 0, 0, 0, 0, 0, 2019ë…„ 8ì›” 20ì¼, mailto:unitapps92@gmail.com, Unit+Apps+and+Games, 
[2019-09-15 08:14:45,446][DEBUG|parseNewProvider.py:29] >> ìžë¹„ë…¸, 258789.0, com.zavino.byapps, ì‡¼í•‘, byapps, 10000.0, 11.0, 4.5, 100, 0, 11, 0, 11, 2018ë…„ 10ì›” 29ì¼, http://m.zavino.co.kr, byapps, 
[2019-09-15 08:14:51,765][DEBUG|parseNewProvider.py:29] >> Peing-è³ªå•ç®±-(ãƒšã‚¤ãƒ³ã‚°-ã—ã¤ã‚‚ã‚“ã°ã“), 258790.0, jp.co.jiraffe.peing, ì†Œì…œ, Jiraffe, inc., 100000.0, 595.0, 2.4, 37, 15, 37, 31, 100, 2019ë…„ 5ì›” 21ì¼, https://peing.net, , 6728434376287474149
[2019-09-15 08:15:03,227][DEBUG|parseNewProvider.py:29] >> íŒŒì¼ì½• - ë‹¤ìš´ë¡œë“œ ì „ìš©ì•±, 258792.0, kr.com.filekok_v2, ì—”í„°í…Œì¸ë¨¼íŠ¸, filekok, 1000.0, 0, 0, 0, 0, 0, 0, 0, 2019ë…„ 9ì›” 3ì¼, http://m.filekok.net, filekok, 
[2019-09-15 08:15:09,431][DEBUG|parseNewProvider.py:29] >> UPX Proxy Browser ì°¨ë‹¨ í•´ì œ ì‚¬ì´íŠ¸ ì›¹ í”„ë¡ì‹œ ë¸Œë¼ìš°ì € - ë¹ ë¥¸, ê°œì¸, 258793.0, net.upx.proxy.browser, ë„êµ¬, Unblock Vpn Proxy Browser, 500000.0, 8211.0, 0, 0, 0, 0, 0, 0, 2019ë…„ 4ì›” 5ì¼, https://www.upxb.net, Unblock+Vpn+Proxy+Browser, 
[2019-09-15 08:15:15,923][DEBUG|parseNewProvider.py:33] >> The Looper, 258794.0, ru.iamtagir.looper, í¼ì¦, IamTagir, 100000.0, 5106.0, 4.2, 100, 23, 8, 2, 16, 2017ë…„ 8ì›” 9ì¼, None, , 6039356254218433322
[2019-09-15 08:15:22,575][DEBUG|parseNewProvider.py:29] >> Super boy - Super World - adventure run, 258795.0, super.boy.adventure.run, ì•„ì¼€ì´ë“œ, Super Jungle Adventure, 500000.0, 2127.0, 0, 0, 0, 0, 0, 0, 2019ë…„ 5ì›” 8ì¼, mailto:heintuh@gmail.com, Super+Jungle+Adventure, 
[2019-09-15 08:15:28,909][DEBUG|parseNewProvider.py:29] >> Super Jungle Adventures, 258796.0, super.jungle.adventure, ì–´ë“œë²¤ì²˜, Jungle Adventure, 500000.0, 2015.0, 0, 0, 0, 0, 0, 0, 2018ë…„ 8ì›” 8ì¼, mailto:nctappsmix@gmail.com, Jungle+Adventure, 
[2019-09-15 08:15:35,525][DEBUG|parseNewProvider.py:29] >> txtpad - ë©”ëª¨ìž¥, txt íŒŒì¼ ë§Œë“¤ê¸° ðŸ—’ï¸, 258797.0, vladyslavpohrebniakov.txtpad, ë„êµ¬, phrbnkv ðŸ’¡, 100000.0, 479.0, 3.8, 100, 24, 10, 3, 36, 2018ë…„ 11ì›” 20ì¼, mailto:devpohrebniakov+txtpad@gmail.com, , 5916021916323754001
[2019-09-15 08:15:42,559][DEBUG|parseNewProvider.py:29] >> Women Motivational Quotes, 258798.0, xyz.naina.womenquotes, ë¼ì´í”„ìŠ¤íƒ€ì¼, Naina Apps, 10000.0, 59.0, 0, 0, 0, 0, 0, 0, 2019ë…„ 7ì›” 31ì¼, mailto:drmanisha.lh@gmail.com, , 6506664057208059579
[2019-09-15 08:15:42,640][DEBUG|parseNewProvider.py:206] >> Good Bye Parser! 
 
