[2019-09-20 08:10:07,554][DEBUG|parseNewProvider.py:85] >>  Hello Parser! 
[2019-09-20 08:10:22,518][DEBUG|parseNewProvider.py:29] >> fitpro智能手环, 258963.0, cn.xiaofengkj.fitpro, 도구, Shenzhen Jusheng Intelligent Technology Co., Ltd., 100000.0, 1139.0, 3.0, 100, 31, 31, 57, 94, 2019년 9월 4일, http://www.ruanan.com, Shenzhen+Jusheng+Intelligent+Technology+Co.,+Ltd., 
[2019-09-20 08:10:34,559][DEBUG|parseNewProvider.py:29] >> 프랑켄슈타인 - 정통 스토리형 방탈출 어드벤처, 258965.0, com.Puzzlespace.Frankenstein, 어드벤처, PuzzleSpace, 1000.0, 56.0, 4.5, 100, 25, 5, 0, 10, 2019년 9월 11일, http://puzzlespace.co.kr, PuzzleSpace, 
[2019-09-20 08:10:41,189][DEBUG|parseNewProvider.py:29] >> VR Air 360 Shooting, 258966.0, com.at.air360shooting, 액션, AppTeeka VR Games, 100000.0, 433.0, 3.2, 100, 27, 24, 21, 74, 2018년 10월 11일, http://www.appteeka.com, , 5310848321784419148
[2019-09-20 08:10:47,723][DEBUG|parseNewProvider.py:29] >> 와일드 그라운드: 서바이벌 시뮬레이터, 258967.0, com.betaseedg.survival.wild, 시뮬레이션, BetaSeedG, 100.0, 9.0, 0, 0, 0, 0, 0, 0, 2019년 5월 13일, mailto:betaseedg@gmail.com, BetaSeedG, 
[2019-09-20 08:10:54,549][DEBUG|parseNewProvider.py:29] >> 송가인 노래듣기 - 뽕따러가세, 미스트롯, 258968.0, com.chameleonsong.youtubekoreasong.songgain, 엔터테인먼트, souliksong, 1000.0, 5.0, 5.0, 100, 0, 0, 0, 0, 2019년 9월 18일, mailto:souliksong@gmail.com, souliksong, 
[2019-09-20 08:11:00,901][DEBUG|parseNewProvider.py:29] >> 충전챗 - 1:1 화상채팅, 258969.0, com.chargechat.app, 라이프스타일, 유진소프트웨어, 5000.0, 0, 0, 0, 0, 0, 0, 0, 2019년 7월 24일, mailto:hoanglykanaduc@gmail.com, %EC%9C%A0%EC%A7%84%EC%86%8C%ED%94%84%ED%8A%B8%EC%9B%A8%EC%96%B4, 
[2019-09-20 08:11:12,396][DEBUG|parseNewProvider.py:29] >> 무료 음악듣기 - 최신곡과 뮤직비디오, 258971.0, com.freemusic.listenapp, 음악/오디오, Music & Life, 100.0, 0, 0, 0, 0, 0, 0, 0, 2019년 8월 30일, mailto:musicandlife042811@gmail.com, Music+%26+Life, 
[2019-09-20 08:11:18,857][DEBUG|parseNewProvider.py:29] >> Auto Rickshaw Parking Simulator, 258972.0, com.freesim.auto.rickshaw.parking.simulator, 자동차, Free Simulation Games, 10000.0, 50.0, 0, 0, 0, 0, 0, 0, 2019년 7월 23일, mailto:info.stasgamesstudio@gmail.com, , 8451531787843502668
[2019-09-20 08:11:30,539][DEBUG|parseNewProvider.py:29] >> Bus Simulator 2017 Cockpit Go, 258974.0, com.geneticstudio.bussimulator2017, 시뮬레이션, AI-Punk Studios, 1000000.0, 20201.0, 4.0, 100, 14, 13, 6, 23, 2017년 6월 20일, http://geneticstudios.com, AI-Punk+Studios, 
[2019-09-20 08:11:37,065][DEBUG|parseNewProvider.py:29] >> 으라차차 돌격 라그나로크, 258975.0, com.gravity.ragnarokre.aos, 롤플레잉, GRAVITY Co., Ltd., 10000.0, 555.0, 3.6, 100, 1, 3, 2, 49, 2019년 9월 17일, mailto:rohelp@gravity.co.kr, , 6262333202706287552
[2019-09-20 08:11:43,773][DEBUG|parseNewProvider.py:29] >> 피크로스 Sky Castle - (네모로직), 258976.0, com.healingjjam.skycastle, 퍼즐, 일상감각 스튜디오, 5000.0, 39.0, 4.4, 100, 17, 3, 7, 10, 2019년 8월 28일, mailto:everydaysense16@gmail.com, %EC%9D%BC%EC%83%81%EA%B0%90%EA%B0%81+%EC%8A%A4%ED%8A%9C%EB%94%94%EC%98%A4, 
[2019-09-20 08:11:50,332][DEBUG|parseNewProvider.py:29] >> 카카오토- 신차할인 구매의 대혁명 할부 리스 장기렌트 비교 앱, 258977.0, com.kakaauto.mobileapp, 라이프스타일, 카카오토, 100.0, 0, 0, 0, 0, 0, 0, 0, 2019년 6월 19일, mailto:kakamotor@naver.com, %EC%B9%B4%EC%B9%B4%EC%98%A4%ED%86%A0, 
[2019-09-20 08:12:01,936][DEBUG|parseNewProvider.py:29] >> 젤리빈 tv 다시보기, 258979.0, com.keren.tissuereplytv, 엔터테인먼트, Sherly Nindia, 5000.0, 41.0, 4.0, 100, 18, 0, 3, 29, 2019년 9월 1일, mailto:dev.zaffran@gmail.com, Sherly+Nindia, 
[2019-09-20 08:12:13,792][DEBUG|parseNewProvider.py:29] >> KT 기프트박스, 258981.0, com.kt.giftbox, 라이프스타일, KT Corporation, 1000.0, 7.0, 4.7, 100, 0, 16, 0, 0, 2019년 9월 11일, http://www.kt.com, KT+Corporation, 
[2019-09-20 08:12:20,780][DEBUG|parseNewProvider.py:29] >> 7080 이문세 노래듣기, 258982.0, com.liketrotsong.leemunse7080, 음악/오디오, MUSIC PEOPLE MEDIA, 100.0, 0, 0, 0, 0, 0, 0, 0, 2019년 8월 23일, https://musicpeoplemedia.cafe24.com, MUSIC+PEOPLE+MEDIA, 
[2019-09-20 08:12:27,888][DEBUG|parseNewProvider.py:33] >> Magic Marker - 리틀팍스 스토리북, 258983.0, com.littlefox.storybook.magicmarker, 교육, LITTLE FOX INC., 1000.0, 26.0, 4.3, 100, 23, 17, 0, 11, 2019년 5월 7일, None, , 8549610620990682894
[2019-09-20 08:12:34,177][DEBUG|parseNewProvider.py:29] >> 참좋은가게 - 위탁쇼핑몰 No.1, 258984.0, com.makeshop.powerapp.sm10004, 쇼핑, PoweRmOBILE.KR, 1000.0, 0, 0, 0, 0, 0, 0, 0, 2019년 7월 2일, http://www.gooodi.com, PoweRmOBILE.KR, 
[2019-09-20 08:12:45,707][DEBUG|parseNewProvider.py:29] >> 파워포인트, 258986.0, com.moren.powerpoint, 도구, allmaster.,ltd, 5000.0, 7.0, 2.7, 75, 0, 0, 0, 100, 2019년 7월 24일, mailto:mrchoimll@gmail.com, allmaster.,ltd, 
[2019-09-20 08:12:57,683][DEBUG|parseNewProvider.py:33] >> Minicraft, 258988.0, com.nigulasima.minecraft, 시뮬레이션, NIMA GAMES, 50000.0, 214.0, 0, 0, 0, 0, 0, 0, 2019년 9월 4일, None, , 5322295841940053917
[2019-09-20 08:13:04,117][DEBUG|parseNewProvider.py:29] >> 오시리스 브라우저: 광고제거, 초고속, 개인정보 유출 방지 브라우저, 258989.0, com.osiris.browser, 커뮤니케이션, Decenternet, 5000.0, 259.0, 4.5, 100, 7, 4, 0, 9, 2019년 9월 19일, https://decenternet.com/, Decenternet, 
[2019-09-20 08:13:10,648][DEBUG|parseNewProvider.py:29] >> Play Tube - Video Tube, 258990.0, com.playtube.videotube.tubevideo, 동영상 플레이어/편집기, play tube video mp3 download, 100000.0, 5214.0, 4.5, 100, 10, 7, 1, 9, 2019년 8월 14일, mailto:musicvideotube.cc@gmail.com, play+tube+video+mp3+download, 
[2019-09-20 08:13:17,215][DEBUG|parseNewProvider.py:29] >> 만렙집사 에비츄 - 여행을 위해 열일하는 에비츄!, 258991.0, com.ratatatgames.ebichu, 캐주얼 게임, Ratatat Studios, Inc., 1000.0, 56.0, 4.6, 100, 13, 4, 2, 4, 2019년 9월 12일, mailto:helpdesk@ratatat.co.kr, , 7268639313006880999
[2019-09-20 08:13:28,819][DEBUG|parseNewProvider.py:29] >> 삼성선물, 258993.0, com.ssfutures.futuresnet3, 금융, SAMSUNG FUTURES Co., LTD., 1000.0, 40.0, 4.8, 100, 17, 0, 0, 0, 2019년 9월 11일, http://www.ssfutures.com, SAMSUNG+FUTURES+Co.,+LTD., 
[2019-09-20 08:13:35,591][DEBUG|parseNewProvider.py:29] >> Electronic And Electrical Symbols, 258994.0, com.symbols.electronics.vivek.cherala.electronic.and.electrical.symbols, 교육, Cherala Apps, 10000.0, 49.0, 0, 0, 0, 0, 0, 0, 2017년 8월 4일, mailto:apps.cherala@gmail.com, Cherala+Apps, 
[2019-09-20 08:13:42,190][DEBUG|parseNewProvider.py:29] >> Multi Wheel BLE TPMS, 258995.0, com.sysgration.tpms.app, 지도/내비게이션, Sysgration Ltd, 10000.0, 50.0, 0, 0, 0, 0, 0, 0, 2019년 9월 16일, http://www.sysgration.com/, Sysgration+Ltd, 
[2019-09-20 08:13:48,497][DEBUG|parseNewProvider.py:29] >> BLAUPUNKT, 258996.0, com.sz.easyway.ewaylink.blk, 맞춤 설정, Shen Zhen EasyWay Technology Limited, 5000.0, 6.0, 0, 0, 0, 0, 0, 0, 2019년 7월 6일, mailto:ligoolin15@gmail.com, Shen+Zhen+EasyWay+Technology+Limited, 
[2019-09-20 08:13:57,450][DEBUG|parseNewProvider.py:29] >> 비디오 영어 회화, 258997.0, com.toplearnenglishapps.videoenglishconversation, 교육, Tan Pham, 10000.0, 56.0, 0, 0, 0, 0, 0, 0, 2019년 6월 22일, mailto:tanvanpham85@gmail.com, Tan+Pham, 
[2019-09-20 08:14:04,373][DEBUG|parseNewProvider.py:29] >> TMVMI Client, 258998.0, com.trendmicro.virdroid5, 생산성, Trend Micro, 1000.0, 19.0, 0, 0, 0, 0, 0, 0, 2018년 8월 17일, http://www.trendmicro.com, , 4713450630988321729
[2019-09-20 08:14:11,481][DEBUG|parseNewProvider.py:29] >> New Mini World Craft City - Idea Explorasi 2019, 258999.0, com.vandosetics.worldcraft, 시뮬레이션, jumpa kamu, 100000.0, 580.0, 2.6, 62, 5, 5, 10, 100, 2019년 8월 15일, mailto:farrisgaya16@gmail.com, jumpa+kamu, 
[2019-09-20 08:14:18,065][DEBUG|parseNewProvider.py:29] >> Itzy Wallpaper, 259000.0, com.vpapps.lawrensiaitzywallpaper, 맞춤 설정, LawrensiaDev, 1000.0, 11.0, 0, 0, 0, 0, 0, 0, 2019년 5월 13일, https://www.lawrensia.online, , 7075595079212141066
[2019-09-20 08:14:24,409][DEBUG|parseNewProvider.py:29] >> 왓솝, 259001.0, com.whatsoap2.byapps, 쇼핑, BYapps, 5.0, 0, 0, 0, 0, 0, 0, 0, 2019년 9월 17일, http://whatsoap.co.kr/%20, BYapps, 
[2019-09-20 08:14:31,022][DEBUG|parseNewProvider.py:29] >> 와이파이, 5G, 4G, 3G 자동 스위프트 - 속도 확인, 259002.0, com.wifiauto.lte5g4g3g.swift.speedtest.networksignal, 도구, LTE App Tools Studio, 100000.0, 1875.0, 4.2, 100, 14, 15, 8, 10, 2019년 8월 15일, https://lteapptools.wordpress.com, LTE+App+Tools+Studio, 
[2019-09-20 08:14:37,272][DEBUG|parseNewProvider.py:29] >> Boom!Airplane - 글로벌 배틀 전쟁, 259003.0, com.yoda.and.airplane, 아케이드, Yoda Games, 50000.0, 176.0, 4.4, 100, 7, 2, 0, 15, 2019년 9월 18일, mailto:yodagames.service@gmail.com, Yoda+Games, 
[2019-09-20 08:14:43,835][DEBUG|parseNewProvider.py:29] >> 실내 축구 2019, 259004.0, game.wonder.sports.indoor.futsal, 스포츠, 1der Sports, 500000.0, 2002.0, 0, 0, 0, 0, 0, 0, 2019년 8월 9일, mailto:1der.sports@gmail.com, 1der+Sports, 
[2019-09-20 08:14:55,332][DEBUG|parseNewProvider.py:29] >> 걷다 - 걸어서 돈버는어플 운동기록, 259006.0, io.spochain.gudda, 건강/운동, Genesis Chain, 500.0, 73.0, 4.9, 100, 1, 0, 0, 1, 2019년 9월 7일, http://spochain.io, Genesis+Chain, 
[2019-09-20 08:15:07,073][DEBUG|parseNewProvider.py:29] >> 펜타뷰골프클럽, 259008.0, net.moonos.android.pentacc, 건강/운동, 무노스, 100.0, 0, 0, 0, 0, 0, 0, 0, 2018년 6월 29일, http://www.moonos.net/, %EB%AC%B4%EB%85%B8%EC%8A%A4, 
[2019-09-20 08:15:07,149][DEBUG|parseNewProvider.py:206] >> Good Bye Parser! 
 
