[2019-09-06 07:35:06,891][DEBUG|parseNewProvider.py:85] >>  Hello Parser! 
[2019-09-06 07:35:15,623][DEBUG|parseNewProvider.py:29] >> ì–´ì¿ ìŠ¤í‹± ê¸°íƒ€ - ê¸°íƒ€ì—°ì£¼ì™€ ì½”ë“œ, 258278.0, acoustic.guitar.simple, ìŒì•…/ì˜¤ë””ì˜¤, AppTechGroup, 1000000.0, 2423.0, 3.3, 100, 25, 25, 14, 74, 2019ë…„ 7ì›” 11ì¼, mailto:favapplications@gmail.com, AppTechGroup, 
[2019-09-06 07:35:22,161][DEBUG|parseNewProvider.py:29] >> Cabin Media Player, 258279.0, aero.panasonic.inflight.app.cabinmediaplayer.rack, ì—”í„°í…Œì¸ë¨¼íŠ¸, Panasonic Avionics Corporation, 5000.0, 6.0, 0, 0, 0, 0, 0, 0, 2019ë…„ 7ì›” 9ì¼, https://www.panasonic.aero/, Panasonic+Avionics+Corporation, 
[2019-09-06 07:35:28,393][DEBUG|parseNewProvider.py:29] >> ë¬´ì§€ê°œë‚˜ë¬´, 258280.0, com.DarongStudio.RainbowTree, ìºì£¼ì–¼ ê²Œìž„, Darong Studio, 1000.0, 32.0, 4.8, 100, 10, 3, 0, 0, 2019ë…„ 8ì›” 31ì¼, http://darongstudio.com, , 8860479613483296744
[2019-09-06 07:35:34,629][DEBUG|parseNewProvider.py:29] >> PITAPATO - ë‘ë”ì§€ ë³µë¶ˆë³µ ê²Œìž„, 258281.0, com.OVJECT.Pitapato, ë³´ë“œ, OVJECT, 10000.0, 40.0, 4.2, 100, 10, 3, 6, 17, 2019ë…„ 5ì›” 25ì¼, https://www.facebook.com/ovject/, , 6711883546598969185
[2019-09-06 07:35:40,904][DEBUG|parseNewProvider.py:29] >> Unit Converter Pro, 258282.0, com.apochstudios.unitconverterpro, ë„êµ¬, Apoch Studios, 50000.0, 658.0, 4.6, 100, 19, 7, 2, 2, 2019ë…„ 8ì›” 30ì¼, mailto:apochstudios@gmail.com, Apoch+Studios, 
[2019-09-06 07:35:47,350][DEBUG|parseNewProvider.py:29] >> Colorgraphy, 258283.0, com.bagu.colorpalette, ì˜ˆìˆ /ë””ìžì¸, M. Navarro, 10000.0, 105.0, 4.0, 100, 23, 6, 4, 28, 2019ë…„ 2ì›” 10ì¼, https://colorgraphyapp.com, M.+Navarro, 
[2019-09-06 07:35:53,641][DEBUG|parseNewProvider.py:29] >> WW2 ë°°í‹€í”„ë¡ íŠ¸ ì‹œë®¬ë ˆì´í„°, 258284.0, com.cogooland.ww2battlefront, ì‹œë®¬ë ˆì´ì…˜, Cogoo Inc., 1000.0, 62.0, 4.4, 100, 15, 11, 2, 11, 2019ë…„ 8ì›” 31ì¼, http://www.cogooland.com, , 5578926191476096124
[2019-09-06 07:35:59,895][DEBUG|parseNewProvider.py:29] >> ížˆì–´ë¡œì¦ˆ ì¸ ë” ìŠ¤ì¹´ì´ ì˜¤ë¦¬ì§„ : HIS ëª¨ë°”ì¼, 258285.0, com.daerisoft.herosky, ì‹œë®¬ë ˆì´ì…˜, DAERISOFT, 5000.0, 108.0, 4.1, 100, 22, 13, 6, 16, 2019ë…„ 5ì›” 7ì¼, mailto:elitede3626@gmail.com, , 5362355705811727981
[2019-09-06 07:36:06,176][DEBUG|parseNewProvider.py:29] >> Medieval Fantasy RPG (Choices Game), 258286.0, com.delightgames.medievalfantasy, ë¡¤í”Œë ˆìž‰, Delight Games, 500000.0, 64430.0, 4.7, 100, 16, 3, 1, 1, 2019ë…„ 9ì›” 2ì¼, http://www.facebook.com/delightgames, , 5443760275283054929
[2019-09-06 07:36:17,755][DEBUG|parseNewProvider.py:29] >> ì°°ë–¡! ì§€ê²Œì°¨ìš´ì „ê¸°ëŠ¥ì‚¬ - ë¬¸ì œì€í–‰(CBT:ì „ìžë¬¸ì œ), 258288.0, com.encocns.chardduckC1, êµìœ¡, ENCO C&S Co., Ltd., 1000.0, 0, 0, 0, 0, 0, 0, 0, 2018ë…„ 6ì›” 18ì¼, http://encocns.com, ENCO+C%26S+Co.,+Ltd., 
[2019-09-06 07:36:23,822][DEBUG|parseNewProvider.py:29] >> íŒŒì¼ì´ì¦ˆ ë‹¤ìš´ë¡œë“œì „ìš© ì•±, 258289.0, com.fileis4.google1.Fileis, ì—”í„°í…Œì¸ë¨¼íŠ¸, webplay, 1000.0, 0, 0, 0, 0, 0, 0, 0, 2019ë…„ 8ì›” 30ì¼, http://fileis.com, webplay, 
[2019-09-06 07:36:29,971][DEBUG|parseNewProvider.py:29] >> Dinosaur Rampage, 258290.0, com.geishatokyo.dinosaur, ì•¡ì…˜, Geisha Tokyo, Inc., 50000.0, 215.0, 4.8, 100, 7, 2, 0, 3, 2019ë…„ 9ì›” 2ì¼, http://www.geishatokyo.com/, Geisha+Tokyo,+Inc., 
[2019-09-06 07:36:36,263][DEBUG|parseNewProvider.py:29] >> íƒ€ì´í‹€ë§¤ë‹ˆì•„ - í”ŒìŠ¤ ê²Œìž„ í• ì¸ì •ë³´, 258291.0, com.geumson.titlemania, ì—”í„°í…Œì¸ë¨¼íŠ¸, ê¸ˆì† (Geumson.co), 10000.0, 66.0, 4.8, 100, 1, 3, 3, 1, 2019ë…„ 8ì›” 31ì¼, mailto:gold24park@gmail.com, , 7551976798708245814
[2019-09-06 07:36:48,158][DEBUG|parseNewProvider.py:29] >> Famous Traveller Express, 258293.0, com.gmbf.famoustravellerexpress, ì—¬í–‰ ë° ì§€ì—­ì •ë³´, GMBF GROUP, 5000.0, 18.0, 0, 0, 0, 0, 0, 0, 2019ë…„ 7ì›” 29ì¼, http://famoustravellerinternational.com, GMBF+GROUP, 
[2019-09-06 07:36:59,719][DEBUG|parseNewProvider.py:29] >> ì˜¤ëŠ˜ê·¼ë¬´ - êµëŒ€ê·¼ë¬´ í•„ìˆ˜ êµëŒ€ë‹¬ë ¥ ì•±, 258295.0, com.hexlant.todaywork, ìƒì‚°ì„±, ì˜¤ëŠ˜ê·¼ë¬´, 1000.0, 27.0, 4.9, 100, 0, 8, 0, 0, 2019ë…„ 9ì›” 4ì¼, mailto:todaywork.team@gmail.com, %EC%98%A4%EB%8A%98%EA%B7%BC%EB%AC%B4, 
[2019-09-06 07:37:06,128][DEBUG|parseNewProvider.py:29] >> ì¸í„°ë„· ì†ë„ ì¸¡ì •, ì™€ì´íŒŒì´ ë¹„ë²ˆ í™•ì¸, 258296.0, com.internet.speedtest.networkmaster, ë„êµ¬, Antoine Kenyon, 500000.0, 9668.0, 4.6, 100, 15, 6, 2, 5, 2019ë…„ 6ì›” 26ì¼, https://networkmaster-peranto138.web.app/, Antoine+Kenyon, 
[2019-09-06 07:37:12,320][DEBUG|parseNewProvider.py:29] >> íŒŒì¼ì¬ ê³µì‹ì•± - ìµœì‹ ì˜í™”,ë“œë¼ë§ˆ,ì˜ˆëŠ¥,ì• ë‹ˆ,ì›¹íˆ° ë¬´ë£Œ ë‹¤ì‹œë³´ê¸°, 258297.0, com.is.fs.v3, ì—”í„°í…Œì¸ë¨¼íŠ¸, íŒŒì¼ì¬, 1000.0, 9.0, 3.2, 100, 66, 33, 0, 100, 2019ë…„ 8ì›” 28ì¼, http://www.filesun.com, %ED%8C%8C%EC%9D%BC%EC%8D%AC, 
[2019-09-06 07:37:18,736][DEBUG|parseNewProvider.py:29] >> Text to Speech (TTS), 258298.0, com.jpery.tts, ë„êµ¬, JPery, 10000.0, 91.0, 0, 0, 0, 0, 0, 0, 2019ë…„ 2ì›” 23ì¼, mailto:jorge_pery@hotmail.com, JPery, 
[2019-09-06 07:37:30,247][DEBUG|parseNewProvider.py:29] >> BTS Pattern Lock Screen, 258300.0, com.kssoft.bts.pattern.lockscreen, ë§žì¶¤ ì„¤ì •, KSSoftware, 5000.0, 82.0, 0, 0, 0, 0, 0, 0, 2019ë…„ 1ì›” 13ì¼, mailto:serkanozkan@trex.com, KSSoftware, 
[2019-09-06 07:37:36,802][DEBUG|parseNewProvider.py:29] >> BTS Lock Screen, 258301.0, com.kssoftware.bts, ì—”í„°í…Œì¸ë¨¼íŠ¸, KSSoftware, 50000.0, 556.0, 4.4, 100, 15, 8, 3, 9, 2018ë…„ 12ì›” 18ì¼, mailto:serkanozkan@trex.com, KSSoftware, 
[2019-09-06 07:37:43,124][DEBUG|parseNewProvider.py:29] >> ë³µë¶ˆë³µ ëíŒì™•, 258302.0, com.labis.crapshoot, ë³´ë“œ, 5678, 1000.0, 84.0, 5.0, 100, 1, 0, 0, 0, 2019ë…„ 9ì›” 4ì¼, http://labis.co.kr/, 5678, 
[2019-09-06 07:37:49,394][DEBUG|parseNewProvider.py:29] >> U+ARì‡¼í•‘, 258303.0, com.lguplus.artv, ì‡¼í•‘, LGìœ í”ŒëŸ¬ìŠ¤(LG Uplus Corporation), 500.0, 6.0, 4.5, 100, 0, 0, 20, 0, 2019ë…„ 8ì›” 29ì¼, mailto:lguplusarlens@gmail.com, LG%EC%9C%A0%ED%94%8C%EB%9F%AC%EC%8A%A4%28LG+Uplus+Corporation%29, 
[2019-09-06 07:37:55,746][DEBUG|parseNewProvider.py:29] >> 1688-7000 ì¹ ì²œì½œëŒ€ë¦¬ìš´ì „ 16887000, 258304.0, com.logisoft.logiapp.smartcall_22889, ìžë™ì°¨, ìŠ¤ë§ˆíŠ¸ì½œì‹œìŠ¤í…œ, 5000.0, 59.0, 4.9, 100, 5, 0, 0, 0, 2019ë…„ 5ì›” 17ì¼, http://www.1644-7777.com, %EC%8A%A4%EB%A7%88%ED%8A%B8%EC%BD%9C%EC%8B%9C%EC%8A%A4%ED%85%9C, 
[2019-09-06 07:38:02,143][DEBUG|parseNewProvider.py:29] >> ê¸°ì‚¬ë¯¸ë‹·ì»´ - GISAMI, 258305.0, com.makeshop.powerapp.gisami, ì‡¼í•‘, POWERMOBILE.KR, 1000.0, 0, 0, 0, 0, 0, 0, 0, 2019ë…„ 6ì›” 29ì¼, http://www.gisami.com, POWERMOBILE.KR, 
[2019-09-06 07:38:09,209][DEBUG|parseNewProvider.py:29] >> Day-Night ì¹´ë©”ë¼ í”„ë¡œ, 258306.0, com.megazoom.camhdapps, ì‚¬ì§„, Practical And Functional, 10000.0, 84.0, 0, 0, 0, 0, 0, 0, 2017ë…„ 10ì›” 13ì¼, mailto:practicalandfunctional@gmail.com, Practical+And+Functional, 
[2019-09-06 07:38:15,450][DEBUG|parseNewProvider.py:29] >> ë°€ë¦¬ì–¸ì¨í´ ë¸”ë¡ì²´ì¸ ê¸°ë°˜ ì •ì¹˜.ì‹œì‚¬ í€´ì¦ˆ ì•±, 258307.0, com.milcle, ì†Œì…œ, ì£¼ì‹íšŒì‚¬ ë°€ë¦¬ì–¸ì¨í´, 100.0, 28.0, 4.5, 100, 13, 4, 0, 9, 2019ë…„ 9ì›” 2ì¼, https://milcle.com/, %EC%A3%BC%EC%8B%9D%ED%9A%8C%EC%82%AC+%EB%B0%80%EB%A6%AC%EC%96%B8%EC%8D%A8%ED%81%B4, 
[2019-09-06 07:38:21,922][DEBUG|parseNewProvider.py:29] >> ê²½ì°° ê²½ì°° ì‹œë®¬ë ˆì´í„°. ê°± ì „ìŸ, 258308.0, com.mobgames3d.policecopsimgangwargp, ì‹œë®¬ë ˆì´ì…˜, MobGames3D, 100000.0, 1426.0, 3.5, 100, 15, 33, 20, 42, 2019ë…„ 7ì›” 25ì¼, http://topmobgames3d.com, , 8149393519195549544
[2019-09-06 07:38:28,157][DEBUG|parseNewProvider.py:29] >> ë§ˆìž‘ ì†”ë¦¬í…Œì–´, 258309.0, com.mobilityware.MahjongSolitaire, ì¹´ë“œ, MobilityWare, 100000.0, 3035.0, 0, 0, 0, 0, 0, 0, 2019ë…„ 9ì›” 3ì¼, http://www.mobilityware.com, , 7125885284350687141
[2019-09-06 07:38:34,471][DEBUG|parseNewProvider.py:29] >> ì‚¼êµ­ì§€ê°•íƒ€, 258310.0, com.monawa.kangta, ë¡¤í”Œë ˆìž‰, withHUG, 1000.0, 125.0, 4.7, 100, 0, 0, 0, 8, 2019ë…„ 9ì›” 4ì¼, mailto:kangta_cs@withhug.kr, , 8451108127405775159
[2019-09-06 07:38:40,914][DEBUG|parseNewProvider.py:29] >> BTS Lock Screen ðŸ”’, 258311.0, com.muzzapps.bts.pattern.lockscreen, ë§žì¶¤ ì„¤ì •, MuzzApps, 10000.0, 501.0, 4.0, 100, 19, 11, 4, 27, 2019ë…„ 8ì›” 16ì¼, http://muzzapps.22web.org, MuzzApps, 
[2019-09-06 07:38:47,380][DEBUG|parseNewProvider.py:29] >> ì‹œë„ëŸ¬ìš´ ë²¨ì†Œë¦¬ 2019ã€œ2020, 258312.0, com.mygoodtonesinc.ldnewrt, ìŒì•…/ì˜¤ë””ì˜¤, Super Melody Studios, 50000.0, 268.0, 4.6, 100, 13, 4, 2, 6, 2019ë…„ 5ì›” 19ì¼, mailto:bestmusicstudiotw@gmail.com, Super+Melody+Studios, 
[2019-09-06 07:38:54,102][DEBUG|parseNewProvider.py:29] >> Nielsen TDMobile, 258313.0, com.nielsen.TDMobileX, ìƒì‚°ì„±, Nielsen Company, 100.0, 0, 0, 0, 0, 0, 0, 0, 2019ë…„ 6ì›” 14ì¼, http://nielsen.com, , 7411643239012319514
[2019-09-06 07:39:00,480][DEBUG|parseNewProvider.py:29] >> Stick Ninja: Ultimate Legends, 258314.0, com.pf.stickninja, ì•¡ì…˜, Ironmans, 500000.0, 4585.0, 4.1, 100, 22, 7, 5, 20, 2019ë…„ 9ì›” 5ì¼, mailto:nguyentuyettram3101@gmail.com, Ironmans, 
[2019-09-06 07:39:06,799][DEBUG|parseNewProvider.py:29] >> Pixelmator - Free Photo Editor, 258315.0, com.pixelmator.android.feather, ì˜ˆìˆ /ë””ìžì¸, Viewtiful Studio, 10000.0, 112.0, 2.9, 93, 15, 15, 15, 100, 2019ë…„ 6ì›” 23ì¼, mailto:viewtifulappstudio@gmail.com, Viewtiful+Studio, 
[2019-09-06 07:39:13,023][DEBUG|parseNewProvider.py:29] >> ZalTV Player, 258316.0, com.player.zaltv, ë™ì˜ìƒ í”Œë ˆì´ì–´/íŽ¸ì§‘ê¸°, ZalTV, 500000.0, 4631.0, 0, 0, 0, 0, 0, 0, 2019ë…„ 9ì›” 3ì¼, https://www.zaltv.com, ZalTV, 
[2019-09-06 07:39:19,669][DEBUG|parseNewProvider.py:29] >> PSP DOWNLOAD: Emulator and Game Premium, 258317.0, com.rezkers.pspdownloader, ë„ì„œ/ì°¸ê³ ìžë£Œ, Rumah Sakit Jiwa (RSJ) Corp., 500000.0, 3507.0, 3.4, 100, 12, 20, 8, 63, 2019ë…„ 7ì›” 30ì¼, mailto:rezamubarok75@gmail.com, Rumah+Sakit+Jiwa+%28RSJ%29+Corp., 
[2019-09-06 07:39:26,103][DEBUG|parseNewProvider.py:29] >> ìŠˆí¼ í° ì†Œë¦¬ë¡œ í° ì†Œë¦¬ë¡œ ë²¨ì†Œë¦¬, 258318.0, com.ringtones.loudly, ìŒì•…/ì˜¤ë””ì˜¤, Ringtones Tool Studio Aim, 500000.0, 6352.0, 4.4, 100, 27, 11, 2, 9, 2019ë…„ 4ì›” 4ì¼, mailto:superringtones2016@gmail.com, Ringtones+Tool+Studio+Aim, 
[2019-09-06 07:39:37,770][DEBUG|parseNewProvider.py:29] >> TTS - Text to Speech, 258320.0, com.sinwho.tts, ìƒì‚°ì„±, sinwho, 50000.0, 152.0, 3.9, 100, 33, 12, 4, 28, 2019ë…„ 8ì›” 15ì¼, http://www.sinwho.com, sinwho, 
[2019-09-06 07:39:44,024][DEBUG|parseNewProvider.py:29] >> Sneakersnstuff, 258321.0, com.sneakersnstuff.supply, ì‡¼í•‘, Sneakersnstuff, 100000.0, 744.0, 3.2, 100, 22, 11, 11, 77, 2019ë…„ 4ì›” 1ì¼, http://www.sneakersnstuff.com, Sneakersnstuff, 
[2019-09-06 07:39:50,298][DEBUG|parseNewProvider.py:29] >> ìˆ˜í¼ë§˜í´ëž˜ìŠ¤, 258322.0, com.supermom.byapps, êµìœ¡, Byapps07, 10.0, 8.0, 4.5, 100, 0, 0, 0, 14, 2019ë…„ 9ì›” 5ì¼, http://supermomclass.com/, Byapps07, 
[2019-09-06 07:39:56,524][DEBUG|parseNewProvider.py:29] >> Final Fighter, 258323.0, com.tapenjoy.actx.os1, ì•¡ì…˜, Liu Xiang, 500000.0, 11753.0, 4.3, 100, 20, 11, 5, 12, 2019ë…„ 8ì›” 1ì¼, mailto:liuxiang19215@gmail.com, Liu+Xiang, 
[2019-09-06 07:40:02,757][DEBUG|parseNewProvider.py:29] >> Timestamp Camera : VHS Time, Date - Photo vs Video, 258324.0, com.timestamp.camera.promod, ì‚¬ì§„, VHS - Camcorder - DUJI Cam - Timestamp Camera, 10000.0, 108.0, 0, 0, 0, 0, 0, 0, 2019ë…„ 6ì›” 27ì¼, mailto:abo.studio.appstore@gmail.com, VHS+-+Camcorder+-+DUJI+Cam+-+Timestamp+Camera, 
[2019-09-06 07:40:08,958][DEBUG|parseNewProvider.py:29] >> íƒ€ìž„ì›Œì¹˜, 258325.0, com.tmon.alarm, ë¼ì´í”„ìŠ¤íƒ€ì¼, í‹°ëª¬, 100.0, 23.0, 4.8, 100, 4, 0, 0, 4, 2019ë…„ 8ì›” 29ì¼, https://www.tmon.co.kr/, , 6892544915913568054
[2019-09-06 07:40:15,597][DEBUG|parseNewProvider.py:29] >> ì‚¬ì§„, ì‹œê°„ ë° ë‚ ì§œ ì¹´ë©”ë¼ì˜ ì˜¤ëŠ˜ ë‚ ì§œ ê¸°ë¡, 258326.0, com.todays.date.stamp.photo.time.and.date.camera, ì‚¬ì§„, Your App Studios, 10000.0, 64.0, 0, 0, 0, 0, 0, 0, 2018ë…„ 10ì›” 3ì¼, mailto:shakeelulrehman18@gmail.com, Your+App+Studios, 
[2019-09-06 07:40:21,952][DEBUG|parseNewProvider.py:29] >> Video Tube - Play Tube - HD Video Player, 258327.0, com.todevapps.tubevideodownloader, ë™ì˜ìƒ í”Œë ˆì´ì–´/íŽ¸ì§‘ê¸°, tube music video player, 100000.0, 9124.0, 4.0, 100, 16, 13, 9, 22, 2019ë…„ 8ì›” 22ì¼, mailto:todevapps@gmail.com, tube+music+video+player, 
[2019-09-06 07:40:28,392][DEBUG|parseNewProvider.py:29] >> ì†ë„ í…ŒìŠ¤íŠ¸ - ì¸í„°ë„· ê²€ì‚¬ê¸°, 258328.0, com.tools.network.master, ë„êµ¬, Cleaner & Booster & Security & Weather, 500000.0, 14860.0, 4.7, 100, 6, 3, 1, 4, 2019ë…„ 8ì›” 26ì¼, https://zhuilai.com.cn, , 4978685861148140298
[2019-09-06 07:40:34,595][DEBUG|parseNewProvider.py:29] >> Square Bird, 258329.0, com.trianglegames.squarebird, ìºì£¼ì–¼ ê²Œìž„, MOONEE, 100000.0, 163.0, 3.8, 100, 19, 15, 9, 32, 2019ë…„ 9ì›” 5ì¼, https://moonee.io, MOONEE, 
[2019-09-06 07:40:40,985][DEBUG|parseNewProvider.py:29] >> Tube HD & HD Video player & Play Tube, 258330.0, com.tube.download.video.dfdf, ë™ì˜ìƒ í”Œë ˆì´ì–´/íŽ¸ì§‘ê¸°, tube play video., 50000.0, 875.0, 2.8, 79, 12, 12, 4, 100, 2019ë…„ 9ì›” 1ì¼, mailto:ralphCisneros45fdd@gmail.com, tube+play+video., 
[2019-09-06 07:40:47,050][DEBUG|parseNewProvider.py:29] >> ìœ ë‹ˆì›°, 258331.0, com.uniwell.your, ê±´ê°•/ìš´ë™, ìœ ë‹ˆ-ì›°, 10.0, 0, 0, 0, 0, 0, 0, 0, 2019ë…„ 6ì›” 20ì¼, mailto:uniwhere21@gmail.com, %EC%9C%A0%EB%8B%88-%EC%9B%B0, 
[2019-09-06 07:40:53,136][DEBUG|parseNewProvider.py:29] >> Antivirus Security - ì •í¬ í´ë¦¬ë„ˆ, í° ë¶€ìŠ¤í„°, 258332.0, com.virus.free.security, ë„êµ¬, Joyful Studio, 10000.0, 308.0, 4.6, 100, 12, 6, 1, 4, 2019ë…„ 8ì›” 29ì¼, mailto:tranthuthao9025789@gmail.com, Joyful+Studio, 
[2019-09-06 07:41:04,673][DEBUG|parseNewProvider.py:29] >> íž ê²½ì°° ë²”ì£„ ì‹œë®¬ë ˆì´í„°, 258334.0, com.zmgc.off.road.hill.police.crime.simulator, ì‹œë®¬ë ˆì´ì…˜, Zing Mine Games Production, 1000000.0, 5095.0, 3.5, 100, 12, 16, 12, 52, 2019ë…„ 5ì›” 20ì¼, http://tribechsol.com/, , 6666524307484575308
[2019-09-06 07:41:10,540][DEBUG|parseNewProvider.py:29] >> ì„œìš¸ëŒ€ ë„ì„œê´€ IDì¹´ë“œ, 258335.0, kr.ac.snu.idcard, êµìœ¡, ìœ ë¹„ë²¨ë¡ìŠ¤, 1000.0, 0, 0, 0, 0, 0, 0, 0, 2019ë…„ 3ì›” 29ì¼, mailto:wiseneosco1@gmail.com, %EC%9C%A0%EB%B9%84%EB%B2%A8%EB%A1%9D%EC%8A%A4, 
[2019-09-06 07:41:16,736][DEBUG|parseNewProvider.py:29] >> ì•ŒíŒŒêµìž¬ IoT (Alpha IoT), 258336.0, kr.co.alpha21c.AlphaIoT, ì—”í„°í…Œì¸ë¨¼íŠ¸, ì•ŒíŒŒêµìž¬, 100.0, 15.0, 5.0, 100, 0, 0, 0, 0, 2019ë…„ 8ì›” 20ì¼, http://www.alpha21c.co.kr, %EC%95%8C%ED%8C%8C%EA%B5%90%EC%9E%AC, 
[2019-09-06 07:41:22,996][DEBUG|parseNewProvider.py:29] >> í•¸ì¦ˆì—…, 258337.0, kr.co.handsup, ì‹ìŒë£Œ, nownawoo, 500.0, 0, 0, 0, 0, 0, 0, 0, 2019ë…„ 4ì›” 12ì¼, http://www.handsup.co.kr, nownawoo, 
[2019-09-06 07:41:29,478][DEBUG|parseNewProvider.py:29] >> Bridgefy - Offline Messaging, 258338.0, me.bridgefy.main, ì»¤ë®¤ë‹ˆì¼€ì´ì…˜, Bridgefy, 100000.0, 692.0, 0, 0, 0, 0, 0, 0, 2019ë…„ 6ì›” 21ì¼, http://www.bridgefy.me, Bridgefy, 
[2019-09-06 07:41:35,947][DEBUG|parseNewProvider.py:29] >> JLPT N3 - JAPANESE TEST, 258339.0, myapplication.com.japanesetest, êµìœ¡, gemuT, 5000.0, 45.0, 0, 0, 0, 0, 0, 0, 2019ë…„ 5ì›” 5ì¼, mailto:gemu.ctm@gmail.com, gemuT, 
[2019-09-06 07:41:56,777][DEBUG|parseNewProvider.py:201] >> Good Bye Parser! 
 
